#
# There is insufficient memory for the Java Runtime Environment to continue.
# Native memory allocation (malloc) failed to allocate 131088 bytes for Chunk::new
# Possible reasons:
#   The system is out of physical RAM or swap space
#   The process is running with CompressedOops enabled, and the Java Heap may be blocking the growth of the native heap
# Possible solutions:
#   Reduce memory load on the system
#   Increase physical memory or swap space
#   Check if swap backing store is full
#   Decrease Java heap size (-Xmx/-Xms)
#   Decrease number of Java threads
#   Decrease Java thread stack sizes (-Xss)
#   Set larger code cache with -XX:ReservedCodeCacheSize=
#   JVM is running with Unscaled Compressed Oops mode in which the Java heap is
#     placed in the first 4GB address space. The Java Heap base address is the
#     maximum limit for the native heap growth. Please use -XX:HeapBaseMinAddress
#     to set the Java Heap base and to place the Java Heap above 4GB virtual address.
# This output file may be truncated or incomplete.
#
#  Out of Memory Error (arena.cpp:189), pid=6548, tid=3184
#
# JRE version: Java(TM) SE Runtime Environment (17.0.8+9) (build 17.0.8+9-LTS-211)
# Java VM: Java HotSpot(TM) 64-Bit Server VM (17.0.8+9-LTS-211, mixed mode, sharing, tiered, compressed oops, compressed class ptrs, g1 gc, windows-amd64)
# No core dump will be written. Minidumps are not enabled by default on client versions of Windows
#

---------------  S U M M A R Y ------------

Command Line: --add-opens=java.base/java.util=ALL-UNNAMED --add-opens=java.base/java.lang=ALL-UNNAMED --add-opens=java.base/java.lang.invoke=ALL-UNNAMED --add-opens=java.prefs/java.util.prefs=ALL-UNNAMED --add-opens=java.base/java.nio.charset=ALL-UNNAMED --add-opens=java.base/java.net=ALL-UNNAMED --add-opens=java.base/java.util.concurrent.atomic=ALL-UNNAMED -XX:MaxMetaspaceSize=384m -XX:+HeapDumpOnOutOfMemoryError -Xms256m -Xmx512m -Dfile.encoding=UTF-8 -Duser.country=US -Duser.language=en -Duser.variant -javaagent:T:\ToolJava\gradle-8.8\wrapper\dists\gradle-8.8-bin\dl7vupf4psengwqhwktix4v1\gradle-8.8\lib\agents\gradle-instrumentation-agent-8.8.jar org.gradle.launcher.daemon.bootstrap.GradleDaemon 8.8

Host: Intel(R) Core(TM) i5-10210U CPU @ 1.60GHz, 8 cores, 7G,  Windows 11 , 64 bit Build 22621 (10.0.22621.3958)
Time: Tue Aug 27 17:10:58 2024 SE Asia Standard Time elapsed time: 23.940301 seconds (0d 0h 0m 23s)

---------------  T H R E A D  ---------------

Current thread (0x000001ab2a414f10):  JavaThread "C2 CompilerThread0" daemon [_thread_in_native, id=3184, stack(0x0000000789600000,0x0000000789700000)]


Current CompileTask:
C2:  23940 5738       4       org.objectweb.asm.Frame::execute (2303 bytes)

Stack: [0x0000000789600000,0x0000000789700000]
Native frames: (J=compiled Java code, j=interpreted, Vv=VM code, C=native code)
V  [jvm.dll+0x677d0a]
V  [jvm.dll+0x7d8c54]
V  [jvm.dll+0x7da3fe]
V  [jvm.dll+0x7daa63]
V  [jvm.dll+0x245c5f]
V  [jvm.dll+0xaaa6b]
V  [jvm.dll+0xab00c]
V  [jvm.dll+0x69b900]
V  [jvm.dll+0x216bef]
V  [jvm.dll+0x1a3af0]
V  [jvm.dll+0x2270be]
V  [jvm.dll+0x22535b]
V  [jvm.dll+0x78e7bc]
V  [jvm.dll+0x788bba]
V  [jvm.dll+0x676b35]
C  [ucrtbase.dll+0x29333]
C  [KERNEL32.DLL+0x1257d]
C  [ntdll.dll+0x5af28]


---------------  P R O C E S S  ---------------

Threads class SMR info:
_java_thread_list=0x000001ab442ea2d0, length=62, elements={
0x000001ab0dbc37a0, 0x000001ab2a3f9490, 0x000001ab2a3fa300, 0x000001ab2a40dad0,
0x000001ab2a40f7f0, 0x000001ab2a4103a0, 0x000001ab2a413d70, 0x000001ab2a414f10,
0x000001ab2a4179c0, 0x000001ab2a4183b0, 0x000001ab2a3e5150, 0x000001ab2a6b8ff0,
0x000001ab456b4660, 0x000001ab459cef30, 0x000001ab45918470, 0x000001ab45921560,
0x000001ab45b02510, 0x000001ab45a63e50, 0x000001ab45a64730, 0x000001ab45a74f90,
0x000001ab45a7ea90, 0x000001ab45a7bf40, 0x000001ab45a7c410, 0x000001ab45a7c8e0,
0x000001ab45a7e5c0, 0x000001ab45a7cdb0, 0x000001ab45a7d280, 0x000001ab45a7d750,
0x000001ab45a7dc20, 0x000001ab45a7e0f0, 0x000001ab45a7ef60, 0x000001ab44e6e450,
0x000001ab44e6f790, 0x000001ab44e6e920, 0x000001ab44e6fc60, 0x000001ab44e6f2c0,
0x000001ab44e6c2a0, 0x000001ab44e6c770, 0x000001ab44e6df80, 0x000001ab44e6d110,
0x000001ab44e6dab0, 0x000001ab46867570, 0x000001ab46864080, 0x000001ab46866700,
0x000001ab46861060, 0x000001ab46861a00, 0x000001ab468670a0, 0x000001ab46864a20,
0x000001ab46860b90, 0x000001ab46866230, 0x000001ab46861ed0, 0x000001ab46863210,
0x000001ab46861530, 0x000001ab46864550, 0x000001ab468623a0, 0x000001ab46867f10,
0x000001ab46865890, 0x000001ab46862870, 0x000001ab46862d40, 0x000001ab468636e0,
0x000001ab46867a40, 0x000001ab46864ef0
}

Java Threads: ( => current thread )
  0x000001ab0dbc37a0 JavaThread "main" [_thread_blocked, id=11788, stack(0x0000000788800000,0x0000000788900000)]
  0x000001ab2a3f9490 JavaThread "Reference Handler" daemon [_thread_blocked, id=17600, stack(0x0000000789000000,0x0000000789100000)]
  0x000001ab2a3fa300 JavaThread "Finalizer" daemon [_thread_blocked, id=8224, stack(0x0000000789100000,0x0000000789200000)]
  0x000001ab2a40dad0 JavaThread "Signal Dispatcher" daemon [_thread_blocked, id=10760, stack(0x0000000789200000,0x0000000789300000)]
  0x000001ab2a40f7f0 JavaThread "Attach Listener" daemon [_thread_blocked, id=12908, stack(0x0000000789300000,0x0000000789400000)]
  0x000001ab2a4103a0 JavaThread "Service Thread" daemon [_thread_blocked, id=4812, stack(0x0000000789400000,0x0000000789500000)]
  0x000001ab2a413d70 JavaThread "Monitor Deflation Thread" daemon [_thread_blocked, id=1936, stack(0x0000000789500000,0x0000000789600000)]
=>0x000001ab2a414f10 JavaThread "C2 CompilerThread0" daemon [_thread_in_native, id=3184, stack(0x0000000789600000,0x0000000789700000)]
  0x000001ab2a4179c0 JavaThread "C1 CompilerThread0" daemon [_thread_in_vm, id=8844, stack(0x0000000789700000,0x0000000789800000)]
  0x000001ab2a4183b0 JavaThread "Sweeper thread" daemon [_thread_blocked, id=11252, stack(0x0000000789800000,0x0000000789900000)]
  0x000001ab2a3e5150 JavaThread "Common-Cleaner" daemon [_thread_blocked, id=12460, stack(0x0000000789900000,0x0000000789a00000)]
  0x000001ab2a6b8ff0 JavaThread "Notification Thread" daemon [_thread_blocked, id=1272, stack(0x0000000789a00000,0x0000000789b00000)]
  0x000001ab456b4660 JavaThread "Daemon health stats" [_thread_blocked, id=7772, stack(0x000000078a300000,0x000000078a400000)]
  0x000001ab459cef30 JavaThread "Incoming local TCP Connector on port 56105" [_thread_in_native, id=15412, stack(0x0000000789c00000,0x0000000789d00000)]
  0x000001ab45918470 JavaThread "Daemon periodic checks" [_thread_blocked, id=7736, stack(0x0000000789d00000,0x0000000789e00000)]
  0x000001ab45921560 JavaThread "Daemon" [_thread_blocked, id=2088, stack(0x000000078a400000,0x000000078a500000)]
  0x000001ab45b02510 JavaThread "Handler for socket connection from /127.0.0.1:56105 to /127.0.0.1:56107" [_thread_in_native, id=12324, stack(0x000000078a500000,0x000000078a600000)]
  0x000001ab45a63e50 JavaThread "Cancel handler" [_thread_blocked, id=17476, stack(0x000000078a600000,0x000000078a700000)]
  0x000001ab45a64730 JavaThread "Daemon worker" [_thread_in_vm, id=14660, stack(0x000000078a700000,0x000000078a800000)]
  0x000001ab45a74f90 JavaThread "Asynchronous log dispatcher for DefaultDaemonConnection: socket connection from /127.0.0.1:56105 to /127.0.0.1:56107" [_thread_blocked, id=10936, stack(0x000000078a800000,0x000000078a900000)]
  0x000001ab45a7ea90 JavaThread "Stdin handler" [_thread_blocked, id=5332, stack(0x000000078a900000,0x000000078aa00000)]
  0x000001ab45a7bf40 JavaThread "Daemon client event forwarder" [_thread_blocked, id=6884, stack(0x000000078aa00000,0x000000078ab00000)]
  0x000001ab45a7c410 JavaThread "Cache worker for journal cache (T:\ToolJava\gradle-8.8\caches\journal-1)" [_thread_blocked, id=12976, stack(0x000000078ab00000,0x000000078ac00000)]
  0x000001ab45a7c8e0 JavaThread "File lock request listener" [_thread_in_native, id=7840, stack(0x000000078ac00000,0x000000078ad00000)]
  0x000001ab45a7e5c0 JavaThread "File lock release action executor" [_thread_blocked, id=16500, stack(0x000000078ad00000,0x000000078ae00000)]
  0x000001ab45a7cdb0 JavaThread "Cache worker for file hash cache (T:\ToolJava\gradle-8.8\caches\8.8\fileHashes)" [_thread_blocked, id=5788, stack(0x000000078ae00000,0x000000078af00000)]
  0x000001ab45a7d280 JavaThread "Cache worker for file hash cache (T:\DeAnTourDuLich\BookingTour\BackEnd\UserService\.gradle\8.8\fileHashes)" [_thread_blocked, id=14572, stack(0x000000078b100000,0x000000078b200000)]
  0x000001ab45a7d750 JavaThread "File watcher server" daemon [_thread_in_native, id=7284, stack(0x000000078b200000,0x000000078b300000)]
  0x000001ab45a7dc20 JavaThread "File watcher consumer" daemon [_thread_blocked, id=14888, stack(0x000000078b300000,0x000000078b400000)]
  0x000001ab45a7e0f0 JavaThread "Cache worker for checksums cache (T:\DeAnTourDuLich\BookingTour\BackEnd\UserService\.gradle\8.8\checksums)" [_thread_blocked, id=7632, stack(0x000000078b500000,0x000000078b600000)]
  0x000001ab45a7ef60 JavaThread "Cache worker for file content cache (T:\ToolJava\gradle-8.8\caches\8.8\fileContent)" [_thread_blocked, id=17472, stack(0x000000078b600000,0x000000078b700000)]
  0x000001ab44e6e450 JavaThread "Cache worker for cache directory md-rule (T:\ToolJava\gradle-8.8\caches\8.8\md-rule)" [_thread_blocked, id=8520, stack(0x000000078b800000,0x000000078b900000)]
  0x000001ab44e6f790 JavaThread "Cache worker for cache directory md-supplier (T:\ToolJava\gradle-8.8\caches\8.8\md-supplier)" [_thread_blocked, id=14808, stack(0x000000078b900000,0x000000078ba00000)]
  0x000001ab44e6e920 JavaThread "jar transforms" [_thread_blocked, id=4008, stack(0x000000078ba00000,0x000000078bb00000)]
  0x000001ab44e6fc60 JavaThread "jar transforms Thread 2" [_thread_blocked, id=10716, stack(0x000000078bb00000,0x000000078bc00000)]
  0x000001ab44e6f2c0 JavaThread "jar transforms Thread 3" [_thread_blocked, id=10180, stack(0x000000078bc00000,0x000000078bd00000)]
  0x000001ab44e6c2a0 JavaThread "jar transforms Thread 4" [_thread_blocked, id=1568, stack(0x000000078bd00000,0x000000078be00000)]
  0x000001ab44e6c770 JavaThread "jar transforms Thread 5" [_thread_blocked, id=11308, stack(0x000000078be00000,0x000000078bf00000)]
  0x000001ab44e6df80 JavaThread "jar transforms Thread 6" [_thread_blocked, id=9676, stack(0x000000078bf00000,0x000000078c000000)]
  0x000001ab44e6d110 JavaThread "Cache worker for Build Output Cleanup Cache (T:\DeAnTourDuLich\BookingTour\BackEnd\UserService\.gradle\buildOutputCleanup)" [_thread_blocked, id=8196, stack(0x000000078c000000,0x000000078c100000)]
  0x000001ab44e6dab0 JavaThread "jar transforms Thread 7" [_thread_blocked, id=8212, stack(0x000000078c100000,0x000000078c200000)]
  0x000001ab46867570 JavaThread "Unconstrained build operations" [_thread_blocked, id=12396, stack(0x000000078b700000,0x000000078b800000)]
  0x000001ab46864080 JavaThread "Unconstrained build operations Thread 2" [_thread_blocked, id=4176, stack(0x000000078c200000,0x000000078c300000)]
  0x000001ab46866700 JavaThread "Unconstrained build operations Thread 3" [_thread_blocked, id=3348, stack(0x000000078c300000,0x000000078c400000)]
  0x000001ab46861060 JavaThread "Unconstrained build operations Thread 4" [_thread_blocked, id=9148, stack(0x000000078c400000,0x000000078c500000)]
  0x000001ab46861a00 JavaThread "Unconstrained build operations Thread 5" [_thread_blocked, id=17528, stack(0x000000078c500000,0x000000078c600000)]
  0x000001ab468670a0 JavaThread "Unconstrained build operations Thread 6" [_thread_blocked, id=15364, stack(0x000000078c600000,0x000000078c700000)]
  0x000001ab46864a20 JavaThread "Unconstrained build operations Thread 7" [_thread_blocked, id=2760, stack(0x000000078c700000,0x000000078c800000)]
  0x000001ab46860b90 JavaThread "Unconstrained build operations Thread 8" [_thread_blocked, id=14672, stack(0x000000078c800000,0x000000078c900000)]
  0x000001ab46866230 JavaThread "Unconstrained build operations Thread 9" [_thread_blocked, id=4680, stack(0x000000078c900000,0x000000078ca00000)]
  0x000001ab46861ed0 JavaThread "Unconstrained build operations Thread 10" [_thread_blocked, id=17964, stack(0x000000078ca00000,0x000000078cb00000)]
  0x000001ab46863210 JavaThread "Unconstrained build operations Thread 11" [_thread_blocked, id=18320, stack(0x000000078cb00000,0x000000078cc00000)]
  0x000001ab46861530 JavaThread "Unconstrained build operations Thread 12" [_thread_blocked, id=14236, stack(0x000000078cc00000,0x000000078cd00000)]
  0x000001ab46864550 JavaThread "Unconstrained build operations Thread 13" [_thread_blocked, id=10792, stack(0x000000078cd00000,0x000000078ce00000)]
  0x000001ab468623a0 JavaThread "Unconstrained build operations Thread 14" [_thread_blocked, id=6912, stack(0x000000078ce00000,0x000000078cf00000)]
  0x000001ab46867f10 JavaThread "Unconstrained build operations Thread 15" [_thread_blocked, id=8052, stack(0x000000078cf00000,0x000000078d000000)]
  0x000001ab46865890 JavaThread "Unconstrained build operations Thread 16" [_thread_blocked, id=4844, stack(0x000000078d000000,0x000000078d100000)]
  0x000001ab46862870 JavaThread "Unconstrained build operations Thread 17" [_thread_blocked, id=8952, stack(0x000000078d100000,0x000000078d200000)]
  0x000001ab46862d40 JavaThread "Unconstrained build operations Thread 18" [_thread_blocked, id=10128, stack(0x000000078d200000,0x000000078d300000)]
  0x000001ab468636e0 JavaThread "Unconstrained build operations Thread 19" [_thread_blocked, id=14228, stack(0x000000078d300000,0x000000078d400000)]
  0x000001ab46867a40 JavaThread "Unconstrained build operations Thread 20" [_thread_blocked, id=13800, stack(0x000000078d400000,0x000000078d500000)]
  0x000001ab46864ef0 JavaThread "Unconstrained build operations Thread 21" [_thread_blocked, id=6028, stack(0x000000078d500000,0x000000078d600000)]

Other Threads:
  0x000001ab2a3f1cd0 VMThread "VM Thread" [stack: 0x0000000788f00000,0x0000000789000000] [id=9872]
  0x000001ab0dbc4610 WatcherThread [stack: 0x0000000789b00000,0x0000000789c00000] [id=6576]
  0x000001ab0dbf2550 GCTaskThread "GC Thread#0" [stack: 0x0000000788a00000,0x0000000788b00000] [id=1744]
  0x000001ab4470f7e0 GCTaskThread "GC Thread#1" [stack: 0x0000000789e00000,0x0000000789f00000] [id=14216]
  0x000001ab45202010 GCTaskThread "GC Thread#2" [stack: 0x0000000789f00000,0x000000078a000000] [id=18120]
  0x000001ab44daf400 GCTaskThread "GC Thread#3" [stack: 0x000000078a000000,0x000000078a100000] [id=8812]
  0x000001ab44daf6b0 GCTaskThread "GC Thread#4" [stack: 0x000000078a100000,0x000000078a200000] [id=12936]
  0x000001ab44daf960 GCTaskThread "GC Thread#5" [stack: 0x000000078a200000,0x000000078a300000] [id=8588]
  0x000001ab46fce220 GCTaskThread "GC Thread#6" [stack: 0x000000078af00000,0x000000078b000000] [id=2668]
  0x000001ab46158590 GCTaskThread "GC Thread#7" [stack: 0x000000078b000000,0x000000078b100000] [id=5796]
  0x000001ab0dbf7490 ConcurrentGCThread "G1 Main Marker" [stack: 0x0000000788b00000,0x0000000788c00000] [id=8800]
  0x000001ab0dbf8eb0 ConcurrentGCThread "G1 Conc#0" [stack: 0x0000000788c00000,0x0000000788d00000] [id=10176]
  0x000001ab4607d5c0 ConcurrentGCThread "G1 Conc#1" [stack: 0x000000078b400000,0x000000078b500000] [id=6820]
  0x000001ab0dc8ec20 ConcurrentGCThread "G1 Refine#0" [stack: 0x0000000788d00000,0x0000000788e00000] [id=5560]
  0x000001ab2a2b8830 ConcurrentGCThread "G1 Service" [stack: 0x0000000788e00000,0x0000000788f00000] [id=4120]

Threads with active compile tasks:
C2 CompilerThread0    23984 5738       4       org.objectweb.asm.Frame::execute (2303 bytes)

VM state: not at safepoint (normal execution)

VM Mutex/Monitor currently owned by a thread: None

Heap address: 0x00000000e0000000, size: 512 MB, Compressed Oops mode: 32-bit

CDS archive(s) mapped at: [0x000001ab2b000000-0x000001ab2bbd0000-0x000001ab2bbd0000), size 12386304, SharedBaseAddress: 0x000001ab2b000000, ArchiveRelocationMode: 1.
Compressed class space mapped at: 0x000001ab2c000000-0x000001ab40000000, reserved size: 335544320
Narrow klass base: 0x000001ab2b000000, Narrow klass shift: 0, Narrow klass range: 0x100000000

GC Precious Log:
 CPUs: 8 total, 8 available
 Memory: 8014M
 Large Page Support: Disabled
 NUMA Support: Disabled
 Compressed Oops: Enabled (32-bit)
 Heap Region Size: 1M
 Heap Min Capacity: 256M
 Heap Initial Capacity: 256M
 Heap Max Capacity: 512M
 Pre-touch: Disabled
 Parallel Workers: 8
 Concurrent Workers: 2
 Concurrent Refinement Workers: 8
 Periodic GC: Disabled

Heap:
 garbage-first heap   total 262144K, used 142607K [0x00000000e0000000, 0x0000000100000000)
  region size 1024K, 118 young (120832K), 11 survivors (11264K)
 Metaspace       used 46204K, committed 46720K, reserved 393216K
  class space    used 6548K, committed 6784K, reserved 327680K

Heap Regions: E=young(eden), S=young(survivor), O=old, HS=humongous(starts), HC=humongous(continues), CS=collection set, F=free, OA=open archive, CA=closed archive, TAMS=top-at-mark-start (previous, next)
|   0|0x00000000e0000000, 0x00000000e0100000, 0x00000000e0100000|100%|HS|  |TAMS 0x00000000e0100000, 0x00000000e0000000| Complete 
|   1|0x00000000e0100000, 0x00000000e0200000, 0x00000000e0200000|100%|HC|  |TAMS 0x00000000e0200000, 0x00000000e0100000| Complete 
|   2|0x00000000e0200000, 0x00000000e0300000, 0x00000000e0300000|100%|HC|  |TAMS 0x00000000e0300000, 0x00000000e0200000| Complete 
|   3|0x00000000e0300000, 0x00000000e0400000, 0x00000000e0400000|100%|HC|  |TAMS 0x00000000e0400000, 0x00000000e0300000| Complete 
|   4|0x00000000e0400000, 0x00000000e0500000, 0x00000000e0500000|100%| O|  |TAMS 0x00000000e0500000, 0x00000000e0400000| Untracked 
|   5|0x00000000e0500000, 0x00000000e0600000, 0x00000000e0600000|100%| O|  |TAMS 0x00000000e0600000, 0x00000000e0500000| Untracked 
|   6|0x00000000e0600000, 0x00000000e0700000, 0x00000000e0700000|100%| O|  |TAMS 0x00000000e0700000, 0x00000000e0600000| Untracked 
|   7|0x00000000e0700000, 0x00000000e0800000, 0x00000000e0800000|100%| O|  |TAMS 0x00000000e0800000, 0x00000000e0700000| Untracked 
|   8|0x00000000e0800000, 0x00000000e0900000, 0x00000000e0900000|100%| O|  |TAMS 0x00000000e0900000, 0x00000000e0800000| Untracked 
|   9|0x00000000e0900000, 0x00000000e0a00000, 0x00000000e0a00000|100%| O|  |TAMS 0x00000000e0a00000, 0x00000000e0900000| Untracked 
|  10|0x00000000e0a00000, 0x00000000e0b00000, 0x00000000e0b00000|100%| O|  |TAMS 0x00000000e0b00000, 0x00000000e0a00000| Untracked 
|  11|0x00000000e0b00000, 0x00000000e0c00000, 0x00000000e0c00000|100%|HS|  |TAMS 0x00000000e0c00000, 0x00000000e0b00000| Complete 
|  12|0x00000000e0c00000, 0x00000000e0d00000, 0x00000000e0d00000|100%| O|  |TAMS 0x00000000e0c72600, 0x00000000e0c00000| Untracked 
|  13|0x00000000e0d00000, 0x00000000e0e00000, 0x00000000e0e00000|100%|HS|  |TAMS 0x00000000e0d00000, 0x00000000e0d00000| Complete 
|  14|0x00000000e0e00000, 0x00000000e0f00000, 0x00000000e0f00000|100%|HS|  |TAMS 0x00000000e0e00000, 0x00000000e0e00000| Complete 
|  15|0x00000000e0f00000, 0x00000000e0f00000, 0x00000000e1000000|  0%| F|  |TAMS 0x00000000e0f00000, 0x00000000e0f00000| Untracked 
|  16|0x00000000e1000000, 0x00000000e1000000, 0x00000000e1100000|  0%| F|  |TAMS 0x00000000e1000000, 0x00000000e1000000| Untracked 
|  17|0x00000000e1100000, 0x00000000e1100000, 0x00000000e1200000|  0%| F|  |TAMS 0x00000000e1100000, 0x00000000e1100000| Untracked 
|  18|0x00000000e1200000, 0x00000000e1300000, 0x00000000e1300000|100%| O|  |TAMS 0x00000000e1200000, 0x00000000e1200000| Untracked 
|  19|0x00000000e1300000, 0x00000000e1400000, 0x00000000e1400000|100%| O|  |TAMS 0x00000000e1300000, 0x00000000e1300000| Untracked 
|  20|0x00000000e1400000, 0x00000000e1500000, 0x00000000e1500000|100%| O|  |TAMS 0x00000000e1400000, 0x00000000e1400000| Untracked 
|  21|0x00000000e1500000, 0x00000000e1600000, 0x00000000e1600000|100%| O|  |TAMS 0x00000000e1500000, 0x00000000e1500000| Untracked 
|  22|0x00000000e1600000, 0x00000000e1700000, 0x00000000e1700000|100%| O|  |TAMS 0x00000000e1600000, 0x00000000e1600000| Untracked 
|  23|0x00000000e1700000, 0x00000000e1800000, 0x00000000e1800000|100%| O|  |TAMS 0x00000000e1700000, 0x00000000e1700000| Untracked 
|  24|0x00000000e1800000, 0x00000000e1900000, 0x00000000e1900000|100%| O|  |TAMS 0x00000000e1800000, 0x00000000e1800000| Untracked 
|  25|0x00000000e1900000, 0x00000000e1a00000, 0x00000000e1a00000|100%| O|  |TAMS 0x00000000e1900000, 0x00000000e1900000| Untracked 
|  26|0x00000000e1a00000, 0x00000000e1acde00, 0x00000000e1b00000| 80%| O|  |TAMS 0x00000000e1a00000, 0x00000000e1a00000| Untracked 
|  27|0x00000000e1b00000, 0x00000000e1b00000, 0x00000000e1c00000|  0%| F|  |TAMS 0x00000000e1b00000, 0x00000000e1b00000| Untracked 
|  28|0x00000000e1c00000, 0x00000000e1c00000, 0x00000000e1d00000|  0%| F|  |TAMS 0x00000000e1c00000, 0x00000000e1c00000| Untracked 
|  29|0x00000000e1d00000, 0x00000000e1d00000, 0x00000000e1e00000|  0%| F|  |TAMS 0x00000000e1d00000, 0x00000000e1d00000| Untracked 
|  30|0x00000000e1e00000, 0x00000000e1e00000, 0x00000000e1f00000|  0%| F|  |TAMS 0x00000000e1e00000, 0x00000000e1e00000| Untracked 
|  31|0x00000000e1f00000, 0x00000000e1f00000, 0x00000000e2000000|  0%| F|  |TAMS 0x00000000e1f00000, 0x00000000e1f00000| Untracked 
|  32|0x00000000e2000000, 0x00000000e2000000, 0x00000000e2100000|  0%| F|  |TAMS 0x00000000e2000000, 0x00000000e2000000| Untracked 
|  33|0x00000000e2100000, 0x00000000e2100000, 0x00000000e2200000|  0%| F|  |TAMS 0x00000000e2100000, 0x00000000e2100000| Untracked 
|  34|0x00000000e2200000, 0x00000000e2200000, 0x00000000e2300000|  0%| F|  |TAMS 0x00000000e2200000, 0x00000000e2200000| Untracked 
|  35|0x00000000e2300000, 0x00000000e2300000, 0x00000000e2400000|  0%| F|  |TAMS 0x00000000e2300000, 0x00000000e2300000| Untracked 
|  36|0x00000000e2400000, 0x00000000e2400000, 0x00000000e2500000|  0%| F|  |TAMS 0x00000000e2400000, 0x00000000e2400000| Untracked 
|  37|0x00000000e2500000, 0x00000000e2500000, 0x00000000e2600000|  0%| F|  |TAMS 0x00000000e2500000, 0x00000000e2500000| Untracked 
|  38|0x00000000e2600000, 0x00000000e2600000, 0x00000000e2700000|  0%| F|  |TAMS 0x00000000e2600000, 0x00000000e2600000| Untracked 
|  39|0x00000000e2700000, 0x00000000e2700000, 0x00000000e2800000|  0%| F|  |TAMS 0x00000000e2700000, 0x00000000e2700000| Untracked 
|  40|0x00000000e2800000, 0x00000000e2800000, 0x00000000e2900000|  0%| F|  |TAMS 0x00000000e2800000, 0x00000000e2800000| Untracked 
|  41|0x00000000e2900000, 0x00000000e2900000, 0x00000000e2a00000|  0%| F|  |TAMS 0x00000000e2900000, 0x00000000e2900000| Untracked 
|  42|0x00000000e2a00000, 0x00000000e2a00000, 0x00000000e2b00000|  0%| F|  |TAMS 0x00000000e2a00000, 0x00000000e2a00000| Untracked 
|  43|0x00000000e2b00000, 0x00000000e2b00000, 0x00000000e2c00000|  0%| F|  |TAMS 0x00000000e2b00000, 0x00000000e2b00000| Untracked 
|  44|0x00000000e2c00000, 0x00000000e2c00000, 0x00000000e2d00000|  0%| F|  |TAMS 0x00000000e2c00000, 0x00000000e2c00000| Untracked 
|  45|0x00000000e2d00000, 0x00000000e2d00000, 0x00000000e2e00000|  0%| F|  |TAMS 0x00000000e2d00000, 0x00000000e2d00000| Untracked 
|  46|0x00000000e2e00000, 0x00000000e2e00000, 0x00000000e2f00000|  0%| F|  |TAMS 0x00000000e2e00000, 0x00000000e2e00000| Untracked 
|  47|0x00000000e2f00000, 0x00000000e2f00000, 0x00000000e3000000|  0%| F|  |TAMS 0x00000000e2f00000, 0x00000000e2f00000| Untracked 
|  48|0x00000000e3000000, 0x00000000e3000000, 0x00000000e3100000|  0%| F|  |TAMS 0x00000000e3000000, 0x00000000e3000000| Untracked 
|  49|0x00000000e3100000, 0x00000000e3100000, 0x00000000e3200000|  0%| F|  |TAMS 0x00000000e3100000, 0x00000000e3100000| Untracked 
|  50|0x00000000e3200000, 0x00000000e3200000, 0x00000000e3300000|  0%| F|  |TAMS 0x00000000e3200000, 0x00000000e3200000| Untracked 
|  51|0x00000000e3300000, 0x00000000e3300000, 0x00000000e3400000|  0%| F|  |TAMS 0x00000000e3300000, 0x00000000e3300000| Untracked 
|  52|0x00000000e3400000, 0x00000000e3400000, 0x00000000e3500000|  0%| F|  |TAMS 0x00000000e3400000, 0x00000000e3400000| Untracked 
|  53|0x00000000e3500000, 0x00000000e3500000, 0x00000000e3600000|  0%| F|  |TAMS 0x00000000e3500000, 0x00000000e3500000| Untracked 
|  54|0x00000000e3600000, 0x00000000e3600000, 0x00000000e3700000|  0%| F|  |TAMS 0x00000000e3600000, 0x00000000e3600000| Untracked 
|  55|0x00000000e3700000, 0x00000000e3700000, 0x00000000e3800000|  0%| F|  |TAMS 0x00000000e3700000, 0x00000000e3700000| Untracked 
|  56|0x00000000e3800000, 0x00000000e3800000, 0x00000000e3900000|  0%| F|  |TAMS 0x00000000e3800000, 0x00000000e3800000| Untracked 
|  57|0x00000000e3900000, 0x00000000e3900000, 0x00000000e3a00000|  0%| F|  |TAMS 0x00000000e3900000, 0x00000000e3900000| Untracked 
|  58|0x00000000e3a00000, 0x00000000e3a00000, 0x00000000e3b00000|  0%| F|  |TAMS 0x00000000e3a00000, 0x00000000e3a00000| Untracked 
|  59|0x00000000e3b00000, 0x00000000e3b00000, 0x00000000e3c00000|  0%| F|  |TAMS 0x00000000e3b00000, 0x00000000e3b00000| Untracked 
|  60|0x00000000e3c00000, 0x00000000e3c00000, 0x00000000e3d00000|  0%| F|  |TAMS 0x00000000e3c00000, 0x00000000e3c00000| Untracked 
|  61|0x00000000e3d00000, 0x00000000e3d00000, 0x00000000e3e00000|  0%| F|  |TAMS 0x00000000e3d00000, 0x00000000e3d00000| Untracked 
|  62|0x00000000e3e00000, 0x00000000e3e00000, 0x00000000e3f00000|  0%| F|  |TAMS 0x00000000e3e00000, 0x00000000e3e00000| Untracked 
|  63|0x00000000e3f00000, 0x00000000e3f00000, 0x00000000e4000000|  0%| F|  |TAMS 0x00000000e3f00000, 0x00000000e3f00000| Untracked 
|  64|0x00000000e4000000, 0x00000000e4000000, 0x00000000e4100000|  0%| F|  |TAMS 0x00000000e4000000, 0x00000000e4000000| Untracked 
|  65|0x00000000e4100000, 0x00000000e4100000, 0x00000000e4200000|  0%| F|  |TAMS 0x00000000e4100000, 0x00000000e4100000| Untracked 
|  66|0x00000000e4200000, 0x00000000e4200000, 0x00000000e4300000|  0%| F|  |TAMS 0x00000000e4200000, 0x00000000e4200000| Untracked 
|  67|0x00000000e4300000, 0x00000000e4300000, 0x00000000e4400000|  0%| F|  |TAMS 0x00000000e4300000, 0x00000000e4300000| Untracked 
|  68|0x00000000e4400000, 0x00000000e4400000, 0x00000000e4500000|  0%| F|  |TAMS 0x00000000e4400000, 0x00000000e4400000| Untracked 
|  69|0x00000000e4500000, 0x00000000e4500000, 0x00000000e4600000|  0%| F|  |TAMS 0x00000000e4500000, 0x00000000e4500000| Untracked 
|  70|0x00000000e4600000, 0x00000000e4600000, 0x00000000e4700000|  0%| F|  |TAMS 0x00000000e4600000, 0x00000000e4600000| Untracked 
|  71|0x00000000e4700000, 0x00000000e4700000, 0x00000000e4800000|  0%| F|  |TAMS 0x00000000e4700000, 0x00000000e4700000| Untracked 
|  72|0x00000000e4800000, 0x00000000e4800000, 0x00000000e4900000|  0%| F|  |TAMS 0x00000000e4800000, 0x00000000e4800000| Untracked 
|  73|0x00000000e4900000, 0x00000000e4900000, 0x00000000e4a00000|  0%| F|  |TAMS 0x00000000e4900000, 0x00000000e4900000| Untracked 
|  74|0x00000000e4a00000, 0x00000000e4a00000, 0x00000000e4b00000|  0%| F|  |TAMS 0x00000000e4a00000, 0x00000000e4a00000| Untracked 
|  75|0x00000000e4b00000, 0x00000000e4b00000, 0x00000000e4c00000|  0%| F|  |TAMS 0x00000000e4b00000, 0x00000000e4b00000| Untracked 
|  76|0x00000000e4c00000, 0x00000000e4c00000, 0x00000000e4d00000|  0%| F|  |TAMS 0x00000000e4c00000, 0x00000000e4c00000| Untracked 
|  77|0x00000000e4d00000, 0x00000000e4d00000, 0x00000000e4e00000|  0%| F|  |TAMS 0x00000000e4d00000, 0x00000000e4d00000| Untracked 
|  78|0x00000000e4e00000, 0x00000000e4e00000, 0x00000000e4f00000|  0%| F|  |TAMS 0x00000000e4e00000, 0x00000000e4e00000| Untracked 
|  79|0x00000000e4f00000, 0x00000000e4f00000, 0x00000000e5000000|  0%| F|  |TAMS 0x00000000e4f00000, 0x00000000e4f00000| Untracked 
|  80|0x00000000e5000000, 0x00000000e5000000, 0x00000000e5100000|  0%| F|  |TAMS 0x00000000e5000000, 0x00000000e5000000| Untracked 
|  81|0x00000000e5100000, 0x00000000e5100000, 0x00000000e5200000|  0%| F|  |TAMS 0x00000000e5100000, 0x00000000e5100000| Untracked 
|  82|0x00000000e5200000, 0x00000000e5200000, 0x00000000e5300000|  0%| F|  |TAMS 0x00000000e5200000, 0x00000000e5200000| Untracked 
|  83|0x00000000e5300000, 0x00000000e5300000, 0x00000000e5400000|  0%| F|  |TAMS 0x00000000e5300000, 0x00000000e5300000| Untracked 
|  84|0x00000000e5400000, 0x00000000e5400000, 0x00000000e5500000|  0%| F|  |TAMS 0x00000000e5400000, 0x00000000e5400000| Untracked 
|  85|0x00000000e5500000, 0x00000000e5500000, 0x00000000e5600000|  0%| F|  |TAMS 0x00000000e5500000, 0x00000000e5500000| Untracked 
|  86|0x00000000e5600000, 0x00000000e5600000, 0x00000000e5700000|  0%| F|  |TAMS 0x00000000e5600000, 0x00000000e5600000| Untracked 
|  87|0x00000000e5700000, 0x00000000e5700000, 0x00000000e5800000|  0%| F|  |TAMS 0x00000000e5700000, 0x00000000e5700000| Untracked 
|  88|0x00000000e5800000, 0x00000000e5800000, 0x00000000e5900000|  0%| F|  |TAMS 0x00000000e5800000, 0x00000000e5800000| Untracked 
|  89|0x00000000e5900000, 0x00000000e5900000, 0x00000000e5a00000|  0%| F|  |TAMS 0x00000000e5900000, 0x00000000e5900000| Untracked 
|  90|0x00000000e5a00000, 0x00000000e5a00000, 0x00000000e5b00000|  0%| F|  |TAMS 0x00000000e5a00000, 0x00000000e5a00000| Untracked 
|  91|0x00000000e5b00000, 0x00000000e5b00000, 0x00000000e5c00000|  0%| F|  |TAMS 0x00000000e5b00000, 0x00000000e5b00000| Untracked 
|  92|0x00000000e5c00000, 0x00000000e5c00000, 0x00000000e5d00000|  0%| F|  |TAMS 0x00000000e5c00000, 0x00000000e5c00000| Untracked 
|  93|0x00000000e5d00000, 0x00000000e5d00000, 0x00000000e5e00000|  0%| F|  |TAMS 0x00000000e5d00000, 0x00000000e5d00000| Untracked 
|  94|0x00000000e5e00000, 0x00000000e5e00000, 0x00000000e5f00000|  0%| F|  |TAMS 0x00000000e5e00000, 0x00000000e5e00000| Untracked 
|  95|0x00000000e5f00000, 0x00000000e5f00000, 0x00000000e6000000|  0%| F|  |TAMS 0x00000000e5f00000, 0x00000000e5f00000| Untracked 
|  96|0x00000000e6000000, 0x00000000e6000000, 0x00000000e6100000|  0%| F|  |TAMS 0x00000000e6000000, 0x00000000e6000000| Untracked 
|  97|0x00000000e6100000, 0x00000000e6100000, 0x00000000e6200000|  0%| F|  |TAMS 0x00000000e6100000, 0x00000000e6100000| Untracked 
|  98|0x00000000e6200000, 0x00000000e6200000, 0x00000000e6300000|  0%| F|  |TAMS 0x00000000e6200000, 0x00000000e6200000| Untracked 
|  99|0x00000000e6300000, 0x00000000e6300000, 0x00000000e6400000|  0%| F|  |TAMS 0x00000000e6300000, 0x00000000e6300000| Untracked 
| 100|0x00000000e6400000, 0x00000000e6400000, 0x00000000e6500000|  0%| F|  |TAMS 0x00000000e6400000, 0x00000000e6400000| Untracked 
| 101|0x00000000e6500000, 0x00000000e6500000, 0x00000000e6600000|  0%| F|  |TAMS 0x00000000e6500000, 0x00000000e6500000| Untracked 
| 102|0x00000000e6600000, 0x00000000e6600000, 0x00000000e6700000|  0%| F|  |TAMS 0x00000000e6600000, 0x00000000e6600000| Untracked 
| 103|0x00000000e6700000, 0x00000000e6700000, 0x00000000e6800000|  0%| F|  |TAMS 0x00000000e6700000, 0x00000000e6700000| Untracked 
| 104|0x00000000e6800000, 0x00000000e6800000, 0x00000000e6900000|  0%| F|  |TAMS 0x00000000e6800000, 0x00000000e6800000| Untracked 
| 105|0x00000000e6900000, 0x00000000e6900000, 0x00000000e6a00000|  0%| F|  |TAMS 0x00000000e6900000, 0x00000000e6900000| Untracked 
| 106|0x00000000e6a00000, 0x00000000e6a00000, 0x00000000e6b00000|  0%| F|  |TAMS 0x00000000e6a00000, 0x00000000e6a00000| Untracked 
| 107|0x00000000e6b00000, 0x00000000e6b00000, 0x00000000e6c00000|  0%| F|  |TAMS 0x00000000e6b00000, 0x00000000e6b00000| Untracked 
| 108|0x00000000e6c00000, 0x00000000e6c00000, 0x00000000e6d00000|  0%| F|  |TAMS 0x00000000e6c00000, 0x00000000e6c00000| Untracked 
| 109|0x00000000e6d00000, 0x00000000e6d00000, 0x00000000e6e00000|  0%| F|  |TAMS 0x00000000e6d00000, 0x00000000e6d00000| Untracked 
| 110|0x00000000e6e00000, 0x00000000e6e00000, 0x00000000e6f00000|  0%| F|  |TAMS 0x00000000e6e00000, 0x00000000e6e00000| Untracked 
| 111|0x00000000e6f00000, 0x00000000e6f00000, 0x00000000e7000000|  0%| F|  |TAMS 0x00000000e6f00000, 0x00000000e6f00000| Untracked 
| 112|0x00000000e7000000, 0x00000000e7000000, 0x00000000e7100000|  0%| F|  |TAMS 0x00000000e7000000, 0x00000000e7000000| Untracked 
| 113|0x00000000e7100000, 0x00000000e7100000, 0x00000000e7200000|  0%| F|  |TAMS 0x00000000e7100000, 0x00000000e7100000| Untracked 
| 114|0x00000000e7200000, 0x00000000e7200000, 0x00000000e7300000|  0%| F|  |TAMS 0x00000000e7200000, 0x00000000e7200000| Untracked 
| 115|0x00000000e7300000, 0x00000000e7300000, 0x00000000e7400000|  0%| F|  |TAMS 0x00000000e7300000, 0x00000000e7300000| Untracked 
| 116|0x00000000e7400000, 0x00000000e7400000, 0x00000000e7500000|  0%| F|  |TAMS 0x00000000e7400000, 0x00000000e7400000| Untracked 
| 117|0x00000000e7500000, 0x00000000e7576190, 0x00000000e7600000| 46%| S|CS|TAMS 0x00000000e7500000, 0x00000000e7500000| Complete 
| 118|0x00000000e7600000, 0x00000000e7700000, 0x00000000e7700000|100%| S|CS|TAMS 0x00000000e7600000, 0x00000000e7600000| Complete 
| 119|0x00000000e7700000, 0x00000000e7800000, 0x00000000e7800000|100%| S|CS|TAMS 0x00000000e7700000, 0x00000000e7700000| Complete 
| 120|0x00000000e7800000, 0x00000000e7900000, 0x00000000e7900000|100%| S|CS|TAMS 0x00000000e7800000, 0x00000000e7800000| Complete 
| 121|0x00000000e7900000, 0x00000000e7a00000, 0x00000000e7a00000|100%| S|CS|TAMS 0x00000000e7900000, 0x00000000e7900000| Complete 
| 122|0x00000000e7a00000, 0x00000000e7b00000, 0x00000000e7b00000|100%| S|CS|TAMS 0x00000000e7a00000, 0x00000000e7a00000| Complete 
| 123|0x00000000e7b00000, 0x00000000e7c00000, 0x00000000e7c00000|100%| S|CS|TAMS 0x00000000e7b00000, 0x00000000e7b00000| Complete 
| 124|0x00000000e7c00000, 0x00000000e7d00000, 0x00000000e7d00000|100%| S|CS|TAMS 0x00000000e7c00000, 0x00000000e7c00000| Complete 
| 125|0x00000000e7d00000, 0x00000000e7e00000, 0x00000000e7e00000|100%| S|CS|TAMS 0x00000000e7d00000, 0x00000000e7d00000| Complete 
| 126|0x00000000e7e00000, 0x00000000e7f00000, 0x00000000e7f00000|100%| S|CS|TAMS 0x00000000e7e00000, 0x00000000e7e00000| Complete 
| 127|0x00000000e7f00000, 0x00000000e8000000, 0x00000000e8000000|100%| S|CS|TAMS 0x00000000e7f00000, 0x00000000e7f00000| Complete 
| 128|0x00000000e8000000, 0x00000000e8000000, 0x00000000e8100000|  0%| F|  |TAMS 0x00000000e8000000, 0x00000000e8000000| Untracked 
| 129|0x00000000e8100000, 0x00000000e8100000, 0x00000000e8200000|  0%| F|  |TAMS 0x00000000e8100000, 0x00000000e8100000| Untracked 
| 130|0x00000000e8200000, 0x00000000e8200000, 0x00000000e8300000|  0%| F|  |TAMS 0x00000000e8200000, 0x00000000e8200000| Untracked 
| 131|0x00000000e8300000, 0x00000000e8300000, 0x00000000e8400000|  0%| F|  |TAMS 0x00000000e8300000, 0x00000000e8300000| Untracked 
| 132|0x00000000e8400000, 0x00000000e8400000, 0x00000000e8500000|  0%| F|  |TAMS 0x00000000e8400000, 0x00000000e8400000| Untracked 
| 133|0x00000000e8500000, 0x00000000e8500000, 0x00000000e8600000|  0%| F|  |TAMS 0x00000000e8500000, 0x00000000e8500000| Untracked 
| 134|0x00000000e8600000, 0x00000000e8600000, 0x00000000e8700000|  0%| F|  |TAMS 0x00000000e8600000, 0x00000000e8600000| Untracked 
| 135|0x00000000e8700000, 0x00000000e8700000, 0x00000000e8800000|  0%| F|  |TAMS 0x00000000e8700000, 0x00000000e8700000| Untracked 
| 136|0x00000000e8800000, 0x00000000e8800000, 0x00000000e8900000|  0%| F|  |TAMS 0x00000000e8800000, 0x00000000e8800000| Untracked 
| 137|0x00000000e8900000, 0x00000000e8900000, 0x00000000e8a00000|  0%| F|  |TAMS 0x00000000e8900000, 0x00000000e8900000| Untracked 
| 138|0x00000000e8a00000, 0x00000000e8a00000, 0x00000000e8b00000|  0%| F|  |TAMS 0x00000000e8a00000, 0x00000000e8a00000| Untracked 
| 139|0x00000000e8b00000, 0x00000000e8b00000, 0x00000000e8c00000|  0%| F|  |TAMS 0x00000000e8b00000, 0x00000000e8b00000| Untracked 
| 140|0x00000000e8c00000, 0x00000000e8c00000, 0x00000000e8d00000|  0%| F|  |TAMS 0x00000000e8c00000, 0x00000000e8c00000| Untracked 
| 141|0x00000000e8d00000, 0x00000000e8d00000, 0x00000000e8e00000|  0%| F|  |TAMS 0x00000000e8d00000, 0x00000000e8d00000| Untracked 
| 142|0x00000000e8e00000, 0x00000000e8e00000, 0x00000000e8f00000|  0%| F|  |TAMS 0x00000000e8e00000, 0x00000000e8e00000| Untracked 
| 143|0x00000000e8f00000, 0x00000000e8f00000, 0x00000000e9000000|  0%| F|  |TAMS 0x00000000e8f00000, 0x00000000e8f00000| Untracked 
| 144|0x00000000e9000000, 0x00000000e9000000, 0x00000000e9100000|  0%| F|  |TAMS 0x00000000e9000000, 0x00000000e9000000| Untracked 
| 145|0x00000000e9100000, 0x00000000e9100000, 0x00000000e9200000|  0%| F|  |TAMS 0x00000000e9100000, 0x00000000e9100000| Untracked 
| 146|0x00000000e9200000, 0x00000000e9200000, 0x00000000e9300000|  0%| F|  |TAMS 0x00000000e9200000, 0x00000000e9200000| Untracked 
| 147|0x00000000e9300000, 0x00000000e9300000, 0x00000000e9400000|  0%| F|  |TAMS 0x00000000e9300000, 0x00000000e9300000| Untracked 
| 148|0x00000000e9400000, 0x00000000e9400000, 0x00000000e9500000|  0%| F|  |TAMS 0x00000000e9400000, 0x00000000e9400000| Untracked 
| 149|0x00000000e9500000, 0x00000000e9600000, 0x00000000e9600000|100%| E|  |TAMS 0x00000000e9500000, 0x00000000e9500000| Complete 
| 150|0x00000000e9600000, 0x00000000e9700000, 0x00000000e9700000|100%| E|CS|TAMS 0x00000000e9600000, 0x00000000e9600000| Complete 
| 151|0x00000000e9700000, 0x00000000e9800000, 0x00000000e9800000|100%| E|CS|TAMS 0x00000000e9700000, 0x00000000e9700000| Complete 
| 152|0x00000000e9800000, 0x00000000e9900000, 0x00000000e9900000|100%| E|CS|TAMS 0x00000000e9800000, 0x00000000e9800000| Complete 
| 153|0x00000000e9900000, 0x00000000e9a00000, 0x00000000e9a00000|100%| E|CS|TAMS 0x00000000e9900000, 0x00000000e9900000| Complete 
| 154|0x00000000e9a00000, 0x00000000e9b00000, 0x00000000e9b00000|100%| E|CS|TAMS 0x00000000e9a00000, 0x00000000e9a00000| Complete 
| 155|0x00000000e9b00000, 0x00000000e9c00000, 0x00000000e9c00000|100%| E|CS|TAMS 0x00000000e9b00000, 0x00000000e9b00000| Complete 
| 156|0x00000000e9c00000, 0x00000000e9d00000, 0x00000000e9d00000|100%| E|CS|TAMS 0x00000000e9c00000, 0x00000000e9c00000| Complete 
| 157|0x00000000e9d00000, 0x00000000e9e00000, 0x00000000e9e00000|100%| E|CS|TAMS 0x00000000e9d00000, 0x00000000e9d00000| Complete 
| 158|0x00000000e9e00000, 0x00000000e9f00000, 0x00000000e9f00000|100%| E|CS|TAMS 0x00000000e9e00000, 0x00000000e9e00000| Complete 
| 159|0x00000000e9f00000, 0x00000000ea000000, 0x00000000ea000000|100%| E|CS|TAMS 0x00000000e9f00000, 0x00000000e9f00000| Complete 
| 160|0x00000000ea000000, 0x00000000ea100000, 0x00000000ea100000|100%| E|CS|TAMS 0x00000000ea000000, 0x00000000ea000000| Complete 
| 161|0x00000000ea100000, 0x00000000ea200000, 0x00000000ea200000|100%| E|CS|TAMS 0x00000000ea100000, 0x00000000ea100000| Complete 
| 162|0x00000000ea200000, 0x00000000ea300000, 0x00000000ea300000|100%| E|CS|TAMS 0x00000000ea200000, 0x00000000ea200000| Complete 
| 163|0x00000000ea300000, 0x00000000ea400000, 0x00000000ea400000|100%| E|CS|TAMS 0x00000000ea300000, 0x00000000ea300000| Complete 
| 164|0x00000000ea400000, 0x00000000ea500000, 0x00000000ea500000|100%| E|CS|TAMS 0x00000000ea400000, 0x00000000ea400000| Complete 
| 165|0x00000000ea500000, 0x00000000ea600000, 0x00000000ea600000|100%| E|CS|TAMS 0x00000000ea500000, 0x00000000ea500000| Complete 
| 166|0x00000000ea600000, 0x00000000ea700000, 0x00000000ea700000|100%| E|CS|TAMS 0x00000000ea600000, 0x00000000ea600000| Complete 
| 167|0x00000000ea700000, 0x00000000ea800000, 0x00000000ea800000|100%| E|CS|TAMS 0x00000000ea700000, 0x00000000ea700000| Complete 
| 168|0x00000000ea800000, 0x00000000ea900000, 0x00000000ea900000|100%| E|CS|TAMS 0x00000000ea800000, 0x00000000ea800000| Complete 
| 169|0x00000000ea900000, 0x00000000eaa00000, 0x00000000eaa00000|100%| E|CS|TAMS 0x00000000ea900000, 0x00000000ea900000| Complete 
| 170|0x00000000eaa00000, 0x00000000eab00000, 0x00000000eab00000|100%| E|CS|TAMS 0x00000000eaa00000, 0x00000000eaa00000| Complete 
| 171|0x00000000eab00000, 0x00000000eac00000, 0x00000000eac00000|100%| E|CS|TAMS 0x00000000eab00000, 0x00000000eab00000| Complete 
| 172|0x00000000eac00000, 0x00000000ead00000, 0x00000000ead00000|100%| E|CS|TAMS 0x00000000eac00000, 0x00000000eac00000| Complete 
| 173|0x00000000ead00000, 0x00000000eae00000, 0x00000000eae00000|100%| E|CS|TAMS 0x00000000ead00000, 0x00000000ead00000| Complete 
| 174|0x00000000eae00000, 0x00000000eaf00000, 0x00000000eaf00000|100%| E|CS|TAMS 0x00000000eae00000, 0x00000000eae00000| Complete 
| 175|0x00000000eaf00000, 0x00000000eb000000, 0x00000000eb000000|100%| E|CS|TAMS 0x00000000eaf00000, 0x00000000eaf00000| Complete 
| 176|0x00000000eb000000, 0x00000000eb100000, 0x00000000eb100000|100%| E|CS|TAMS 0x00000000eb000000, 0x00000000eb000000| Complete 
| 177|0x00000000eb100000, 0x00000000eb200000, 0x00000000eb200000|100%| E|CS|TAMS 0x00000000eb100000, 0x00000000eb100000| Complete 
| 178|0x00000000eb200000, 0x00000000eb300000, 0x00000000eb300000|100%| E|CS|TAMS 0x00000000eb200000, 0x00000000eb200000| Complete 
| 179|0x00000000eb300000, 0x00000000eb400000, 0x00000000eb400000|100%| E|CS|TAMS 0x00000000eb300000, 0x00000000eb300000| Complete 
| 180|0x00000000eb400000, 0x00000000eb500000, 0x00000000eb500000|100%| E|CS|TAMS 0x00000000eb400000, 0x00000000eb400000| Complete 
| 181|0x00000000eb500000, 0x00000000eb600000, 0x00000000eb600000|100%| E|CS|TAMS 0x00000000eb500000, 0x00000000eb500000| Complete 
| 182|0x00000000eb600000, 0x00000000eb700000, 0x00000000eb700000|100%| E|CS|TAMS 0x00000000eb600000, 0x00000000eb600000| Complete 
| 183|0x00000000eb700000, 0x00000000eb800000, 0x00000000eb800000|100%| E|CS|TAMS 0x00000000eb700000, 0x00000000eb700000| Complete 
| 184|0x00000000eb800000, 0x00000000eb900000, 0x00000000eb900000|100%| E|CS|TAMS 0x00000000eb800000, 0x00000000eb800000| Complete 
| 185|0x00000000eb900000, 0x00000000eba00000, 0x00000000eba00000|100%| E|CS|TAMS 0x00000000eb900000, 0x00000000eb900000| Complete 
| 186|0x00000000eba00000, 0x00000000ebb00000, 0x00000000ebb00000|100%| E|CS|TAMS 0x00000000eba00000, 0x00000000eba00000| Complete 
| 187|0x00000000ebb00000, 0x00000000ebc00000, 0x00000000ebc00000|100%| E|CS|TAMS 0x00000000ebb00000, 0x00000000ebb00000| Complete 
| 188|0x00000000ebc00000, 0x00000000ebd00000, 0x00000000ebd00000|100%| E|CS|TAMS 0x00000000ebc00000, 0x00000000ebc00000| Complete 
| 189|0x00000000ebd00000, 0x00000000ebe00000, 0x00000000ebe00000|100%| E|CS|TAMS 0x00000000ebd00000, 0x00000000ebd00000| Complete 
| 190|0x00000000ebe00000, 0x00000000ebf00000, 0x00000000ebf00000|100%| E|CS|TAMS 0x00000000ebe00000, 0x00000000ebe00000| Complete 
| 191|0x00000000ebf00000, 0x00000000ec000000, 0x00000000ec000000|100%| E|CS|TAMS 0x00000000ebf00000, 0x00000000ebf00000| Complete 
| 192|0x00000000ec000000, 0x00000000ec100000, 0x00000000ec100000|100%| E|CS|TAMS 0x00000000ec000000, 0x00000000ec000000| Complete 
| 193|0x00000000ec100000, 0x00000000ec200000, 0x00000000ec200000|100%| E|CS|TAMS 0x00000000ec100000, 0x00000000ec100000| Complete 
| 194|0x00000000ec200000, 0x00000000ec300000, 0x00000000ec300000|100%| E|CS|TAMS 0x00000000ec200000, 0x00000000ec200000| Complete 
| 195|0x00000000ec300000, 0x00000000ec400000, 0x00000000ec400000|100%| E|CS|TAMS 0x00000000ec300000, 0x00000000ec300000| Complete 
| 196|0x00000000ec400000, 0x00000000ec500000, 0x00000000ec500000|100%| E|CS|TAMS 0x00000000ec400000, 0x00000000ec400000| Complete 
| 197|0x00000000ec500000, 0x00000000ec600000, 0x00000000ec600000|100%| E|CS|TAMS 0x00000000ec500000, 0x00000000ec500000| Complete 
| 198|0x00000000ec600000, 0x00000000ec700000, 0x00000000ec700000|100%| E|CS|TAMS 0x00000000ec600000, 0x00000000ec600000| Complete 
| 199|0x00000000ec700000, 0x00000000ec800000, 0x00000000ec800000|100%| E|CS|TAMS 0x00000000ec700000, 0x00000000ec700000| Complete 
| 200|0x00000000ec800000, 0x00000000ec900000, 0x00000000ec900000|100%| E|CS|TAMS 0x00000000ec800000, 0x00000000ec800000| Complete 
| 201|0x00000000ec900000, 0x00000000eca00000, 0x00000000eca00000|100%| E|CS|TAMS 0x00000000ec900000, 0x00000000ec900000| Complete 
| 202|0x00000000eca00000, 0x00000000ecb00000, 0x00000000ecb00000|100%| E|CS|TAMS 0x00000000eca00000, 0x00000000eca00000| Complete 
| 203|0x00000000ecb00000, 0x00000000ecc00000, 0x00000000ecc00000|100%| E|CS|TAMS 0x00000000ecb00000, 0x00000000ecb00000| Complete 
| 204|0x00000000ecc00000, 0x00000000ecd00000, 0x00000000ecd00000|100%| E|CS|TAMS 0x00000000ecc00000, 0x00000000ecc00000| Complete 
| 205|0x00000000ecd00000, 0x00000000ece00000, 0x00000000ece00000|100%| E|CS|TAMS 0x00000000ecd00000, 0x00000000ecd00000| Complete 
| 206|0x00000000ece00000, 0x00000000ecf00000, 0x00000000ecf00000|100%| E|CS|TAMS 0x00000000ece00000, 0x00000000ece00000| Complete 
| 207|0x00000000ecf00000, 0x00000000ed000000, 0x00000000ed000000|100%| E|CS|TAMS 0x00000000ecf00000, 0x00000000ecf00000| Complete 
| 208|0x00000000ed000000, 0x00000000ed100000, 0x00000000ed100000|100%| E|CS|TAMS 0x00000000ed000000, 0x00000000ed000000| Complete 
| 209|0x00000000ed100000, 0x00000000ed200000, 0x00000000ed200000|100%| E|CS|TAMS 0x00000000ed100000, 0x00000000ed100000| Complete 
| 210|0x00000000ed200000, 0x00000000ed300000, 0x00000000ed300000|100%| E|CS|TAMS 0x00000000ed200000, 0x00000000ed200000| Complete 
| 211|0x00000000ed300000, 0x00000000ed400000, 0x00000000ed400000|100%| E|CS|TAMS 0x00000000ed300000, 0x00000000ed300000| Complete 
| 212|0x00000000ed400000, 0x00000000ed500000, 0x00000000ed500000|100%| E|CS|TAMS 0x00000000ed400000, 0x00000000ed400000| Complete 
| 213|0x00000000ed500000, 0x00000000ed600000, 0x00000000ed600000|100%| E|CS|TAMS 0x00000000ed500000, 0x00000000ed500000| Complete 
| 214|0x00000000ed600000, 0x00000000ed700000, 0x00000000ed700000|100%| E|CS|TAMS 0x00000000ed600000, 0x00000000ed600000| Complete 
| 215|0x00000000ed700000, 0x00000000ed800000, 0x00000000ed800000|100%| E|CS|TAMS 0x00000000ed700000, 0x00000000ed700000| Complete 
| 216|0x00000000ed800000, 0x00000000ed900000, 0x00000000ed900000|100%| E|CS|TAMS 0x00000000ed800000, 0x00000000ed800000| Complete 
| 217|0x00000000ed900000, 0x00000000eda00000, 0x00000000eda00000|100%| E|CS|TAMS 0x00000000ed900000, 0x00000000ed900000| Complete 
| 218|0x00000000eda00000, 0x00000000edb00000, 0x00000000edb00000|100%| E|CS|TAMS 0x00000000eda00000, 0x00000000eda00000| Complete 
| 219|0x00000000edb00000, 0x00000000edc00000, 0x00000000edc00000|100%| E|CS|TAMS 0x00000000edb00000, 0x00000000edb00000| Complete 
| 220|0x00000000edc00000, 0x00000000edd00000, 0x00000000edd00000|100%| E|CS|TAMS 0x00000000edc00000, 0x00000000edc00000| Complete 
| 221|0x00000000edd00000, 0x00000000ede00000, 0x00000000ede00000|100%| E|CS|TAMS 0x00000000edd00000, 0x00000000edd00000| Complete 
| 222|0x00000000ede00000, 0x00000000edf00000, 0x00000000edf00000|100%| E|CS|TAMS 0x00000000ede00000, 0x00000000ede00000| Complete 
| 223|0x00000000edf00000, 0x00000000ee000000, 0x00000000ee000000|100%| E|CS|TAMS 0x00000000edf00000, 0x00000000edf00000| Complete 
| 224|0x00000000ee000000, 0x00000000ee100000, 0x00000000ee100000|100%| E|CS|TAMS 0x00000000ee000000, 0x00000000ee000000| Complete 
| 225|0x00000000ee100000, 0x00000000ee200000, 0x00000000ee200000|100%| E|CS|TAMS 0x00000000ee100000, 0x00000000ee100000| Complete 
| 226|0x00000000ee200000, 0x00000000ee300000, 0x00000000ee300000|100%| E|CS|TAMS 0x00000000ee200000, 0x00000000ee200000| Complete 
| 227|0x00000000ee300000, 0x00000000ee400000, 0x00000000ee400000|100%| E|CS|TAMS 0x00000000ee300000, 0x00000000ee300000| Complete 
| 228|0x00000000ee400000, 0x00000000ee500000, 0x00000000ee500000|100%| E|CS|TAMS 0x00000000ee400000, 0x00000000ee400000| Complete 
| 229|0x00000000ee500000, 0x00000000ee600000, 0x00000000ee600000|100%| E|CS|TAMS 0x00000000ee500000, 0x00000000ee500000| Complete 
| 230|0x00000000ee600000, 0x00000000ee700000, 0x00000000ee700000|100%| E|CS|TAMS 0x00000000ee600000, 0x00000000ee600000| Complete 
| 231|0x00000000ee700000, 0x00000000ee800000, 0x00000000ee800000|100%| E|CS|TAMS 0x00000000ee700000, 0x00000000ee700000| Complete 
| 232|0x00000000ee800000, 0x00000000ee900000, 0x00000000ee900000|100%| E|CS|TAMS 0x00000000ee800000, 0x00000000ee800000| Complete 
| 233|0x00000000ee900000, 0x00000000eea00000, 0x00000000eea00000|100%| E|CS|TAMS 0x00000000ee900000, 0x00000000ee900000| Complete 
| 234|0x00000000eea00000, 0x00000000eeb00000, 0x00000000eeb00000|100%| E|CS|TAMS 0x00000000eea00000, 0x00000000eea00000| Complete 
| 235|0x00000000eeb00000, 0x00000000eec00000, 0x00000000eec00000|100%| E|CS|TAMS 0x00000000eeb00000, 0x00000000eeb00000| Complete 
| 236|0x00000000eec00000, 0x00000000eed00000, 0x00000000eed00000|100%| E|  |TAMS 0x00000000eec00000, 0x00000000eec00000| Complete 
| 237|0x00000000eed00000, 0x00000000eee00000, 0x00000000eee00000|100%| E|CS|TAMS 0x00000000eed00000, 0x00000000eed00000| Complete 
| 238|0x00000000eee00000, 0x00000000eef00000, 0x00000000eef00000|100%| E|CS|TAMS 0x00000000eee00000, 0x00000000eee00000| Complete 
| 239|0x00000000eef00000, 0x00000000ef000000, 0x00000000ef000000|100%| E|CS|TAMS 0x00000000eef00000, 0x00000000eef00000| Complete 
| 240|0x00000000ef000000, 0x00000000ef100000, 0x00000000ef100000|100%| E|CS|TAMS 0x00000000ef000000, 0x00000000ef000000| Complete 
| 241|0x00000000ef100000, 0x00000000ef200000, 0x00000000ef200000|100%| E|CS|TAMS 0x00000000ef100000, 0x00000000ef100000| Complete 
| 242|0x00000000ef200000, 0x00000000ef300000, 0x00000000ef300000|100%| E|CS|TAMS 0x00000000ef200000, 0x00000000ef200000| Complete 
| 243|0x00000000ef300000, 0x00000000ef400000, 0x00000000ef400000|100%| E|CS|TAMS 0x00000000ef300000, 0x00000000ef300000| Complete 
| 244|0x00000000ef400000, 0x00000000ef500000, 0x00000000ef500000|100%| E|CS|TAMS 0x00000000ef400000, 0x00000000ef400000| Complete 
| 245|0x00000000ef500000, 0x00000000ef600000, 0x00000000ef600000|100%| E|CS|TAMS 0x00000000ef500000, 0x00000000ef500000| Complete 
| 246|0x00000000ef600000, 0x00000000ef700000, 0x00000000ef700000|100%| E|CS|TAMS 0x00000000ef600000, 0x00000000ef600000| Complete 
| 247|0x00000000ef700000, 0x00000000ef800000, 0x00000000ef800000|100%| E|CS|TAMS 0x00000000ef700000, 0x00000000ef700000| Complete 
| 248|0x00000000ef800000, 0x00000000ef900000, 0x00000000ef900000|100%| E|CS|TAMS 0x00000000ef800000, 0x00000000ef800000| Complete 
| 249|0x00000000ef900000, 0x00000000efa00000, 0x00000000efa00000|100%| E|CS|TAMS 0x00000000ef900000, 0x00000000ef900000| Complete 
| 250|0x00000000efa00000, 0x00000000efb00000, 0x00000000efb00000|100%| E|CS|TAMS 0x00000000efa00000, 0x00000000efa00000| Complete 
| 251|0x00000000efb00000, 0x00000000efc00000, 0x00000000efc00000|100%| E|CS|TAMS 0x00000000efb00000, 0x00000000efb00000| Complete 
| 252|0x00000000efc00000, 0x00000000efd00000, 0x00000000efd00000|100%| E|CS|TAMS 0x00000000efc00000, 0x00000000efc00000| Complete 
| 253|0x00000000efd00000, 0x00000000efe00000, 0x00000000efe00000|100%| E|CS|TAMS 0x00000000efd00000, 0x00000000efd00000| Complete 
| 254|0x00000000efe00000, 0x00000000eff00000, 0x00000000eff00000|100%| E|CS|TAMS 0x00000000efe00000, 0x00000000efe00000| Complete 
| 255|0x00000000eff00000, 0x00000000f0000000, 0x00000000f0000000|100%| E|CS|TAMS 0x00000000eff00000, 0x00000000eff00000| Complete 

Card table byte_map: [0x000001ab267b0000,0x000001ab268b0000] _byte_map_base: 0x000001ab260b0000

Marking Bits (Prev, Next): (CMBitMap*) 0x000001ab0dbf2b60, (CMBitMap*) 0x000001ab0dbf2ba0
 Prev Bits: [0x000001ab269b0000, 0x000001ab271b0000)
 Next Bits: [0x000001ab271b0000, 0x000001ab279b0000)

Polling page: 0x000001ab0dc90000

Metaspace:

Usage:
  Non-class:     38.73 MB used.
      Class:      6.40 MB used.
       Both:     45.13 MB used.

Virtual space:
  Non-class space:       64.00 MB reserved,      39.00 MB ( 61%) committed,  1 nodes.
      Class space:      320.00 MB reserved,       6.62 MB (  2%) committed,  1 nodes.
             Both:      384.00 MB reserved,      45.62 MB ( 12%) committed. 

Chunk freelists:
   Non-Class:  8.47 MB
       Class:  9.23 MB
        Both:  17.70 MB

MaxMetaspaceSize: 384.00 MB
CompressedClassSpaceSize: 320.00 MB
Initial GC threshold: 21.00 MB
Current GC threshold: 58.69 MB
CDS: on
MetaspaceReclaimPolicy: balanced
 - commit_granule_bytes: 65536.
 - commit_granule_words: 8192.
 - virtual_space_node_default_size: 8388608.
 - enlarge_chunks_in_place: 1.
 - new_chunks_are_fully_committed: 0.
 - uncommit_free_chunks: 1.
 - use_allocation_guard: 0.
 - handle_deallocations: 1.


Internal statistics:

num_allocs_failed_limit: 6.
num_arena_births: 536.
num_arena_deaths: 0.
num_vsnodes_births: 2.
num_vsnodes_deaths: 0.
num_space_committed: 730.
num_space_uncommitted: 0.
num_chunks_returned_to_freelist: 6.
num_chunks_taken_from_freelist: 2358.
num_chunk_merges: 6.
num_chunk_splits: 1556.
num_chunks_enlarged: 1058.
num_purges: 0.
num_inconsistent_stats: 0.

CodeHeap 'non-profiled nmethods': size=120000Kb used=2665Kb max_used=3103Kb free=117334Kb
 bounds [0x000001ab1e720000, 0x000001ab1ea30000, 0x000001ab25c50000]
CodeHeap 'profiled nmethods': size=120000Kb used=9468Kb max_used=9891Kb free=110531Kb
 bounds [0x000001ab16c50000, 0x000001ab17600000, 0x000001ab1e180000]
CodeHeap 'non-nmethods': size=5760Kb used=2320Kb max_used=2389Kb free=3439Kb
 bounds [0x000001ab1e180000, 0x000001ab1e400000, 0x000001ab1e720000]
 total_blobs=5789 nmethods=4955 adapters=746
 compilation: enabled
              stopped_count=0, restarted_count=0
 full_count=0

Compilation events (20 events):
Event: 23.903 Thread 0x000001ab2a4179c0 5730       1       org.gradle.internal.instantiation.generator.AbstractClassGenerator::getRoleHandler (5 bytes)
Event: 23.903 Thread 0x000001ab2a4179c0 nmethod 5730 0x000001ab1e7bb790 code [0x000001ab1e7bb920, 0x000001ab1e7bb9f8]
Event: 23.904 Thread 0x000001ab2a414f10 nmethod 5724 0x000001ab1e7ba490 code [0x000001ab1e7ba660, 0x000001ab1e7bb248]
Event: 23.904 Thread 0x000001ab2a414f10 5729       4       org.objectweb.asm.Frame::push (59 bytes)
Event: 23.916 Thread 0x000001ab2a4179c0 5731   !   3       org.objectweb.asm.ClassWriter::getCommonSuperClass (141 bytes)
Event: 23.917 Thread 0x000001ab2a4179c0 nmethod 5731 0x000001ab1710ca10 code [0x000001ab1710cd20, 0x000001ab1710d938]
Event: 23.918 Thread 0x000001ab2a4179c0 5732       3       org.objectweb.asm.ClassWriter::getClassLoader (8 bytes)
Event: 23.919 Thread 0x000001ab2a4179c0 nmethod 5732 0x000001ab1714eb10 code [0x000001ab1714ed60, 0x000001ab1714f7b8]
Event: 23.919 Thread 0x000001ab2a4179c0 5733       3       jdk.internal.reflect.ClassFileAssembler::incStack (11 bytes)
Event: 23.919 Thread 0x000001ab2a4179c0 nmethod 5733 0x000001ab16c63110 code [0x000001ab16c632a0, 0x000001ab16c63458]
Event: 23.919 Thread 0x000001ab2a4179c0 5734       3       java.lang.reflect.AccessibleObject::slowVerifyAccess (67 bytes)
Event: 23.920 Thread 0x000001ab2a4179c0 nmethod 5734 0x000001ab1714df90 code [0x000001ab1714e1a0, 0x000001ab1714e908]
Event: 23.920 Thread 0x000001ab2a4179c0 5735       3       java.util.TreeMap::<init> (20 bytes)
Event: 23.921 Thread 0x000001ab2a4179c0 nmethod 5735 0x000001ab1714db10 code [0x000001ab1714dcc0, 0x000001ab1714ded8]
Event: 23.921 Thread 0x000001ab2a4179c0 5736       3       com.google.common.reflect.TypeResolver$TypeVariableKey::equalsTypeVariable (48 bytes)
Event: 23.922 Thread 0x000001ab2a4179c0 nmethod 5736 0x000001ab1714d190 code [0x000001ab1714d380, 0x000001ab1714d958]
Event: 23.925 Thread 0x000001ab2a4179c0 5739       3       org.gradle.internal.service.DefaultServiceRegistry::get (44 bytes)
Event: 23.927 Thread 0x000001ab2a4179c0 nmethod 5739 0x000001ab16ec7690 code [0x000001ab16ec79a0, 0x000001ab16ec8b88]
Event: 23.934 Thread 0x000001ab2a414f10 nmethod 5729 0x000001ab1e7b8c90 code [0x000001ab1e7b8ea0, 0x000001ab1e7b9b50]
Event: 23.934 Thread 0x000001ab2a414f10 5738       4       org.objectweb.asm.Frame::execute (2303 bytes)

GC Heap History (10 events):
Event: 1.602 GC heap before
{Heap before GC invocations=0 (full 0):
 garbage-first heap   total 262144K, used 26624K [0x00000000e0000000, 0x0000000100000000)
  region size 1024K, 23 young (23552K), 0 survivors (0K)
 Metaspace       used 2087K, committed 2240K, reserved 393216K
  class space    used 222K, committed 320K, reserved 327680K
}
Event: 1.619 GC heap after
{Heap after GC invocations=1 (full 0):
 garbage-first heap   total 262144K, used 10545K [0x00000000e0000000, 0x0000000100000000)
  region size 1024K, 3 young (3072K), 3 survivors (3072K)
 Metaspace       used 2087K, committed 2240K, reserved 393216K
  class space    used 222K, committed 320K, reserved 327680K
}
Event: 2.343 GC heap before
{Heap before GC invocations=1 (full 0):
 garbage-first heap   total 262144K, used 38193K [0x00000000e0000000, 0x0000000100000000)
  region size 1024K, 30 young (30720K), 3 survivors (3072K)
 Metaspace       used 4046K, committed 4224K, reserved 393216K
  class space    used 503K, committed 640K, reserved 327680K
}
Event: 2.347 GC heap after
{Heap after GC invocations=2 (full 0):
 garbage-first heap   total 262144K, used 11849K [0x00000000e0000000, 0x0000000100000000)
  region size 1024K, 2 young (2048K), 2 survivors (2048K)
 Metaspace       used 4046K, committed 4224K, reserved 393216K
  class space    used 503K, committed 640K, reserved 327680K
}
Event: 8.477 GC heap before
{Heap before GC invocations=2 (full 0):
 garbage-first heap   total 262144K, used 123465K [0x00000000e0000000, 0x0000000100000000)
  region size 1024K, 109 young (111616K), 2 survivors (2048K)
 Metaspace       used 18673K, committed 19008K, reserved 393216K
  class space    used 2703K, committed 2880K, reserved 327680K
}
Event: 8.495 GC heap after
{Heap after GC invocations=3 (full 0):
 garbage-first heap   total 262144K, used 22426K [0x00000000e0000000, 0x0000000100000000)
  region size 1024K, 11 young (11264K), 11 survivors (11264K)
 Metaspace       used 18673K, committed 19008K, reserved 393216K
  class space    used 2703K, committed 2880K, reserved 327680K
}
Event: 9.730 GC heap before
{Heap before GC invocations=3 (full 0):
 garbage-first heap   total 262144K, used 42906K [0x00000000e0000000, 0x0000000100000000)
  region size 1024K, 32 young (32768K), 11 survivors (11264K)
 Metaspace       used 21204K, committed 21504K, reserved 393216K
  class space    used 3121K, committed 3264K, reserved 327680K
}
Event: 9.738 GC heap after
{Heap after GC invocations=4 (full 0):
 garbage-first heap   total 262144K, used 23923K [0x00000000e0000000, 0x0000000100000000)
  region size 1024K, 11 young (11264K), 11 survivors (11264K)
 Metaspace       used 21204K, committed 21504K, reserved 393216K
  class space    used 3121K, committed 3264K, reserved 327680K
}
Event: 15.212 GC heap before
{Heap before GC invocations=5 (full 0):
 garbage-first heap   total 262144K, used 146803K [0x00000000e0000000, 0x0000000100000000)
  region size 1024K, 128 young (131072K), 11 survivors (11264K)
 Metaspace       used 35659K, committed 35968K, reserved 393216K
  class space    used 4959K, committed 5120K, reserved 327680K
}
Event: 15.233 GC heap after
{Heap after GC invocations=6 (full 0):
 garbage-first heap   total 262144K, used 33039K [0x00000000e0000000, 0x0000000100000000)
  region size 1024K, 11 young (11264K), 11 survivors (11264K)
 Metaspace       used 35659K, committed 35968K, reserved 393216K
  class space    used 4959K, committed 5120K, reserved 327680K
}

Deoptimization events (20 events):
Event: 23.661 Thread 0x000001ab45a64730 Uncommon trap: trap_request=0xffffffc6 fr.pc=0x000001ab1e794e04 relative=0x0000000000001fa4
Event: 23.661 Thread 0x000001ab45a64730 Uncommon trap: reason=bimorphic_or_optimized_type_check action=maybe_recompile pc=0x000001ab1e794e04 method=java.util.HashMap.putVal(ILjava/lang/Object;Ljava/lang/Object;ZZ)Ljava/lang/Object; @ 91 c2
Event: 23.661 Thread 0x000001ab45a64730 DEOPT PACKING pc=0x000001ab1e794e04 sp=0x000000078a7f8ee0
Event: 23.661 Thread 0x000001ab45a64730 DEOPT UNPACKING pc=0x000001ab1e1d23a3 sp=0x000000078a7f8da8 mode 2
Event: 23.661 Thread 0x000001ab45a64730 Uncommon trap: trap_request=0xffffffc6 fr.pc=0x000001ab1e794e04 relative=0x0000000000001fa4
Event: 23.661 Thread 0x000001ab45a64730 Uncommon trap: reason=bimorphic_or_optimized_type_check action=maybe_recompile pc=0x000001ab1e794e04 method=java.util.HashMap.putVal(ILjava/lang/Object;Ljava/lang/Object;ZZ)Ljava/lang/Object; @ 91 c2
Event: 23.661 Thread 0x000001ab45a64730 DEOPT PACKING pc=0x000001ab1e794e04 sp=0x000000078a7f8ee0
Event: 23.661 Thread 0x000001ab45a64730 DEOPT UNPACKING pc=0x000001ab1e1d23a3 sp=0x000000078a7f8da8 mode 2
Event: 23.661 Thread 0x000001ab45a64730 Uncommon trap: trap_request=0xffffffc6 fr.pc=0x000001ab1e794e04 relative=0x0000000000001fa4
Event: 23.661 Thread 0x000001ab45a64730 Uncommon trap: reason=bimorphic_or_optimized_type_check action=maybe_recompile pc=0x000001ab1e794e04 method=java.util.HashMap.putVal(ILjava/lang/Object;Ljava/lang/Object;ZZ)Ljava/lang/Object; @ 91 c2
Event: 23.661 Thread 0x000001ab45a64730 DEOPT PACKING pc=0x000001ab1e794e04 sp=0x000000078a7f8ee0
Event: 23.661 Thread 0x000001ab45a64730 DEOPT UNPACKING pc=0x000001ab1e1d23a3 sp=0x000000078a7f8da8 mode 2
Event: 23.894 Thread 0x000001ab45a64730 Uncommon trap: trap_request=0xffffff45 fr.pc=0x000001ab1e9ed6b8 relative=0x00000000000002f8
Event: 23.894 Thread 0x000001ab45a64730 Uncommon trap: reason=unstable_if action=reinterpret pc=0x000001ab1e9ed6b8 method=java.io.WinNTFileSystem.prefixLength(Ljava/lang/String;)I @ 42 c2
Event: 23.894 Thread 0x000001ab45a64730 DEOPT PACKING pc=0x000001ab1e9ed6b8 sp=0x000000078a7f6940
Event: 23.895 Thread 0x000001ab45a64730 DEOPT UNPACKING pc=0x000001ab1e1d23a3 sp=0x000000078a7f68b8 mode 2
Event: 23.921 Thread 0x000001ab45a64730 Uncommon trap: trap_request=0xffffff45 fr.pc=0x000001ab1e7bd480 relative=0x00000000000003a0
Event: 23.921 Thread 0x000001ab45a64730 Uncommon trap: reason=unstable_if action=reinterpret pc=0x000001ab1e7bd480 method=com.google.common.reflect.TypeResolver$TypeVariableKey.equalsTypeVariable(Ljava/lang/reflect/TypeVariable;)Z @ 39 c2
Event: 23.921 Thread 0x000001ab45a64730 DEOPT PACKING pc=0x000001ab1e7bd480 sp=0x000000078a7f5d80
Event: 23.921 Thread 0x000001ab45a64730 DEOPT UNPACKING pc=0x000001ab1e1d23a3 sp=0x000000078a7f5d30 mode 2

Classes unloaded (0 events):
No events

Classes redefined (0 events):
No events

Internal exceptions (20 events):
Event: 20.042 Thread 0x000001ab45a64730 Exception <a 'java/lang/NoSuchMethodError'{0x00000000ec7b5f20}: 'java.lang.Object java.lang.invoke.DirectMethodHandle$Holder.invokeSpecial(java.lang.Object, java.lang.Object, java.lang.Object, java.lang.Object, java.lang.Object, java.lang.Object, int)'> (0x00000000ec7b5f20) 
thrown [s\open\src\hotspot\share\interpreter\linkResolver.cpp, line 759]
Event: 20.089 Thread 0x000001ab45a64730 Exception <a 'java/lang/NoSuchMethodError'{0x00000000ec614b08}: 'java.lang.Object java.lang.invoke.DirectMethodHandle$Holder.invokeSpecial(java.lang.Object, java.lang.Object, java.lang.Object, java.lang.Object, java.lang.Object, long)'> (0x00000000ec614b08) 
thrown [s\open\src\hotspot\share\interpreter\linkResolver.cpp, line 759]
Event: 20.213 Thread 0x000001ab45a64730 Exception <a 'java/lang/NoSuchMethodError'{0x00000000ec63eb98}: 'void java.lang.invoke.DirectMethodHandle$Holder.invokeStatic(java.lang.Object, java.lang.Object, java.lang.Object, int, java.lang.Object)'> (0x00000000ec63eb98) 
thrown [s\open\src\hotspot\share\interpreter\linkResolver.cpp, line 759]
Event: 21.104 Thread 0x000001ab45a64730 Exception <a 'java/lang/NoSuchMethodError'{0x00000000ec078888}: 'java.lang.Object java.lang.invoke.DirectMethodHandle$Holder.invokeSpecial(java.lang.Object, java.lang.Object, java.lang.Object, java.lang.Object, int, java.lang.Object)'> (0x00000000ec078888) 
thrown [s\open\src\hotspot\share\interpreter\linkResolver.cpp, line 759]
Event: 21.106 Thread 0x000001ab45a64730 Exception <a 'java/lang/NoSuchMethodError'{0x00000000ec0814c0}: 'java.lang.Object java.lang.invoke.DirectMethodHandle$Holder.newInvokeSpecial(java.lang.Object, java.lang.Object, java.lang.Object, java.lang.Object, int)'> (0x00000000ec0814c0) 
thrown [s\open\src\hotspot\share\interpreter\linkResolver.cpp, line 759]
Event: 21.107 Thread 0x000001ab45a64730 Exception <a 'java/lang/NoSuchMethodError'{0x00000000ec086370}: 'java.lang.Object java.lang.invoke.DirectMethodHandle$Holder.invokeSpecial(java.lang.Object, java.lang.Object, java.lang.Object, java.lang.Object, java.lang.Object, int)'> (0x00000000ec086370) 
thrown [s\open\src\hotspot\share\interpreter\linkResolver.cpp, line 759]
Event: 21.107 Thread 0x000001ab45a64730 Exception <a 'java/lang/NoSuchMethodError'{0x00000000ec08ab58}: 'java.lang.Object java.lang.invoke.Invokers$Holder.linkToTargetMethod(java.lang.Object, java.lang.Object, java.lang.Object, int, java.lang.Object)'> (0x00000000ec08ab58) 
thrown [s\open\src\hotspot\share\interpreter\linkResolver.cpp, line 759]
Event: 21.290 Thread 0x000001ab45a64730 Exception <a 'java/lang/NoSuchMethodError'{0x00000000ebebfb40}: 'int java.lang.invoke.DirectMethodHandle$Holder.invokeInterface(java.lang.Object, java.lang.Object, java.lang.Object, java.lang.Object)'> (0x00000000ebebfb40) 
thrown [s\open\src\hotspot\share\interpreter\linkResolver.cpp, line 759]
Event: 21.413 Thread 0x000001ab45a64730 Exception <a 'java/lang/NoSuchMethodError'{0x00000000ebc87fe8}: 'java.lang.Object java.lang.invoke.DirectMethodHandle$Holder.invokeStatic(java.lang.Object, long, java.lang.Object)'> (0x00000000ebc87fe8) 
thrown [s\open\src\hotspot\share\interpreter\linkResolver.cpp, line 759]
Event: 21.414 Thread 0x000001ab45a64730 Exception <a 'java/lang/NoSuchMethodError'{0x00000000ebc8fd20}: 'java.lang.Object java.lang.invoke.DirectMethodHandle$Holder.newInvokeSpecial(java.lang.Object, long)'> (0x00000000ebc8fd20) 
thrown [s\open\src\hotspot\share\interpreter\linkResolver.cpp, line 759]
Event: 21.426 Thread 0x000001ab45a64730 Exception <a 'java/lang/NoSuchMethodError'{0x00000000ebcec368}: 'java.lang.Object java.lang.invoke.DirectMethodHandle$Holder.newInvokeSpecial(java.lang.Object, java.lang.Object, java.lang.Object, java.lang.Object, java.lang.Object, long)'> (0x00000000ebcec368) 
thrown [s\open\src\hotspot\share\interpreter\linkResolver.cpp, line 759]
Event: 21.427 Thread 0x000001ab45a64730 Exception <a 'java/lang/NoSuchMethodError'{0x00000000ebcf1230}: 'java.lang.Object java.lang.invoke.DirectMethodHandle$Holder.invokeSpecial(java.lang.Object, java.lang.Object, java.lang.Object, java.lang.Object, java.lang.Object, java.lang.Object, long)'> (0x00000000ebcf1230) 
thrown [s\open\src\hotspot\share\interpreter\linkResolver.cpp, line 759]
Event: 21.438 Thread 0x000001ab45a64730 Exception <a 'java/lang/NoSuchMethodError'{0x00000000ebb3d960}: 'java.lang.Object java.lang.invoke.DirectMethodHandle$Holder.newInvokeSpecial(java.lang.Object, java.lang.Object, java.lang.Object, long)'> (0x00000000ebb3d960) 
thrown [s\open\src\hotspot\share\interpreter\linkResolver.cpp, line 759]
Event: 21.439 Thread 0x000001ab45a64730 Exception <a 'java/lang/NoSuchMethodError'{0x00000000ebb42958}: 'java.lang.Object java.lang.invoke.DirectMethodHandle$Holder.invokeSpecial(java.lang.Object, java.lang.Object, java.lang.Object, java.lang.Object, long)'> (0x00000000ebb42958) 
thrown [s\open\src\hotspot\share\interpreter\linkResolver.cpp, line 759]
Event: 21.439 Thread 0x000001ab45a64730 Exception <a 'java/lang/NoSuchMethodError'{0x00000000ebb47038}: 'java.lang.Object java.lang.invoke.Invokers$Holder.linkToTargetMethod(java.lang.Object, java.lang.Object, long, java.lang.Object)'> (0x00000000ebb47038) 
thrown [s\open\src\hotspot\share\interpreter\linkResolver.cpp, line 759]
Event: 21.546 Thread 0x000001ab45a64730 Exception <a 'java/lang/NoSuchMethodError'{0x00000000eb975d78}: 'java.lang.Object java.lang.invoke.DirectMethodHandle$Holder.invokeSpecial(java.lang.Object, java.lang.Object, long, java.lang.Object, java.lang.Object)'> (0x00000000eb975d78) 
thrown [s\open\src\hotspot\share\interpreter\linkResolver.cpp, line 759]
Event: 21.729 Thread 0x000001ab45a64730 Exception <a 'java/lang/NoSuchMethodError'{0x00000000eb745638}: 'java.lang.Object java.lang.invoke.DirectMethodHandle$Holder.newInvokeSpecial(java.lang.Object, java.lang.Object, int)'> (0x00000000eb745638) 
thrown [s\open\src\hotspot\share\interpreter\linkResolver.cpp, line 759]
Event: 23.234 Thread 0x000001ab45a64730 Exception <a 'java/lang/NoSuchMethodError'{0x00000000eb2e9b50}: 'java.lang.Object java.lang.invoke.DirectMethodHandle$Holder.newInvokeSpecial(java.lang.Object, java.lang.Object, java.lang.Object, java.lang.Object, int, java.lang.Object)'> (0x00000000eb2e9b50) 
thrown [s\open\src\hotspot\share\interpreter\linkResolver.cpp, line 759]
Event: 23.234 Thread 0x000001ab45a64730 Exception <a 'java/lang/NoSuchMethodError'{0x00000000eb2eebb8}: 'java.lang.Object java.lang.invoke.Invokers$Holder.linkToTargetMethod(java.lang.Object, java.lang.Object, java.lang.Object, int, java.lang.Object, java.lang.Object)'> (0x00000000eb2eebb8) 
thrown [s\open\src\hotspot\share\interpreter\linkResolver.cpp, line 759]
Event: 23.461 Thread 0x000001ab45a64730 Exception <a 'java/lang/NoSuchMethodError'{0x00000000eaa07b58}: 'java.lang.Object java.lang.invoke.DirectMethodHandle$Holder.invokeSpecialIFC(java.lang.Object, java.lang.Object, java.lang.Object)'> (0x00000000eaa07b58) 
thrown [s\open\src\hotspot\share\interpreter\linkResolver.cpp, line 759]

VM Operations (20 events):
Event: 19.971 Executing VM operation: Cleanup
Event: 19.973 Executing VM operation: Cleanup done
Event: 20.980 Executing VM operation: Cleanup
Event: 21.003 Executing VM operation: Cleanup done
Event: 21.180 Executing VM operation: HandshakeAllThreads
Event: 21.180 Executing VM operation: HandshakeAllThreads done
Event: 21.241 Executing VM operation: HandshakeAllThreads
Event: 21.248 Executing VM operation: HandshakeAllThreads done
Event: 21.262 Executing VM operation: HandshakeAllThreads
Event: 21.263 Executing VM operation: HandshakeAllThreads done
Event: 21.286 Executing VM operation: HandshakeAllThreads
Event: 21.286 Executing VM operation: HandshakeAllThreads done
Event: 21.286 Executing VM operation: HandshakeAllThreads
Event: 21.295 Executing VM operation: HandshakeAllThreads done
Event: 21.814 Executing VM operation: ICBufferFull
Event: 21.814 Executing VM operation: ICBufferFull done
Event: 22.828 Executing VM operation: Cleanup
Event: 22.828 Executing VM operation: Cleanup done
Event: 23.589 Executing VM operation: ICBufferFull
Event: 23.590 Executing VM operation: ICBufferFull done

Events (20 events):
Event: 23.887 loading class javax/xml/parsers/DocumentBuilderFactory
Event: 23.887 loading class javax/xml/parsers/DocumentBuilderFactory done
Event: 23.888 loading class javax/xml/parsers/FactoryFinder
Event: 23.888 loading class javax/xml/parsers/FactoryFinder done
Event: 23.890 loading class javax/xml/parsers/FactoryFinder$1
Event: 23.890 loading class javax/xml/parsers/FactoryFinder$1 done
Event: 23.891 loading class com/sun/org/apache/xerces/internal/jaxp/DocumentBuilderFactoryImpl
Event: 23.891 loading class com/sun/org/apache/xerces/internal/jaxp/DocumentBuilderFactoryImpl done
Event: 23.891 loading class com/sun/org/apache/xerces/internal/utils/XMLSecurityManager
Event: 23.892 loading class com/sun/org/apache/xerces/internal/utils/XMLSecurityManager done
Event: 23.892 loading class com/sun/org/apache/xerces/internal/utils/XMLSecurityManager$Limit
Event: 23.892 loading class com/sun/org/apache/xerces/internal/utils/XMLSecurityManager$Limit done
Event: 23.892 loading class com/sun/org/apache/xerces/internal/utils/XMLSecurityManager$NameMap
Event: 23.893 loading class com/sun/org/apache/xerces/internal/utils/XMLSecurityManager$NameMap done
Event: 23.893 loading class com/sun/org/apache/xerces/internal/utils/XMLSecurityPropertyManager
Event: 23.893 loading class com/sun/org/apache/xerces/internal/utils/XMLSecurityPropertyManager done
Event: 23.893 loading class com/sun/org/apache/xerces/internal/utils/XMLSecurityPropertyManager$State
Event: 23.893 loading class com/sun/org/apache/xerces/internal/utils/XMLSecurityPropertyManager$State done
Event: 23.893 loading class com/sun/org/apache/xerces/internal/utils/XMLSecurityPropertyManager$Property
Event: 23.894 loading class com/sun/org/apache/xerces/internal/utils/XMLSecurityPropertyManager$Property done


Dynamic libraries:
0x00007ff731700000 - 0x00007ff731710000 	T:\ToolJava\jdk-17.0.8\bin\java.exe
0x00007ffe7a7f0000 - 0x00007ffe7aa07000 	C:\WINDOWS\SYSTEM32\ntdll.dll
0x00007ffe78d20000 - 0x00007ffe78de4000 	C:\WINDOWS\System32\KERNEL32.DLL
0x00007ffe78140000 - 0x00007ffe784ed000 	C:\WINDOWS\System32\KERNELBASE.dll
0x00007ffe77b10000 - 0x00007ffe77c21000 	C:\WINDOWS\System32\ucrtbase.dll
0x00007ffe71160000 - 0x00007ffe71179000 	T:\ToolJava\jdk-17.0.8\bin\jli.dll
0x00007ffe79eb0000 - 0x00007ffe79f62000 	C:\WINDOWS\System32\ADVAPI32.dll
0x00007ffe79ae0000 - 0x00007ffe79b87000 	C:\WINDOWS\System32\msvcrt.dll
0x00007ffe79f70000 - 0x00007ffe7a019000 	C:\WINDOWS\System32\sechost.dll
0x00007ffe77d20000 - 0x00007ffe77d48000 	C:\WINDOWS\System32\bcrypt.dll
0x00007ffe78c00000 - 0x00007ffe78d14000 	C:\WINDOWS\System32\RPCRT4.dll
0x00007ffe78830000 - 0x00007ffe789de000 	C:\WINDOWS\System32\USER32.dll
0x00007ffe784f0000 - 0x00007ffe78516000 	C:\WINDOWS\System32\win32u.dll
0x00007ffe78ae0000 - 0x00007ffe78b09000 	C:\WINDOWS\System32\GDI32.dll
0x00007ffe77f60000 - 0x00007ffe78079000 	C:\WINDOWS\System32\gdi32full.dll
0x00007ffe77d50000 - 0x00007ffe77dea000 	C:\WINDOWS\System32\msvcp_win.dll
0x00007ffe6be00000 - 0x00007ffe6be1b000 	T:\ToolJava\jdk-17.0.8\bin\VCRUNTIME140.dll
0x00007ffe54a60000 - 0x00007ffe54cf3000 	C:\WINDOWS\WinSxS\amd64_microsoft.windows.common-controls_6595b64144ccf1df_6.0.22621.3672_none_2713b9d173822955\COMCTL32.dll
0x00007ffe6ec70000 - 0x00007ffe6ec7a000 	C:\WINDOWS\SYSTEM32\VERSION.dll
0x00007ffe78520000 - 0x00007ffe78551000 	C:\WINDOWS\System32\IMM32.DLL
0x00007ffe6bb80000 - 0x00007ffe6bb8c000 	T:\ToolJava\jdk-17.0.8\bin\vcruntime140_1.dll
0x00007ffe23f20000 - 0x00007ffe23fae000 	T:\ToolJava\jdk-17.0.8\bin\msvcp140.dll
0x00007ffdcaaf0000 - 0x00007ffdcb6ce000 	T:\ToolJava\jdk-17.0.8\bin\server\jvm.dll
0x00007ffe7a020000 - 0x00007ffe7a028000 	C:\WINDOWS\System32\PSAPI.DLL
0x00007ffe48e80000 - 0x00007ffe48e89000 	C:\WINDOWS\SYSTEM32\WSOCK32.dll
0x00007ffe7a1c0000 - 0x00007ffe7a231000 	C:\WINDOWS\System32\WS2_32.dll
0x00007ffe709e0000 - 0x00007ffe70a14000 	C:\WINDOWS\SYSTEM32\WINMM.dll
0x00007ffe76b00000 - 0x00007ffe76b18000 	C:\WINDOWS\SYSTEM32\kernel.appcore.dll
0x00007ffe6b970000 - 0x00007ffe6b97a000 	T:\ToolJava\jdk-17.0.8\bin\jimage.dll
0x00007ffe74fd0000 - 0x00007ffe75202000 	C:\WINDOWS\SYSTEM32\DBGHELP.DLL
0x00007ffe7a240000 - 0x00007ffe7a5cd000 	C:\WINDOWS\System32\combase.dll
0x00007ffe78a00000 - 0x00007ffe78ad7000 	C:\WINDOWS\System32\OLEAUT32.dll
0x00007ffe6dea0000 - 0x00007ffe6ded2000 	C:\WINDOWS\SYSTEM32\dbgcore.DLL
0x00007ffe77c30000 - 0x00007ffe77cab000 	C:\WINDOWS\System32\bcryptPrimitives.dll
0x00007ffe6b110000 - 0x00007ffe6b11e000 	T:\ToolJava\jdk-17.0.8\bin\instrument.dll
0x00007ffe57030000 - 0x00007ffe57055000 	T:\ToolJava\jdk-17.0.8\bin\java.dll
0x00007ffe23e40000 - 0x00007ffe23f17000 	T:\ToolJava\jdk-17.0.8\bin\jsvml.dll
0x00007ffe79270000 - 0x00007ffe79ad8000 	C:\WINDOWS\System32\SHELL32.dll
0x00007ffe75a10000 - 0x00007ffe7630e000 	C:\WINDOWS\SYSTEM32\windows.storage.dll
0x00007ffe758d0000 - 0x00007ffe75a0f000 	C:\WINDOWS\SYSTEM32\wintypes.dll
0x00007ffe7a5e0000 - 0x00007ffe7a6d9000 	C:\WINDOWS\System32\SHCORE.dll
0x00007ffe7a0e0000 - 0x00007ffe7a13e000 	C:\WINDOWS\System32\shlwapi.dll
0x00007ffe77a40000 - 0x00007ffe77a61000 	C:\WINDOWS\SYSTEM32\profapi.dll
0x00007ffe56490000 - 0x00007ffe564a8000 	T:\ToolJava\jdk-17.0.8\bin\zip.dll
0x00007ffe48e30000 - 0x00007ffe48e49000 	T:\ToolJava\jdk-17.0.8\bin\net.dll
0x00007ffe73840000 - 0x00007ffe73976000 	C:\WINDOWS\SYSTEM32\WINHTTP.dll
0x00007ffe76f70000 - 0x00007ffe76fd9000 	C:\WINDOWS\system32\mswsock.dll
0x00007ffe48e10000 - 0x00007ffe48e26000 	T:\ToolJava\jdk-17.0.8\bin\nio.dll
0x00007ffe57020000 - 0x00007ffe57030000 	T:\ToolJava\jdk-17.0.8\bin\verify.dll
0x00007ffe711c0000 - 0x00007ffe711e7000 	T:\ToolJava\gradle-8.8\native\c067742578af261105cb4f569cf0c3c89f3d7b1fecec35dd04571415982c5e48\windows-amd64\native-platform.dll
0x00007ffe5ce30000 - 0x00007ffe5cf74000 	T:\ToolJava\gradle-8.8\native\100fb08df4bc3b14c8652ba06237920a3bd2aa13389f12d3474272988ae205f9\windows-amd64\native-platform-file-events.dll
0x00007ffe48e00000 - 0x00007ffe48e0a000 	T:\ToolJava\jdk-17.0.8\bin\management.dll
0x00007ffe48df0000 - 0x00007ffe48dfb000 	T:\ToolJava\jdk-17.0.8\bin\management_ext.dll
0x00007ffe77200000 - 0x00007ffe7721b000 	C:\WINDOWS\SYSTEM32\CRYPTSP.dll
0x00007ffe76a60000 - 0x00007ffe76a95000 	C:\WINDOWS\system32\rsaenh.dll
0x00007ffe77040000 - 0x00007ffe77068000 	C:\WINDOWS\SYSTEM32\USERENV.dll
0x00007ffe771f0000 - 0x00007ffe771fc000 	C:\WINDOWS\SYSTEM32\CRYPTBASE.dll
0x00007ffe765b0000 - 0x00007ffe765dd000 	C:\WINDOWS\SYSTEM32\IPHLPAPI.DLL
0x00007ffe7a5d0000 - 0x00007ffe7a5d9000 	C:\WINDOWS\System32\NSI.dll
0x00007ffe73820000 - 0x00007ffe73839000 	C:\WINDOWS\SYSTEM32\dhcpcsvc6.DLL
0x00007ffe737c0000 - 0x00007ffe737df000 	C:\WINDOWS\SYSTEM32\dhcpcsvc.DLL
0x00007ffe765e0000 - 0x00007ffe766d8000 	C:\WINDOWS\SYSTEM32\DNSAPI.dll
0x00007ffe48de0000 - 0x00007ffe48dee000 	T:\ToolJava\jdk-17.0.8\bin\sunmscapi.dll
0x00007ffe77df0000 - 0x00007ffe77f57000 	C:\WINDOWS\System32\CRYPT32.dll
0x00007ffe77440000 - 0x00007ffe7746e000 	C:\WINDOWS\SYSTEM32\ncrypt.dll
0x00007ffe77400000 - 0x00007ffe77437000 	C:\WINDOWS\SYSTEM32\NTASN1.dll
0x00007ffe711b0000 - 0x00007ffe711b8000 	C:\WINDOWS\system32\wshunix.dll

dbghelp: loaded successfully - version: 4.0.5 - missing functions: none
symbol engine: initialized successfully - sym options: 0x614 - pdb path: .;T:\ToolJava\jdk-17.0.8\bin;C:\WINDOWS\SYSTEM32;C:\WINDOWS\WinSxS\amd64_microsoft.windows.common-controls_6595b64144ccf1df_6.0.22621.3672_none_2713b9d173822955;T:\ToolJava\jdk-17.0.8\bin\server;T:\ToolJava\gradle-8.8\native\c067742578af261105cb4f569cf0c3c89f3d7b1fecec35dd04571415982c5e48\windows-amd64;T:\ToolJava\gradle-8.8\native\100fb08df4bc3b14c8652ba06237920a3bd2aa13389f12d3474272988ae205f9\windows-amd64

VM Arguments:
jvm_args: --add-opens=java.base/java.util=ALL-UNNAMED --add-opens=java.base/java.lang=ALL-UNNAMED --add-opens=java.base/java.lang.invoke=ALL-UNNAMED --add-opens=java.prefs/java.util.prefs=ALL-UNNAMED --add-opens=java.base/java.nio.charset=ALL-UNNAMED --add-opens=java.base/java.net=ALL-UNNAMED --add-opens=java.base/java.util.concurrent.atomic=ALL-UNNAMED -XX:MaxMetaspaceSize=384m -XX:+HeapDumpOnOutOfMemoryError -Xms256m -Xmx512m -Dfile.encoding=UTF-8 -Duser.country=US -Duser.language=en -Duser.variant -javaagent:T:\ToolJava\gradle-8.8\wrapper\dists\gradle-8.8-bin\dl7vupf4psengwqhwktix4v1\gradle-8.8\lib\agents\gradle-instrumentation-agent-8.8.jar 
java_command: org.gradle.launcher.daemon.bootstrap.GradleDaemon 8.8
java_class_path (initial): T:\ToolJava\gradle-8.8\wrapper\dists\gradle-8.8-bin\dl7vupf4psengwqhwktix4v1\gradle-8.8\lib\gradle-launcher-8.8.jar
Launcher Type: SUN_STANDARD

[Global flags]
     intx CICompilerCount                          = 4                                         {product} {ergonomic}
   size_t CompressedClassSpaceSize                 = 335544320                                 {product} {ergonomic}
     uint ConcGCThreads                            = 2                                         {product} {ergonomic}
     uint G1ConcRefinementThreads                  = 8                                         {product} {ergonomic}
   size_t G1HeapRegionSize                         = 1048576                                   {product} {ergonomic}
    uintx GCDrainStackTargetSize                   = 64                                        {product} {ergonomic}
     bool HeapDumpOnOutOfMemoryError               = true                                   {manageable} {command line}
   size_t InitialHeapSize                          = 268435456                                 {product} {command line}
   size_t MarkStackSize                            = 4194304                                   {product} {ergonomic}
   size_t MaxHeapSize                              = 536870912                                 {product} {command line}
   size_t MaxMetaspaceSize                         = 402653184                                 {product} {command line}
   size_t MaxNewSize                               = 321912832                                 {product} {ergonomic}
   size_t MinHeapDeltaBytes                        = 1048576                                   {product} {ergonomic}
   size_t MinHeapSize                              = 268435456                                 {product} {command line}
    uintx NonNMethodCodeHeapSize                   = 5839372                                {pd product} {ergonomic}
    uintx NonProfiledCodeHeapSize                  = 122909434                              {pd product} {ergonomic}
    uintx ProfiledCodeHeapSize                     = 122909434                              {pd product} {ergonomic}
    uintx ReservedCodeCacheSize                    = 251658240                              {pd product} {ergonomic}
     bool SegmentedCodeCache                       = true                                      {product} {ergonomic}
   size_t SoftMaxHeapSize                          = 536870912                              {manageable} {ergonomic}
     bool UseCompressedClassPointers               = true                           {product lp64_product} {ergonomic}
     bool UseCompressedOops                        = true                           {product lp64_product} {ergonomic}
     bool UseG1GC                                  = true                                      {product} {ergonomic}
     bool UseLargePagesIndividualAllocation        = false                                  {pd product} {ergonomic}

Logging:
Log output configuration:
 #0: stdout all=warning uptime,level,tags
 #1: stderr all=off uptime,level,tags

Environment Variables:
JAVA_HOME=T:\ToolJava\jdk-17.0.8
PATH=C:\WINDOWS\system32;C:\WINDOWS;C:\WINDOWS\System32\Wbem;C:\WINDOWS\System32\WindowsPowerShell\v1.0\;C:\WINDOWS\System32\OpenSSH\;C:\Program Files\MongoDB\Server\tools\bin;C:\Program Files\MongoDB\Server\5.0\bin;C:\Program Files (x86)\Microsoft SQL Server\150\DTS\Binn\;C:\Program Files\Microsoft SQL Server\Client SDK\ODBC\170\Tools\Binn\;C:\Program Files (x86)\Microsoft SQL Server\150\Tools\Binn\;C:\Program Files\Microsoft SQL Server\150\Tools\Binn\;C:\Program Files\Microsoft SQL Server\150\DTS\Binn\;C:\Program Files\Azure Data Studio\bin;C:\Program Files\nodejs;C:\MinGW\bin;C:\Program Files\Git\cmd;T:\ToolJava\jdk-17.0.8\bin;;C:\Program Files\HP\HP One Agent;C:\Program Files\Docker\Docker\resources\bin;C:\Users\HP\AppData\Local\Programs\Python\Python311\Scripts\;C:\Users\HP\AppData\Local\Programs\Python\Python311\;C:\Users\HP\AppData\Local\Microsoft\WindowsApps;C:\Program Files (x86)\CodeBlocks\MinGW\bin;C:\Program Files\Azure Data Studio\bin;C:\Program Files\MongoDB\Server\tools\bin;C:\Program Files\MongoDB\Server\5.0\bin;;T:\50_NguyenVanLoc\;C:\Users\HP\AppData\Local\Programs\Microsoft VS Code\bin;C:\Users\HP\AppData\Roaming\npm
USERNAME=HP
OS=Windows_NT
PROCESSOR_IDENTIFIER=Intel64 Family 6 Model 142 Stepping 12, GenuineIntel



---------------  S Y S T E M  ---------------

OS:
 Windows 11 , 64 bit Build 22621 (10.0.22621.3958)
OS uptime: 0 days 1:23 hours
Hyper-V role detected

CPU: total 8 (initial active 8) (4 cores per cpu, 2 threads per core) family 6 model 142 stepping 12 microcode 0xec, cx8, cmov, fxsr, ht, mmx, 3dnowpref, sse, sse2, sse3, ssse3, sse4.1, sse4.2, popcnt, lzcnt, tsc, tscinvbit, avx, avx2, aes, erms, clmul, bmi1, bmi2, adx, fma, vzeroupper, clflush, clflushopt, hv

Memory: 4k page, system-wide physical 8014M (289M free)
TotalPageFile size 16014M (AvailPageFile size 10M)
current process WorkingSet (physical memory assigned to process): 316M, peak: 330M
current process commit charge ("private bytes"): 451M, peak: 465M

vm_info: Java HotSpot(TM) 64-Bit Server VM (17.0.8+9-LTS-211) for windows-amd64 JRE (17.0.8+9-LTS-211), built on Jun 14 2023 10:34:31 by "mach5one" with MS VC++ 17.1 (VS2022)

END.
