#
# There is insufficient memory for the Java Runtime Environment to continue.
# Native memory allocation (mmap) failed to map 6291456 bytes for G1 virtual space
# Possible reasons:
#   The system is out of physical RAM or swap space
#   The process is running with CompressedOops enabled, and the Java Heap may be blocking the growth of the native heap
# Possible solutions:
#   Reduce memory load on the system
#   Increase physical memory or swap space
#   Check if swap backing store is full
#   Decrease Java heap size (-Xmx/-Xms)
#   Decrease number of Java threads
#   Decrease Java thread stack sizes (-Xss)
#   Set larger code cache with -XX:ReservedCodeCacheSize=
#   JVM is running with Unscaled Compressed Oops mode in which the Java heap is
#     placed in the first 4GB address space. The Java Heap base address is the
#     maximum limit for the native heap growth. Please use -XX:HeapBaseMinAddress
#     to set the Java Heap base and to place the Java Heap above 4GB virtual address.
# This output file may be truncated or incomplete.
#
#  Out of Memory Error (os_windows.cpp:3550), pid=6168, tid=12016
#
# JRE version: Java(TM) SE Runtime Environment (17.0.8+9) (build 17.0.8+9-LTS-211)
# Java VM: Java HotSpot(TM) 64-Bit Server VM (17.0.8+9-LTS-211, mixed mode, emulated-client, sharing, tiered, compressed oops, compressed class ptrs, g1 gc, windows-amd64)
# No core dump will be written. Minidumps are not enabled by default on client versions of Windows
#

---------------  S U M M A R Y ------------

Command Line: -Daxon.axonserver.suppressDownloadMessage=true -XX:TieredStopAtLevel=1 -Dspring.output.ansi.enabled=always -Dcom.sun.management.jmxremote -Dspring.jmx.enabled=true -Dspring.liveBeansView.mbeanDomain -Dspring.application.admin.enabled=true -Dmanagement.endpoints.jmx.exposure.include=* -javaagent:C:\Program Files\JetBrains\IntelliJ IDEA 2024.2.0.2\lib\idea_rt.jar=50653:C:\Program Files\JetBrains\IntelliJ IDEA 2024.2.0.2\bin -Dfile.encoding=UTF-8 com.fit.userservice.UserServiceApplication

Host: Intel(R) Core(TM) i5-10210U CPU @ 1.60GHz, 8 cores, 7G,  Windows 11 , 64 bit Build 22621 (10.0.22621.3958)
Time: Thu Sep  5 14:36:38 2024 SE Asia Standard Time elapsed time: 61.360755 seconds (0d 0h 1m 1s)

---------------  T H R E A D  ---------------

Current thread (0x0000020f33b1d440):  VMThread "VM Thread" [stack: 0x0000005224700000,0x0000005224800000] [id=12016]

Stack: [0x0000005224700000,0x0000005224800000]
Native frames: (J=compiled Java code, j=interpreted, Vv=VM code, C=native code)
V  [jvm.dll+0x677d0a]
V  [jvm.dll+0x7d8c54]
V  [jvm.dll+0x7da3fe]
V  [jvm.dll+0x7daa63]
V  [jvm.dll+0x245c5f]
V  [jvm.dll+0x674bb9]
V  [jvm.dll+0x6694f2]
V  [jvm.dll+0x3031d6]
V  [jvm.dll+0x30a756]
V  [jvm.dll+0x359f9e]
V  [jvm.dll+0x35a1cf]
V  [jvm.dll+0x2da3e8]
V  [jvm.dll+0x2d87f5]
V  [jvm.dll+0x2d7dfc]
V  [jvm.dll+0x31b4cb]
V  [jvm.dll+0x7df26b]
V  [jvm.dll+0x7dffa4]
V  [jvm.dll+0x7e04bd]
V  [jvm.dll+0x7e0894]
V  [jvm.dll+0x7e0960]
V  [jvm.dll+0x788bba]
V  [jvm.dll+0x676b35]
C  [ucrtbase.dll+0x29333]
C  [KERNEL32.DLL+0x1257d]
C  [ntdll.dll+0x5af28]

VM_Operation (0x0000005227cfcb70): G1CollectForAllocation, mode: safepoint, requested by thread 0x0000020f7a590c60


---------------  P R O C E S S  ---------------

Threads class SMR info:
_java_thread_list=0x0000020f79ef4390, length=54, elements={
0x0000020f33b21850, 0x0000020f33b226c0, 0x0000020f33b35da0, 0x0000020f33b37020,
0x0000020f33b3bf00, 0x0000020f33b3c8b0, 0x0000020f33b3ed90, 0x0000020f33b4b140,
0x0000020f33b0e360, 0x0000020f7982a900, 0x0000020f7982add0, 0x0000020f79924980,
0x0000020f79eb3b40, 0x0000020f79ed0990, 0x0000020f7a9da460, 0x0000020f7ab5a660,
0x0000020f7ad1e940, 0x0000020f7b2c3c70, 0x0000020f7b289d90, 0x0000020f7b211980,
0x0000020f7b211e50, 0x0000020f7b2114b0, 0x0000020f7b210170, 0x0000020f7b20e490,
0x0000020f7b20ee30, 0x0000020f7b210fe0, 0x0000020f7b20e960, 0x0000020f7b20fca0,
0x0000020f7b20f300, 0x0000020f7b210b10, 0x0000020f7a591130, 0x0000020f7a592470,
0x0000020f7a591ad0, 0x0000020f7a591600, 0x0000020f7a5902c0, 0x0000020f7a590790,
0x0000020f7a591fa0, 0x0000020f7a590c60, 0x0000020f7a58fdf0, 0x0000020f7a58ef80,
0x0000020f7a58eab0, 0x0000020f7a58f450, 0x0000020f7a58f920, 0x0000020f7b7169b0,
0x0000020f7b715b40, 0x0000020f7b712b20, 0x0000020f7b716010, 0x0000020f7b714cd0,
0x0000020f7b712ff0, 0x0000020f7b7164e0, 0x0000020f7b716e80, 0x0000020f7a821880,
0x0000020f7a820e60, 0x0000020f7a81fa20
}

Java Threads: ( => current thread )
  0x0000020f33b21850 JavaThread "Reference Handler" daemon [_thread_blocked, id=7532, stack(0x0000005224800000,0x0000005224900000)]
  0x0000020f33b226c0 JavaThread "Finalizer" daemon [_thread_blocked, id=1160, stack(0x0000005224900000,0x0000005224a00000)]
  0x0000020f33b35da0 JavaThread "Signal Dispatcher" daemon [_thread_blocked, id=1392, stack(0x0000005224a00000,0x0000005224b00000)]
  0x0000020f33b37020 JavaThread "Attach Listener" daemon [_thread_blocked, id=5276, stack(0x0000005224b00000,0x0000005224c00000)]
  0x0000020f33b3bf00 JavaThread "Service Thread" daemon [_thread_blocked, id=16912, stack(0x0000005224c00000,0x0000005224d00000)]
  0x0000020f33b3c8b0 JavaThread "Monitor Deflation Thread" daemon [_thread_blocked, id=12304, stack(0x0000005224d00000,0x0000005224e00000)]
  0x0000020f33b3ed90 JavaThread "C1 CompilerThread0" daemon [_thread_blocked, id=4720, stack(0x0000005224e00000,0x0000005224f00000)]
  0x0000020f33b4b140 JavaThread "Sweeper thread" daemon [_thread_blocked, id=13416, stack(0x0000005224f00000,0x0000005225000000)]
  0x0000020f33b0e360 JavaThread "Common-Cleaner" daemon [_thread_blocked, id=13540, stack(0x0000005225000000,0x0000005225100000)]
  0x0000020f7982a900 JavaThread "Monitor Ctrl-Break" daemon [_thread_in_native, id=3412, stack(0x0000005225300000,0x0000005225400000)]
  0x0000020f7982add0 JavaThread "Notification Thread" daemon [_thread_blocked, id=16608, stack(0x0000005225400000,0x0000005225500000)]
  0x0000020f79924980 JavaThread "RMI TCP Accept-0" daemon [_thread_in_native, id=6844, stack(0x0000005225500000,0x0000005225600000)]
  0x0000020f79eb3b40 JavaThread "RMI TCP Connection(idle)" daemon [_thread_blocked, id=17144, stack(0x0000005226200000,0x0000005226300000)]
  0x0000020f79ed0990 JavaThread "RMI Scheduler(0)" daemon [_thread_blocked, id=2280, stack(0x0000005226300000,0x0000005226400000)]
  0x0000020f7a9da460 JavaThread "Catalina-utility-1" [_thread_blocked, id=1140, stack(0x0000005226700000,0x0000005226800000)]
  0x0000020f7ab5a660 JavaThread "Catalina-utility-2" [_thread_blocked, id=18152, stack(0x0000005226800000,0x0000005226900000)]
  0x0000020f7ad1e940 JavaThread "container-0" [_thread_blocked, id=9944, stack(0x0000005226900000,0x0000005226a00000)]
  0x0000020f7b2c3c70 JavaThread "reactor-tcp-nio-1" daemon [_thread_in_native, id=8472, stack(0x0000005226a00000,0x0000005226b00000)]
  0x0000020f7b289d90 JavaThread "reactor-tcp-nio-2" daemon [_thread_in_native, id=17128, stack(0x0000005226b00000,0x0000005226c00000)]
  0x0000020f7b211980 JavaThread "reactor-tcp-nio-3" daemon [_thread_in_native, id=3672, stack(0x0000005226c00000,0x0000005226d00000)]
  0x0000020f7b211e50 JavaThread "reactor-tcp-nio-4" daemon [_thread_in_native, id=16508, stack(0x0000005226d00000,0x0000005226e00000)]
  0x0000020f7b2114b0 JavaThread "reactor-tcp-nio-5" daemon [_thread_in_native, id=10768, stack(0x0000005226e00000,0x0000005226f00000)]
  0x0000020f7b210170 JavaThread "reactor-tcp-nio-6" daemon [_thread_in_native, id=1516, stack(0x0000005226f00000,0x0000005227000000)]
  0x0000020f7b20e490 JavaThread "reactor-tcp-nio-7" daemon [_thread_in_native, id=15264, stack(0x0000005227000000,0x0000005227100000)]
  0x0000020f7b20ee30 JavaThread "reactor-tcp-nio-8" daemon [_thread_in_native, id=15684, stack(0x0000005227100000,0x0000005227200000)]
  0x0000020f7b210fe0 JavaThread "Thread-13" daemon [_thread_in_native, id=6296, stack(0x0000005227200000,0x0000005227300000)]
  0x0000020f7b20e960 JavaThread "parallel-1" daemon [_thread_blocked, id=10652, stack(0x0000005227300000,0x0000005227400000)]
  0x0000020f7b20fca0 JavaThread "Live Reload Server" daemon [_thread_in_native, id=9820, stack(0x0000005227500000,0x0000005227600000)]
  0x0000020f7b20f300 JavaThread "spring.cloud.inetutils" daemon [_thread_blocked, id=2908, stack(0x0000005227400000,0x0000005227500000)]
  0x0000020f7b210b10 JavaThread "File Watcher" daemon [_thread_blocked, id=14504, stack(0x0000005227600000,0x0000005227700000)]
  0x0000020f7a591130 JavaThread "spectator-gauge-polling-0" daemon [_thread_blocked, id=9900, stack(0x0000005226500000,0x0000005226600000)]
  0x0000020f7a592470 JavaThread "AsyncResolver-bootstrap-%d" daemon [_thread_blocked, id=13860, stack(0x0000005226600000,0x0000005226700000)]
  0x0000020f7a591ad0 JavaThread "DiscoveryClient-%d" daemon [_thread_blocked, id=1444, stack(0x0000005227700000,0x0000005227800000)]
  0x0000020f7a591600 JavaThread "DiscoveryClient-%d" daemon [_thread_blocked, id=2212, stack(0x0000005227800000,0x0000005227900000)]
  0x0000020f7a5902c0 JavaThread "DiscoveryClient-InstanceInfoReplicator-%d" daemon [_thread_blocked, id=17088, stack(0x0000005227900000,0x0000005227a00000)]
  0x0000020f7a590790 JavaThread "http-nio-9001-exec-1" daemon [_thread_blocked, id=18028, stack(0x0000005227a00000,0x0000005227b00000)]
  0x0000020f7a591fa0 JavaThread "http-nio-9001-exec-2" daemon [_thread_blocked, id=11628, stack(0x0000005227b00000,0x0000005227c00000)]
  0x0000020f7a590c60 JavaThread "http-nio-9001-exec-3" daemon [_thread_blocked, id=9880, stack(0x0000005227c00000,0x0000005227d00000)]
  0x0000020f7a58fdf0 JavaThread "http-nio-9001-exec-4" daemon [_thread_blocked, id=6384, stack(0x0000005227d00000,0x0000005227e00000)]
  0x0000020f7a58ef80 JavaThread "http-nio-9001-exec-5" daemon [_thread_blocked, id=10700, stack(0x0000005227e00000,0x0000005227f00000)]
  0x0000020f7a58eab0 JavaThread "http-nio-9001-exec-6" daemon [_thread_blocked, id=5332, stack(0x0000005227f00000,0x0000005228000000)]
  0x0000020f7a58f450 JavaThread "http-nio-9001-exec-7" daemon [_thread_blocked, id=16560, stack(0x0000005228000000,0x0000005228100000)]
  0x0000020f7a58f920 JavaThread "http-nio-9001-exec-8" daemon [_thread_blocked, id=5828, stack(0x0000005228100000,0x0000005228200000)]
  0x0000020f7b7169b0 JavaThread "http-nio-9001-exec-9" daemon [_thread_blocked, id=11708, stack(0x0000005228200000,0x0000005228300000)]
  0x0000020f7b715b40 JavaThread "http-nio-9001-exec-10" daemon [_thread_blocked, id=4992, stack(0x0000005228300000,0x0000005228400000)]
  0x0000020f7b712b20 JavaThread "http-nio-9001-Poller" daemon [_thread_in_native, id=17012, stack(0x0000005228400000,0x0000005228500000)]
  0x0000020f7b716010 JavaThread "http-nio-9001-Acceptor" daemon [_thread_in_native, id=11748, stack(0x0000005228500000,0x0000005228600000)]
  0x0000020f7b714cd0 JavaThread "DestroyJavaVM" [_thread_blocked, id=8568, stack(0x0000005224100000,0x0000005224200000)]
  0x0000020f7b712ff0 JavaThread "DiscoveryClient-CacheRefreshExecutor-%d" daemon [_thread_blocked, id=4040, stack(0x0000005226000000,0x0000005226100000)]
  0x0000020f7b7164e0 JavaThread "DiscoveryClient-HeartbeatExecutor-%d" daemon [_thread_blocked, id=13112, stack(0x0000005228600000,0x0000005228700000)]
  0x0000020f7b716e80 JavaThread "single-1" daemon [_thread_blocked, id=13964, stack(0x0000005223e00000,0x0000005223f00000)]
  0x0000020f7a821880 JavaThread "C1 CompilerThread1" daemon [_thread_blocked, id=14964, stack(0x0000005223f00000,0x0000005224000000)]
  0x0000020f7a820e60 JavaThread "C1 CompilerThread2" daemon [_thread_blocked, id=8596, stack(0x0000005224000000,0x0000005224100000)]
  0x0000020f7a81fa20 JavaThread "C1 CompilerThread3" daemon [_thread_blocked, id=2732, stack(0x0000005228700000,0x0000005228800000)]

Other Threads:
=>0x0000020f33b1d440 VMThread "VM Thread" [stack: 0x0000005224700000,0x0000005224800000] [id=12016]
  0x0000020f21ce72e0 WatcherThread [stack: 0x0000005225600000,0x0000005225700000] [id=11812]
  0x0000020f21ccade0 GCTaskThread "GC Thread#0" [stack: 0x0000005224200000,0x0000005224300000] [id=13132]
  0x0000020f79b68ca0 GCTaskThread "GC Thread#1" [stack: 0x0000005225700000,0x0000005225800000] [id=16716]
  0x0000020f79bcf040 GCTaskThread "GC Thread#2" [stack: 0x0000005225800000,0x0000005225900000] [id=13740]
  0x0000020f79bfecf0 GCTaskThread "GC Thread#3" [stack: 0x0000005225900000,0x0000005225a00000] [id=8664]
  0x0000020f79dc80b0 GCTaskThread "GC Thread#4" [stack: 0x0000005225a00000,0x0000005225b00000] [id=16976]
  0x0000020f79dc8f70 GCTaskThread "GC Thread#5" [stack: 0x0000005225b00000,0x0000005225c00000] [id=13056]
  0x0000020f79dc9220 GCTaskThread "GC Thread#6" [stack: 0x0000005225c00000,0x0000005225d00000] [id=9220]
  0x0000020f79ef2db0 GCTaskThread "GC Thread#7" [stack: 0x0000005226100000,0x0000005226200000] [id=12416]
  0x0000020f21cdb7a0 ConcurrentGCThread "G1 Main Marker" [stack: 0x0000005224300000,0x0000005224400000] [id=18068]
  0x0000020f21cdc950 ConcurrentGCThread "G1 Conc#0" [stack: 0x0000005224400000,0x0000005224500000] [id=7428]
  0x0000020f7a3687a0 ConcurrentGCThread "G1 Conc#1" [stack: 0x0000005225200000,0x0000005225300000] [id=8020]
  0x0000020f21d0e9e0 ConcurrentGCThread "G1 Refine#0" [stack: 0x0000005224500000,0x0000005224600000] [id=15188]
  0x0000020f79dab290 ConcurrentGCThread "G1 Refine#1" [stack: 0x0000005225d00000,0x0000005225e00000] [id=17328]
  0x0000020f792b2410 ConcurrentGCThread "G1 Refine#2" [stack: 0x0000005225e00000,0x0000005225f00000] [id=13028]
  0x0000020f339d86b0 ConcurrentGCThread "G1 Service" [stack: 0x0000005224600000,0x0000005224700000] [id=2588]

Threads with active compile tasks:

VM state: at safepoint (normal execution)

VM Mutex/Monitor currently owned by a thread:  ([mutex/lock_event])
[0x0000020f21c6b320] Threads_lock - owner thread: 0x0000020f33b1d440
[0x0000020f21c6a630] Heap_lock - owner thread: 0x0000020f7a590c60

Heap address: 0x0000000082c00000, size: 2004 MB, Compressed Oops mode: 32-bit

CDS archive(s) mapped at: [0x0000020f34000000-0x0000020f34bd0000-0x0000020f34bd0000), size 12386304, SharedBaseAddress: 0x0000020f34000000, ArchiveRelocationMode: 1.
Compressed class space mapped at: 0x0000020f35000000-0x0000020f75000000, reserved size: 1073741824
Narrow klass base: 0x0000020f34000000, Narrow klass shift: 0, Narrow klass range: 0x100000000

GC Precious Log:
 CPUs: 8 total, 8 available
 Memory: 8014M
 Large Page Support: Disabled
 NUMA Support: Disabled
 Compressed Oops: Enabled (32-bit)
 Heap Region Size: 1M
 Heap Min Capacity: 8M
 Heap Initial Capacity: 126M
 Heap Max Capacity: 2004M
 Pre-touch: Disabled
 Parallel Workers: 8
 Concurrent Workers: 2
 Concurrent Refinement Workers: 8
 Periodic GC: Disabled

Heap:
 garbage-first heap   total 78848K, used 39955K [0x0000000082c00000, 0x0000000100000000)
  region size 1024K, 1 young (1024K), 1 survivors (1024K)
 Metaspace       used 64960K, committed 65472K, reserved 1114112K
  class space    used 9185K, committed 9408K, reserved 1048576K

Heap Regions: E=young(eden), S=young(survivor), O=old, HS=humongous(starts), HC=humongous(continues), CS=collection set, F=free, OA=open archive, CA=closed archive, TAMS=top-at-mark-start (previous, next)
|   0|0x0000000082c00000, 0x0000000082d00000, 0x0000000082d00000|100%|HS|  |TAMS 0x0000000082d00000, 0x0000000082c00000| Complete 
|   1|0x0000000082d00000, 0x0000000082e00000, 0x0000000082e00000|100%| O|  |TAMS 0x0000000082e00000, 0x0000000082d00000| Untracked 
|   2|0x0000000082e00000, 0x0000000082f00000, 0x0000000082f00000|100%| O|  |TAMS 0x0000000082f00000, 0x0000000082e00000| Untracked 
|   3|0x0000000082f00000, 0x0000000083000000, 0x0000000083000000|100%| O|  |TAMS 0x0000000083000000, 0x0000000082f00000| Untracked 
|   4|0x0000000083000000, 0x0000000083100000, 0x0000000083100000|100%| O|  |TAMS 0x0000000083100000, 0x0000000083000000| Untracked 
|   5|0x0000000083100000, 0x0000000083100000, 0x0000000083200000|  0%| F|  |TAMS 0x0000000083100000, 0x0000000083100000| Untracked 
|   6|0x0000000083200000, 0x0000000083300000, 0x0000000083300000|100%| O|  |TAMS 0x0000000083300000, 0x0000000083200000| Untracked 
|   7|0x0000000083300000, 0x0000000083400000, 0x0000000083400000|100%| O|  |TAMS 0x0000000083400000, 0x0000000083300000| Untracked 
|   8|0x0000000083400000, 0x0000000083500000, 0x0000000083500000|100%| O|  |TAMS 0x0000000083500000, 0x0000000083400000| Untracked 
|   9|0x0000000083500000, 0x0000000083600000, 0x0000000083600000|100%| O|  |TAMS 0x0000000083600000, 0x0000000083500000| Untracked 
|  10|0x0000000083600000, 0x0000000083700000, 0x0000000083700000|100%| O|  |TAMS 0x0000000083700000, 0x0000000083600000| Untracked 
|  11|0x0000000083700000, 0x0000000083700000, 0x0000000083800000|  0%| F|  |TAMS 0x0000000083700000, 0x0000000083700000| Untracked 
|  12|0x0000000083800000, 0x0000000083900000, 0x0000000083900000|100%| O|  |TAMS 0x0000000083900000, 0x0000000083800000| Untracked 
|  13|0x0000000083900000, 0x0000000083a00000, 0x0000000083a00000|100%| O|  |TAMS 0x0000000083a00000, 0x0000000083900000| Untracked 
|  14|0x0000000083a00000, 0x0000000083b00000, 0x0000000083b00000|100%| O|  |TAMS 0x0000000083b00000, 0x0000000083a00000| Untracked 
|  15|0x0000000083b00000, 0x0000000083c00000, 0x0000000083c00000|100%| O|  |TAMS 0x0000000083c00000, 0x0000000083b00000| Untracked 
|  16|0x0000000083c00000, 0x0000000083c00000, 0x0000000083d00000|  0%| F|  |TAMS 0x0000000083c00000, 0x0000000083c00000| Untracked 
|  17|0x0000000083d00000, 0x0000000083e00000, 0x0000000083e00000|100%| O|  |TAMS 0x0000000083e00000, 0x0000000083d00000| Untracked 
|  18|0x0000000083e00000, 0x0000000083f00000, 0x0000000083f00000|100%| O|  |TAMS 0x0000000083f00000, 0x0000000083e00000| Untracked 
|  19|0x0000000083f00000, 0x0000000084000000, 0x0000000084000000|100%| O|  |TAMS 0x0000000084000000, 0x0000000083f00000| Untracked 
|  20|0x0000000084000000, 0x0000000084100000, 0x0000000084100000|100%| O|  |TAMS 0x0000000084100000, 0x0000000084000000| Untracked 
|  21|0x0000000084100000, 0x0000000084200000, 0x0000000084200000|100%| O|  |TAMS 0x0000000084200000, 0x0000000084100000| Untracked 
|  22|0x0000000084200000, 0x0000000084300000, 0x0000000084300000|100%| O|  |TAMS 0x0000000084300000, 0x0000000084200000| Untracked 
|  23|0x0000000084300000, 0x0000000084400000, 0x0000000084400000|100%| O|  |TAMS 0x0000000084400000, 0x0000000084300000| Untracked 
|  24|0x0000000084400000, 0x0000000084500000, 0x0000000084500000|100%| O|  |TAMS 0x0000000084500000, 0x0000000084400000| Untracked 
|  25|0x0000000084500000, 0x0000000084600000, 0x0000000084600000|100%| O|  |TAMS 0x0000000084600000, 0x0000000084500000| Untracked 
|  26|0x0000000084600000, 0x0000000084600000, 0x0000000084700000|  0%| F|  |TAMS 0x0000000084600000, 0x0000000084600000| Untracked 
|  27|0x0000000084700000, 0x0000000084800000, 0x0000000084800000|100%| O|  |TAMS 0x0000000084800000, 0x0000000084700000| Untracked 
|  28|0x0000000084800000, 0x0000000084900000, 0x0000000084900000|100%| O|  |TAMS 0x0000000084900000, 0x0000000084800000| Untracked 
|  29|0x0000000084900000, 0x0000000084a00000, 0x0000000084a00000|100%| O|  |TAMS 0x0000000084a00000, 0x0000000084900000| Untracked 
|  30|0x0000000084a00000, 0x0000000084b00000, 0x0000000084b00000|100%| O|  |TAMS 0x0000000084b00000, 0x0000000084a00000| Untracked 
|  31|0x0000000084b00000, 0x0000000084b00000, 0x0000000084c00000|  0%| F|  |TAMS 0x0000000084b00000, 0x0000000084b00000| Untracked 
|  32|0x0000000084c00000, 0x0000000084c00000, 0x0000000084d00000|  0%| F|  |TAMS 0x0000000084c00000, 0x0000000084c00000| Untracked 
|  33|0x0000000084d00000, 0x0000000084d00000, 0x0000000084e00000|  0%| F|  |TAMS 0x0000000084d00000, 0x0000000084d00000| Untracked 
|  34|0x0000000084e00000, 0x0000000084e00000, 0x0000000084f00000|  0%| F|  |TAMS 0x0000000084e00000, 0x0000000084e00000| Untracked 
|  35|0x0000000084f00000, 0x0000000085000000, 0x0000000085000000|100%| O|  |TAMS 0x0000000085000000, 0x0000000084f00000| Untracked 
|  36|0x0000000085000000, 0x0000000085100000, 0x0000000085100000|100%| O|  |TAMS 0x0000000085017a00, 0x0000000085000000| Untracked 
|  37|0x0000000085100000, 0x0000000085200000, 0x0000000085200000|100%| O|  |TAMS 0x0000000085100000, 0x0000000085100000| Untracked 
|  38|0x0000000085200000, 0x0000000085300000, 0x0000000085300000|100%| O|  |TAMS 0x0000000085200000, 0x0000000085200000| Untracked 
|  39|0x0000000085300000, 0x0000000085400000, 0x0000000085400000|100%| O|  |TAMS 0x0000000085300000, 0x0000000085300000| Untracked 
|  40|0x0000000085400000, 0x0000000085500000, 0x0000000085500000|100%| O|  |TAMS 0x0000000085400000, 0x0000000085400000| Untracked 
|  41|0x0000000085500000, 0x0000000085600000, 0x0000000085600000|100%| O|  |TAMS 0x0000000085500000, 0x0000000085500000| Untracked 
|  42|0x0000000085600000, 0x0000000085700000, 0x0000000085700000|100%| O|  |TAMS 0x0000000085600000, 0x0000000085600000| Untracked 
|  43|0x0000000085700000, 0x0000000085800000, 0x0000000085800000|100%| O|  |TAMS 0x0000000085700000, 0x0000000085700000| Untracked 
|  44|0x0000000085800000, 0x0000000085900000, 0x0000000085900000|100%| O|  |TAMS 0x0000000085800000, 0x0000000085800000| Untracked 
|  45|0x0000000085900000, 0x0000000085a00000, 0x0000000085a00000|100%| O|  |TAMS 0x0000000085900000, 0x0000000085900000| Untracked 
|  46|0x0000000085a00000, 0x0000000085a92c00, 0x0000000085b00000| 57%| O|  |TAMS 0x0000000085a00000, 0x0000000085a00000| Untracked 
|  47|0x0000000085b00000, 0x0000000085b00000, 0x0000000085c00000|  0%| F|  |TAMS 0x0000000085b00000, 0x0000000085b00000| Untracked 
|  48|0x0000000085c00000, 0x0000000085c00000, 0x0000000085d00000|  0%| F|  |TAMS 0x0000000085c00000, 0x0000000085c00000| Untracked 
|  49|0x0000000085d00000, 0x0000000085d00000, 0x0000000085e00000|  0%| F|  |TAMS 0x0000000085d00000, 0x0000000085d00000| Untracked 
|  50|0x0000000085e00000, 0x0000000085e00000, 0x0000000085f00000|  0%| F|  |TAMS 0x0000000085e00000, 0x0000000085e00000| Untracked 
|  51|0x0000000085f00000, 0x0000000085f00000, 0x0000000086000000|  0%| F|  |TAMS 0x0000000085f00000, 0x0000000085f00000| Untracked 
|  52|0x0000000086000000, 0x0000000086000000, 0x0000000086100000|  0%| F|  |TAMS 0x0000000086000000, 0x0000000086000000| Untracked 
|  53|0x0000000086100000, 0x0000000086100000, 0x0000000086200000|  0%| F|  |TAMS 0x0000000086100000, 0x0000000086100000| Untracked 
|  54|0x0000000086200000, 0x0000000086200000, 0x0000000086300000|  0%| F|  |TAMS 0x0000000086200000, 0x0000000086200000| Untracked 
|  55|0x0000000086300000, 0x0000000086300000, 0x0000000086400000|  0%| F|  |TAMS 0x0000000086300000, 0x0000000086300000| Untracked 
|  56|0x0000000086400000, 0x0000000086400000, 0x0000000086500000|  0%| F|  |TAMS 0x0000000086400000, 0x0000000086400000| Untracked 
|  57|0x0000000086500000, 0x0000000086500000, 0x0000000086600000|  0%| F|  |TAMS 0x0000000086500000, 0x0000000086500000| Untracked 
|  58|0x0000000086600000, 0x0000000086600000, 0x0000000086700000|  0%| F|  |TAMS 0x0000000086600000, 0x0000000086600000| Untracked 
|  59|0x0000000086700000, 0x0000000086700000, 0x0000000086800000|  0%| F|  |TAMS 0x0000000086700000, 0x0000000086700000| Untracked 
|  60|0x0000000086800000, 0x0000000086800000, 0x0000000086900000|  0%| F|  |TAMS 0x0000000086800000, 0x0000000086800000| Untracked 
|  61|0x0000000086900000, 0x0000000086900000, 0x0000000086a00000|  0%| F|  |TAMS 0x0000000086900000, 0x0000000086900000| Untracked 
|  62|0x0000000086a00000, 0x0000000086a00000, 0x0000000086b00000|  0%| F|  |TAMS 0x0000000086a00000, 0x0000000086a00000| Untracked 
|  63|0x0000000086b00000, 0x0000000086b00000, 0x0000000086c00000|  0%| F|  |TAMS 0x0000000086b00000, 0x0000000086b00000| Untracked 
|  64|0x0000000086c00000, 0x0000000086c00000, 0x0000000086d00000|  0%| F|  |TAMS 0x0000000086c00000, 0x0000000086c00000| Untracked 
|  65|0x0000000086d00000, 0x0000000086d00000, 0x0000000086e00000|  0%| F|  |TAMS 0x0000000086d00000, 0x0000000086d00000| Untracked 
|  66|0x0000000086e00000, 0x0000000086e00000, 0x0000000086f00000|  0%| F|  |TAMS 0x0000000086e00000, 0x0000000086e00000| Untracked 
|  67|0x0000000086f00000, 0x0000000086f00000, 0x0000000087000000|  0%| F|  |TAMS 0x0000000086f00000, 0x0000000086f00000| Untracked 
|  68|0x0000000087000000, 0x0000000087000000, 0x0000000087100000|  0%| F|  |TAMS 0x0000000087000000, 0x0000000087000000| Untracked 
|  75|0x0000000087700000, 0x0000000087700000, 0x0000000087800000|  0%| F|  |TAMS 0x0000000087700000, 0x0000000087700000| Untracked 
|  76|0x0000000087800000, 0x0000000087800000, 0x0000000087900000|  0%| F|  |TAMS 0x0000000087800000, 0x0000000087800000| Untracked 
|  77|0x0000000087900000, 0x0000000087900000, 0x0000000087a00000|  0%| F|  |TAMS 0x0000000087900000, 0x0000000087900000| Untracked 
|  78|0x0000000087a00000, 0x0000000087a00000, 0x0000000087b00000|  0%| F|  |TAMS 0x0000000087a00000, 0x0000000087a00000| Untracked 
|  79|0x0000000087b00000, 0x0000000087b00000, 0x0000000087c00000|  0%| F|  |TAMS 0x0000000087b00000, 0x0000000087b00000| Untracked 
|  80|0x0000000087c00000, 0x0000000087c00000, 0x0000000087d00000|  0%| F|  |TAMS 0x0000000087c00000, 0x0000000087c00000| Untracked 
|  81|0x0000000087d00000, 0x0000000087d72140, 0x0000000087e00000| 44%| S|CS|TAMS 0x0000000087d00000, 0x0000000087d00000| Complete 
| 125|0x000000008a900000, 0x000000008a900000, 0x000000008aa00000|  0%| F|  |TAMS 0x000000008a900000, 0x000000008a900000| Untracked 

Card table byte_map: [0x0000020f2c9e0000,0x0000020f2cdd0000] _byte_map_base: 0x0000020f2c5ca000

Marking Bits (Prev, Next): (CMBitMap*) 0x0000020f21ccb3f0, (CMBitMap*) 0x0000020f21ccb430
 Prev Bits: [0x0000020f2d1c0000, 0x0000020f2f110000)
 Next Bits: [0x0000020f2f110000, 0x0000020f31060000)

Polling page: 0x0000020f21410000

Metaspace:

Usage:
  Non-class:     54.47 MB used.
      Class:      8.97 MB used.
       Both:     63.44 MB used.

Virtual space:
  Non-class space:       64.00 MB reserved,      54.75 MB ( 86%) committed,  1 nodes.
      Class space:        1.00 GB reserved,       9.19 MB ( <1%) committed,  1 nodes.
             Both:        1.06 GB reserved,      63.94 MB (  6%) committed. 

Chunk freelists:
   Non-Class:  9.06 MB
       Class:  6.84 MB
        Both:  15.91 MB

MaxMetaspaceSize: unlimited
CompressedClassSpaceSize: 1.00 GB
Initial GC threshold: 21.00 MB
Current GC threshold: 100.88 MB
CDS: on
MetaspaceReclaimPolicy: balanced
 - commit_granule_bytes: 65536.
 - commit_granule_words: 8192.
 - virtual_space_node_default_size: 8388608.
 - enlarge_chunks_in_place: 1.
 - new_chunks_are_fully_committed: 0.
 - uncommit_free_chunks: 1.
 - use_allocation_guard: 0.
 - handle_deallocations: 1.


Internal statistics:

num_allocs_failed_limit: 6.
num_arena_births: 928.
num_arena_deaths: 276.
num_vsnodes_births: 2.
num_vsnodes_deaths: 0.
num_space_committed: 1023.
num_space_uncommitted: 0.
num_chunks_returned_to_freelist: 323.
num_chunks_taken_from_freelist: 3375.
num_chunk_merges: 111.
num_chunk_splits: 2256.
num_chunks_enlarged: 1723.
num_purges: 2.
num_inconsistent_stats: 0.

CodeCache: size=49152Kb used=14331Kb max_used=14331Kb free=34820Kb
 bounds [0x0000020f294e0000, 0x0000020f2a2f0000, 0x0000020f2c4e0000]
 total_blobs=7594 nmethods=6889 adapters=629
 compilation: enabled
              stopped_count=0, restarted_count=0
 full_count=0

Compilation events (20 events):
Event: 61.195 Thread 0x0000020f7a81fa20 6880       1       java.util.Formatter::format (11 bytes)
Event: 61.195 Thread 0x0000020f7a820e60 6881       1       java.util.Formatter::toString (12 bytes)
Event: 61.195 Thread 0x0000020f7a81fa20 nmethod 6880 0x0000020f2961d410 code [0x0000020f2961d5a0, 0x0000020f2961d688]
Event: 61.195 Thread 0x0000020f7a81fa20 6882       1       java.lang.String::format (16 bytes)
Event: 61.195 Thread 0x0000020f7a820e60 nmethod 6881 0x0000020f2961d010 code [0x0000020f2961d1c0, 0x0000020f2961d318]
Event: 61.195 Thread 0x0000020f7a81fa20 nmethod 6882 0x0000020f2961c910 code [0x0000020f2961cb00, 0x0000020f2961ce68]
Event: 61.195 Thread 0x0000020f33b3ed90 nmethod 6876 0x0000020f2961b490 code [0x0000020f2961b740, 0x0000020f2961c008]
Event: 61.197 Thread 0x0000020f7a821880 nmethod 6877 0x0000020f29619390 code [0x0000020f296196c0, 0x0000020f2961a948]
Event: 61.202 Thread 0x0000020f33b3ed90 6884       1       reactor.core.publisher.MonoFlatMap$FlatMapMain::actual (5 bytes)
Event: 61.202 Thread 0x0000020f33b3ed90 nmethod 6884 0x0000020f29618d90 code [0x0000020f29618f20, 0x0000020f29618ff8]
Event: 61.216 Thread 0x0000020f7a81fa20 6885       1       java.util.concurrent.locks.ReentrantReadWriteLock$NonfairSync::readerShouldBlock (5 bytes)
Event: 61.216 Thread 0x0000020f7a821880 6886       1       java.util.concurrent.locks.AbstractQueuedSynchronizer::apparentlyFirstQueuedIsExclusive (38 bytes)
Event: 61.216 Thread 0x0000020f7a81fa20 nmethod 6885 0x0000020f29618a90 code [0x0000020f29618c20, 0x0000020f29618d08]
Event: 61.216 Thread 0x0000020f7a821880 nmethod 6886 0x0000020f29618690 code [0x0000020f29618820, 0x0000020f296189b8]
Event: 61.262 Thread 0x0000020f7a821880 6887       1       org.springframework.core.ReactiveAdapter::getReactiveType (8 bytes)
Event: 61.263 Thread 0x0000020f7a821880 nmethod 6887 0x0000020f29618390 code [0x0000020f29618520, 0x0000020f296185f8]
Event: 61.268 Thread 0x0000020f7a820e60 6888       1       java.util.concurrent.ConcurrentHashMap$KeySetView::add (36 bytes)
Event: 61.270 Thread 0x0000020f7a820e60 nmethod 6888 0x0000020f29617f90 code [0x0000020f29618140, 0x0000020f296182d8]
Event: 61.291 Thread 0x0000020f7a820e60 6889       1       com.fasterxml.jackson.databind.util.TypeKey::hashCode (5 bytes)
Event: 61.292 Thread 0x0000020f7a820e60 nmethod 6889 0x0000020f29617c90 code [0x0000020f29617e20, 0x0000020f29617ef8]

GC Heap History (20 events):
Event: 5.062 GC heap after
{Heap after GC invocations=8 (full 0):
 garbage-first heap   total 78848K, used 25654K [0x0000000082c00000, 0x0000000100000000)
  region size 1024K, 5 young (5120K), 5 survivors (5120K)
 Metaspace       used 31394K, committed 31808K, reserved 1114112K
  class space    used 4365K, committed 4544K, reserved 1048576K
}
Event: 5.408 GC heap before
{Heap before GC invocations=8 (full 0):
 garbage-first heap   total 78848K, used 48182K [0x0000000082c00000, 0x0000000100000000)
  region size 1024K, 27 young (27648K), 5 survivors (5120K)
 Metaspace       used 35518K, committed 35968K, reserved 1114112K
  class space    used 4919K, committed 5120K, reserved 1048576K
}
Event: 5.414 GC heap after
{Heap after GC invocations=9 (full 0):
 garbage-first heap   total 78848K, used 27153K [0x0000000082c00000, 0x0000000100000000)
  region size 1024K, 2 young (2048K), 2 survivors (2048K)
 Metaspace       used 35518K, committed 35968K, reserved 1114112K
  class space    used 4919K, committed 5120K, reserved 1048576K
}
Event: 7.019 GC heap before
{Heap before GC invocations=10 (full 0):
 garbage-first heap   total 78848K, used 58897K [0x0000000082c00000, 0x0000000100000000)
  region size 1024K, 33 young (33792K), 2 survivors (2048K)
 Metaspace       used 39189K, committed 39744K, reserved 1114112K
  class space    used 5560K, committed 5824K, reserved 1048576K
}
Event: 7.025 GC heap after
{Heap after GC invocations=11 (full 0):
 garbage-first heap   total 78848K, used 29368K [0x0000000082c00000, 0x0000000100000000)
  region size 1024K, 4 young (4096K), 4 survivors (4096K)
 Metaspace       used 39189K, committed 39744K, reserved 1114112K
  class space    used 5560K, committed 5824K, reserved 1048576K
}
Event: 7.464 GC heap before
{Heap before GC invocations=11 (full 0):
 garbage-first heap   total 78848K, used 60088K [0x0000000082c00000, 0x0000000100000000)
  region size 1024K, 34 young (34816K), 4 survivors (4096K)
 Metaspace       used 42657K, committed 43200K, reserved 1114112K
  class space    used 6103K, committed 6336K, reserved 1048576K
}
Event: 7.470 GC heap after
{Heap after GC invocations=12 (full 0):
 garbage-first heap   total 78848K, used 32023K [0x0000000082c00000, 0x0000000100000000)
  region size 1024K, 5 young (5120K), 5 survivors (5120K)
 Metaspace       used 42657K, committed 43200K, reserved 1114112K
  class space    used 6103K, committed 6336K, reserved 1048576K
}
Event: 7.940 GC heap before
{Heap before GC invocations=12 (full 0):
 garbage-first heap   total 78848K, used 59671K [0x0000000082c00000, 0x0000000100000000)
  region size 1024K, 32 young (32768K), 5 survivors (5120K)
 Metaspace       used 46800K, committed 47296K, reserved 1114112K
  class space    used 6624K, committed 6848K, reserved 1048576K
}
Event: 7.947 GC heap after
{Heap after GC invocations=13 (full 0):
 garbage-first heap   total 78848K, used 35123K [0x0000000082c00000, 0x0000000100000000)
  region size 1024K, 3 young (3072K), 3 survivors (3072K)
 Metaspace       used 46800K, committed 47296K, reserved 1114112K
  class space    used 6624K, committed 6848K, reserved 1048576K
}
Event: 8.511 GC heap before
{Heap before GC invocations=13 (full 0):
 garbage-first heap   total 78848K, used 59699K [0x0000000082c00000, 0x0000000100000000)
  region size 1024K, 28 young (28672K), 3 survivors (3072K)
 Metaspace       used 51230K, committed 51712K, reserved 1114112K
  class space    used 7138K, committed 7360K, reserved 1048576K
}
Event: 8.515 GC heap after
{Heap after GC invocations=14 (full 0):
 garbage-first heap   total 78848K, used 36214K [0x0000000082c00000, 0x0000000100000000)
  region size 1024K, 2 young (2048K), 2 survivors (2048K)
 Metaspace       used 51230K, committed 51712K, reserved 1114112K
  class space    used 7138K, committed 7360K, reserved 1048576K
}
Event: 12.074 GC heap before
{Heap before GC invocations=14 (full 0):
 garbage-first heap   total 78848K, used 60790K [0x0000000082c00000, 0x0000000100000000)
  region size 1024K, 27 young (27648K), 2 survivors (2048K)
 Metaspace       used 53634K, committed 54144K, reserved 1114112K
  class space    used 7512K, committed 7744K, reserved 1048576K
}
Event: 12.079 GC heap after
{Heap after GC invocations=15 (full 0):
 garbage-first heap   total 78848K, used 37282K [0x0000000082c00000, 0x0000000100000000)
  region size 1024K, 3 young (3072K), 3 survivors (3072K)
 Metaspace       used 53634K, committed 54144K, reserved 1114112K
  class space    used 7512K, committed 7744K, reserved 1048576K
}
Event: 13.295 GC heap before
{Heap before GC invocations=16 (full 0):
 garbage-first heap   total 78848K, used 61858K [0x0000000082c00000, 0x0000000100000000)
  region size 1024K, 27 young (27648K), 3 survivors (3072K)
 Metaspace       used 57866K, committed 58432K, reserved 1114112K
  class space    used 8145K, committed 8384K, reserved 1048576K
}
Event: 13.303 GC heap after
{Heap after GC invocations=17 (full 0):
 garbage-first heap   total 78848K, used 40210K [0x0000000082c00000, 0x0000000100000000)
  region size 1024K, 4 young (4096K), 4 survivors (4096K)
 Metaspace       used 57866K, committed 58432K, reserved 1114112K
  class space    used 8145K, committed 8384K, reserved 1048576K
}
Event: 60.776 GC heap before
{Heap before GC invocations=17 (full 0):
 garbage-first heap   total 78848K, used 60690K [0x0000000082c00000, 0x0000000100000000)
  region size 1024K, 25 young (25600K), 4 survivors (4096K)
 Metaspace       used 61049K, committed 61696K, reserved 1114112K
  class space    used 8594K, committed 8896K, reserved 1048576K
}
Event: 60.783 GC heap after
{Heap after GC invocations=18 (full 0):
 garbage-first heap   total 78848K, used 41402K [0x0000000082c00000, 0x0000000100000000)
  region size 1024K, 2 young (2048K), 2 survivors (2048K)
 Metaspace       used 61049K, committed 61696K, reserved 1114112K
  class space    used 8594K, committed 8896K, reserved 1048576K
}
Event: 61.203 GC heap before
{Heap before GC invocations=19 (full 0):
 garbage-first heap   total 78848K, used 61882K [0x0000000082c00000, 0x0000000100000000)
  region size 1024K, 23 young (23552K), 2 survivors (2048K)
 Metaspace       used 64744K, committed 65280K, reserved 1114112K
  class space    used 9158K, committed 9408K, reserved 1048576K
}
Event: 61.207 GC heap after
{Heap after GC invocations=20 (full 0):
 garbage-first heap   total 78848K, used 42938K [0x0000000082c00000, 0x0000000100000000)
  region size 1024K, 3 young (3072K), 3 survivors (3072K)
 Metaspace       used 64744K, committed 65280K, reserved 1114112K
  class space    used 9158K, committed 9408K, reserved 1048576K
}
Event: 61.304 GC heap before
{Heap before GC invocations=20 (full 0):
 garbage-first heap   total 78848K, used 43962K [0x0000000082c00000, 0x0000000100000000)
  region size 1024K, 4 young (4096K), 3 survivors (3072K)
 Metaspace       used 64960K, committed 65472K, reserved 1114112K
  class space    used 9185K, committed 9408K, reserved 1048576K
}

Deoptimization events (20 events):
Event: 3.091 Thread 0x0000020f79e12990 DEOPT PACKING pc=0x0000020f29b42655 sp=0x00000052260fda30
Event: 3.091 Thread 0x0000020f79e12990 DEOPT UNPACKING pc=0x0000020f29532b43 sp=0x00000052260fced8 mode 3
Event: 4.419 Thread 0x0000020f79e12990 DEOPT PACKING pc=0x0000020f29c9e1ec sp=0x00000052260fcb50
Event: 4.419 Thread 0x0000020f79e12990 DEOPT UNPACKING pc=0x0000020f29532b43 sp=0x00000052260fc008 mode 0
Event: 5.111 Thread 0x0000020f79e12990 DEOPT PACKING pc=0x0000020f29db3d1d sp=0x00000052260fc320
Event: 5.111 Thread 0x0000020f79e12990 DEOPT UNPACKING pc=0x0000020f29532b43 sp=0x00000052260fb888 mode 3
Event: 5.580 Thread 0x0000020f79e12990 DEOPT PACKING pc=0x0000020f2969f4a4 sp=0x00000052260fa200
Event: 5.580 Thread 0x0000020f79e12990 DEOPT UNPACKING pc=0x0000020f29532b43 sp=0x00000052260f9758 mode 0
Event: 7.009 Thread 0x0000020f79e12990 DEOPT PACKING pc=0x0000020f29aecb19 sp=0x00000052260fac70
Event: 7.009 Thread 0x0000020f79e12990 DEOPT UNPACKING pc=0x0000020f29532b43 sp=0x00000052260fa150 mode 3
Event: 7.129 Thread 0x0000020f79e12990 DEOPT PACKING pc=0x0000020f29b14e22 sp=0x00000052260fd8e0
Event: 7.129 Thread 0x0000020f79e12990 DEOPT UNPACKING pc=0x0000020f29532b43 sp=0x00000052260fcde8 mode 3
Event: 7.129 Thread 0x0000020f79e12990 DEOPT PACKING pc=0x0000020f29b11b95 sp=0x00000052260fd8a0
Event: 7.129 Thread 0x0000020f79e12990 DEOPT UNPACKING pc=0x0000020f29532b43 sp=0x00000052260fcde8 mode 3
Event: 8.064 Thread 0x0000020f79eb3b40 DEOPT PACKING pc=0x0000020f29890144 sp=0x00000052262fede0
Event: 8.064 Thread 0x0000020f79eb3b40 DEOPT UNPACKING pc=0x0000020f29532b43 sp=0x00000052262fe2c8 mode 0
Event: 8.255 Thread 0x0000020f79e12990 DEOPT PACKING pc=0x0000020f2a01a9bf sp=0x00000052260fc7b0
Event: 8.255 Thread 0x0000020f79e12990 DEOPT UNPACKING pc=0x0000020f29532b43 sp=0x00000052260fbd40 mode 3
Event: 13.434 Thread 0x0000020f79e12990 DEOPT PACKING pc=0x0000020f29e74b5c sp=0x00000052260fcfc0
Event: 13.434 Thread 0x0000020f79e12990 DEOPT UNPACKING pc=0x0000020f29532b43 sp=0x00000052260fc468 mode 0

Classes unloaded (20 events):
Event: 60.819 Thread 0x0000020f33b1d440 Unloading class 0x0000020f350d4000 'java/lang/invoke/LambdaForm$MH+0x0000020f350d4000'
Event: 60.819 Thread 0x0000020f33b1d440 Unloading class 0x0000020f350c0800 'jdk/internal/reflect/GeneratedSerializationConstructorAccessor3'
Event: 60.819 Thread 0x0000020f33b1d440 Unloading class 0x0000020f350c0400 'jdk/internal/reflect/GeneratedSerializationConstructorAccessor2'
Event: 60.819 Thread 0x0000020f33b1d440 Unloading class 0x0000020f350c0000 'jdk/internal/reflect/GeneratedSerializationConstructorAccessor1'
Event: 60.819 Thread 0x0000020f33b1d440 Unloading class 0x0000020f35009000 'java/lang/invoke/LambdaForm$DMH+0x0000020f35009000'
Event: 60.819 Thread 0x0000020f33b1d440 Unloading class 0x0000020f35008800 'java/lang/invoke/LambdaForm$DMH+0x0000020f35008800'
Event: 60.819 Thread 0x0000020f33b1d440 Unloading class 0x0000020f35007c00 'jdk/internal/reflect/GeneratedConstructorAccessor1'
Event: 60.819 Thread 0x0000020f33b1d440 Unloading class 0x0000020f35007400 'java/lang/invoke/LambdaForm$MH+0x0000020f35007400'
Event: 60.819 Thread 0x0000020f33b1d440 Unloading class 0x0000020f35007000 'java/lang/invoke/LambdaForm$MH+0x0000020f35007000'
Event: 60.819 Thread 0x0000020f33b1d440 Unloading class 0x0000020f35006c00 'java/lang/invoke/LambdaForm$MH+0x0000020f35006c00'
Event: 60.819 Thread 0x0000020f33b1d440 Unloading class 0x0000020f35006800 'java/lang/invoke/LambdaForm$MH+0x0000020f35006800'
Event: 60.819 Thread 0x0000020f33b1d440 Unloading class 0x0000020f35006400 'java/lang/invoke/LambdaForm$MH+0x0000020f35006400'
Event: 60.819 Thread 0x0000020f33b1d440 Unloading class 0x0000020f35006000 'java/lang/invoke/LambdaForm$MH+0x0000020f35006000'
Event: 60.819 Thread 0x0000020f33b1d440 Unloading class 0x0000020f35005000 'java/lang/invoke/LambdaForm$MH+0x0000020f35005000'
Event: 60.819 Thread 0x0000020f33b1d440 Unloading class 0x0000020f35004c00 'java/lang/invoke/LambdaForm$MH+0x0000020f35004c00'
Event: 60.819 Thread 0x0000020f33b1d440 Unloading class 0x0000020f35004400 'java/lang/invoke/LambdaForm$MH+0x0000020f35004400'
Event: 60.819 Thread 0x0000020f33b1d440 Unloading class 0x0000020f35003800 'java/lang/invoke/LambdaForm$MH+0x0000020f35003800'
Event: 60.819 Thread 0x0000020f33b1d440 Unloading class 0x0000020f35003000 'java/lang/invoke/LambdaForm$MH+0x0000020f35003000'
Event: 60.819 Thread 0x0000020f33b1d440 Unloading class 0x0000020f35002800 'java/lang/invoke/LambdaForm$MH+0x0000020f35002800'
Event: 60.819 Thread 0x0000020f33b1d440 Unloading class 0x0000020f35002000 'java/lang/invoke/LambdaForm$MH+0x0000020f35002000'

Classes redefined (0 events):
No events

Internal exceptions (20 events):
Event: 60.737 Thread 0x0000020f7a591fa0 Exception <a 'java/lang/NoSuchMethodError'{0x0000000086540d10}: 'void java.lang.invoke.DirectMethodHandle$Holder.invokeInterface(java.lang.Object, java.lang.Object)'> (0x0000000086540d10) 
thrown [s\open\src\hotspot\share\interpreter\linkResolver.cpp, line 759]
Event: 60.752 Thread 0x0000020f7a591fa0 Exception <a 'java/lang/IncompatibleClassChangeError'{0x00000000865d3aa8}: Found class java.lang.Object, but interface was expected> (0x00000000865d3aa8) 
thrown [s\open\src\hotspot\share\interpreter\linkResolver.cpp, line 826]
Event: 60.756 Thread 0x0000020f7a591fa0 Exception <a 'java/lang/IncompatibleClassChangeError'{0x00000000865f5130}: Found class java.lang.Object, but interface was expected> (0x00000000865f5130) 
thrown [s\open\src\hotspot\share\interpreter\linkResolver.cpp, line 826]
Event: 60.828 Thread 0x0000020f7a591fa0 Exception <a 'java/lang/NoSuchMethodError'{0x0000000087d52000}: 'java.lang.Object java.lang.invoke.DirectMethodHandle$Holder.newInvokeSpecial(java.lang.Object, java.lang.Object, long, java.lang.Object)'> (0x0000000087d52000) 
thrown [s\open\src\hotspot\share\interpreter\linkResolver.cpp, line 759]
Event: 60.859 Thread 0x0000020f7b716e80 Exception <a 'java/lang/NoSuchMethodError'{0x0000000087b07fd0}: 'java.lang.Object java.lang.invoke.DirectMethodHandle$Holder.newInvokeSpecial(java.lang.Object, java.lang.Object, int, java.lang.Object)'> (0x0000000087b07fd0) 
thrown [s\open\src\hotspot\share\interpreter\linkResolver.cpp, line 759]
Event: 60.859 Thread 0x0000020f7b716e80 Exception <a 'java/lang/NoSuchMethodError'{0x0000000087b0bbb8}: 'java.lang.Object java.lang.invoke.Invokers$Holder.linkToTargetMethod(java.lang.Object, int, java.lang.Object, java.lang.Object)'> (0x0000000087b0bbb8) 
thrown [s\open\src\hotspot\share\interpreter\linkResolver.cpp, line 759]
Event: 60.981 Thread 0x0000020f7b289d90 Exception <a 'java/lang/NoSuchMethodError'{0x0000000087032dc8}: 'java.lang.Object java.lang.invoke.DirectMethodHandle$Holder.invokeStatic(java.lang.Object, java.lang.Object, java.lang.Object, int, java.lang.Object, java.lang.Object)'> (0x0000000087032dc8) 
thrown [s\open\src\hotspot\share\interpreter\linkResolver.cpp, line 759]
Event: 60.982 Thread 0x0000020f7b2c3c70 Exception <a 'java/lang/NoSuchMethodError'{0x0000000087051ea8}: 'java.lang.Object java.lang.invoke.Invokers$Holder.linkToTargetMethod(java.lang.Object, int, java.lang.Object, java.lang.Object, java.lang.Object, java.lang.Object)'> (0x0000000087051ea8) 
thrown [s\open\src\hotspot\share\interpreter\linkResolver.cpp, line 759]
Event: 60.985 Thread 0x0000020f7b289d90 Exception <a 'java/lang/NoSuchMethodError'{0x0000000087068278}: 'java.lang.Object java.lang.invoke.DirectMethodHandle$Holder.newInvokeSpecial(java.lang.Object, java.lang.Object, java.lang.Object, java.lang.Object, int, java.lang.Object)'> (0x0000000087068278) 
thrown [s\open\src\hotspot\share\interpreter\linkResolver.cpp, line 759]
Event: 60.986 Thread 0x0000020f7b289d90 Exception <a 'java/lang/NoSuchMethodError'{0x000000008706c340}: 'java.lang.Object java.lang.invoke.DirectMethodHandle$Holder.invokeSpecial(java.lang.Object, java.lang.Object, java.lang.Object, java.lang.Object, java.lang.Object, int, java.lang.Object)'> (0x000000008706c340) 
thrown [s\open\src\hotspot\share\interpreter\linkResolver.cpp, line 759]
Event: 60.986 Thread 0x0000020f7b289d90 Exception <a 'java/lang/NoSuchMethodError'{0x000000008706fc70}: 'java.lang.Object java.lang.invoke.Invokers$Holder.linkToTargetMethod(java.lang.Object, java.lang.Object, java.lang.Object, int, java.lang.Object, java.lang.Object)'> (0x000000008706fc70) 
thrown [s\open\src\hotspot\share\interpreter\linkResolver.cpp, line 759]
Event: 60.995 Thread 0x0000020f7b289d90 Exception <a 'java/lang/NoSuchMethodError'{0x00000000870c5e08}: 'void java.lang.invoke.DirectMethodHandle$Holder.invokeStatic(java.lang.Object, int)'> (0x00000000870c5e08) 
thrown [s\open\src\hotspot\share\interpreter\linkResolver.cpp, line 759]
Event: 60.995 Thread 0x0000020f7b289d90 Exception <a 'java/lang/NoSuchMethodError'{0x00000000870c9510}: 'void java.lang.invoke.DirectMethodHandle$Holder.invokeStaticInit(java.lang.Object, int)'> (0x00000000870c9510) 
thrown [s\open\src\hotspot\share\interpreter\linkResolver.cpp, line 759]
Event: 60.995 Thread 0x0000020f7b289d90 Exception <a 'java/lang/NoSuchMethodError'{0x00000000870cf018}: 'void java.lang.invoke.DirectMethodHandle$Holder.invokeSpecial(java.lang.Object, java.lang.Object, int)'> (0x00000000870cf018) 
thrown [s\open\src\hotspot\share\interpreter\linkResolver.cpp, line 759]
Event: 61.024 Thread 0x0000020f7b289d90 Exception <a 'java/lang/NoSuchMethodError'{0x0000000086e2fa68}: 'void java.lang.invoke.DirectMethodHandle$Holder.invokeStatic(java.lang.Object, long)'> (0x0000000086e2fa68) 
thrown [s\open\src\hotspot\share\interpreter\linkResolver.cpp, line 759]
Event: 61.024 Thread 0x0000020f7b289d90 Exception <a 'java/lang/NoSuchMethodError'{0x0000000086e33220}: 'void java.lang.invoke.DirectMethodHandle$Holder.invokeStaticInit(java.lang.Object, long)'> (0x0000000086e33220) 
thrown [s\open\src\hotspot\share\interpreter\linkResolver.cpp, line 759]
Event: 61.038 Thread 0x0000020f7b289d90 Exception <a 'java/lang/IncompatibleClassChangeError'{0x0000000086d15120}: Found class java.lang.Object, but interface was expected> (0x0000000086d15120) 
thrown [s\open\src\hotspot\share\interpreter\linkResolver.cpp, line 826]
Event: 61.078 Thread 0x0000020f7b289d90 Exception <a 'java/lang/NoSuchMethodError'{0x0000000086b662d8}: 'void java.lang.invoke.DirectMethodHandle$Holder.invokeStaticInit(java.lang.Object)'> (0x0000000086b662d8) 
thrown [s\open\src\hotspot\share\interpreter\linkResolver.cpp, line 759]
Event: 61.165 Thread 0x0000020f7b289d90 Exception <a 'java/lang/NoSuchMethodError'{0x00000000866223c8}: 'java.lang.Object java.lang.invoke.DirectMethodHandle$Holder.invokeVirtual(java.lang.Object, java.lang.Object, java.lang.Object, java.lang.Object, java.lang.Object)'> (0x00000000866223c8) 
thrown [s\open\src\hotspot\share\interpreter\linkResolver.cpp, line 759]
Event: 61.197 Thread 0x0000020f7b289d90 Exception <a 'java/lang/NoSuchMethodError'{0x00000000864c0c20}: 'void java.lang.invoke.Invokers$Holder.invoke_MT(java.lang.Object, java.lang.Object, java.lang.Object, java.lang.Object)'> (0x00000000864c0c20) 
thrown [s\open\src\hotspot\share\interpreter\linkResolver.cpp, line 759]

VM Operations (20 events):
Event: 60.646 Executing VM operation: HandshakeAllThreads done
Event: 60.696 Executing VM operation: HandshakeAllThreads
Event: 60.696 Executing VM operation: HandshakeAllThreads done
Event: 60.704 Executing VM operation: HandshakeAllThreads
Event: 60.704 Executing VM operation: HandshakeAllThreads done
Event: 60.725 Executing VM operation: HandshakeAllThreads
Event: 60.725 Executing VM operation: HandshakeAllThreads done
Event: 60.776 Executing VM operation: G1CollectForAllocation
Event: 60.783 Executing VM operation: G1CollectForAllocation done
Event: 60.818 Executing VM operation: G1Concurrent
Event: 60.828 Executing VM operation: G1Concurrent done
Event: 60.849 Executing VM operation: G1Concurrent
Event: 60.849 Executing VM operation: G1Concurrent done
Event: 61.001 Executing VM operation: HandshakeAllThreads
Event: 61.001 Executing VM operation: HandshakeAllThreads done
Event: 61.203 Executing VM operation: G1CollectForAllocation
Event: 61.207 Executing VM operation: G1CollectForAllocation done
Event: 61.254 Executing VM operation: HandshakeAllThreads
Event: 61.255 Executing VM operation: HandshakeAllThreads done
Event: 61.304 Executing VM operation: G1CollectForAllocation

Events (20 events):
Event: 60.977 loading class jdk/internal/icu/impl/Trie2_16 done
Event: 60.977 loading class jdk/internal/icu/impl/Trie2$1
Event: 60.977 loading class jdk/internal/icu/impl/Trie2$ValueMapper
Event: 60.977 loading class jdk/internal/icu/impl/Trie2$ValueMapper done
Event: 60.977 loading class jdk/internal/icu/impl/Trie2$1 done
Event: 60.977 loading class jdk/internal/icu/impl/Trie2$UTrie2Header
Event: 60.977 loading class jdk/internal/icu/impl/Trie2$UTrie2Header done
Event: 61.126 loading class java/lang/IllegalCallerException
Event: 61.127 loading class java/lang/IllegalCallerException done
Event: 61.187 Thread 0x0000020f7a821880 Thread added: 0x0000020f7a821880
Event: 61.187 Thread 0x0000020f7a820e60 Thread added: 0x0000020f7a820e60
Event: 61.187 Thread 0x0000020f7a81fa20 Thread added: 0x0000020f7a81fa20
Event: 61.235 loading class java/util/stream/ReduceOps$7
Event: 61.236 loading class java/util/stream/ReduceOps$7 done
Event: 61.236 loading class java/util/stream/ReduceOps$6ReducingSink
Event: 61.237 loading class java/util/stream/ReduceOps$6ReducingSink done
Event: 61.286 loading class java/util/stream/LongStream
Event: 61.288 loading class java/util/stream/LongStream done
Event: 61.288 loading class java/util/stream/DoubleStream
Event: 61.290 loading class java/util/stream/DoubleStream done


Dynamic libraries:
0x00007ff646280000 - 0x00007ff646290000 	T:\ToolJava\jdk-17.0.8\bin\java.exe
0x00007ffcc1af0000 - 0x00007ffcc1d07000 	C:\WINDOWS\SYSTEM32\ntdll.dll
0x00007ffcbfbb0000 - 0x00007ffcbfc74000 	C:\WINDOWS\System32\KERNEL32.DLL
0x00007ffcbeed0000 - 0x00007ffcbf27d000 	C:\WINDOWS\System32\KERNELBASE.dll
0x00007ffcbf5c0000 - 0x00007ffcbf6d1000 	C:\WINDOWS\System32\ucrtbase.dll
0x00007ffcb3320000 - 0x00007ffcb333b000 	T:\ToolJava\jdk-17.0.8\bin\VCRUNTIME140.dll
0x00007ffcb9270000 - 0x00007ffcb9289000 	T:\ToolJava\jdk-17.0.8\bin\jli.dll
0x00007ffcc19f0000 - 0x00007ffcc1aa2000 	C:\WINDOWS\System32\ADVAPI32.dll
0x00007ffcbf840000 - 0x00007ffcbf8e7000 	C:\WINDOWS\System32\msvcrt.dll
0x00007ffcc1770000 - 0x00007ffcc1819000 	C:\WINDOWS\System32\sechost.dll
0x00007ffcbf780000 - 0x00007ffcbf7a8000 	C:\WINDOWS\System32\bcrypt.dll
0x00007ffcbfa00000 - 0x00007ffcbfb14000 	C:\WINDOWS\System32\RPCRT4.dll
0x00007ffca7990000 - 0x00007ffca7c23000 	C:\WINDOWS\WinSxS\amd64_microsoft.windows.common-controls_6595b64144ccf1df_6.0.22621.3672_none_2713b9d173822955\COMCTL32.dll
0x00007ffcc0d20000 - 0x00007ffcc0ece000 	C:\WINDOWS\System32\USER32.dll
0x00007ffcc1740000 - 0x00007ffcc1769000 	C:\WINDOWS\System32\GDI32.dll
0x00007ffcbf3f0000 - 0x00007ffcbf416000 	C:\WINDOWS\System32\win32u.dll
0x00007ffcbf4a0000 - 0x00007ffcbf5b9000 	C:\WINDOWS\System32\gdi32full.dll
0x00007ffcbf6e0000 - 0x00007ffcbf77a000 	C:\WINDOWS\System32\msvcp_win.dll
0x00007ffcb54b0000 - 0x00007ffcb54ba000 	C:\WINDOWS\SYSTEM32\VERSION.dll
0x00007ffcc1880000 - 0x00007ffcc18b1000 	C:\WINDOWS\System32\IMM32.DLL
0x00007ffcbb280000 - 0x00007ffcbb28c000 	T:\ToolJava\jdk-17.0.8\bin\vcruntime140_1.dll
0x00007ffc64f20000 - 0x00007ffc64fae000 	T:\ToolJava\jdk-17.0.8\bin\msvcp140.dll
0x00007ffc282e0000 - 0x00007ffc28ebe000 	T:\ToolJava\jdk-17.0.8\bin\server\jvm.dll
0x00007ffcc19c0000 - 0x00007ffcc19c8000 	C:\WINDOWS\System32\PSAPI.DLL
0x00007ffcbb3f0000 - 0x00007ffcbb3f9000 	C:\WINDOWS\SYSTEM32\WSOCK32.dll
0x00007ffcbfe40000 - 0x00007ffcbfeb1000 	C:\WINDOWS\System32\WS2_32.dll
0x00007ffcb8ed0000 - 0x00007ffcb8f04000 	C:\WINDOWS\SYSTEM32\WINMM.dll
0x00007ffcbde00000 - 0x00007ffcbde18000 	C:\WINDOWS\SYSTEM32\kernel.appcore.dll
0x00007ffcb9260000 - 0x00007ffcb926a000 	T:\ToolJava\jdk-17.0.8\bin\jimage.dll
0x00007ffcbc2e0000 - 0x00007ffcbc512000 	C:\WINDOWS\SYSTEM32\DBGHELP.DLL
0x00007ffcc0830000 - 0x00007ffcc0bbd000 	C:\WINDOWS\System32\combase.dll
0x00007ffcc0020000 - 0x00007ffcc00f7000 	C:\WINDOWS\System32\OLEAUT32.dll
0x00007ffc8a1f0000 - 0x00007ffc8a222000 	C:\WINDOWS\SYSTEM32\dbgcore.DLL
0x00007ffcbf420000 - 0x00007ffcbf49b000 	C:\WINDOWS\System32\bcryptPrimitives.dll
0x00007ffcb3310000 - 0x00007ffcb331e000 	T:\ToolJava\jdk-17.0.8\bin\instrument.dll
0x00007ffc9e8c0000 - 0x00007ffc9e8e5000 	T:\ToolJava\jdk-17.0.8\bin\java.dll
0x00007ffc64520000 - 0x00007ffc645f7000 	T:\ToolJava\jdk-17.0.8\bin\jsvml.dll
0x00007ffcc0ed0000 - 0x00007ffcc1738000 	C:\WINDOWS\System32\SHELL32.dll
0x00007ffcbcd10000 - 0x00007ffcbd60e000 	C:\WINDOWS\SYSTEM32\windows.storage.dll
0x00007ffcbcbd0000 - 0x00007ffcbcd0f000 	C:\WINDOWS\SYSTEM32\wintypes.dll
0x00007ffcbff20000 - 0x00007ffcc0019000 	C:\WINDOWS\System32\SHCORE.dll
0x00007ffcbf8f0000 - 0x00007ffcbf94e000 	C:\WINDOWS\System32\shlwapi.dll
0x00007ffcbed40000 - 0x00007ffcbed61000 	C:\WINDOWS\SYSTEM32\profapi.dll
0x00007ffcb3160000 - 0x00007ffcb3178000 	T:\ToolJava\jdk-17.0.8\bin\zip.dll
0x00007ffc9f5c0000 - 0x00007ffc9f5d9000 	T:\ToolJava\jdk-17.0.8\bin\net.dll
0x00007ffcbaa40000 - 0x00007ffcbab76000 	C:\WINDOWS\SYSTEM32\WINHTTP.dll
0x00007ffcbe270000 - 0x00007ffcbe2d9000 	C:\WINDOWS\system32\mswsock.dll
0x00007ffc9f2f0000 - 0x00007ffc9f306000 	T:\ToolJava\jdk-17.0.8\bin\nio.dll
0x00007ffcba2d0000 - 0x00007ffcba2ea000 	C:\Program Files\JetBrains\IntelliJ IDEA 2024.2.0.2\bin\breakgen64.dll
0x00007ffcbd8e0000 - 0x00007ffcbd9d8000 	C:\WINDOWS\SYSTEM32\DNSAPI.dll
0x00007ffcbd870000 - 0x00007ffcbd89d000 	C:\WINDOWS\SYSTEM32\IPHLPAPI.DLL
0x00007ffcc0820000 - 0x00007ffcc0829000 	C:\WINDOWS\System32\NSI.dll
0x00007ffcb7120000 - 0x00007ffcb712a000 	C:\Windows\System32\rasadhlp.dll
0x00007ffcba7a0000 - 0x00007ffcba823000 	C:\WINDOWS\System32\fwpuclnt.dll
0x00007ffcaa3d0000 - 0x00007ffcaa3da000 	T:\ToolJava\jdk-17.0.8\bin\management.dll
0x00007ffca9fe0000 - 0x00007ffca9feb000 	T:\ToolJava\jdk-17.0.8\bin\management_ext.dll
0x00007ffcbe4f0000 - 0x00007ffcbe50b000 	C:\WINDOWS\SYSTEM32\CRYPTSP.dll
0x00007ffcbdd60000 - 0x00007ffcbdd95000 	C:\WINDOWS\system32\rsaenh.dll
0x00007ffcbe340000 - 0x00007ffcbe368000 	C:\WINDOWS\SYSTEM32\USERENV.dll
0x00007ffcbe510000 - 0x00007ffcbe51c000 	C:\WINDOWS\SYSTEM32\CRYPTBASE.dll
0x00007ffcbad00000 - 0x00007ffcbad19000 	C:\WINDOWS\SYSTEM32\dhcpcsvc6.DLL
0x00007ffcbaa20000 - 0x00007ffcbaa3f000 	C:\WINDOWS\SYSTEM32\dhcpcsvc.DLL
0x00007ffc84d80000 - 0x00007ffc84d97000 	C:\WINDOWS\system32\napinsp.dll
0x00007ffc84a30000 - 0x00007ffc84a4b000 	C:\WINDOWS\system32\pnrpnsp.dll
0x00007ffc84ae0000 - 0x00007ffc84af1000 	C:\WINDOWS\System32\winrnr.dll
0x00007ffc99610000 - 0x00007ffc99625000 	C:\WINDOWS\system32\wshbth.dll
0x00007ffc84ab0000 - 0x00007ffc84ad7000 	C:\WINDOWS\system32\nlansp_c.dll
0x00007ffca9270000 - 0x00007ffca927e000 	T:\ToolJava\jdk-17.0.8\bin\sunmscapi.dll
0x00007ffcbf280000 - 0x00007ffcbf3e7000 	C:\WINDOWS\System32\CRYPT32.dll
0x00007ffcbe740000 - 0x00007ffcbe76e000 	C:\WINDOWS\SYSTEM32\ncrypt.dll
0x00007ffcbe700000 - 0x00007ffcbe737000 	C:\WINDOWS\SYSTEM32\NTASN1.dll
0x00007ffcaaa00000 - 0x00007ffcaaa08000 	C:\WINDOWS\system32\wshunix.dll
0x00007ffcaa6d0000 - 0x00007ffcaa6e0000 	T:\ToolJava\jdk-17.0.8\bin\verify.dll

dbghelp: loaded successfully - version: 4.0.5 - missing functions: none
symbol engine: initialized successfully - sym options: 0x614 - pdb path: .;T:\ToolJava\jdk-17.0.8\bin;C:\WINDOWS\SYSTEM32;C:\WINDOWS\WinSxS\amd64_microsoft.windows.common-controls_6595b64144ccf1df_6.0.22621.3672_none_2713b9d173822955;T:\ToolJava\jdk-17.0.8\bin\server;C:\Program Files\JetBrains\IntelliJ IDEA 2024.2.0.2\bin

VM Arguments:
jvm_args: -Daxon.axonserver.suppressDownloadMessage=true -XX:TieredStopAtLevel=1 -Dspring.output.ansi.enabled=always -Dcom.sun.management.jmxremote -Dspring.jmx.enabled=true -Dspring.liveBeansView.mbeanDomain -Dspring.application.admin.enabled=true -Dmanagement.endpoints.jmx.exposure.include=* -javaagent:C:\Program Files\JetBrains\IntelliJ IDEA 2024.2.0.2\lib\idea_rt.jar=50653:C:\Program Files\JetBrains\IntelliJ IDEA 2024.2.0.2\bin -Dfile.encoding=UTF-8 
java_command: com.fit.userservice.UserServiceApplication
java_class_path (initial): A:\DeAnTourDuLich\BookingTour\BackEnd\UserService\build\classes\java\main;A:\DeAnTourDuLich\BookingTour\BackEnd\UserService\build\resources\main;T:\ToolJava\gradle-8.8\caches\modules-2\files-2.1\org.projectlombok\lombok\1.18.34\ec547ef414ab1d2c040118fb9c1c265ada63af14\lombok-1.18.34.jar;T:\ToolJava\gradle-8.8\caches\modules-2\files-2.1\org.springframework.boot\spring-boot-starter-web\3.3.3\f19325fefd33dc920c0f68547a798ed731a8c70c\spring-boot-starter-web-3.3.3.jar;T:\ToolJava\gradle-8.8\caches\modules-2\files-2.1\org.springframework.boot\spring-boot-starter-webflux\3.3.3\56b747ef64ef31d23a078f1bbe7ec2ec1eded359\spring-boot-starter-webflux-3.3.3.jar;T:\ToolJava\gradle-8.8\caches\modules-2\files-2.1\io.micrometer\micrometer-tracing-bridge-brave\1.3.3\c6bf933da56e22d984bea7b06fa533bf76e4f591\micrometer-tracing-bridge-brave-1.3.3.jar;T:\ToolJava\gradle-8.8\caches\modules-2\files-2.1\io.zipkin.reporter2\zipkin-reporter-brave\3.4.0\4097b2a4d61646071e15f990459ac5e315227999\zipkin-reporter-brave-3.4.0.jar;T:\ToolJava\gradle-8.8\caches\modules-2\files-2.1\org.springframework.cloud\spring-cloud-starter-netflix-eureka-client\4.1.3\324eeca63a9dbea2d6c09a4691f133bca8250523\spring-cloud-starter-netflix-eureka-client-4.1.3.jar;T:\ToolJava\gradle-8.8\caches\modules-2\files-2.1\org.springframework.kafka\spring-kafka\3.2.3\6064f0aa299e922e9697c9f20f083503c7cb7082\spring-kafka-3.2.3.jar;T:\ToolJava\gradle-8.8\caches\modules-2\files-2.1\org.springframework.boot\spring-boot-starter-data-r2dbc\3.3.3\90a34ff78747f02f28f0bc41c69cbd7c187de301\spring-boot-starter-data-r2dbc-3.3.3.jar;T:\ToolJava\gradle-8.8\caches\modules-2\files-2.1\org.liquibase\liquibase-core\4.27.0\759da7263b8b282202d8a157a0c47653b92e473e\liquibase-core-4.27.0.jar;T:\ToolJava\gradle-8.8\caches\modules-2\files-2.1\org.springframework\spring-jdbc\6.1.12\feb177a07e109f633c3fb1892d22a2867d0b2284\spring-jdbc-6.1.12.jar;T:\ToolJava\gradle-8.8\caches\modules-2\files-2.1\org.springframework.boot\spring
Launcher Type: SUN_STANDARD

[Global flags]
     intx CICompilerCount                          = 4                                         {product} {ergonomic}
     uint ConcGCThreads                            = 2                                         {product} {ergonomic}
     uint G1ConcRefinementThreads                  = 8                                         {product} {ergonomic}
   size_t G1HeapRegionSize                         = 1048576                                   {product} {ergonomic}
    uintx GCDrainStackTargetSize                   = 64                                        {product} {ergonomic}
   size_t InitialHeapSize                          = 132120576                                 {product} {ergonomic}
     bool ManagementServer                         = true                                      {product} {command line}
   size_t MarkStackSize                            = 4194304                                   {product} {ergonomic}
   size_t MaxHeapSize                              = 2101346304                                {product} {ergonomic}
   size_t MaxNewSize                               = 1260388352                                {product} {ergonomic}
   size_t MinHeapDeltaBytes                        = 1048576                                   {product} {ergonomic}
   size_t MinHeapSize                              = 8388608                                   {product} {ergonomic}
    uintx NonProfiledCodeHeapSize                  = 0                                      {pd product} {ergonomic}
     bool ProfileInterpreter                       = false                                  {pd product} {command line}
    uintx ProfiledCodeHeapSize                     = 0                                      {pd product} {ergonomic}
   size_t SoftMaxHeapSize                          = 2101346304                             {manageable} {ergonomic}
     intx TieredStopAtLevel                        = 1                                         {product} {command line}
     bool UseCompressedClassPointers               = true                           {product lp64_product} {ergonomic}
     bool UseCompressedOops                        = true                           {product lp64_product} {ergonomic}
     bool UseG1GC                                  = true                                      {product} {ergonomic}
     bool UseLargePagesIndividualAllocation        = false                                  {pd product} {ergonomic}

Logging:
Log output configuration:
 #0: stdout all=warning uptime,level,tags
 #1: stderr all=off uptime,level,tags

Environment Variables:
JAVA_HOME=T:\ToolJava\jdk-17.0.8
PATH=C:\WINDOWS\system32;C:\WINDOWS;C:\WINDOWS\System32\Wbem;C:\WINDOWS\System32\WindowsPowerShell\v1.0\;C:\WINDOWS\System32\OpenSSH\;C:\Program Files\MongoDB\Server\tools\bin;C:\Program Files\MongoDB\Server\5.0\bin;C:\Program Files (x86)\Microsoft SQL Server\150\DTS\Binn\;C:\Program Files\Microsoft SQL Server\Client SDK\ODBC\170\Tools\Binn\;C:\Program Files (x86)\Microsoft SQL Server\150\Tools\Binn\;C:\Program Files\Microsoft SQL Server\150\Tools\Binn\;C:\Program Files\Microsoft SQL Server\150\DTS\Binn\;C:\Program Files\Azure Data Studio\bin;C:\Program Files\nodejs;C:\MinGW\bin;C:\Program Files\Git\cmd;T:\ToolJava\jdk-17.0.8\bin;;C:\Program Files\HP\HP One Agent;C:\Program Files\Docker\Docker\resources\bin;C:\Users\HP\AppData\Local\Programs\Python\Python311\Scripts\;C:\Users\HP\AppData\Local\Programs\Python\Python311\;C:\Users\HP\AppData\Local\Microsoft\WindowsApps;C:\Program Files (x86)\CodeBlocks\MinGW\bin;C:\Program Files\Azure Data Studio\bin;C:\Program Files\MongoDB\Server\tools\bin;C:\Program Files\MongoDB\Server\5.0\bin;;T:\50_NguyenVanLoc\;C:\Users\HP\AppData\Local\Programs\Microsoft VS Code\bin;C:\Users\HP\AppData\Roaming\npm
USERNAME=HP
OS=Windows_NT
PROCESSOR_IDENTIFIER=Intel64 Family 6 Model 142 Stepping 12, GenuineIntel



---------------  S Y S T E M  ---------------

OS:
 Windows 11 , 64 bit Build 22621 (10.0.22621.3958)
OS uptime: 0 days 16:49 hours
Hyper-V role detected

CPU: total 8 (initial active 8) (4 cores per cpu, 2 threads per core) family 6 model 142 stepping 12 microcode 0xec, cx8, cmov, fxsr, ht, mmx, 3dnowpref, sse, sse2, sse3, ssse3, sse4.1, sse4.2, popcnt, lzcnt, tsc, tscinvbit, avx, avx2, aes, erms, clmul, bmi1, bmi2, adx, fma, vzeroupper, clflush, clflushopt, hv

Memory: 4k page, system-wide physical 8014M (433M free)
TotalPageFile size 16014M (AvailPageFile size 17M)
current process WorkingSet (physical memory assigned to process): 237M, peak: 237M
current process commit charge ("private bytes"): 283M, peak: 289M

vm_info: Java HotSpot(TM) 64-Bit Server VM (17.0.8+9-LTS-211) for windows-amd64 JRE (17.0.8+9-LTS-211), built on Jun 14 2023 10:34:31 by "mach5one" with MS VC++ 17.1 (VS2022)

END.
