#
# There is insufficient memory for the Java Runtime Environment to continue.
# Native memory allocation (malloc) failed to allocate 1048576 bytes. Error detail: AllocateHeap
# Possible reasons:
#   The system is out of physical RAM or swap space
#   This process is running with CompressedOops enabled, and the Java Heap may be blocking the growth of the native heap
# Possible solutions:
#   Reduce memory load on the system
#   Increase physical memory or swap space
#   Check if swap backing store is full
#   Decrease Java heap size (-Xmx/-Xms)
#   Decrease number of Java threads
#   Decrease Java thread stack sizes (-Xss)
#   Set larger code cache with -XX:ReservedCodeCacheSize=
#   JVM is running with Unscaled Compressed Oops mode in which the Java heap is
#     placed in the first 4GB address space. The Java Heap base address is the
#     maximum limit for the native heap growth. Please use -XX:HeapBaseMinAddress
#     to set the Java Heap base and to place the Java Heap above 4GB virtual address.
# This output file may be truncated or incomplete.
#
#  Out of Memory Error (allocation.cpp:44), pid=12540, tid=2284
#
# JRE version:  (21.0.3+13) (build )
# Java VM: OpenJDK 64-Bit Server VM (21.0.3+13-b509.4, mixed mode, sharing, tiered, compressed oops, compressed class ptrs, g1 gc, windows-amd64)
# No core dump will be written. Minidumps are not enabled by default on client versions of Windows
#

---------------  S U M M A R Y ------------

Command Line: -Djava.rmi.server.hostname=127.0.0.1 -Duser.timezone=UTC -Xmx2048m -Xms128m -Djdbc.classpath=C:\Program Files\JetBrains\IntelliJ IDEA 2024.2.0.2\plugins\DatabaseTools\lib\jdbc-console.jar;C:\Users\HP\AppData\Roaming\JetBrains\IntelliJIdea2024.2\jdbc-drivers\MariaDB Connector J\3.3.3\org\mariadb\jdbc\mariadb-java-client\3.3.3\mariadb-java-client-3.3.3.jar;C:\Users\HP\AppData\Roaming\JetBrains\IntelliJIdea2024.2\jdbc-drivers\MariaDB Connector J\3.3.3\com\github\waffle\waffle-jna\3.3.0\waffle-jna-3.3.0.jar;C:\Users\HP\AppData\Roaming\JetBrains\IntelliJIdea2024.2\jdbc-drivers\MariaDB Connector J\3.3.3\net\java\dev\jna\jna\5.13.0\jna-5.13.0.jar;C:\Users\HP\AppData\Roaming\JetBrains\IntelliJIdea2024.2\jdbc-drivers\MariaDB Connector J\3.3.3\net\java\dev\jna\jna-platform\5.13.0\jna-platform-5.13.0.jar;C:\Users\HP\AppData\Roaming\JetBrains\IntelliJIdea2024.2\jdbc-drivers\MariaDB Connector J\3.3.3\org\slf4j\jcl-over-slf4j\2.0.7\jcl-over-slf4j-2.0.7.jar;C:\Users\HP\AppData\Roaming\JetBrains\IntelliJIdea2024.2\jdbc-drivers\MariaDB Connector J\3.3.3\org\slf4j\slf4j-api\2.0.7\slf4j-api-2.0.7.jar;C:\Users\HP\AppData\Roaming\JetBrains\IntelliJIdea2024.2\jdbc-drivers\MariaDB Connector J\3.3.3\com\github\ben-manes\caffeine\caffeine\2.9.3\caffeine-2.9.3.jar;C:\Users\HP\AppData\Roaming\JetBrains\IntelliJIdea2024.2\jdbc-drivers\MariaDB Connector J\3.3.3\com\google\errorprone\error_prone_annotations\2.10.0\error_prone_annotations-2.10.0.jar;C:\Users\HP\AppData\Roaming\JetBrains\IntelliJIdea2024.2\jdbc-drivers\MariaDB Connector J\3.3.3\org\checkerframework\checker-qual\3.32.0\checker-qual-3.32.0.jar --add-exports=java.desktop/sun.awt=ALL-UNNAMED --add-exports=java.desktop/java.awt.peer=ALL-UNNAMED --add-opens=java.desktop/java.awt=ALL-UNNAMED --add-opens=jdk.unsupported/sun.misc=ALL-UNNAMED --add-opens=java.base/java.nio=ALL-UNNAMED --add-opens=java.base/java.util=ALL-UNNAMED -Dfile.encoding=UTF-8 -Dsun.stdout.encoding=UTF-8 -Dsun.stderr.encoding=UTF-8 com.intellij.database.remote.RemoteJdbcServer org.mariadb.jdbc.Driver

Host: Intel(R) Core(TM) i5-10210U CPU @ 1.60GHz, 8 cores, 7G,  Windows 11 , 64 bit Build 22621 (10.0.22621.3958)
Time: Sun Sep  8 00:18:17 2024 SE Asia Standard Time elapsed time: 0.026401 seconds (0d 0h 0m 0s)

---------------  T H R E A D  ---------------

Current thread (0x00000167bdf025a0):  JavaThread "Unknown thread" [_thread_in_vm, id=2284, stack(0x00000062e4600000,0x00000062e4700000) (1024K)]

Stack: [0x00000062e4600000,0x00000062e4700000]
Native frames: (J=compiled Java code, j=interpreted, Vv=VM code, C=native code)
V  [jvm.dll+0x6e02e9]
V  [jvm.dll+0x8bd373]
V  [jvm.dll+0x8bf8ce]
V  [jvm.dll+0x8bffb3]
V  [jvm.dll+0x2879b6]
V  [jvm.dll+0xc0827]
V  [jvm.dll+0x33a745]
V  [jvm.dll+0x332e31]
V  [jvm.dll+0x8845d9]
V  [jvm.dll+0x3c5f28]
V  [jvm.dll+0x86d7fd]
V  [jvm.dll+0x45ab8e]
V  [jvm.dll+0x45c761]
C  [jli.dll+0x52ab]
C  [ucrtbase.dll+0x29333]
C  [KERNEL32.DLL+0x1257d]
C  [ntdll.dll+0x5af28]


---------------  P R O C E S S  ---------------

Threads class SMR info:
_java_thread_list=0x00007ffc5ac2d108, length=0, elements={
}

Java Threads: ( => current thread )
Total: 0

Other Threads:
  0x00000167c00d3b60 WorkerThread "GC Thread#0"                     [id=12428, stack(0x00000062e4700000,0x00000062e4800000) (1024K)]

[error occurred during error reporting (printing all threads), id 0xc0000005, EXCEPTION_ACCESS_VIOLATION (0xc0000005) at pc=0x00007ffc5a31f340]
VM state: not at safepoint (not fully initialized)

VM Mutex/Monitor currently owned by a thread:  ([mutex/lock_event])
[0x00007ffc5aca1858] Heap_lock - owner thread: 0x00000167bdf025a0

Heap address: 0x0000000080000000, size: 2048 MB, Compressed Oops mode: 32-bit

CDS archive(s) mapped at: [0x0000000000000000-0x0000000000000000-0x0000000000000000), size 0, SharedBaseAddress: 0x0000000800000000, ArchiveRelocationMode: 1.
Narrow klass base: 0x0000000000000000, Narrow klass shift: 0, Narrow klass range: 0x0

GC Precious Log:
 CardTable entry size: 512
 Card Set container configuration: InlinePtr #cards 5 size 8 Array Of Cards #cards 12 size 40 Howl #buckets 4 coarsen threshold 1843 Howl Bitmap #cards 512 size 80 coarsen threshold 460 Card regions per heap region 1 cards per card region 2048

Heap:
 garbage-first heap   total 0K, used 0K [0x0000000080000000, 0x0000000100000000)
  region size 1024K, 0 young (0K), 0 survivors (0K)
 Metaspace       used 0K, committed 0K, reserved 0K
  class space    used 0K, committed 0K, reserved 0K

Heap Regions: E=young(eden), S=young(survivor), O=old, HS=humongous(starts), HC=humongous(continues), CS=collection set, F=free, TAMS=top-at-mark-start, PB=parsable bottom

Card table byte_map: [0x00000167d36c0000,0x00000167d3ac0000] _byte_map_base: 0x00000167d32c0000

GC Heap History (0 events):
No events

Dll operation events (1 events):
Event: 0.019 Loaded shared library C:\Program Files\JetBrains\IntelliJ IDEA 2024.2.0.2\jbr\bin\java.dll

Deoptimization events (0 events):
No events

Classes loaded (0 events):
No events

Classes unloaded (0 events):
No events

Classes redefined (0 events):
No events

Internal exceptions (0 events):
No events

ZGC Phase Switch (0 events):
No events

VM Operations (0 events):
No events

Events (0 events):
No events


Dynamic libraries:
0x00007ff6ff160000 - 0x00007ff6ff16a000 	C:\Program Files\JetBrains\IntelliJ IDEA 2024.2.0.2\jbr\bin\java.exe
0x00007ffcc1af0000 - 0x00007ffcc1d07000 	C:\WINDOWS\SYSTEM32\ntdll.dll
0x00007ffcbfbb0000 - 0x00007ffcbfc74000 	C:\WINDOWS\System32\KERNEL32.DLL
0x00007ffcbeed0000 - 0x00007ffcbf27d000 	C:\WINDOWS\System32\KERNELBASE.dll
0x00007ffcbf5c0000 - 0x00007ffcbf6d1000 	C:\WINDOWS\System32\ucrtbase.dll
0x00007ffcbb9f0000 - 0x00007ffcbba0b000 	C:\Program Files\JetBrains\IntelliJ IDEA 2024.2.0.2\jbr\bin\VCRUNTIME140.dll
0x00007ffcb3820000 - 0x00007ffcb3838000 	C:\Program Files\JetBrains\IntelliJ IDEA 2024.2.0.2\jbr\bin\jli.dll
0x00007ffcc0d20000 - 0x00007ffcc0ece000 	C:\WINDOWS\System32\USER32.dll
0x00007ffca7990000 - 0x00007ffca7c23000 	C:\WINDOWS\WinSxS\amd64_microsoft.windows.common-controls_6595b64144ccf1df_6.0.22621.3672_none_2713b9d173822955\COMCTL32.dll
0x00007ffcbf840000 - 0x00007ffcbf8e7000 	C:\WINDOWS\System32\msvcrt.dll
0x00007ffcc1740000 - 0x00007ffcc1769000 	C:\WINDOWS\System32\GDI32.dll
0x00007ffcbf3f0000 - 0x00007ffcbf416000 	C:\WINDOWS\System32\win32u.dll
0x00007ffcbf4a0000 - 0x00007ffcbf5b9000 	C:\WINDOWS\System32\gdi32full.dll
0x00007ffcbf6e0000 - 0x00007ffcbf77a000 	C:\WINDOWS\System32\msvcp_win.dll
0x00007ffcc1880000 - 0x00007ffcc18b1000 	C:\WINDOWS\System32\IMM32.DLL
0x00007ffcbb6c0000 - 0x00007ffcbb6cc000 	C:\Program Files\JetBrains\IntelliJ IDEA 2024.2.0.2\jbr\bin\vcruntime140_1.dll
0x00007ffc72f00000 - 0x00007ffc72f8d000 	C:\Program Files\JetBrains\IntelliJ IDEA 2024.2.0.2\jbr\bin\msvcp140.dll
0x00007ffc59fe0000 - 0x00007ffc5ad92000 	C:\Program Files\JetBrains\IntelliJ IDEA 2024.2.0.2\jbr\bin\server\jvm.dll
0x00007ffcc19f0000 - 0x00007ffcc1aa2000 	C:\WINDOWS\System32\ADVAPI32.dll
0x00007ffcc1770000 - 0x00007ffcc1819000 	C:\WINDOWS\System32\sechost.dll
0x00007ffcbf780000 - 0x00007ffcbf7a8000 	C:\WINDOWS\System32\bcrypt.dll
0x00007ffcbfa00000 - 0x00007ffcbfb14000 	C:\WINDOWS\System32\RPCRT4.dll
0x00007ffcbfe40000 - 0x00007ffcbfeb1000 	C:\WINDOWS\System32\WS2_32.dll
0x00007ffcb8ed0000 - 0x00007ffcb8f04000 	C:\WINDOWS\SYSTEM32\WINMM.dll
0x00007ffcb54b0000 - 0x00007ffcb54ba000 	C:\WINDOWS\SYSTEM32\VERSION.dll
0x00007ffcbeb20000 - 0x00007ffcbeb6d000 	C:\WINDOWS\SYSTEM32\POWRPROF.dll
0x00007ffcbea50000 - 0x00007ffcbea63000 	C:\WINDOWS\SYSTEM32\UMPDC.dll
0x00007ffcbde00000 - 0x00007ffcbde18000 	C:\WINDOWS\SYSTEM32\kernel.appcore.dll
0x00007ffcbb6b0000 - 0x00007ffcbb6ba000 	C:\Program Files\JetBrains\IntelliJ IDEA 2024.2.0.2\jbr\bin\jimage.dll
0x00007ffcbc2e0000 - 0x00007ffcbc512000 	C:\WINDOWS\SYSTEM32\DBGHELP.DLL
0x00007ffcc0830000 - 0x00007ffcc0bbd000 	C:\WINDOWS\System32\combase.dll
0x00007ffcc0020000 - 0x00007ffcc00f7000 	C:\WINDOWS\System32\OLEAUT32.dll
0x00007ffc8a1f0000 - 0x00007ffc8a222000 	C:\WINDOWS\SYSTEM32\dbgcore.DLL
0x00007ffcbf420000 - 0x00007ffcbf49b000 	C:\WINDOWS\System32\bcryptPrimitives.dll
0x00007ffcbb660000 - 0x00007ffcbb67f000 	C:\Program Files\JetBrains\IntelliJ IDEA 2024.2.0.2\jbr\bin\java.dll

dbghelp: loaded successfully - version: 4.0.5 - missing functions: none
symbol engine: initialized successfully - sym options: 0x614 - pdb path: .;C:\Program Files\JetBrains\IntelliJ IDEA 2024.2.0.2\jbr\bin;C:\WINDOWS\SYSTEM32;C:\WINDOWS\WinSxS\amd64_microsoft.windows.common-controls_6595b64144ccf1df_6.0.22621.3672_none_2713b9d173822955;C:\Program Files\JetBrains\IntelliJ IDEA 2024.2.0.2\jbr\bin\server

VM Arguments:
jvm_args: -Djava.rmi.server.hostname=127.0.0.1 -Duser.timezone=UTC -Xmx2048m -Xms128m -Djdbc.classpath=C:\Program Files\JetBrains\IntelliJ IDEA 2024.2.0.2\plugins\DatabaseTools\lib\jdbc-console.jar;C:\Users\HP\AppData\Roaming\JetBrains\IntelliJIdea2024.2\jdbc-drivers\MariaDB Connector J\3.3.3\org\mariadb\jdbc\mariadb-java-client\3.3.3\mariadb-java-client-3.3.3.jar;C:\Users\HP\AppData\Roaming\JetBrains\IntelliJIdea2024.2\jdbc-drivers\MariaDB Connector J\3.3.3\com\github\waffle\waffle-jna\3.3.0\waffle-jna-3.3.0.jar;C:\Users\HP\AppData\Roaming\JetBrains\IntelliJIdea2024.2\jdbc-drivers\MariaDB Connector J\3.3.3\net\java\dev\jna\jna\5.13.0\jna-5.13.0.jar;C:\Users\HP\AppData\Roaming\JetBrains\IntelliJIdea2024.2\jdbc-drivers\MariaDB Connector J\3.3.3\net\java\dev\jna\jna-platform\5.13.0\jna-platform-5.13.0.jar;C:\Users\HP\AppData\Roaming\JetBrains\IntelliJIdea2024.2\jdbc-drivers\MariaDB Connector J\3.3.3\org\slf4j\jcl-over-slf4j\2.0.7\jcl-over-slf4j-2.0.7.jar;C:\Users\HP\AppData\Roaming\JetBrains\IntelliJIdea2024.2\jdbc-drivers\MariaDB Connector J\3.3.3\org\slf4j\slf4j-api\2.0.7\slf4j-api-2.0.7.jar;C:\Users\HP\AppData\Roaming\JetBrains\IntelliJIdea2024.2\jdbc-drivers\MariaDB Connector J\3.3.3\com\github\ben-manes\caffeine\caffeine\2.9.3\caffeine-2.9.3.jar;C:\Users\HP\AppData\Roaming\JetBrains\IntelliJIdea2024.2\jdbc-drivers\MariaDB Connector J\3.3.3\com\google\errorprone\error_prone_annotations\2.10.0\error_prone_annotations-2.10.0.jar;C:\Users\HP\AppData\Roaming\JetBrains\IntelliJIdea2024.2\jdbc-drivers\MariaDB Connector J\3.3.3\org\checkerframework\checker-qual\3.32.0\checker-qual-3.32.0.jar --add-exports=java.desktop/sun.awt=ALL-UNNAMED --add-exports=java.desktop/java.awt.peer=ALL-UNNAMED --add-opens=java.desktop/java.awt=ALL-UNNAMED --add-opens=jdk.unsupported/sun.misc=ALL-UNNAMED --add-opens=java.base/java.nio=ALL-UNNAMED --add-opens=java.base/java.util=ALL-UNNAMED -Dfile.encoding=UTF-8 -Dsun.stdout.encoding=UTF-8 -Dsun.stderr.encoding=UTF-8 
java_command: com.intellij.database.remote.RemoteJdbcServer org.mariadb.jdbc.Driver
java_class_path (initial): C:\Program Files\JetBrains\IntelliJ IDEA 2024.2.0.2\lib\util_rt.jar;C:\Program Files\JetBrains\IntelliJ IDEA 2024.2.0.2\lib\util-8.jar;C:\Program Files\JetBrains\IntelliJ IDEA 2024.2.0.2\lib\groovy.jar;C:\Program Files\JetBrains\IntelliJ IDEA 2024.2.0.2\plugins\DatabaseTools\lib\jdbc-console.jar;C:\Program Files\JetBrains\IntelliJ IDEA 2024.2.0.2\plugins\grid-core-impl\lib\jdbc-console-types.jar;C:\Program Files\JetBrains\IntelliJ IDEA 2024.2.0.2\lib\util.jar;C:\Program Files\JetBrains\IntelliJ IDEA 2024.2.0.2\lib\bouncy-castle.jar
Launcher Type: SUN_STANDARD

[Global flags]
     intx CICompilerCount                          = 4                                         {product} {ergonomic}
     uint ConcGCThreads                            = 2                                         {product} {ergonomic}
     uint G1ConcRefinementThreads                  = 8                                         {product} {ergonomic}
   size_t G1HeapRegionSize                         = 1048576                                   {product} {ergonomic}
    uintx GCDrainStackTargetSize                   = 64                                        {product} {ergonomic}
   size_t InitialHeapSize                          = 134217728                                 {product} {command line}
   size_t MarkStackSize                            = 4194304                                   {product} {ergonomic}
   size_t MaxHeapSize                              = 2147483648                                {product} {command line}
   size_t MinHeapDeltaBytes                        = 1048576                                   {product} {ergonomic}
   size_t MinHeapSize                              = 134217728                                 {product} {command line}
    uintx NonNMethodCodeHeapSize                   = 5839372                                {pd product} {ergonomic}
    uintx NonProfiledCodeHeapSize                  = 122909434                              {pd product} {ergonomic}
    uintx ProfiledCodeHeapSize                     = 122909434                              {pd product} {ergonomic}
    uintx ReservedCodeCacheSize                    = 251658240                              {pd product} {ergonomic}
     bool SegmentedCodeCache                       = true                                      {product} {ergonomic}
   size_t SoftMaxHeapSize                          = 2147483648                             {manageable} {ergonomic}
     bool UseCompressedOops                        = true                           {product lp64_product} {ergonomic}
     bool UseG1GC                                  = true                                      {product} {ergonomic}
     bool UseLargePagesIndividualAllocation        = false                                  {pd product} {ergonomic}

Logging:
Log output configuration:
 #0: stdout all=warning uptime,level,tags foldmultilines=false
 #1: stderr all=off uptime,level,tags foldmultilines=false

Environment Variables:
JAVA_HOME=T:\ToolJava\jdk-17.0.8
PATH=C:\WINDOWS\system32;C:\WINDOWS;C:\WINDOWS\System32\Wbem;C:\WINDOWS\System32\WindowsPowerShell\v1.0\;C:\WINDOWS\System32\OpenSSH\;C:\Program Files\MongoDB\Server\tools\bin;C:\Program Files\MongoDB\Server\5.0\bin;C:\Program Files (x86)\Microsoft SQL Server\150\DTS\Binn\;C:\Program Files\Microsoft SQL Server\Client SDK\ODBC\170\Tools\Binn\;C:\Program Files (x86)\Microsoft SQL Server\150\Tools\Binn\;C:\Program Files\Microsoft SQL Server\150\Tools\Binn\;C:\Program Files\Microsoft SQL Server\150\DTS\Binn\;C:\Program Files\Azure Data Studio\bin;C:\Program Files\nodejs;C:\MinGW\bin;C:\Program Files\Git\cmd;T:\ToolJava\jdk-17.0.8\bin;C:\Program Files\HP\HP One Agent;C:\Program Files\Docker\Docker\resources\bin;T:\ToolJava\apache-maven-3.9.9\bin;C:\Users\HP\AppData\Local\Programs\Python\Python311\Scripts\;C:\Users\HP\AppData\Local\Programs\Python\Python311\;C:\Users\HP\AppData\Local\Microsoft\WindowsApps;C:\Program Files (x86)\CodeBlocks\MinGW\bin;C:\Program Files\Azure Data Studio\bin;C:\Program Files\MongoDB\Server\tools\bin;C:\Program Files\MongoDB\Server\5.0\bin;;T:\50_NguyenVanLoc\;C:\Users\HP\AppData\Local\Programs\Microsoft VS Code\bin;C:\Users\HP\AppData\Roaming\npm
USERNAME=HP
OS=Windows_NT
PROCESSOR_IDENTIFIER=Intel64 Family 6 Model 142 Stepping 12, GenuineIntel
TMP=C:\Users\HP\AppData\Local\Temp
TEMP=C:\Users\HP\AppData\Local\Temp




Periodic native trim disabled

JNI global refs:
JNI global refs: 0, weak refs: 0

JNI global refs memory usage: 0, weak refs: 0

Process memory usage:
Resident Set Size: 11476K (0% of 8206964K total physical memory with 482316K free physical memory)

OOME stack traces (most recent first):
Classloader memory used:

---------------  S Y S T E M  ---------------

OS:
 Windows 11 , 64 bit Build 22621 (10.0.22621.3958)
OS uptime: 3 days 2:31 hours
Hyper-V role detected

CPU: total 8 (initial active 8) (4 cores per cpu, 2 threads per core) family 6 model 142 stepping 12 microcode 0xec, cx8, cmov, fxsr, ht, mmx, 3dnowpref, sse, sse2, sse3, ssse3, sse4.1, sse4.2, popcnt, lzcnt, tsc, tscinvbit, avx, avx2, aes, erms, clmul, bmi1, bmi2, adx, fma, vzeroupper, clflush, clflushopt, hv, rdtscp, f16c
Processor Information for all 8 processors :
  Max Mhz: 2112, Current Mhz: 1609, Mhz Limit: 1605

Memory: 4k page, system-wide physical 8014M (471M free)
TotalPageFile size 16014M (AvailPageFile size 4M)
current process WorkingSet (physical memory assigned to process): 11M, peak: 11M
current process commit charge ("private bytes"): 55M, peak: 56M

vm_info: OpenJDK 64-Bit Server VM (21.0.3+13-b509.4) for windows-amd64 JRE (21.0.3+13-b509.4), built on 2024-06-26 by "builduser" with MS VC++ 16.10 / 16.11 (VS2019)

END.
