#
# There is insufficient memory for the Java Runtime Environment to continue.
# Native memory allocation (malloc) failed to allocate 1443216 bytes. Error detail: Chunk::new
# Possible reasons:
#   The system is out of physical RAM or swap space
#   This process is running with CompressedOops enabled, and the Java Heap may be blocking the growth of the native heap
# Possible solutions:
#   Reduce memory load on the system
#   Increase physical memory or swap space
#   Check if swap backing store is full
#   Decrease Java heap size (-Xmx/-Xms)
#   Decrease number of Java threads
#   Decrease Java thread stack sizes (-Xss)
#   Set larger code cache with -XX:ReservedCodeCacheSize=
#   JVM is running with Unscaled Compressed Oops mode in which the Java heap is
#     placed in the first 4GB address space. The Java Heap base address is the
#     maximum limit for the native heap growth. Please use -XX:HeapBaseMinAddress
#     to set the Java Heap base and to place the Java Heap above 4GB virtual address.
# This output file may be truncated or incomplete.
#
#  Out of Memory Error (arena.cpp:168), pid=4208, tid=5676
#
# JRE version: OpenJDK Runtime Environment JBR-21.0.3+13-509.4-jcef (21.0.3+13) (build 21.0.3+13-b509.4)
# Java VM: OpenJDK 64-Bit Server VM JBR-21.0.3+13-509.4-jcef (21.0.3+13-b509.4, mixed mode, tiered, compressed oops, compressed class ptrs, g1 gc, windows-amd64)
# No core dump will be written. Minidumps are not enabled by default on client versions of Windows
#

---------------  S U M M A R Y ------------

Command Line: -Djava.rmi.server.hostname=127.0.0.1 -Duser.timezone=UTC -Xmx2048m -Xms128m -Djdbc.classpath=C:\Program Files\JetBrains\IntelliJ IDEA 2024.2.0.2\plugins\DatabaseTools\lib\jdbc-console.jar;C:\Users\HP\AppData\Roaming\JetBrains\IntelliJIdea2024.2\jdbc-drivers\MariaDB Connector J\3.3.3\org\mariadb\jdbc\mariadb-java-client\3.3.3\mariadb-java-client-3.3.3.jar;C:\Users\HP\AppData\Roaming\JetBrains\IntelliJIdea2024.2\jdbc-drivers\MariaDB Connector J\3.3.3\com\github\waffle\waffle-jna\3.3.0\waffle-jna-3.3.0.jar;C:\Users\HP\AppData\Roaming\JetBrains\IntelliJIdea2024.2\jdbc-drivers\MariaDB Connector J\3.3.3\net\java\dev\jna\jna\5.13.0\jna-5.13.0.jar;C:\Users\HP\AppData\Roaming\JetBrains\IntelliJIdea2024.2\jdbc-drivers\MariaDB Connector J\3.3.3\net\java\dev\jna\jna-platform\5.13.0\jna-platform-5.13.0.jar;C:\Users\HP\AppData\Roaming\JetBrains\IntelliJIdea2024.2\jdbc-drivers\MariaDB Connector J\3.3.3\org\slf4j\jcl-over-slf4j\2.0.7\jcl-over-slf4j-2.0.7.jar;C:\Users\HP\AppData\Roaming\JetBrains\IntelliJIdea2024.2\jdbc-drivers\MariaDB Connector J\3.3.3\org\slf4j\slf4j-api\2.0.7\slf4j-api-2.0.7.jar;C:\Users\HP\AppData\Roaming\JetBrains\IntelliJIdea2024.2\jdbc-drivers\MariaDB Connector J\3.3.3\com\github\ben-manes\caffeine\caffeine\2.9.3\caffeine-2.9.3.jar;C:\Users\HP\AppData\Roaming\JetBrains\IntelliJIdea2024.2\jdbc-drivers\MariaDB Connector J\3.3.3\com\google\errorprone\error_prone_annotations\2.10.0\error_prone_annotations-2.10.0.jar;C:\Users\HP\AppData\Roaming\JetBrains\IntelliJIdea2024.2\jdbc-drivers\MariaDB Connector J\3.3.3\org\checkerframework\checker-qual\3.32.0\checker-qual-3.32.0.jar --add-exports=java.desktop/sun.awt=ALL-UNNAMED --add-exports=java.desktop/java.awt.peer=ALL-UNNAMED --add-opens=java.desktop/java.awt=ALL-UNNAMED --add-opens=jdk.unsupported/sun.misc=ALL-UNNAMED --add-opens=java.base/java.nio=ALL-UNNAMED --add-opens=java.base/java.util=ALL-UNNAMED -Dfile.encoding=UTF-8 -Dsun.stdout.encoding=UTF-8 -Dsun.stderr.encoding=UTF-8 com.intellij.database.remote.RemoteJdbcServer org.mariadb.jdbc.Driver

Host: Intel(R) Core(TM) i5-10210U CPU @ 1.60GHz, 8 cores, 7G,  Windows 11 , 64 bit Build 22621 (10.0.22621.3958)
Time: Sun Sep  8 00:19:24 2024 SE Asia Standard Time elapsed time: 7.847644 seconds (0d 0h 0m 7s)

---------------  T H R E A D  ---------------

Current thread (0x0000028a52106c10):  JavaThread "C2 CompilerThread0" daemon [_thread_in_native, id=5676, stack(0x000000a321500000,0x000000a321600000) (1024K)]


Current CompileTask:
C2:   7847 1649       4       java.lang.invoke.MethodType::makeImpl (109 bytes)

Stack: [0x000000a321500000,0x000000a321600000]
Native frames: (J=compiled Java code, j=interpreted, Vv=VM code, C=native code)
V  [jvm.dll+0x6e02e9]
V  [jvm.dll+0x8bd373]
V  [jvm.dll+0x8bf8ce]
V  [jvm.dll+0x8bffb3]
V  [jvm.dll+0x2879b6]
V  [jvm.dll+0xc60ad]
V  [jvm.dll+0xc65e3]
V  [jvm.dll+0x3bffd1]
V  [jvm.dll+0x38c767]
V  [jvm.dll+0x38bbda]
V  [jvm.dll+0x24f3c2]
V  [jvm.dll+0x24e991]
V  [jvm.dll+0x1cd024]
V  [jvm.dll+0x25e12c]
V  [jvm.dll+0x25c606]
V  [jvm.dll+0x3fb046]
V  [jvm.dll+0x865328]
V  [jvm.dll+0x6deb2d]
C  [ucrtbase.dll+0x29333]
C  [KERNEL32.DLL+0x1257d]
C  [ntdll.dll+0x5af28]


---------------  P R O C E S S  ---------------

Threads class SMR info:
_java_thread_list=0x0000028a52b90bb0, length=21, elements={
0x0000028a39a7f7f0, 0x0000028a520fd440, 0x0000028a520fdea0, 0x0000028a52102f50,
0x0000028a521039b0, 0x0000028a52105420, 0x0000028a52105e80, 0x0000028a52106c10,
0x0000028a521076b0, 0x0000028a522da190, 0x0000028a522db810, 0x0000028a527b7370,
0x0000028a529a8630, 0x0000028a528da5c0, 0x0000028a528db040, 0x0000028a527b5c10,
0x0000028a527b6280, 0x0000028a52cefa90, 0x0000028a52cf0310, 0x0000028a52b3bef0,
0x0000028a52b3c580
}

Java Threads: ( => current thread )
  0x0000028a39a7f7f0 JavaThread "main"                              [_thread_blocked, id=14072, stack(0x000000a320700000,0x000000a320800000) (1024K)]
  0x0000028a520fd440 JavaThread "Reference Handler"          daemon [_thread_blocked, id=13232, stack(0x000000a320f00000,0x000000a321000000) (1024K)]
  0x0000028a520fdea0 JavaThread "Finalizer"                  daemon [_thread_blocked, id=8060, stack(0x000000a321000000,0x000000a321100000) (1024K)]
  0x0000028a52102f50 JavaThread "Signal Dispatcher"          daemon [_thread_blocked, id=19628, stack(0x000000a321100000,0x000000a321200000) (1024K)]
  0x0000028a521039b0 JavaThread "Attach Listener"            daemon [_thread_blocked, id=17460, stack(0x000000a321200000,0x000000a321300000) (1024K)]
  0x0000028a52105420 JavaThread "Service Thread"             daemon [_thread_blocked, id=6488, stack(0x000000a321300000,0x000000a321400000) (1024K)]
  0x0000028a52105e80 JavaThread "Monitor Deflation Thread"   daemon [_thread_blocked, id=3652, stack(0x000000a321400000,0x000000a321500000) (1024K)]
=>0x0000028a52106c10 JavaThread "C2 CompilerThread0"         daemon [_thread_in_native, id=5676, stack(0x000000a321500000,0x000000a321600000) (1024K)]
  0x0000028a521076b0 JavaThread "C1 CompilerThread0"         daemon [_thread_blocked, id=18396, stack(0x000000a321600000,0x000000a321700000) (1024K)]
  0x0000028a522da190 JavaThread "Common-Cleaner"             daemon [_thread_blocked, id=16656, stack(0x000000a321700000,0x000000a321800000) (1024K)]
  0x0000028a522db810 JavaThread "Notification Thread"        daemon [_thread_blocked, id=4000, stack(0x000000a321800000,0x000000a321900000) (1024K)]
  0x0000028a527b7370 JavaThread "RMI TCP Accept-54239"       daemon [_thread_in_native, id=3004, stack(0x000000a321900000,0x000000a321a00000) (1024K)]
  0x0000028a529a8630 JavaThread "RMI TCP Accept-0"           daemon [_thread_in_native, id=19492, stack(0x000000a321a00000,0x000000a321b00000) (1024K)]
  0x0000028a528da5c0 JavaThread "RMI Reaper"                        [_thread_blocked, id=18812, stack(0x000000a321b00000,0x000000a321c00000) (1024K)]
  0x0000028a528db040 JavaThread "RMI GC Daemon"              daemon [_thread_blocked, id=10936, stack(0x000000a321c00000,0x000000a321d00000) (1024K)]
  0x0000028a527b5c10 JavaThread "RMI TCP Connection(1)-127.0.0.1" daemon [_thread_in_native, id=19368, stack(0x000000a321d00000,0x000000a321e00000) (1024K)]
  0x0000028a527b6280 JavaThread "RMI TCP Connection(2)-127.0.0.1" daemon [_thread_in_native, id=12412, stack(0x000000a321e00000,0x000000a321f00000) (1024K)]
  0x0000028a52cefa90 JavaThread "RMI Scheduler(0)"           daemon [_thread_blocked, id=4644, stack(0x000000a321f00000,0x000000a322000000) (1024K)]
  0x0000028a52cf0310 JavaThread "RMI TCP Connection(4)-127.0.0.1" daemon [_thread_in_native, id=2256, stack(0x000000a322000000,0x000000a322100000) (1024K)]
  0x0000028a52b3bef0 JavaThread "RMI TCP Connection(3)-127.0.0.1" daemon [_thread_in_Java, id=5492, stack(0x000000a322100000,0x000000a322200000) (1024K)]
  0x0000028a52b3c580 JavaThread "RMI RenewClean-[127.0.0.1:51003]" daemon [_thread_blocked, id=16720, stack(0x000000a322200000,0x000000a322300000) (1024K)]
Total: 21

Other Threads:
  0x0000028a52098380 VMThread "VM Thread"                           [id=8920, stack(0x000000a320e00000,0x000000a320f00000) (1024K)]
  0x0000028a51ede340 WatcherThread "VM Periodic Task Thread"        [id=18000, stack(0x000000a320d00000,0x000000a320e00000) (1024K)]
  0x0000028a39ad3da0 WorkerThread "GC Thread#0"                     [id=19348, stack(0x000000a320800000,0x000000a320900000) (1024K)]
  0x0000028a52aea3f0 WorkerThread "GC Thread#1"                     [id=13212, stack(0x000000a322300000,0x000000a322400000) (1024K)]
  0x0000028a52afa690 WorkerThread "GC Thread#2"                     [id=10080, stack(0x000000a322400000,0x000000a322500000) (1024K)]
  0x0000028a52afae40 WorkerThread "GC Thread#3"                     [id=2148, stack(0x000000a322500000,0x000000a322600000) (1024K)]
  0x0000028a525cbd90 WorkerThread "GC Thread#4"                     [id=3952, stack(0x000000a322600000,0x000000a322700000) (1024K)]
  0x0000028a525cc130 WorkerThread "GC Thread#5"                     [id=17148, stack(0x000000a322700000,0x000000a322800000) (1024K)]
  0x0000028a525cc8e0 WorkerThread "GC Thread#6"                     [id=18292, stack(0x000000a322800000,0x000000a322900000) (1024K)]
  0x0000028a525ccc80 WorkerThread "GC Thread#7"                     [id=6104, stack(0x000000a322900000,0x000000a322a00000) (1024K)]
  0x0000028a39ae4dd0 ConcurrentGCThread "G1 Main Marker"            [id=15232, stack(0x000000a320900000,0x000000a320a00000) (1024K)]
  0x0000028a39ae5770 WorkerThread "G1 Conc#0"                       [id=8424, stack(0x000000a320a00000,0x000000a320b00000) (1024K)]
  0x0000028a51da13e0 ConcurrentGCThread "G1 Refine#0"               [id=12944, stack(0x000000a320b00000,0x000000a320c00000) (1024K)]
  0x0000028a51da1d00 ConcurrentGCThread "G1 Service"                [id=4564, stack(0x000000a320c00000,0x000000a320d00000) (1024K)]
Total: 14

Threads with active compile tasks:
C2 CompilerThread0     7889 1649       4       java.lang.invoke.MethodType::makeImpl (109 bytes)
C1 CompilerThread0     7889 1751       3       jdk.internal.misc.Unsafe::copyMemory (33 bytes)
Total: 2

VM state: not at safepoint (normal execution)

VM Mutex/Monitor currently owned by a thread: None

Heap address: 0x0000000080000000, size: 2048 MB, Compressed Oops mode: 32-bit

CDS archive(s) not mapped
Compressed class space mapped at: 0x0000000100000000-0x0000000140000000, reserved size: 1073741824
Narrow klass base: 0x0000000000000000, Narrow klass shift: 3, Narrow klass range: 0x140000000

GC Precious Log:
 CardTable entry size: 512
 Card Set container configuration: InlinePtr #cards 5 size 8 Array Of Cards #cards 12 size 40 Howl #buckets 4 coarsen threshold 1843 Howl Bitmap #cards 512 size 80 coarsen threshold 460 Card regions per heap region 1 cards per card region 2048
 CPUs: 8 total, 8 available
 Memory: 8014M
 Large Page Support: Disabled
 NUMA Support: Disabled
 Compressed Oops: Enabled (32-bit)
 Heap Region Size: 1M
 Heap Min Capacity: 128M
 Heap Initial Capacity: 128M
 Heap Max Capacity: 2G
 Pre-touch: Disabled
 Parallel Workers: 8
 Concurrent Workers: 2
 Concurrent Refinement Workers: 8
 Periodic GC: Disabled

Heap:
 garbage-first heap   total 131072K, used 19456K [0x0000000080000000, 0x0000000100000000)
  region size 1024K, 14 young (14336K), 3 survivors (3072K)
 Metaspace       used 20404K, committed 20864K, reserved 1114112K
  class space    used 2105K, committed 2304K, reserved 1048576K

Heap Regions: E=young(eden), S=young(survivor), O=old, HS=humongous(starts), HC=humongous(continues), CS=collection set, F=free, TAMS=top-at-mark-start, PB=parsable bottom
|   0|0x0000000080000000, 0x0000000080100000, 0x0000000080100000|100%|HS|  |TAMS 0x0000000080000000| PB 0x0000000080000000| Complete 
|   1|0x0000000080100000, 0x0000000080200000, 0x0000000080200000|100%|HC|  |TAMS 0x0000000080100000| PB 0x0000000080100000| Complete 
|   2|0x0000000080200000, 0x0000000080300000, 0x0000000080300000|100%|HS|  |TAMS 0x0000000080200000| PB 0x0000000080200000| Complete 
|   3|0x0000000080300000, 0x0000000080400000, 0x0000000080400000|100%|HS|  |TAMS 0x0000000080300000| PB 0x0000000080300000| Complete 
|   4|0x0000000080400000, 0x0000000080500000, 0x0000000080500000|100%| O|  |TAMS 0x0000000080400000| PB 0x0000000080400000| Untracked 
|   5|0x0000000080500000, 0x0000000080600000, 0x0000000080600000|100%| O|  |TAMS 0x0000000080500000| PB 0x0000000080500000| Untracked 
|   6|0x0000000080600000, 0x0000000080600000, 0x0000000080700000|  0%| F|  |TAMS 0x0000000080600000| PB 0x0000000080600000| Untracked 
|   7|0x0000000080700000, 0x0000000080700000, 0x0000000080800000|  0%| F|  |TAMS 0x0000000080700000| PB 0x0000000080700000| Untracked 
|   8|0x0000000080800000, 0x0000000080800000, 0x0000000080900000|  0%| F|  |TAMS 0x0000000080800000| PB 0x0000000080800000| Untracked 
|   9|0x0000000080900000, 0x0000000080900000, 0x0000000080a00000|  0%| F|  |TAMS 0x0000000080900000| PB 0x0000000080900000| Untracked 
|  10|0x0000000080a00000, 0x0000000080a00000, 0x0000000080b00000|  0%| F|  |TAMS 0x0000000080a00000| PB 0x0000000080a00000| Untracked 
|  11|0x0000000080b00000, 0x0000000080b00000, 0x0000000080c00000|  0%| F|  |TAMS 0x0000000080b00000| PB 0x0000000080b00000| Untracked 
|  12|0x0000000080c00000, 0x0000000080c00000, 0x0000000080d00000|  0%| F|  |TAMS 0x0000000080c00000| PB 0x0000000080c00000| Untracked 
|  13|0x0000000080d00000, 0x0000000080d00000, 0x0000000080e00000|  0%| F|  |TAMS 0x0000000080d00000| PB 0x0000000080d00000| Untracked 
|  14|0x0000000080e00000, 0x0000000080e00000, 0x0000000080f00000|  0%| F|  |TAMS 0x0000000080e00000| PB 0x0000000080e00000| Untracked 
|  15|0x0000000080f00000, 0x0000000080f00000, 0x0000000081000000|  0%| F|  |TAMS 0x0000000080f00000| PB 0x0000000080f00000| Untracked 
|  16|0x0000000081000000, 0x0000000081000000, 0x0000000081100000|  0%| F|  |TAMS 0x0000000081000000| PB 0x0000000081000000| Untracked 
|  17|0x0000000081100000, 0x0000000081100000, 0x0000000081200000|  0%| F|  |TAMS 0x0000000081100000| PB 0x0000000081100000| Untracked 
|  18|0x0000000081200000, 0x0000000081200000, 0x0000000081300000|  0%| F|  |TAMS 0x0000000081200000| PB 0x0000000081200000| Untracked 
|  19|0x0000000081300000, 0x0000000081300000, 0x0000000081400000|  0%| F|  |TAMS 0x0000000081300000| PB 0x0000000081300000| Untracked 
|  20|0x0000000081400000, 0x0000000081400000, 0x0000000081500000|  0%| F|  |TAMS 0x0000000081400000| PB 0x0000000081400000| Untracked 
|  21|0x0000000081500000, 0x0000000081500000, 0x0000000081600000|  0%| F|  |TAMS 0x0000000081500000| PB 0x0000000081500000| Untracked 
|  22|0x0000000081600000, 0x0000000081600000, 0x0000000081700000|  0%| F|  |TAMS 0x0000000081600000| PB 0x0000000081600000| Untracked 
|  23|0x0000000081700000, 0x0000000081700000, 0x0000000081800000|  0%| F|  |TAMS 0x0000000081700000| PB 0x0000000081700000| Untracked 
|  24|0x0000000081800000, 0x0000000081800000, 0x0000000081900000|  0%| F|  |TAMS 0x0000000081800000| PB 0x0000000081800000| Untracked 
|  25|0x0000000081900000, 0x0000000081900000, 0x0000000081a00000|  0%| F|  |TAMS 0x0000000081900000| PB 0x0000000081900000| Untracked 
|  26|0x0000000081a00000, 0x0000000081a00000, 0x0000000081b00000|  0%| F|  |TAMS 0x0000000081a00000| PB 0x0000000081a00000| Untracked 
|  27|0x0000000081b00000, 0x0000000081b00000, 0x0000000081c00000|  0%| F|  |TAMS 0x0000000081b00000| PB 0x0000000081b00000| Untracked 
|  28|0x0000000081c00000, 0x0000000081c00000, 0x0000000081d00000|  0%| F|  |TAMS 0x0000000081c00000| PB 0x0000000081c00000| Untracked 
|  29|0x0000000081d00000, 0x0000000081d00000, 0x0000000081e00000|  0%| F|  |TAMS 0x0000000081d00000| PB 0x0000000081d00000| Untracked 
|  30|0x0000000081e00000, 0x0000000081e00000, 0x0000000081f00000|  0%| F|  |TAMS 0x0000000081e00000| PB 0x0000000081e00000| Untracked 
|  31|0x0000000081f00000, 0x0000000081f00000, 0x0000000082000000|  0%| F|  |TAMS 0x0000000081f00000| PB 0x0000000081f00000| Untracked 
|  32|0x0000000082000000, 0x0000000082000000, 0x0000000082100000|  0%| F|  |TAMS 0x0000000082000000| PB 0x0000000082000000| Untracked 
|  33|0x0000000082100000, 0x0000000082100000, 0x0000000082200000|  0%| F|  |TAMS 0x0000000082100000| PB 0x0000000082100000| Untracked 
|  34|0x0000000082200000, 0x0000000082200000, 0x0000000082300000|  0%| F|  |TAMS 0x0000000082200000| PB 0x0000000082200000| Untracked 
|  35|0x0000000082300000, 0x0000000082300000, 0x0000000082400000|  0%| F|  |TAMS 0x0000000082300000| PB 0x0000000082300000| Untracked 
|  36|0x0000000082400000, 0x0000000082400000, 0x0000000082500000|  0%| F|  |TAMS 0x0000000082400000| PB 0x0000000082400000| Untracked 
|  37|0x0000000082500000, 0x0000000082500000, 0x0000000082600000|  0%| F|  |TAMS 0x0000000082500000| PB 0x0000000082500000| Untracked 
|  38|0x0000000082600000, 0x0000000082600000, 0x0000000082700000|  0%| F|  |TAMS 0x0000000082600000| PB 0x0000000082600000| Untracked 
|  39|0x0000000082700000, 0x0000000082700000, 0x0000000082800000|  0%| F|  |TAMS 0x0000000082700000| PB 0x0000000082700000| Untracked 
|  40|0x0000000082800000, 0x0000000082800000, 0x0000000082900000|  0%| F|  |TAMS 0x0000000082800000| PB 0x0000000082800000| Untracked 
|  41|0x0000000082900000, 0x0000000082900000, 0x0000000082a00000|  0%| F|  |TAMS 0x0000000082900000| PB 0x0000000082900000| Untracked 
|  42|0x0000000082a00000, 0x0000000082a00000, 0x0000000082b00000|  0%| F|  |TAMS 0x0000000082a00000| PB 0x0000000082a00000| Untracked 
|  43|0x0000000082b00000, 0x0000000082b00000, 0x0000000082c00000|  0%| F|  |TAMS 0x0000000082b00000| PB 0x0000000082b00000| Untracked 
|  44|0x0000000082c00000, 0x0000000082c00000, 0x0000000082d00000|  0%| F|  |TAMS 0x0000000082c00000| PB 0x0000000082c00000| Untracked 
|  45|0x0000000082d00000, 0x0000000082d00000, 0x0000000082e00000|  0%| F|  |TAMS 0x0000000082d00000| PB 0x0000000082d00000| Untracked 
|  46|0x0000000082e00000, 0x0000000082e00000, 0x0000000082f00000|  0%| F|  |TAMS 0x0000000082e00000| PB 0x0000000082e00000| Untracked 
|  47|0x0000000082f00000, 0x0000000082f00000, 0x0000000083000000|  0%| F|  |TAMS 0x0000000082f00000| PB 0x0000000082f00000| Untracked 
|  48|0x0000000083000000, 0x0000000083000000, 0x0000000083100000|  0%| F|  |TAMS 0x0000000083000000| PB 0x0000000083000000| Untracked 
|  49|0x0000000083100000, 0x0000000083100000, 0x0000000083200000|  0%| F|  |TAMS 0x0000000083100000| PB 0x0000000083100000| Untracked 
|  50|0x0000000083200000, 0x0000000083200000, 0x0000000083300000|  0%| F|  |TAMS 0x0000000083200000| PB 0x0000000083200000| Untracked 
|  51|0x0000000083300000, 0x0000000083300000, 0x0000000083400000|  0%| F|  |TAMS 0x0000000083300000| PB 0x0000000083300000| Untracked 
|  52|0x0000000083400000, 0x0000000083400000, 0x0000000083500000|  0%| F|  |TAMS 0x0000000083400000| PB 0x0000000083400000| Untracked 
|  53|0x0000000083500000, 0x0000000083500000, 0x0000000083600000|  0%| F|  |TAMS 0x0000000083500000| PB 0x0000000083500000| Untracked 
|  54|0x0000000083600000, 0x0000000083600000, 0x0000000083700000|  0%| F|  |TAMS 0x0000000083600000| PB 0x0000000083600000| Untracked 
|  55|0x0000000083700000, 0x0000000083700000, 0x0000000083800000|  0%| F|  |TAMS 0x0000000083700000| PB 0x0000000083700000| Untracked 
|  56|0x0000000083800000, 0x0000000083800000, 0x0000000083900000|  0%| F|  |TAMS 0x0000000083800000| PB 0x0000000083800000| Untracked 
|  57|0x0000000083900000, 0x0000000083900000, 0x0000000083a00000|  0%| F|  |TAMS 0x0000000083900000| PB 0x0000000083900000| Untracked 
|  58|0x0000000083a00000, 0x0000000083a00000, 0x0000000083b00000|  0%| F|  |TAMS 0x0000000083a00000| PB 0x0000000083a00000| Untracked 
|  59|0x0000000083b00000, 0x0000000083b00000, 0x0000000083c00000|  0%| F|  |TAMS 0x0000000083b00000| PB 0x0000000083b00000| Untracked 
|  60|0x0000000083c00000, 0x0000000083c00000, 0x0000000083d00000|  0%| F|  |TAMS 0x0000000083c00000| PB 0x0000000083c00000| Untracked 
|  61|0x0000000083d00000, 0x0000000083d00000, 0x0000000083e00000|  0%| F|  |TAMS 0x0000000083d00000| PB 0x0000000083d00000| Untracked 
|  62|0x0000000083e00000, 0x0000000083e00000, 0x0000000083f00000|  0%| F|  |TAMS 0x0000000083e00000| PB 0x0000000083e00000| Untracked 
|  63|0x0000000083f00000, 0x0000000083f00000, 0x0000000084000000|  0%| F|  |TAMS 0x0000000083f00000| PB 0x0000000083f00000| Untracked 
|  64|0x0000000084000000, 0x0000000084000000, 0x0000000084100000|  0%| F|  |TAMS 0x0000000084000000| PB 0x0000000084000000| Untracked 
|  65|0x0000000084100000, 0x0000000084100000, 0x0000000084200000|  0%| F|  |TAMS 0x0000000084100000| PB 0x0000000084100000| Untracked 
|  66|0x0000000084200000, 0x0000000084200000, 0x0000000084300000|  0%| F|  |TAMS 0x0000000084200000| PB 0x0000000084200000| Untracked 
|  67|0x0000000084300000, 0x0000000084300000, 0x0000000084400000|  0%| F|  |TAMS 0x0000000084300000| PB 0x0000000084300000| Untracked 
|  68|0x0000000084400000, 0x0000000084400000, 0x0000000084500000|  0%| F|  |TAMS 0x0000000084400000| PB 0x0000000084400000| Untracked 
|  69|0x0000000084500000, 0x0000000084500000, 0x0000000084600000|  0%| F|  |TAMS 0x0000000084500000| PB 0x0000000084500000| Untracked 
|  70|0x0000000084600000, 0x0000000084600000, 0x0000000084700000|  0%| F|  |TAMS 0x0000000084600000| PB 0x0000000084600000| Untracked 
|  71|0x0000000084700000, 0x0000000084700000, 0x0000000084800000|  0%| F|  |TAMS 0x0000000084700000| PB 0x0000000084700000| Untracked 
|  72|0x0000000084800000, 0x0000000084800000, 0x0000000084900000|  0%| F|  |TAMS 0x0000000084800000| PB 0x0000000084800000| Untracked 
|  73|0x0000000084900000, 0x0000000084900000, 0x0000000084a00000|  0%| F|  |TAMS 0x0000000084900000| PB 0x0000000084900000| Untracked 
|  74|0x0000000084a00000, 0x0000000084a00000, 0x0000000084b00000|  0%| F|  |TAMS 0x0000000084a00000| PB 0x0000000084a00000| Untracked 
|  75|0x0000000084b00000, 0x0000000084b00000, 0x0000000084c00000|  0%| F|  |TAMS 0x0000000084b00000| PB 0x0000000084b00000| Untracked 
|  76|0x0000000084c00000, 0x0000000084c00000, 0x0000000084d00000|  0%| F|  |TAMS 0x0000000084c00000| PB 0x0000000084c00000| Untracked 
|  77|0x0000000084d00000, 0x0000000084d00000, 0x0000000084e00000|  0%| F|  |TAMS 0x0000000084d00000| PB 0x0000000084d00000| Untracked 
|  78|0x0000000084e00000, 0x0000000084e00000, 0x0000000084f00000|  0%| F|  |TAMS 0x0000000084e00000| PB 0x0000000084e00000| Untracked 
|  79|0x0000000084f00000, 0x0000000084f00000, 0x0000000085000000|  0%| F|  |TAMS 0x0000000084f00000| PB 0x0000000084f00000| Untracked 
|  80|0x0000000085000000, 0x0000000085000000, 0x0000000085100000|  0%| F|  |TAMS 0x0000000085000000| PB 0x0000000085000000| Untracked 
|  81|0x0000000085100000, 0x0000000085100000, 0x0000000085200000|  0%| F|  |TAMS 0x0000000085100000| PB 0x0000000085100000| Untracked 
|  82|0x0000000085200000, 0x0000000085200000, 0x0000000085300000|  0%| F|  |TAMS 0x0000000085200000| PB 0x0000000085200000| Untracked 
|  83|0x0000000085300000, 0x0000000085300000, 0x0000000085400000|  0%| F|  |TAMS 0x0000000085300000| PB 0x0000000085300000| Untracked 
|  84|0x0000000085400000, 0x0000000085400000, 0x0000000085500000|  0%| F|  |TAMS 0x0000000085400000| PB 0x0000000085400000| Untracked 
|  85|0x0000000085500000, 0x0000000085500000, 0x0000000085600000|  0%| F|  |TAMS 0x0000000085500000| PB 0x0000000085500000| Untracked 
|  86|0x0000000085600000, 0x0000000085600000, 0x0000000085700000|  0%| F|  |TAMS 0x0000000085600000| PB 0x0000000085600000| Untracked 
|  87|0x0000000085700000, 0x0000000085700000, 0x0000000085800000|  0%| F|  |TAMS 0x0000000085700000| PB 0x0000000085700000| Untracked 
|  88|0x0000000085800000, 0x0000000085800000, 0x0000000085900000|  0%| F|  |TAMS 0x0000000085800000| PB 0x0000000085800000| Untracked 
|  89|0x0000000085900000, 0x0000000085900000, 0x0000000085a00000|  0%| F|  |TAMS 0x0000000085900000| PB 0x0000000085900000| Untracked 
|  90|0x0000000085a00000, 0x0000000085a00000, 0x0000000085b00000|  0%| F|  |TAMS 0x0000000085a00000| PB 0x0000000085a00000| Untracked 
|  91|0x0000000085b00000, 0x0000000085b00000, 0x0000000085c00000|  0%| F|  |TAMS 0x0000000085b00000| PB 0x0000000085b00000| Untracked 
|  92|0x0000000085c00000, 0x0000000085c00000, 0x0000000085d00000|  0%| F|  |TAMS 0x0000000085c00000| PB 0x0000000085c00000| Untracked 
|  93|0x0000000085d00000, 0x0000000085d00000, 0x0000000085e00000|  0%| F|  |TAMS 0x0000000085d00000| PB 0x0000000085d00000| Untracked 
|  94|0x0000000085e00000, 0x0000000085e00000, 0x0000000085f00000|  0%| F|  |TAMS 0x0000000085e00000| PB 0x0000000085e00000| Untracked 
|  95|0x0000000085f00000, 0x0000000085f00000, 0x0000000086000000|  0%| F|  |TAMS 0x0000000085f00000| PB 0x0000000085f00000| Untracked 
|  96|0x0000000086000000, 0x0000000086000000, 0x0000000086100000|  0%| F|  |TAMS 0x0000000086000000| PB 0x0000000086000000| Untracked 
|  97|0x0000000086100000, 0x0000000086100000, 0x0000000086200000|  0%| F|  |TAMS 0x0000000086100000| PB 0x0000000086100000| Untracked 
|  98|0x0000000086200000, 0x0000000086200000, 0x0000000086300000|  0%| F|  |TAMS 0x0000000086200000| PB 0x0000000086200000| Untracked 
|  99|0x0000000086300000, 0x0000000086300000, 0x0000000086400000|  0%| F|  |TAMS 0x0000000086300000| PB 0x0000000086300000| Untracked 
| 100|0x0000000086400000, 0x0000000086400000, 0x0000000086500000|  0%| F|  |TAMS 0x0000000086400000| PB 0x0000000086400000| Untracked 
| 101|0x0000000086500000, 0x0000000086500000, 0x0000000086600000|  0%| F|  |TAMS 0x0000000086500000| PB 0x0000000086500000| Untracked 
| 102|0x0000000086600000, 0x0000000086700000, 0x0000000086700000|100%| S|CS|TAMS 0x0000000086600000| PB 0x0000000086600000| Complete 
| 103|0x0000000086700000, 0x0000000086800000, 0x0000000086800000|100%| S|CS|TAMS 0x0000000086700000| PB 0x0000000086700000| Complete 
| 104|0x0000000086800000, 0x0000000086900000, 0x0000000086900000|100%| S|CS|TAMS 0x0000000086800000| PB 0x0000000086800000| Complete 
| 105|0x0000000086900000, 0x0000000086900000, 0x0000000086a00000|  0%| F|  |TAMS 0x0000000086900000| PB 0x0000000086900000| Untracked 
| 106|0x0000000086a00000, 0x0000000086a00000, 0x0000000086b00000|  0%| F|  |TAMS 0x0000000086a00000| PB 0x0000000086a00000| Untracked 
| 107|0x0000000086b00000, 0x0000000086b00000, 0x0000000086c00000|  0%| F|  |TAMS 0x0000000086b00000| PB 0x0000000086b00000| Untracked 
| 108|0x0000000086c00000, 0x0000000086c00000, 0x0000000086d00000|  0%| F|  |TAMS 0x0000000086c00000| PB 0x0000000086c00000| Untracked 
| 109|0x0000000086d00000, 0x0000000086d00000, 0x0000000086e00000|  0%| F|  |TAMS 0x0000000086d00000| PB 0x0000000086d00000| Untracked 
| 110|0x0000000086e00000, 0x0000000086e00000, 0x0000000086f00000|  0%| F|  |TAMS 0x0000000086e00000| PB 0x0000000086e00000| Untracked 
| 111|0x0000000086f00000, 0x0000000086f00000, 0x0000000087000000|  0%| F|  |TAMS 0x0000000086f00000| PB 0x0000000086f00000| Untracked 
| 112|0x0000000087000000, 0x0000000087000000, 0x0000000087100000|  0%| F|  |TAMS 0x0000000087000000| PB 0x0000000087000000| Untracked 
| 113|0x0000000087100000, 0x0000000087100000, 0x0000000087200000|  0%| F|  |TAMS 0x0000000087100000| PB 0x0000000087100000| Untracked 
| 114|0x0000000087200000, 0x0000000087200000, 0x0000000087300000|  0%| F|  |TAMS 0x0000000087200000| PB 0x0000000087200000| Untracked 
| 115|0x0000000087300000, 0x0000000087300000, 0x0000000087400000|  0%| F|  |TAMS 0x0000000087300000| PB 0x0000000087300000| Untracked 
| 116|0x0000000087400000, 0x0000000087400000, 0x0000000087500000|  0%| F|  |TAMS 0x0000000087400000| PB 0x0000000087400000| Untracked 
| 117|0x0000000087500000, 0x000000008753de20, 0x0000000087600000| 24%| E|  |TAMS 0x0000000087500000| PB 0x0000000087500000| Complete 
| 118|0x0000000087600000, 0x0000000087700000, 0x0000000087700000|100%| E|CS|TAMS 0x0000000087600000| PB 0x0000000087600000| Complete 
| 119|0x0000000087700000, 0x0000000087800000, 0x0000000087800000|100%| E|CS|TAMS 0x0000000087700000| PB 0x0000000087700000| Complete 
| 120|0x0000000087800000, 0x0000000087900000, 0x0000000087900000|100%| E|CS|TAMS 0x0000000087800000| PB 0x0000000087800000| Complete 
| 121|0x0000000087900000, 0x0000000087a00000, 0x0000000087a00000|100%| E|CS|TAMS 0x0000000087900000| PB 0x0000000087900000| Complete 
| 122|0x0000000087a00000, 0x0000000087b00000, 0x0000000087b00000|100%| E|CS|TAMS 0x0000000087a00000| PB 0x0000000087a00000| Complete 
| 123|0x0000000087b00000, 0x0000000087c00000, 0x0000000087c00000|100%| E|CS|TAMS 0x0000000087b00000| PB 0x0000000087b00000| Complete 
| 124|0x0000000087c00000, 0x0000000087d00000, 0x0000000087d00000|100%| E|CS|TAMS 0x0000000087c00000| PB 0x0000000087c00000| Complete 
| 125|0x0000000087d00000, 0x0000000087e00000, 0x0000000087e00000|100%| E|CS|TAMS 0x0000000087d00000| PB 0x0000000087d00000| Complete 
| 126|0x0000000087e00000, 0x0000000087f00000, 0x0000000087f00000|100%| E|CS|TAMS 0x0000000087e00000| PB 0x0000000087e00000| Complete 
| 127|0x0000000087f00000, 0x0000000088000000, 0x0000000088000000|100%| E|CS|TAMS 0x0000000087f00000| PB 0x0000000087f00000| Complete 

Card table byte_map: [0x0000028a4d0c0000,0x0000028a4d4c0000] _byte_map_base: 0x0000028a4ccc0000

Marking Bits: (CMBitMap*) 0x0000028a39ad4340
 Bits: [0x0000028a4d4c0000, 0x0000028a4f4c0000)

Polling page: 0x0000028a379d0000

Metaspace:

Usage:
  Non-class:     17.87 MB used.
      Class:      2.06 MB used.
       Both:     19.93 MB used.

Virtual space:
  Non-class space:       64.00 MB reserved,      18.12 MB ( 28%) committed,  1 nodes.
      Class space:        1.00 GB reserved,       2.25 MB ( <1%) committed,  1 nodes.
             Both:        1.06 GB reserved,      20.38 MB (  2%) committed. 

Chunk freelists:
   Non-Class:  12.98 MB
       Class:  13.73 MB
        Both:  26.71 MB

MaxMetaspaceSize: unlimited
CompressedClassSpaceSize: 1.00 GB
Initial GC threshold: 21.00 MB
Current GC threshold: 21.00 MB
CDS: off
 - commit_granule_bytes: 65536.
 - commit_granule_words: 8192.
 - virtual_space_node_default_size: 8388608.
 - enlarge_chunks_in_place: 1.
 - use_allocation_guard: 0.


Internal statistics:

num_allocs_failed_limit: 0.
num_arena_births: 490.
num_arena_deaths: 0.
num_vsnodes_births: 2.
num_vsnodes_deaths: 0.
num_space_committed: 326.
num_space_uncommitted: 0.
num_chunks_returned_to_freelist: 0.
num_chunks_taken_from_freelist: 928.
num_chunk_merges: 0.
num_chunk_splits: 532.
num_chunks_enlarged: 218.
num_inconsistent_stats: 0.

CodeHeap 'non-profiled nmethods': size=120000Kb used=561Kb max_used=561Kb free=119438Kb
 bounds [0x0000028a45460000, 0x0000028a456d0000, 0x0000028a4c990000]
CodeHeap 'profiled nmethods': size=120000Kb used=3310Kb max_used=3310Kb free=116689Kb
 bounds [0x0000028a3d990000, 0x0000028a3dcd0000, 0x0000028a44ec0000]
CodeHeap 'non-nmethods': size=5760Kb used=1426Kb max_used=1448Kb free=4333Kb
 bounds [0x0000028a44ec0000, 0x0000028a45130000, 0x0000028a45460000]
 total_blobs=2259 nmethods=1744 adapters=420
 compilation: enabled
              stopped_count=0, restarted_count=0
 full_count=0

Compilation events (20 events):
Event: 7.742 Thread 0x0000028a521076b0 1725       3       java.lang.Throwable::<init> (34 bytes)
Event: 7.743 Thread 0x0000028a521076b0 nmethod 1725 0x0000028a3dcbe590 code [0x0000028a3dcbe760, 0x0000028a3dcbeb28]
Event: 7.777 Thread 0x0000028a521076b0 1727       3       java.io.ObjectInputStream$BlockDataInputStream::peek (55 bytes)
Event: 7.778 Thread 0x0000028a521076b0 nmethod 1727 0x0000028a3dcbec10 code [0x0000028a3dcbede0, 0x0000028a3dcbf0b8]
Event: 7.778 Thread 0x0000028a521076b0 1728       1       java.io.ObjectStreamField::setOffset (6 bytes)
Event: 7.778 Thread 0x0000028a521076b0 nmethod 1728 0x0000028a454eb910 code [0x0000028a454ebaa0, 0x0000028a454ebb68]
Event: 7.810 Thread 0x0000028a521076b0 1729       3       java.lang.System$2::join (11 bytes)
Event: 7.813 Thread 0x0000028a521076b0 nmethod 1729 0x0000028a3dcbf210 code [0x0000028a3dcbf580, 0x0000028a3dcc0b38]
Event: 7.817 Thread 0x0000028a521076b0 1730       3       sun.security.provider.SHA::resetHashes (41 bytes)
Event: 7.818 Thread 0x0000028a521076b0 nmethod 1730 0x0000028a3dcc1690 code [0x0000028a3dcc1840, 0x0000028a3dcc1a08]
Event: 7.818 Thread 0x0000028a521076b0 1731       3       jdk.internal.reflect.ClassFileAssembler::emitConstantPoolClass (23 bytes)
Event: 7.819 Thread 0x0000028a521076b0 nmethod 1731 0x0000028a3dcc1b10 code [0x0000028a3dcc1d00, 0x0000028a3dcc2138]
Event: 7.819 Thread 0x0000028a521076b0 1732       3       jdk.internal.reflect.ClassFileAssembler::incStack (11 bytes)
Event: 7.819 Thread 0x0000028a521076b0 nmethod 1732 0x0000028a3dcc2390 code [0x0000028a3dcc2540, 0x0000028a3dcc2700]
Event: 7.829 Thread 0x0000028a521076b0 1733       3       jdk.internal.loader.ClassLoaders::platformClassLoader (4 bytes)
Event: 7.829 Thread 0x0000028a521076b0 nmethod 1733 0x0000028a3dcc2790 code [0x0000028a3dcc2920, 0x0000028a3dcc2a18]
Event: 7.833 Thread 0x0000028a521076b0 1734       3       java.io.ObjectInputStream::readLong (8 bytes)
Event: 7.833 Thread 0x0000028a521076b0 nmethod 1734 0x0000028a3dcc2a90 code [0x0000028a3dcc2c40, 0x0000028a3dcc2d98]
Event: 7.833 Thread 0x0000028a521076b0 1735       3       java.lang.invoke.MethodHandles$Lookup::checkMethodName (45 bytes)
Event: 7.834 Thread 0x0000028a521076b0 nmethod 1735 0x0000028a3dcc2e90 code [0x0000028a3dcc30e0, 0x0000028a3dcc3788]

GC Heap History (2 events):
Event: 6.203 GC heap before
{Heap before GC invocations=0 (full 0):
 garbage-first heap   total 131072K, used 26624K [0x0000000080000000, 0x0000000100000000)
  region size 1024K, 23 young (23552K), 0 survivors (0K)
 Metaspace       used 17334K, committed 17728K, reserved 1114112K
  class space    used 1802K, committed 1984K, reserved 1048576K
}
Event: 6.504 GC heap after
{Heap after GC invocations=1 (full 0):
 garbage-first heap   total 131072K, used 9216K [0x0000000080000000, 0x0000000100000000)
  region size 1024K, 3 young (3072K), 3 survivors (3072K)
 Metaspace       used 17334K, committed 17728K, reserved 1114112K
  class space    used 1802K, committed 1984K, reserved 1048576K
}

Dll operation events (2 events):
Event: 0.016 Loaded shared library C:\Program Files\JetBrains\IntelliJ IDEA 2024.2.0.2\jbr\bin\java.dll
Event: 0.027 Loaded shared library C:\Program Files\JetBrains\IntelliJ IDEA 2024.2.0.2\jbr\bin\zip.dll

Deoptimization events (20 events):
Event: 4.580 Thread 0x0000028a527b6280 Uncommon trap: trap_request=0xffffff45 fr.pc=0x0000028a4548a15c relative=0x0000000000000cbc
Event: 4.580 Thread 0x0000028a527b6280 Uncommon trap: reason=unstable_if action=reinterpret pc=0x0000028a4548a15c method=java.util.concurrent.ConcurrentHashMap.putVal(Ljava/lang/Object;Ljava/lang/Object;Z)Ljava/lang/Object; @ 97 c2
Event: 4.580 Thread 0x0000028a527b6280 DEOPT PACKING pc=0x0000028a4548a15c sp=0x000000a321efd9f0
Event: 4.580 Thread 0x0000028a527b6280 DEOPT UNPACKING pc=0x0000028a44f146a2 sp=0x000000a321efd968 mode 2
Event: 6.539 Thread 0x0000028a52b3bef0 Uncommon trap: trap_request=0xffffff45 fr.pc=0x0000028a454cab9c relative=0x000000000000025c
Event: 6.539 Thread 0x0000028a52b3bef0 Uncommon trap: reason=unstable_if action=reinterpret pc=0x0000028a454cab9c method=jdk.internal.org.objectweb.asm.Frame.push(I)V @ 26 c2
Event: 6.540 Thread 0x0000028a52b3bef0 DEOPT PACKING pc=0x0000028a454cab9c sp=0x000000a3221fa9a0
Event: 6.540 Thread 0x0000028a52b3bef0 DEOPT UNPACKING pc=0x0000028a44f146a2 sp=0x000000a3221fa948 mode 2
Event: 6.864 Thread 0x0000028a52b3bef0 Uncommon trap: trap_request=0xffffff45 fr.pc=0x0000028a454cd0a0 relative=0x0000000000000200
Event: 6.864 Thread 0x0000028a52b3bef0 Uncommon trap: reason=unstable_if action=reinterpret pc=0x0000028a454cd0a0 method=java.lang.StringUTF16.compress([CI[BII)I @ 20 c2
Event: 6.864 Thread 0x0000028a52b3bef0 DEOPT PACKING pc=0x0000028a454cd0a0 sp=0x000000a3221faef0
Event: 6.864 Thread 0x0000028a52b3bef0 DEOPT UNPACKING pc=0x0000028a44f146a2 sp=0x000000a3221fae60 mode 2
Event: 7.305 Thread 0x0000028a52b3bef0 Uncommon trap: trap_request=0xffffff45 fr.pc=0x0000028a454c0ff0 relative=0x0000000000000db0
Event: 7.305 Thread 0x0000028a52b3bef0 Uncommon trap: reason=unstable_if action=reinterpret pc=0x0000028a454c0ff0 method=jdk.internal.org.objectweb.asm.Frame.execute(IILjdk/internal/org/objectweb/asm/Symbol;Ljdk/internal/org/objectweb/asm/SymbolTable;)V @ 1 c2
Event: 7.305 Thread 0x0000028a52b3bef0 DEOPT PACKING pc=0x0000028a454c0ff0 sp=0x000000a3221fd960
Event: 7.305 Thread 0x0000028a52b3bef0 DEOPT UNPACKING pc=0x0000028a44f146a2 sp=0x000000a3221fd8c8 mode 2
Event: 7.570 Thread 0x0000028a52b3bef0 DEOPT PACKING pc=0x0000028a3daeab93 sp=0x000000a3221fdd20
Event: 7.570 Thread 0x0000028a52b3bef0 DEOPT UNPACKING pc=0x0000028a44f14e42 sp=0x000000a3221fd1b8 mode 0
Event: 7.690 Thread 0x0000028a52b3bef0 DEOPT PACKING pc=0x0000028a3daeab93 sp=0x000000a3221fdcf0
Event: 7.690 Thread 0x0000028a52b3bef0 DEOPT UNPACKING pc=0x0000028a44f14e42 sp=0x000000a3221fd188 mode 0

Classes loaded (20 events):
Event: 6.865 Loading class java/util/regex/Pattern$NFCCharProperty
Event: 6.865 Loading class java/util/regex/Pattern$NFCCharProperty done
Event: 6.872 Loading class java/lang/ArrayIndexOutOfBoundsException
Event: 6.872 Loading class java/lang/ArrayIndexOutOfBoundsException done
Event: 7.051 Loading class java/io/UnsupportedEncodingException
Event: 7.052 Loading class java/io/UnsupportedEncodingException done
Event: 7.052 Loading class java/nio/charset/CharacterCodingException
Event: 7.052 Loading class java/nio/charset/CharacterCodingException done
Event: 7.468 Loading class sun/invoke/util/ValueConversions$1
Event: 7.468 Loading class sun/invoke/util/ValueConversions$1 done
Event: 7.469 Loading class java/lang/invoke/BoundMethodHandle$Species_LI
Event: 7.469 Loading class java/lang/invoke/BoundMethodHandle$Species_LI done
Event: 7.469 Loading class java/lang/invoke/ClassSpecializer$Factory$1Var
Event: 7.470 Loading class java/lang/invoke/ClassSpecializer$Factory$1Var done
Event: 7.478 Loading class java/util/AbstractList$ListItr
Event: 7.479 Loading class java/util/AbstractList$ListItr done
Event: 7.501 Loading class java/util/function/UnaryOperator
Event: 7.501 Loading class java/util/function/UnaryOperator done
Event: 7.642 Loading class java/util/Calendar
Event: 7.644 Loading class java/util/Calendar done

Classes unloaded (0 events):
No events

Classes redefined (0 events):
No events

Internal exceptions (20 events):
Event: 5.011 Thread 0x0000028a52b3bef0 Exception <a 'java/lang/NoSuchMethodError'{0x0000000086e57818}: static [Ljava/rmi/server/ObjID;.<clinit>()V> (0x0000000086e57818) 
thrown [s\src\hotspot\share\prims\jni.cpp, line 1126]
Event: 5.025 Thread 0x0000028a52b3c580 Exception <a 'java/lang/NoSuchMethodError'{0x0000000086d7e120}: 'java.lang.Object java.lang.invoke.DirectMethodHandle$Holder.newInvokeSpecial(java.lang.Object, java.lang.Object, int, java.lang.Object, long)'> (0x0000000086d7e120) 
thrown [s\src\hotspot\share\interpreter\linkResolver.cpp, line 784]
Event: 5.027 Thread 0x0000028a52b3bef0 Exception <a 'java/lang/NoSuchMethodError'{0x0000000086e6eb30}: 'void java.lang.invoke.Invokers$Holder.linkToTargetMethod(java.lang.Object, java.lang.Object)'> (0x0000000086e6eb30) 
thrown [s\src\hotspot\share\interpreter\linkResolver.cpp, line 784]
Event: 5.103 Thread 0x0000028a52b3bef0 Exception <a 'java/lang/NoSuchMethodError'{0x0000000086c1d048}: 'java.lang.Object java.lang.invoke.DirectMethodHandle$Holder.invokeInterface(java.lang.Object, java.lang.Object, java.lang.Object, java.lang.Object, java.lang.Object)'> (0x0000000086c1d048) 
thrown [s\src\hotspot\share\interpreter\linkResolver.cpp, line 784]
Event: 5.106 Thread 0x0000028a52b3bef0 Exception <a 'java/lang/NoSuchMethodError'{0x0000000086c30150}: 'java.lang.Object java.lang.invoke.Invokers$Holder.invokeExact_MT(java.lang.Object, java.lang.Object, java.lang.Object, java.lang.Object, java.lang.Object, java.lang.Object)'> (0x0000000086c30150) 
thrown [s\src\hotspot\share\interpreter\linkResolver.cpp, line 784]
Event: 6.133 Thread 0x0000028a52b3bef0 Exception <a 'java/lang/NoSuchMethodError'{0x000000008698db88}: 'void java.lang.invoke.Invokers$Holder.invokeExact_MT(java.lang.Object, java.lang.Object, java.lang.Object, java.lang.Object)'> (0x000000008698db88) 
thrown [s\src\hotspot\share\interpreter\linkResolver.cpp, line 784]
Event: 6.158 Thread 0x0000028a52b3bef0 Exception <a 'java/lang/NoSuchMethodError'{0x00000000869c7c28}: 'void java.lang.invoke.DelegatingMethodHandle$Holder.reinvoke_L(java.lang.Object, java.lang.Object, int)'> (0x00000000869c7c28) 
thrown [s\src\hotspot\share\interpreter\linkResolver.cpp, line 784]
Event: 6.159 Thread 0x0000028a52b3bef0 Exception <a 'java/lang/NoSuchMethodError'{0x00000000869ce4a8}: 'int java.lang.invoke.Invokers$Holder.invokeExact_MT(java.lang.Object, java.lang.Object, java.lang.Object)'> (0x00000000869ce4a8) 
thrown [s\src\hotspot\share\interpreter\linkResolver.cpp, line 784]
Event: 6.715 Thread 0x0000028a52b3bef0 Exception <a 'java/lang/NoSuchMethodError'{0x0000000087de1f98}: 'java.lang.Object java.lang.invoke.DirectMethodHandle$Holder.newInvokeSpecial(java.lang.Object, java.lang.Object, java.lang.Object, java.lang.Object, int)'> (0x0000000087de1f98) 
thrown [s\src\hotspot\share\interpreter\linkResolver.cpp, line 784]
Event: 6.841 Thread 0x0000028a52b3bef0 Exception <a 'java/lang/NoSuchMethodError'{0x0000000087b4cf58}: 'void java.lang.invoke.DirectMethodHandle$Holder.invokeStatic(java.lang.Object, java.lang.Object, java.lang.Object)'> (0x0000000087b4cf58) 
thrown [s\src\hotspot\share\interpreter\linkResolver.cpp, line 784]
Event: 7.023 Thread 0x0000028a52b3bef0 Exception <a 'java/lang/NoSuchMethodError'{0x0000000087ad0990}: 'java.lang.Object java.lang.invoke.DirectMethodHandle$Holder.invokeInterface(java.lang.Object, java.lang.Object, java.lang.Object)'> (0x0000000087ad0990) 
thrown [s\src\hotspot\share\interpreter\linkResolver.cpp, line 784]
Event: 7.035 Thread 0x0000028a52b3bef0 Exception <a 'java/lang/NoSuchMethodError'{0x0000000087adc550}: 'void java.lang.invoke.DirectMethodHandle$Holder.invokeInterface(java.lang.Object, java.lang.Object, java.lang.Object, java.lang.Object)'> (0x0000000087adc550) 
thrown [s\src\hotspot\share\interpreter\linkResolver.cpp, line 784]
Event: 7.035 Thread 0x0000028a52b3bef0 Exception <a 'java/lang/NoSuchMethodError'{0x0000000087ae03c0}: 'void java.lang.invoke.DirectMethodHandle$Holder.invokeSpecial(java.lang.Object, java.lang.Object, java.lang.Object, java.lang.Object, java.lang.Object)'> (0x0000000087ae03c0) 
thrown [s\src\hotspot\share\interpreter\linkResolver.cpp, line 784]
Event: 7.038 Thread 0x0000028a52b3bef0 Exception <a 'java/lang/NoSuchMethodError'{0x0000000087aee3e8}: 'java.lang.Object java.lang.invoke.Invokers$Holder.invokeExact_MT(java.lang.Object, java.lang.Object, java.lang.Object, java.lang.Object, java.lang.Object)'> (0x0000000087aee3e8) 
thrown [s\src\hotspot\share\interpreter\linkResolver.cpp, line 784]
Event: 7.278 Thread 0x0000028a52b3bef0 Exception <a 'java/lang/NoSuchMethodError'{0x00000000879058c8}: 'int java.lang.invoke.DirectMethodHandle$Holder.invokeInterface(java.lang.Object, java.lang.Object)'> (0x00000000879058c8) 
thrown [s\src\hotspot\share\interpreter\linkResolver.cpp, line 784]
Event: 7.467 Thread 0x0000028a52b3bef0 Exception <a 'java/lang/NoSuchMethodError'{0x000000008788e0c8}: 'int java.lang.invoke.DirectMethodHandle$Holder.invokeInterface(java.lang.Object, java.lang.Object, int)'> (0x000000008788e0c8) 
thrown [s\src\hotspot\share\interpreter\linkResolver.cpp, line 784]
Event: 7.469 Thread 0x0000028a52b3bef0 Exception <a 'java/lang/NoSuchMethodError'{0x00000000878920a8}: 'int java.lang.invoke.DirectMethodHandle$Holder.invokeSpecial(java.lang.Object, java.lang.Object, java.lang.Object, int)'> (0x00000000878920a8) 
thrown [s\src\hotspot\share\interpreter\linkResolver.cpp, line 784]
Event: 7.472 Thread 0x0000028a52b3bef0 Exception <a 'java/lang/NoSuchMethodError'{0x00000000878a3ce8}: 'java.lang.Object java.lang.invoke.DirectMethodHandle$Holder.invokeStatic(java.lang.Object, java.lang.Object, java.lang.Object, java.lang.Object, int)'> (0x00000000878a3ce8) 
thrown [s\src\hotspot\share\interpreter\linkResolver.cpp, line 784]
Event: 7.496 Thread 0x0000028a52b3bef0 Exception <a 'java/lang/NoSuchMethodError'{0x00000000878cfc40}: 'void java.lang.invoke.DirectMethodHandle$Holder.invokeInterface(java.lang.Object, java.lang.Object, int)'> (0x00000000878cfc40) 
thrown [s\src\hotspot\share\interpreter\linkResolver.cpp, line 784]
Event: 7.841 Thread 0x0000028a52b3bef0 Exception <a 'java/lang/NoSuchMethodError'{0x00000000876b3430}: 'java.lang.Object java.lang.invoke.DirectMethodHandle$Holder.invokeInterface(java.lang.Object, java.lang.Object, int)'> (0x00000000876b3430) 
thrown [s\src\hotspot\share\interpreter\linkResolver.cpp, line 784]

ZGC Phase Switch (0 events):
No events

VM Operations (20 events):
Event: 3.886 Executing VM operation: HandshakeAllThreads (Deoptimize)
Event: 3.886 Executing VM operation: HandshakeAllThreads (Deoptimize) done
Event: 3.886 Executing VM operation: Cleanup
Event: 3.886 Executing VM operation: Cleanup done
Event: 4.515 Executing VM operation: HandshakeAllThreads (Deoptimize)
Event: 4.515 Executing VM operation: HandshakeAllThreads (Deoptimize) done
Event: 4.516 Executing VM operation: HandshakeAllThreads (Deoptimize)
Event: 4.516 Executing VM operation: HandshakeAllThreads (Deoptimize) done
Event: 5.119 Executing VM operation: HandshakeAllThreads (Deoptimize)
Event: 5.119 Executing VM operation: HandshakeAllThreads (Deoptimize) done
Event: 5.119 Executing VM operation: Cleanup
Event: 5.119 Executing VM operation: Cleanup done
Event: 6.120 Executing VM operation: Cleanup
Event: 6.121 Executing VM operation: Cleanup done
Event: 6.203 Executing VM operation: G1CollectForAllocation (G1 Evacuation Pause)
Event: 6.504 Executing VM operation: G1CollectForAllocation (G1 Evacuation Pause) done
Event: 6.796 Executing VM operation: HandshakeAllThreads (Deoptimize)
Event: 6.796 Executing VM operation: HandshakeAllThreads (Deoptimize) done
Event: 7.796 Executing VM operation: Cleanup
Event: 7.796 Executing VM operation: Cleanup done

Events (20 events):
Event: 1.178 Thread 0x0000028a522da190 Thread added: 0x0000028a522da190
Event: 1.191 Thread 0x0000028a522db810 Thread added: 0x0000028a522db810
Event: 1.322 Loaded shared library C:\Program Files\JetBrains\IntelliJ IDEA 2024.2.0.2\jbr\bin\net.dll
Event: 1.443 Loaded shared library C:\Program Files\JetBrains\IntelliJ IDEA 2024.2.0.2\jbr\bin\nio.dll
Event: 1.526 Thread 0x0000028a52369640 Thread added: 0x0000028a52369640
Event: 1.692 Loaded shared library C:\Program Files\JetBrains\IntelliJ IDEA 2024.2.0.2\jbr\bin\zip.dll
Event: 1.854 Thread 0x0000028a52369640 Thread exited: 0x0000028a52369640
Event: 2.196 Loaded shared library C:\Program Files\JetBrains\IntelliJ IDEA 2024.2.0.2\jbr\bin\jimage.dll
Event: 4.169 Loaded shared library C:\Program Files\JetBrains\IntelliJ IDEA 2024.2.0.2\jbr\bin\extnet.dll
Event: 4.199 Thread 0x0000028a527b7370 Thread added: 0x0000028a527b7370
Event: 4.255 Thread 0x0000028a529a8630 Thread added: 0x0000028a529a8630
Event: 4.256 Thread 0x0000028a528da5c0 Thread added: 0x0000028a528da5c0
Event: 4.265 Loaded shared library C:\Program Files\JetBrains\IntelliJ IDEA 2024.2.0.2\jbr\bin\rmi.dll
Event: 4.267 Thread 0x0000028a528db040 Thread added: 0x0000028a528db040
Event: 4.516 Thread 0x0000028a527b5c10 Thread added: 0x0000028a527b5c10
Event: 4.517 Thread 0x0000028a527b6280 Thread added: 0x0000028a527b6280
Event: 4.624 Thread 0x0000028a52cefa90 Thread added: 0x0000028a52cefa90
Event: 4.678 Thread 0x0000028a52cf0310 Thread added: 0x0000028a52cf0310
Event: 4.685 Thread 0x0000028a52b3bef0 Thread added: 0x0000028a52b3bef0
Event: 4.980 Thread 0x0000028a52b3c580 Thread added: 0x0000028a52b3c580


Dynamic libraries:
0x00007ff78e530000 - 0x00007ff78e53a000 	C:\Program Files\JetBrains\IntelliJ IDEA 2024.2.0.2\jbr\bin\java.exe
0x00007ffcc1af0000 - 0x00007ffcc1d07000 	C:\WINDOWS\SYSTEM32\ntdll.dll
0x00007ffcbfbb0000 - 0x00007ffcbfc74000 	C:\WINDOWS\System32\KERNEL32.DLL
0x00007ffcbeed0000 - 0x00007ffcbf27d000 	C:\WINDOWS\System32\KERNELBASE.dll
0x00007ffcbf5c0000 - 0x00007ffcbf6d1000 	C:\WINDOWS\System32\ucrtbase.dll
0x00007ffcbb9f0000 - 0x00007ffcbba0b000 	C:\Program Files\JetBrains\IntelliJ IDEA 2024.2.0.2\jbr\bin\VCRUNTIME140.dll
0x00007ffcb3820000 - 0x00007ffcb3838000 	C:\Program Files\JetBrains\IntelliJ IDEA 2024.2.0.2\jbr\bin\jli.dll
0x00007ffcc0d20000 - 0x00007ffcc0ece000 	C:\WINDOWS\System32\USER32.dll
0x00007ffcbf3f0000 - 0x00007ffcbf416000 	C:\WINDOWS\System32\win32u.dll
0x00007ffca7990000 - 0x00007ffca7c23000 	C:\WINDOWS\WinSxS\amd64_microsoft.windows.common-controls_6595b64144ccf1df_6.0.22621.3672_none_2713b9d173822955\COMCTL32.dll
0x00007ffcc1740000 - 0x00007ffcc1769000 	C:\WINDOWS\System32\GDI32.dll
0x00007ffcbf840000 - 0x00007ffcbf8e7000 	C:\WINDOWS\System32\msvcrt.dll
0x00007ffcbf4a0000 - 0x00007ffcbf5b9000 	C:\WINDOWS\System32\gdi32full.dll
0x00007ffcbf6e0000 - 0x00007ffcbf77a000 	C:\WINDOWS\System32\msvcp_win.dll
0x00007ffcc1880000 - 0x00007ffcc18b1000 	C:\WINDOWS\System32\IMM32.DLL
0x00007ffcbb6c0000 - 0x00007ffcbb6cc000 	C:\Program Files\JetBrains\IntelliJ IDEA 2024.2.0.2\jbr\bin\vcruntime140_1.dll
0x00007ffc72f00000 - 0x00007ffc72f8d000 	C:\Program Files\JetBrains\IntelliJ IDEA 2024.2.0.2\jbr\bin\msvcp140.dll
0x00007ffc59fe0000 - 0x00007ffc5ad92000 	C:\Program Files\JetBrains\IntelliJ IDEA 2024.2.0.2\jbr\bin\server\jvm.dll
0x00007ffcc19f0000 - 0x00007ffcc1aa2000 	C:\WINDOWS\System32\ADVAPI32.dll
0x00007ffcc1770000 - 0x00007ffcc1819000 	C:\WINDOWS\System32\sechost.dll
0x00007ffcbf780000 - 0x00007ffcbf7a8000 	C:\WINDOWS\System32\bcrypt.dll
0x00007ffcbfa00000 - 0x00007ffcbfb14000 	C:\WINDOWS\System32\RPCRT4.dll
0x00007ffcbfe40000 - 0x00007ffcbfeb1000 	C:\WINDOWS\System32\WS2_32.dll
0x00007ffcbeb20000 - 0x00007ffcbeb6d000 	C:\WINDOWS\SYSTEM32\POWRPROF.dll
0x00007ffcb8ed0000 - 0x00007ffcb8f04000 	C:\WINDOWS\SYSTEM32\WINMM.dll
0x00007ffcb54b0000 - 0x00007ffcb54ba000 	C:\WINDOWS\SYSTEM32\VERSION.dll
0x00007ffcbea50000 - 0x00007ffcbea63000 	C:\WINDOWS\SYSTEM32\UMPDC.dll
0x00007ffcbde00000 - 0x00007ffcbde18000 	C:\WINDOWS\SYSTEM32\kernel.appcore.dll
0x00007ffcbb6b0000 - 0x00007ffcbb6ba000 	C:\Program Files\JetBrains\IntelliJ IDEA 2024.2.0.2\jbr\bin\jimage.dll
0x00007ffcbc2e0000 - 0x00007ffcbc512000 	C:\WINDOWS\SYSTEM32\DBGHELP.DLL
0x00007ffcc0830000 - 0x00007ffcc0bbd000 	C:\WINDOWS\System32\combase.dll
0x00007ffcc0020000 - 0x00007ffcc00f7000 	C:\WINDOWS\System32\OLEAUT32.dll
0x00007ffc8a1f0000 - 0x00007ffc8a222000 	C:\WINDOWS\SYSTEM32\dbgcore.DLL
0x00007ffcbf420000 - 0x00007ffcbf49b000 	C:\WINDOWS\System32\bcryptPrimitives.dll
0x00007ffcbb660000 - 0x00007ffcbb67f000 	C:\Program Files\JetBrains\IntelliJ IDEA 2024.2.0.2\jbr\bin\java.dll
0x00007ffcbb400000 - 0x00007ffcbb418000 	C:\Program Files\JetBrains\IntelliJ IDEA 2024.2.0.2\jbr\bin\zip.dll
0x00007ffcc0ed0000 - 0x00007ffcc1738000 	C:\WINDOWS\System32\SHELL32.dll
0x00007ffcbcd10000 - 0x00007ffcbd60e000 	C:\WINDOWS\SYSTEM32\windows.storage.dll
0x00007ffcbcbd0000 - 0x00007ffcbcd0f000 	C:\WINDOWS\SYSTEM32\wintypes.dll
0x00007ffcbff20000 - 0x00007ffcc0019000 	C:\WINDOWS\System32\SHCORE.dll
0x00007ffcbf8f0000 - 0x00007ffcbf94e000 	C:\WINDOWS\System32\shlwapi.dll
0x00007ffcbed40000 - 0x00007ffcbed61000 	C:\WINDOWS\SYSTEM32\profapi.dll
0x00007ffcbb3f0000 - 0x00007ffcbb400000 	C:\Program Files\JetBrains\IntelliJ IDEA 2024.2.0.2\jbr\bin\net.dll
0x00007ffcbaa40000 - 0x00007ffcbab76000 	C:\WINDOWS\SYSTEM32\WINHTTP.dll
0x00007ffcbe270000 - 0x00007ffcbe2d9000 	C:\WINDOWS\system32\mswsock.dll
0x00007ffcbb2b0000 - 0x00007ffcbb2c6000 	C:\Program Files\JetBrains\IntelliJ IDEA 2024.2.0.2\jbr\bin\nio.dll
0x00007ffcbd870000 - 0x00007ffcbd89d000 	C:\WINDOWS\SYSTEM32\IPHLPAPI.DLL
0x00007ffcc0820000 - 0x00007ffcc0829000 	C:\WINDOWS\System32\NSI.dll
0x00007ffcbe4f0000 - 0x00007ffcbe50b000 	C:\WINDOWS\SYSTEM32\CRYPTSP.dll
0x00007ffcbdd60000 - 0x00007ffcbdd95000 	C:\WINDOWS\system32\rsaenh.dll
0x00007ffcbe340000 - 0x00007ffcbe368000 	C:\WINDOWS\SYSTEM32\USERENV.dll
0x00007ffcbe510000 - 0x00007ffcbe51c000 	C:\WINDOWS\SYSTEM32\CRYPTBASE.dll
0x00007ffcba450000 - 0x00007ffcba459000 	C:\Program Files\JetBrains\IntelliJ IDEA 2024.2.0.2\jbr\bin\extnet.dll
0x00007ffcba2d0000 - 0x00007ffcba2d7000 	C:\Program Files\JetBrains\IntelliJ IDEA 2024.2.0.2\jbr\bin\rmi.dll
0x00007ffcbd8e0000 - 0x00007ffcbd9d8000 	C:\WINDOWS\SYSTEM32\DNSAPI.dll
0x00007ffcb7120000 - 0x00007ffcb712a000 	C:\Windows\System32\rasadhlp.dll
0x00007ffcba7a0000 - 0x00007ffcba823000 	C:\WINDOWS\System32\fwpuclnt.dll

dbghelp: loaded successfully - version: 4.0.5 - missing functions: none
symbol engine: initialized successfully - sym options: 0x614 - pdb path: .;C:\Program Files\JetBrains\IntelliJ IDEA 2024.2.0.2\jbr\bin;C:\WINDOWS\SYSTEM32;C:\WINDOWS\WinSxS\amd64_microsoft.windows.common-controls_6595b64144ccf1df_6.0.22621.3672_none_2713b9d173822955;C:\Program Files\JetBrains\IntelliJ IDEA 2024.2.0.2\jbr\bin\server

VM Arguments:
jvm_args: -Djava.rmi.server.hostname=127.0.0.1 -Duser.timezone=UTC -Xmx2048m -Xms128m -Djdbc.classpath=C:\Program Files\JetBrains\IntelliJ IDEA 2024.2.0.2\plugins\DatabaseTools\lib\jdbc-console.jar;C:\Users\HP\AppData\Roaming\JetBrains\IntelliJIdea2024.2\jdbc-drivers\MariaDB Connector J\3.3.3\org\mariadb\jdbc\mariadb-java-client\3.3.3\mariadb-java-client-3.3.3.jar;C:\Users\HP\AppData\Roaming\JetBrains\IntelliJIdea2024.2\jdbc-drivers\MariaDB Connector J\3.3.3\com\github\waffle\waffle-jna\3.3.0\waffle-jna-3.3.0.jar;C:\Users\HP\AppData\Roaming\JetBrains\IntelliJIdea2024.2\jdbc-drivers\MariaDB Connector J\3.3.3\net\java\dev\jna\jna\5.13.0\jna-5.13.0.jar;C:\Users\HP\AppData\Roaming\JetBrains\IntelliJIdea2024.2\jdbc-drivers\MariaDB Connector J\3.3.3\net\java\dev\jna\jna-platform\5.13.0\jna-platform-5.13.0.jar;C:\Users\HP\AppData\Roaming\JetBrains\IntelliJIdea2024.2\jdbc-drivers\MariaDB Connector J\3.3.3\org\slf4j\jcl-over-slf4j\2.0.7\jcl-over-slf4j-2.0.7.jar;C:\Users\HP\AppData\Roaming\JetBrains\IntelliJIdea2024.2\jdbc-drivers\MariaDB Connector J\3.3.3\org\slf4j\slf4j-api\2.0.7\slf4j-api-2.0.7.jar;C:\Users\HP\AppData\Roaming\JetBrains\IntelliJIdea2024.2\jdbc-drivers\MariaDB Connector J\3.3.3\com\github\ben-manes\caffeine\caffeine\2.9.3\caffeine-2.9.3.jar;C:\Users\HP\AppData\Roaming\JetBrains\IntelliJIdea2024.2\jdbc-drivers\MariaDB Connector J\3.3.3\com\google\errorprone\error_prone_annotations\2.10.0\error_prone_annotations-2.10.0.jar;C:\Users\HP\AppData\Roaming\JetBrains\IntelliJIdea2024.2\jdbc-drivers\MariaDB Connector J\3.3.3\org\checkerframework\checker-qual\3.32.0\checker-qual-3.32.0.jar --add-exports=java.desktop/sun.awt=ALL-UNNAMED --add-exports=java.desktop/java.awt.peer=ALL-UNNAMED --add-opens=java.desktop/java.awt=ALL-UNNAMED --add-opens=jdk.unsupported/sun.misc=ALL-UNNAMED --add-opens=java.base/java.nio=ALL-UNNAMED --add-opens=java.base/java.util=ALL-UNNAMED -Dfile.encoding=UTF-8 -Dsun.stdout.encoding=UTF-8 -Dsun.stderr.encoding=UTF-8 
java_command: com.intellij.database.remote.RemoteJdbcServer org.mariadb.jdbc.Driver
java_class_path (initial): C:\Program Files\JetBrains\IntelliJ IDEA 2024.2.0.2\lib\util_rt.jar;C:\Program Files\JetBrains\IntelliJ IDEA 2024.2.0.2\lib\util-8.jar;C:\Program Files\JetBrains\IntelliJ IDEA 2024.2.0.2\lib\groovy.jar;C:\Program Files\JetBrains\IntelliJ IDEA 2024.2.0.2\plugins\DatabaseTools\lib\jdbc-console.jar;C:\Program Files\JetBrains\IntelliJ IDEA 2024.2.0.2\plugins\grid-core-impl\lib\jdbc-console-types.jar;C:\Program Files\JetBrains\IntelliJ IDEA 2024.2.0.2\lib\util.jar;C:\Program Files\JetBrains\IntelliJ IDEA 2024.2.0.2\lib\bouncy-castle.jar
Launcher Type: SUN_STANDARD

[Global flags]
     intx CICompilerCount                          = 4                                         {product} {ergonomic}
     uint ConcGCThreads                            = 2                                         {product} {ergonomic}
     uint G1ConcRefinementThreads                  = 8                                         {product} {ergonomic}
   size_t G1HeapRegionSize                         = 1048576                                   {product} {ergonomic}
    uintx GCDrainStackTargetSize                   = 64                                        {product} {ergonomic}
   size_t InitialHeapSize                          = 134217728                                 {product} {command line}
   size_t MarkStackSize                            = 4194304                                   {product} {ergonomic}
   size_t MaxHeapSize                              = 2147483648                                {product} {command line}
   size_t MaxNewSize                               = 1287651328                                {product} {ergonomic}
   size_t MinHeapDeltaBytes                        = 1048576                                   {product} {ergonomic}
   size_t MinHeapSize                              = 134217728                                 {product} {command line}
    uintx NonNMethodCodeHeapSize                   = 5839372                                {pd product} {ergonomic}
    uintx NonProfiledCodeHeapSize                  = 122909434                              {pd product} {ergonomic}
    uintx ProfiledCodeHeapSize                     = 122909434                              {pd product} {ergonomic}
    uintx ReservedCodeCacheSize                    = 251658240                              {pd product} {ergonomic}
     bool SegmentedCodeCache                       = true                                      {product} {ergonomic}
   size_t SoftMaxHeapSize                          = 2147483648                             {manageable} {ergonomic}
     bool UseCompressedOops                        = true                           {product lp64_product} {ergonomic}
     bool UseG1GC                                  = true                                      {product} {ergonomic}
     bool UseLargePagesIndividualAllocation        = false                                  {pd product} {ergonomic}

Logging:
Log output configuration:
 #0: stdout all=warning uptime,level,tags foldmultilines=false
 #1: stderr all=off uptime,level,tags foldmultilines=false

Environment Variables:
JAVA_HOME=T:\ToolJava\jdk-17.0.8
PATH=C:\WINDOWS\system32;C:\WINDOWS;C:\WINDOWS\System32\Wbem;C:\WINDOWS\System32\WindowsPowerShell\v1.0\;C:\WINDOWS\System32\OpenSSH\;C:\Program Files\MongoDB\Server\tools\bin;C:\Program Files\MongoDB\Server\5.0\bin;C:\Program Files (x86)\Microsoft SQL Server\150\DTS\Binn\;C:\Program Files\Microsoft SQL Server\Client SDK\ODBC\170\Tools\Binn\;C:\Program Files (x86)\Microsoft SQL Server\150\Tools\Binn\;C:\Program Files\Microsoft SQL Server\150\Tools\Binn\;C:\Program Files\Microsoft SQL Server\150\DTS\Binn\;C:\Program Files\Azure Data Studio\bin;C:\Program Files\nodejs;C:\MinGW\bin;C:\Program Files\Git\cmd;T:\ToolJava\jdk-17.0.8\bin;C:\Program Files\HP\HP One Agent;C:\Program Files\Docker\Docker\resources\bin;T:\ToolJava\apache-maven-3.9.9\bin;C:\Users\HP\AppData\Local\Programs\Python\Python311\Scripts\;C:\Users\HP\AppData\Local\Programs\Python\Python311\;C:\Users\HP\AppData\Local\Microsoft\WindowsApps;C:\Program Files (x86)\CodeBlocks\MinGW\bin;C:\Program Files\Azure Data Studio\bin;C:\Program Files\MongoDB\Server\tools\bin;C:\Program Files\MongoDB\Server\5.0\bin;;T:\50_NguyenVanLoc\;C:\Users\HP\AppData\Local\Programs\Microsoft VS Code\bin;C:\Users\HP\AppData\Roaming\npm
USERNAME=HP
OS=Windows_NT
PROCESSOR_IDENTIFIER=Intel64 Family 6 Model 142 Stepping 12, GenuineIntel
TMP=C:\Users\HP\AppData\Local\Temp
TEMP=C:\Users\HP\AppData\Local\Temp




Periodic native trim disabled

JNI global refs:
JNI global refs: 17, weak refs: 0

JNI global refs memory usage: 835, weak refs: 201

Process memory usage:
Resident Set Size: 103880K (1% of 8206964K total physical memory with 403436K free physical memory)

OOME stack traces (most recent first):
Classloader memory used:
Loader bootstrap                                                                       : 15456K
Loader jdk.internal.loader.ClassLoaders$AppClassLoader                                 : 2909K
Loader com.intellij.database.remote.jdbc.impl.JdbcClassLoader$JdbcClassLoaderImpl      : 1660K
Loader jdk.internal.loader.ClassLoaders$PlatformClassLoader                            : 304K
Loader jdk.internal.reflect.DelegatingClassLoader                                      : 75248B
Loader com.intellij.database.remote.jdbc.impl.JdbcClassLoader$1                        : 7736B

---------------  S Y S T E M  ---------------

OS:
 Windows 11 , 64 bit Build 22621 (10.0.22621.3958)
OS uptime: 3 days 2:32 hours
Hyper-V role detected

CPU: total 8 (initial active 8) (4 cores per cpu, 2 threads per core) family 6 model 142 stepping 12 microcode 0xec, cx8, cmov, fxsr, ht, mmx, 3dnowpref, sse, sse2, sse3, ssse3, sse4.1, sse4.2, popcnt, lzcnt, tsc, tscinvbit, avx, avx2, aes, erms, clmul, bmi1, bmi2, adx, fma, vzeroupper, clflush, clflushopt, hv, rdtscp, f16c
Processor Information for all 8 processors :
  Max Mhz: 2112, Current Mhz: 1609, Mhz Limit: 1605

Memory: 4k page, system-wide physical 8014M (393M free)
TotalPageFile size 16014M (AvailPageFile size 8M)
current process WorkingSet (physical memory assigned to process): 101M, peak: 101M
current process commit charge ("private bytes"): 237M, peak: 239M

vm_info: OpenJDK 64-Bit Server VM (21.0.3+13-b509.4) for windows-amd64 JRE (21.0.3+13-b509.4), built on 2024-06-26 by "builduser" with MS VC++ 16.10 / 16.11 (VS2019)

END.
