#
# There is insufficient memory for the Java Runtime Environment to continue.
# Native memory allocation (malloc) failed to allocate 882832 bytes for Chunk::new
# Possible reasons:
#   The system is out of physical RAM or swap space
#   The process is running with CompressedOops enabled, and the Java Heap may be blocking the growth of the native heap
# Possible solutions:
#   Reduce memory load on the system
#   Increase physical memory or swap space
#   Check if swap backing store is full
#   Decrease Java heap size (-Xmx/-Xms)
#   Decrease number of Java threads
#   Decrease Java thread stack sizes (-Xss)
#   Set larger code cache with -XX:ReservedCodeCacheSize=
#   JVM is running with Unscaled Compressed Oops mode in which the Java heap is
#     placed in the first 4GB address space. The Java Heap base address is the
#     maximum limit for the native heap growth. Please use -XX:HeapBaseMinAddress
#     to set the Java Heap base and to place the Java Heap above 4GB virtual address.
# This output file may be truncated or incomplete.
#
#  Out of Memory Error (arena.cpp:189), pid=12388, tid=15572
#
# JRE version: Java(TM) SE Runtime Environment (17.0.8+9) (build 17.0.8+9-LTS-211)
# Java VM: Java HotSpot(TM) 64-Bit Server VM (17.0.8+9-LTS-211, mixed mode, sharing, tiered, compressed oops, compressed class ptrs, g1 gc, windows-amd64)
# No core dump will be written. Minidumps are not enabled by default on client versions of Windows
#

---------------  S U M M A R Y ------------

Command Line: --add-opens=java.base/java.util=ALL-UNNAMED --add-opens=java.base/java.lang=ALL-UNNAMED --add-opens=java.base/java.lang.invoke=ALL-UNNAMED --add-opens=java.prefs/java.util.prefs=ALL-UNNAMED --add-opens=java.base/java.nio.charset=ALL-UNNAMED --add-opens=java.base/java.net=ALL-UNNAMED --add-opens=java.base/java.util.concurrent.atomic=ALL-UNNAMED -XX:MaxMetaspaceSize=384m -XX:+HeapDumpOnOutOfMemoryError -Xms256m -Xmx512m -Dfile.encoding=UTF-8 -Duser.country=US -Duser.language=en -Duser.variant -javaagent:T:\ToolJava\gradle-8.8\wrapper\dists\gradle-8.8-bin\dl7vupf4psengwqhwktix4v1\gradle-8.8\lib\agents\gradle-instrumentation-agent-8.8.jar org.gradle.launcher.daemon.bootstrap.GradleDaemon 8.8

Host: Intel(R) Core(TM) i5-10210U CPU @ 1.60GHz, 8 cores, 7G,  Windows 11 , 64 bit Build 22621 (10.0.22621.3958)
Time: Sat Sep  7 21:06:38 2024 SE Asia Standard Time elapsed time: 10.182272 seconds (0d 0h 0m 10s)

---------------  T H R E A D  ---------------

Current thread (0x000001b7f5863620):  JavaThread "C2 CompilerThread0" daemon [_thread_in_native, id=15572, stack(0x000000ae2a700000,0x000000ae2a800000)]


Current CompileTask:
C2:  10182 3042   !   4       jdk.internal.loader.URLClassPath$JarLoader::getResource (354 bytes)

Stack: [0x000000ae2a700000,0x000000ae2a800000]
Native frames: (J=compiled Java code, j=interpreted, Vv=VM code, C=native code)
V  [jvm.dll+0x677d0a]
V  [jvm.dll+0x7d8c54]
V  [jvm.dll+0x7da3fe]
V  [jvm.dll+0x7daa63]
V  [jvm.dll+0x245c5f]
V  [jvm.dll+0xaaa6b]
V  [jvm.dll+0xab00c]
V  [jvm.dll+0x361e8e]
V  [jvm.dll+0x32c551]
V  [jvm.dll+0x32b9ea]
V  [jvm.dll+0x217fff]
V  [jvm.dll+0x217431]
V  [jvm.dll+0x1a3af0]
V  [jvm.dll+0x2270be]
V  [jvm.dll+0x22535b]
V  [jvm.dll+0x78e7bc]
V  [jvm.dll+0x788bba]
V  [jvm.dll+0x676b35]
C  [ucrtbase.dll+0x29333]
C  [KERNEL32.DLL+0x1257d]
C  [ntdll.dll+0x5af28]


---------------  P R O C E S S  ---------------

Threads class SMR info:
_java_thread_list=0x000001b7fd6934e0, length=32, elements={
0x000001b7e8005400, 0x000001b7f58384c0, 0x000001b7f5839330, 0x000001b7f5851e40,
0x000001b7f58529f0, 0x000001b7f58535a0, 0x000001b7f5855f60, 0x000001b7f5863620,
0x000001b7f58640c0, 0x000001b7f5866ec0, 0x000001b7f5826d10, 0x000001b7f5af65e0,
0x000001b7faa996d0, 0x000001b7fa2dca10, 0x000001b7fb4b6af0, 0x000001b7fb24ade0,
0x000001b7fb514bf0, 0x000001b7fb6d8630, 0x000001b7fb2fb850, 0x000001b7fa3d96f0,
0x000001b7fa3d9bc0, 0x000001b7fa3d9220, 0x000001b7fa3da560, 0x000001b7fa3d83b0,
0x000001b7fa3daa30, 0x000001b7fa3d7a10, 0x000001b7fa3d7ee0, 0x000001b7fa3d8d50,
0x000001b7fd3d3d90, 0x000001b7fd3d4260, 0x000001b7fd3d5a70, 0x000001b7fd3d33f0
}

Java Threads: ( => current thread )
  0x000001b7e8005400 JavaThread "main" [_thread_blocked, id=18508, stack(0x000000ae29a00000,0x000000ae29b00000)]
  0x000001b7f58384c0 JavaThread "Reference Handler" daemon [_thread_blocked, id=4172, stack(0x000000ae2a100000,0x000000ae2a200000)]
  0x000001b7f5839330 JavaThread "Finalizer" daemon [_thread_blocked, id=4904, stack(0x000000ae2a200000,0x000000ae2a300000)]
  0x000001b7f5851e40 JavaThread "Signal Dispatcher" daemon [_thread_blocked, id=14108, stack(0x000000ae2a300000,0x000000ae2a400000)]
  0x000001b7f58529f0 JavaThread "Attach Listener" daemon [_thread_blocked, id=13336, stack(0x000000ae2a400000,0x000000ae2a500000)]
  0x000001b7f58535a0 JavaThread "Service Thread" daemon [_thread_blocked, id=10996, stack(0x000000ae2a500000,0x000000ae2a600000)]
  0x000001b7f5855f60 JavaThread "Monitor Deflation Thread" daemon [_thread_blocked, id=4220, stack(0x000000ae2a600000,0x000000ae2a700000)]
=>0x000001b7f5863620 JavaThread "C2 CompilerThread0" daemon [_thread_in_native, id=15572, stack(0x000000ae2a700000,0x000000ae2a800000)]
  0x000001b7f58640c0 JavaThread "C1 CompilerThread0" daemon [_thread_blocked, id=14636, stack(0x000000ae2a800000,0x000000ae2a900000)]
  0x000001b7f5866ec0 JavaThread "Sweeper thread" daemon [_thread_blocked, id=20388, stack(0x000000ae2a900000,0x000000ae2aa00000)]
  0x000001b7f5826d10 JavaThread "Common-Cleaner" daemon [_thread_blocked, id=2720, stack(0x000000ae2aa00000,0x000000ae2ab00000)]
  0x000001b7f5af65e0 JavaThread "Notification Thread" daemon [_thread_blocked, id=9836, stack(0x000000ae2ab00000,0x000000ae2ac00000)]
  0x000001b7faa996d0 JavaThread "Daemon health stats" [_thread_blocked, id=7040, stack(0x000000ae2b300000,0x000000ae2b400000)]
  0x000001b7fa2dca10 JavaThread "Incoming local TCP Connector on port 51202" [_thread_in_native, id=13860, stack(0x000000ae2b400000,0x000000ae2b500000)]
  0x000001b7fb4b6af0 JavaThread "Daemon periodic checks" [_thread_blocked, id=18216, stack(0x000000ae2b500000,0x000000ae2b600000)]
  0x000001b7fb24ade0 JavaThread "Daemon" [_thread_blocked, id=7980, stack(0x000000ae2b600000,0x000000ae2b700000)]
  0x000001b7fb514bf0 JavaThread "Handler for socket connection from /127.0.0.1:51202 to /127.0.0.1:51203" [_thread_in_native, id=19884, stack(0x000000ae2b700000,0x000000ae2b800000)]
  0x000001b7fb6d8630 JavaThread "Cancel handler" [_thread_blocked, id=18084, stack(0x000000ae2b800000,0x000000ae2b900000)]
  0x000001b7fb2fb850 JavaThread "Daemon worker" [_thread_in_vm, id=18404, stack(0x000000ae2b900000,0x000000ae2ba00000)]
  0x000001b7fa3d96f0 JavaThread "Asynchronous log dispatcher for DefaultDaemonConnection: socket connection from /127.0.0.1:51202 to /127.0.0.1:51203" [_thread_blocked, id=14700, stack(0x000000ae2ba00000,0x000000ae2bb00000)]
  0x000001b7fa3d9bc0 JavaThread "Stdin handler" [_thread_blocked, id=3668, stack(0x000000ae2bb00000,0x000000ae2bc00000)]
  0x000001b7fa3d9220 JavaThread "Daemon client event forwarder" [_thread_blocked, id=17884, stack(0x000000ae2bc00000,0x000000ae2bd00000)]
  0x000001b7fa3da560 JavaThread "Cache worker for journal cache (T:\ToolJava\gradle-8.8\caches\journal-1)" [_thread_in_vm, id=14468, stack(0x000000ae2bd00000,0x000000ae2be00000)]
  0x000001b7fa3d83b0 JavaThread "File lock request listener" [_thread_in_native, id=4912, stack(0x000000ae2be00000,0x000000ae2bf00000)]
  0x000001b7fa3daa30 JavaThread "Cache worker for file hash cache (T:\ToolJava\gradle-8.8\caches\8.8\fileHashes)" [_thread_blocked, id=5084, stack(0x000000ae2bf00000,0x000000ae2c000000)]
  0x000001b7fa3d7a10 JavaThread "Cache worker for file hash cache (A:\DeAnTourDuLich\BookingTour\BackEnd\UserService\.gradle\8.8\fileHashes)" [_thread_blocked, id=13696, stack(0x000000ae2c200000,0x000000ae2c300000)]
  0x000001b7fa3d7ee0 JavaThread "File watcher server" daemon [_thread_in_native, id=13944, stack(0x000000ae2c300000,0x000000ae2c400000)]
  0x000001b7fa3d8d50 JavaThread "File watcher consumer" daemon [_thread_blocked, id=11736, stack(0x000000ae2c400000,0x000000ae2c500000)]
  0x000001b7fd3d3d90 JavaThread "Cache worker for checksums cache (A:\DeAnTourDuLich\BookingTour\BackEnd\UserService\.gradle\8.8\checksums)" [_thread_blocked, id=17628, stack(0x000000ae2ad00000,0x000000ae2ae00000)]
  0x000001b7fd3d4260 JavaThread "Cache worker for file content cache (T:\ToolJava\gradle-8.8\caches\8.8\fileContent)" [_thread_blocked, id=15156, stack(0x000000ae2c600000,0x000000ae2c700000)]
  0x000001b7fd3d5a70 JavaThread "Cache worker for cache directory md-rule (T:\ToolJava\gradle-8.8\caches\8.8\md-rule)" [_thread_blocked, id=8164, stack(0x000000ae2c700000,0x000000ae2c800000)]
  0x000001b7fd3d33f0 JavaThread "Cache worker for cache directory md-supplier (T:\ToolJava\gradle-8.8\caches\8.8\md-supplier)" [_thread_blocked, id=19900, stack(0x000000ae2c800000,0x000000ae2c900000)]

Other Threads:
  0x000001b7f58348d0 VMThread "VM Thread" [stack: 0x000000ae2a000000,0x000000ae2a100000] [id=13108]
  0x000001b7e8005f80 WatcherThread [stack: 0x000000ae2ac00000,0x000000ae2ad00000] [id=6572]
  0x000001b7e8031e90 GCTaskThread "GC Thread#0" [stack: 0x000000ae29b00000,0x000000ae29c00000] [id=15760]
  0x000001b7fae15bf0 GCTaskThread "GC Thread#1" [stack: 0x000000ae2ae00000,0x000000ae2af00000] [id=16336]
  0x000001b7fac6d1f0 GCTaskThread "GC Thread#2" [stack: 0x000000ae2af00000,0x000000ae2b000000] [id=10284]
  0x000001b7fac6d4a0 GCTaskThread "GC Thread#3" [stack: 0x000000ae2b000000,0x000000ae2b100000] [id=10736]
  0x000001b7fa6a87b0 GCTaskThread "GC Thread#4" [stack: 0x000000ae2b100000,0x000000ae2b200000] [id=16468]
  0x000001b7fa6a8a60 GCTaskThread "GC Thread#5" [stack: 0x000000ae2b200000,0x000000ae2b300000] [id=14832]
  0x000001b7fbf0b760 GCTaskThread "GC Thread#6" [stack: 0x000000ae2c000000,0x000000ae2c100000] [id=15164]
  0x000001b7fbc7a060 GCTaskThread "GC Thread#7" [stack: 0x000000ae2c100000,0x000000ae2c200000] [id=9308]
  0x000001b7e8036dd0 ConcurrentGCThread "G1 Main Marker" [stack: 0x000000ae29c00000,0x000000ae29d00000] [id=20016]
  0x000001b7e80387f0 ConcurrentGCThread "G1 Conc#0" [stack: 0x000000ae29d00000,0x000000ae29e00000] [id=15600]
  0x000001b7fd748650 ConcurrentGCThread "G1 Conc#1" [stack: 0x000000ae2c500000,0x000000ae2c600000] [id=15624]
  0x000001b7e80ce560 ConcurrentGCThread "G1 Refine#0" [stack: 0x000000ae29e00000,0x000000ae29f00000] [id=17812]
  0x000001b7f56f80f0 ConcurrentGCThread "G1 Service" [stack: 0x000000ae29f00000,0x000000ae2a000000] [id=10556]

Threads with active compile tasks:
C2 CompilerThread0    10244 3042   !   4       jdk.internal.loader.URLClassPath$JarLoader::getResource (354 bytes)

VM state: not at safepoint (normal execution)

VM Mutex/Monitor currently owned by a thread: None

Heap address: 0x00000000e0000000, size: 512 MB, Compressed Oops mode: 32-bit

CDS archive(s) mapped at: [0x000001b78f000000-0x000001b78fbd0000-0x000001b78fbd0000), size 12386304, SharedBaseAddress: 0x000001b78f000000, ArchiveRelocationMode: 1.
Compressed class space mapped at: 0x000001b790000000-0x000001b7a4000000, reserved size: 335544320
Narrow klass base: 0x000001b78f000000, Narrow klass shift: 0, Narrow klass range: 0x100000000

GC Precious Log:
 CPUs: 8 total, 8 available
 Memory: 8014M
 Large Page Support: Disabled
 NUMA Support: Disabled
 Compressed Oops: Enabled (32-bit)
 Heap Region Size: 1M
 Heap Min Capacity: 256M
 Heap Initial Capacity: 256M
 Heap Max Capacity: 512M
 Pre-touch: Disabled
 Parallel Workers: 8
 Concurrent Workers: 2
 Concurrent Refinement Workers: 8
 Periodic GC: Disabled

Heap:
 garbage-first heap   total 262144K, used 63990K [0x00000000e0000000, 0x0000000100000000)
  region size 1024K, 52 young (53248K), 12 survivors (12288K)
 Metaspace       used 26023K, committed 26368K, reserved 393216K
  class space    used 3886K, committed 4096K, reserved 327680K

Heap Regions: E=young(eden), S=young(survivor), O=old, HS=humongous(starts), HC=humongous(continues), CS=collection set, F=free, OA=open archive, CA=closed archive, TAMS=top-at-mark-start (previous, next)
|   0|0x00000000e0000000, 0x00000000e0100000, 0x00000000e0100000|100%|HS|  |TAMS 0x00000000e0100000, 0x00000000e0000000| Complete 
|   1|0x00000000e0100000, 0x00000000e0200000, 0x00000000e0200000|100%|HC|  |TAMS 0x00000000e0200000, 0x00000000e0100000| Complete 
|   2|0x00000000e0200000, 0x00000000e0300000, 0x00000000e0300000|100%|HC|  |TAMS 0x00000000e0300000, 0x00000000e0200000| Complete 
|   3|0x00000000e0300000, 0x00000000e0400000, 0x00000000e0400000|100%|HC|  |TAMS 0x00000000e0400000, 0x00000000e0300000| Complete 
|   4|0x00000000e0400000, 0x00000000e0500000, 0x00000000e0500000|100%| O|  |TAMS 0x00000000e0500000, 0x00000000e0400000| Untracked 
|   5|0x00000000e0500000, 0x00000000e0600000, 0x00000000e0600000|100%| O|  |TAMS 0x00000000e0600000, 0x00000000e0500000| Untracked 
|   6|0x00000000e0600000, 0x00000000e0700000, 0x00000000e0700000|100%| O|  |TAMS 0x00000000e0700000, 0x00000000e0600000| Untracked 
|   7|0x00000000e0700000, 0x00000000e0800000, 0x00000000e0800000|100%| O|  |TAMS 0x00000000e0800000, 0x00000000e0700000| Untracked 
|   8|0x00000000e0800000, 0x00000000e0900000, 0x00000000e0900000|100%| O|  |TAMS 0x00000000e0900000, 0x00000000e0800000| Untracked 
|   9|0x00000000e0900000, 0x00000000e0a00000, 0x00000000e0a00000|100%| O|  |TAMS 0x00000000e0a00000, 0x00000000e0900000| Untracked 
|  10|0x00000000e0a00000, 0x00000000e0b00000, 0x00000000e0b00000|100%| O|  |TAMS 0x00000000e0a51800, 0x00000000e0a00000| Untracked 
|  11|0x00000000e0b00000, 0x00000000e0c00000, 0x00000000e0c00000|100%|HS|  |TAMS 0x00000000e0c00000, 0x00000000e0b00000| Complete 
|  12|0x00000000e0c00000, 0x00000000e0c56800, 0x00000000e0d00000| 33%| O|  |TAMS 0x00000000e0c00000, 0x00000000e0c00000| Untracked 
|  13|0x00000000e0d00000, 0x00000000e0d00000, 0x00000000e0e00000|  0%| F|  |TAMS 0x00000000e0d00000, 0x00000000e0d00000| Untracked 
|  14|0x00000000e0e00000, 0x00000000e0e00000, 0x00000000e0f00000|  0%| F|  |TAMS 0x00000000e0e00000, 0x00000000e0e00000| Untracked 
|  15|0x00000000e0f00000, 0x00000000e0f00000, 0x00000000e1000000|  0%| F|  |TAMS 0x00000000e0f00000, 0x00000000e0f00000| Untracked 
|  16|0x00000000e1000000, 0x00000000e1000000, 0x00000000e1100000|  0%| F|  |TAMS 0x00000000e1000000, 0x00000000e1000000| Untracked 
|  17|0x00000000e1100000, 0x00000000e1100000, 0x00000000e1200000|  0%| F|  |TAMS 0x00000000e1100000, 0x00000000e1100000| Untracked 
|  18|0x00000000e1200000, 0x00000000e1200000, 0x00000000e1300000|  0%| F|  |TAMS 0x00000000e1200000, 0x00000000e1200000| Untracked 
|  19|0x00000000e1300000, 0x00000000e1300000, 0x00000000e1400000|  0%| F|  |TAMS 0x00000000e1300000, 0x00000000e1300000| Untracked 
|  20|0x00000000e1400000, 0x00000000e1400000, 0x00000000e1500000|  0%| F|  |TAMS 0x00000000e1400000, 0x00000000e1400000| Untracked 
|  21|0x00000000e1500000, 0x00000000e1500000, 0x00000000e1600000|  0%| F|  |TAMS 0x00000000e1500000, 0x00000000e1500000| Untracked 
|  22|0x00000000e1600000, 0x00000000e1600000, 0x00000000e1700000|  0%| F|  |TAMS 0x00000000e1600000, 0x00000000e1600000| Untracked 
|  23|0x00000000e1700000, 0x00000000e1700000, 0x00000000e1800000|  0%| F|  |TAMS 0x00000000e1700000, 0x00000000e1700000| Untracked 
|  24|0x00000000e1800000, 0x00000000e1800000, 0x00000000e1900000|  0%| F|  |TAMS 0x00000000e1800000, 0x00000000e1800000| Untracked 
|  25|0x00000000e1900000, 0x00000000e1900000, 0x00000000e1a00000|  0%| F|  |TAMS 0x00000000e1900000, 0x00000000e1900000| Untracked 
|  26|0x00000000e1a00000, 0x00000000e1a00000, 0x00000000e1b00000|  0%| F|  |TAMS 0x00000000e1a00000, 0x00000000e1a00000| Untracked 
|  27|0x00000000e1b00000, 0x00000000e1b00000, 0x00000000e1c00000|  0%| F|  |TAMS 0x00000000e1b00000, 0x00000000e1b00000| Untracked 
|  28|0x00000000e1c00000, 0x00000000e1c00000, 0x00000000e1d00000|  0%| F|  |TAMS 0x00000000e1c00000, 0x00000000e1c00000| Untracked 
|  29|0x00000000e1d00000, 0x00000000e1d00000, 0x00000000e1e00000|  0%| F|  |TAMS 0x00000000e1d00000, 0x00000000e1d00000| Untracked 
|  30|0x00000000e1e00000, 0x00000000e1e00000, 0x00000000e1f00000|  0%| F|  |TAMS 0x00000000e1e00000, 0x00000000e1e00000| Untracked 
|  31|0x00000000e1f00000, 0x00000000e1f00000, 0x00000000e2000000|  0%| F|  |TAMS 0x00000000e1f00000, 0x00000000e1f00000| Untracked 
|  32|0x00000000e2000000, 0x00000000e2000000, 0x00000000e2100000|  0%| F|  |TAMS 0x00000000e2000000, 0x00000000e2000000| Untracked 
|  33|0x00000000e2100000, 0x00000000e2100000, 0x00000000e2200000|  0%| F|  |TAMS 0x00000000e2100000, 0x00000000e2100000| Untracked 
|  34|0x00000000e2200000, 0x00000000e2200000, 0x00000000e2300000|  0%| F|  |TAMS 0x00000000e2200000, 0x00000000e2200000| Untracked 
|  35|0x00000000e2300000, 0x00000000e2300000, 0x00000000e2400000|  0%| F|  |TAMS 0x00000000e2300000, 0x00000000e2300000| Untracked 
|  36|0x00000000e2400000, 0x00000000e2400000, 0x00000000e2500000|  0%| F|  |TAMS 0x00000000e2400000, 0x00000000e2400000| Untracked 
|  37|0x00000000e2500000, 0x00000000e2500000, 0x00000000e2600000|  0%| F|  |TAMS 0x00000000e2500000, 0x00000000e2500000| Untracked 
|  38|0x00000000e2600000, 0x00000000e2600000, 0x00000000e2700000|  0%| F|  |TAMS 0x00000000e2600000, 0x00000000e2600000| Untracked 
|  39|0x00000000e2700000, 0x00000000e2700000, 0x00000000e2800000|  0%| F|  |TAMS 0x00000000e2700000, 0x00000000e2700000| Untracked 
|  40|0x00000000e2800000, 0x00000000e2800000, 0x00000000e2900000|  0%| F|  |TAMS 0x00000000e2800000, 0x00000000e2800000| Untracked 
|  41|0x00000000e2900000, 0x00000000e2900000, 0x00000000e2a00000|  0%| F|  |TAMS 0x00000000e2900000, 0x00000000e2900000| Untracked 
|  42|0x00000000e2a00000, 0x00000000e2a00000, 0x00000000e2b00000|  0%| F|  |TAMS 0x00000000e2a00000, 0x00000000e2a00000| Untracked 
|  43|0x00000000e2b00000, 0x00000000e2b00000, 0x00000000e2c00000|  0%| F|  |TAMS 0x00000000e2b00000, 0x00000000e2b00000| Untracked 
|  44|0x00000000e2c00000, 0x00000000e2c00000, 0x00000000e2d00000|  0%| F|  |TAMS 0x00000000e2c00000, 0x00000000e2c00000| Untracked 
|  45|0x00000000e2d00000, 0x00000000e2d00000, 0x00000000e2e00000|  0%| F|  |TAMS 0x00000000e2d00000, 0x00000000e2d00000| Untracked 
|  46|0x00000000e2e00000, 0x00000000e2e00000, 0x00000000e2f00000|  0%| F|  |TAMS 0x00000000e2e00000, 0x00000000e2e00000| Untracked 
|  47|0x00000000e2f00000, 0x00000000e2f00000, 0x00000000e3000000|  0%| F|  |TAMS 0x00000000e2f00000, 0x00000000e2f00000| Untracked 
|  48|0x00000000e3000000, 0x00000000e3000000, 0x00000000e3100000|  0%| F|  |TAMS 0x00000000e3000000, 0x00000000e3000000| Untracked 
|  49|0x00000000e3100000, 0x00000000e3100000, 0x00000000e3200000|  0%| F|  |TAMS 0x00000000e3100000, 0x00000000e3100000| Untracked 
|  50|0x00000000e3200000, 0x00000000e3200000, 0x00000000e3300000|  0%| F|  |TAMS 0x00000000e3200000, 0x00000000e3200000| Untracked 
|  51|0x00000000e3300000, 0x00000000e3300000, 0x00000000e3400000|  0%| F|  |TAMS 0x00000000e3300000, 0x00000000e3300000| Untracked 
|  52|0x00000000e3400000, 0x00000000e3400000, 0x00000000e3500000|  0%| F|  |TAMS 0x00000000e3400000, 0x00000000e3400000| Untracked 
|  53|0x00000000e3500000, 0x00000000e3500000, 0x00000000e3600000|  0%| F|  |TAMS 0x00000000e3500000, 0x00000000e3500000| Untracked 
|  54|0x00000000e3600000, 0x00000000e3600000, 0x00000000e3700000|  0%| F|  |TAMS 0x00000000e3600000, 0x00000000e3600000| Untracked 
|  55|0x00000000e3700000, 0x00000000e3700000, 0x00000000e3800000|  0%| F|  |TAMS 0x00000000e3700000, 0x00000000e3700000| Untracked 
|  56|0x00000000e3800000, 0x00000000e3800000, 0x00000000e3900000|  0%| F|  |TAMS 0x00000000e3800000, 0x00000000e3800000| Untracked 
|  57|0x00000000e3900000, 0x00000000e3900000, 0x00000000e3a00000|  0%| F|  |TAMS 0x00000000e3900000, 0x00000000e3900000| Untracked 
|  58|0x00000000e3a00000, 0x00000000e3a00000, 0x00000000e3b00000|  0%| F|  |TAMS 0x00000000e3a00000, 0x00000000e3a00000| Untracked 
|  59|0x00000000e3b00000, 0x00000000e3b00000, 0x00000000e3c00000|  0%| F|  |TAMS 0x00000000e3b00000, 0x00000000e3b00000| Untracked 
|  60|0x00000000e3c00000, 0x00000000e3c00000, 0x00000000e3d00000|  0%| F|  |TAMS 0x00000000e3c00000, 0x00000000e3c00000| Untracked 
|  61|0x00000000e3d00000, 0x00000000e3d00000, 0x00000000e3e00000|  0%| F|  |TAMS 0x00000000e3d00000, 0x00000000e3d00000| Untracked 
|  62|0x00000000e3e00000, 0x00000000e3e00000, 0x00000000e3f00000|  0%| F|  |TAMS 0x00000000e3e00000, 0x00000000e3e00000| Untracked 
|  63|0x00000000e3f00000, 0x00000000e3f00000, 0x00000000e4000000|  0%| F|  |TAMS 0x00000000e3f00000, 0x00000000e3f00000| Untracked 
|  64|0x00000000e4000000, 0x00000000e4000000, 0x00000000e4100000|  0%| F|  |TAMS 0x00000000e4000000, 0x00000000e4000000| Untracked 
|  65|0x00000000e4100000, 0x00000000e4100000, 0x00000000e4200000|  0%| F|  |TAMS 0x00000000e4100000, 0x00000000e4100000| Untracked 
|  66|0x00000000e4200000, 0x00000000e4200000, 0x00000000e4300000|  0%| F|  |TAMS 0x00000000e4200000, 0x00000000e4200000| Untracked 
|  67|0x00000000e4300000, 0x00000000e4300000, 0x00000000e4400000|  0%| F|  |TAMS 0x00000000e4300000, 0x00000000e4300000| Untracked 
|  68|0x00000000e4400000, 0x00000000e4400000, 0x00000000e4500000|  0%| F|  |TAMS 0x00000000e4400000, 0x00000000e4400000| Untracked 
|  69|0x00000000e4500000, 0x00000000e4500000, 0x00000000e4600000|  0%| F|  |TAMS 0x00000000e4500000, 0x00000000e4500000| Untracked 
|  70|0x00000000e4600000, 0x00000000e4600000, 0x00000000e4700000|  0%| F|  |TAMS 0x00000000e4600000, 0x00000000e4600000| Untracked 
|  71|0x00000000e4700000, 0x00000000e4700000, 0x00000000e4800000|  0%| F|  |TAMS 0x00000000e4700000, 0x00000000e4700000| Untracked 
|  72|0x00000000e4800000, 0x00000000e4800000, 0x00000000e4900000|  0%| F|  |TAMS 0x00000000e4800000, 0x00000000e4800000| Untracked 
|  73|0x00000000e4900000, 0x00000000e4900000, 0x00000000e4a00000|  0%| F|  |TAMS 0x00000000e4900000, 0x00000000e4900000| Untracked 
|  74|0x00000000e4a00000, 0x00000000e4a00000, 0x00000000e4b00000|  0%| F|  |TAMS 0x00000000e4a00000, 0x00000000e4a00000| Untracked 
|  75|0x00000000e4b00000, 0x00000000e4b00000, 0x00000000e4c00000|  0%| F|  |TAMS 0x00000000e4b00000, 0x00000000e4b00000| Untracked 
|  76|0x00000000e4c00000, 0x00000000e4c00000, 0x00000000e4d00000|  0%| F|  |TAMS 0x00000000e4c00000, 0x00000000e4c00000| Untracked 
|  77|0x00000000e4d00000, 0x00000000e4d00000, 0x00000000e4e00000|  0%| F|  |TAMS 0x00000000e4d00000, 0x00000000e4d00000| Untracked 
|  78|0x00000000e4e00000, 0x00000000e4e00000, 0x00000000e4f00000|  0%| F|  |TAMS 0x00000000e4e00000, 0x00000000e4e00000| Untracked 
|  79|0x00000000e4f00000, 0x00000000e4f00000, 0x00000000e5000000|  0%| F|  |TAMS 0x00000000e4f00000, 0x00000000e4f00000| Untracked 
|  80|0x00000000e5000000, 0x00000000e5000000, 0x00000000e5100000|  0%| F|  |TAMS 0x00000000e5000000, 0x00000000e5000000| Untracked 
|  81|0x00000000e5100000, 0x00000000e5100000, 0x00000000e5200000|  0%| F|  |TAMS 0x00000000e5100000, 0x00000000e5100000| Untracked 
|  82|0x00000000e5200000, 0x00000000e5200000, 0x00000000e5300000|  0%| F|  |TAMS 0x00000000e5200000, 0x00000000e5200000| Untracked 
|  83|0x00000000e5300000, 0x00000000e5300000, 0x00000000e5400000|  0%| F|  |TAMS 0x00000000e5300000, 0x00000000e5300000| Untracked 
|  84|0x00000000e5400000, 0x00000000e5400000, 0x00000000e5500000|  0%| F|  |TAMS 0x00000000e5400000, 0x00000000e5400000| Untracked 
|  85|0x00000000e5500000, 0x00000000e5500000, 0x00000000e5600000|  0%| F|  |TAMS 0x00000000e5500000, 0x00000000e5500000| Untracked 
|  86|0x00000000e5600000, 0x00000000e5600000, 0x00000000e5700000|  0%| F|  |TAMS 0x00000000e5600000, 0x00000000e5600000| Untracked 
|  87|0x00000000e5700000, 0x00000000e5700000, 0x00000000e5800000|  0%| F|  |TAMS 0x00000000e5700000, 0x00000000e5700000| Untracked 
|  88|0x00000000e5800000, 0x00000000e5800000, 0x00000000e5900000|  0%| F|  |TAMS 0x00000000e5800000, 0x00000000e5800000| Untracked 
|  89|0x00000000e5900000, 0x00000000e5900000, 0x00000000e5a00000|  0%| F|  |TAMS 0x00000000e5900000, 0x00000000e5900000| Untracked 
|  90|0x00000000e5a00000, 0x00000000e5a00000, 0x00000000e5b00000|  0%| F|  |TAMS 0x00000000e5a00000, 0x00000000e5a00000| Untracked 
|  91|0x00000000e5b00000, 0x00000000e5b00000, 0x00000000e5c00000|  0%| F|  |TAMS 0x00000000e5b00000, 0x00000000e5b00000| Untracked 
|  92|0x00000000e5c00000, 0x00000000e5c00000, 0x00000000e5d00000|  0%| F|  |TAMS 0x00000000e5c00000, 0x00000000e5c00000| Untracked 
|  93|0x00000000e5d00000, 0x00000000e5d00000, 0x00000000e5e00000|  0%| F|  |TAMS 0x00000000e5d00000, 0x00000000e5d00000| Untracked 
|  94|0x00000000e5e00000, 0x00000000e5e00000, 0x00000000e5f00000|  0%| F|  |TAMS 0x00000000e5e00000, 0x00000000e5e00000| Untracked 
|  95|0x00000000e5f00000, 0x00000000e5f00000, 0x00000000e6000000|  0%| F|  |TAMS 0x00000000e5f00000, 0x00000000e5f00000| Untracked 
|  96|0x00000000e6000000, 0x00000000e6000000, 0x00000000e6100000|  0%| F|  |TAMS 0x00000000e6000000, 0x00000000e6000000| Untracked 
|  97|0x00000000e6100000, 0x00000000e6100000, 0x00000000e6200000|  0%| F|  |TAMS 0x00000000e6100000, 0x00000000e6100000| Untracked 
|  98|0x00000000e6200000, 0x00000000e6200000, 0x00000000e6300000|  0%| F|  |TAMS 0x00000000e6200000, 0x00000000e6200000| Untracked 
|  99|0x00000000e6300000, 0x00000000e6300000, 0x00000000e6400000|  0%| F|  |TAMS 0x00000000e6300000, 0x00000000e6300000| Untracked 
| 100|0x00000000e6400000, 0x00000000e6400000, 0x00000000e6500000|  0%| F|  |TAMS 0x00000000e6400000, 0x00000000e6400000| Untracked 
| 101|0x00000000e6500000, 0x00000000e6500000, 0x00000000e6600000|  0%| F|  |TAMS 0x00000000e6500000, 0x00000000e6500000| Untracked 
| 102|0x00000000e6600000, 0x00000000e6600000, 0x00000000e6700000|  0%| F|  |TAMS 0x00000000e6600000, 0x00000000e6600000| Untracked 
| 103|0x00000000e6700000, 0x00000000e6700000, 0x00000000e6800000|  0%| F|  |TAMS 0x00000000e6700000, 0x00000000e6700000| Untracked 
| 104|0x00000000e6800000, 0x00000000e6800000, 0x00000000e6900000|  0%| F|  |TAMS 0x00000000e6800000, 0x00000000e6800000| Untracked 
| 105|0x00000000e6900000, 0x00000000e6900000, 0x00000000e6a00000|  0%| F|  |TAMS 0x00000000e6900000, 0x00000000e6900000| Untracked 
| 106|0x00000000e6a00000, 0x00000000e6a00000, 0x00000000e6b00000|  0%| F|  |TAMS 0x00000000e6a00000, 0x00000000e6a00000| Untracked 
| 107|0x00000000e6b00000, 0x00000000e6b00000, 0x00000000e6c00000|  0%| F|  |TAMS 0x00000000e6b00000, 0x00000000e6b00000| Untracked 
| 108|0x00000000e6c00000, 0x00000000e6c00000, 0x00000000e6d00000|  0%| F|  |TAMS 0x00000000e6c00000, 0x00000000e6c00000| Untracked 
| 109|0x00000000e6d00000, 0x00000000e6d00000, 0x00000000e6e00000|  0%| F|  |TAMS 0x00000000e6d00000, 0x00000000e6d00000| Untracked 
| 110|0x00000000e6e00000, 0x00000000e6e00000, 0x00000000e6f00000|  0%| F|  |TAMS 0x00000000e6e00000, 0x00000000e6e00000| Untracked 
| 111|0x00000000e6f00000, 0x00000000e6f00000, 0x00000000e7000000|  0%| F|  |TAMS 0x00000000e6f00000, 0x00000000e6f00000| Untracked 
| 112|0x00000000e7000000, 0x00000000e7000000, 0x00000000e7100000|  0%| F|  |TAMS 0x00000000e7000000, 0x00000000e7000000| Untracked 
| 113|0x00000000e7100000, 0x00000000e7100000, 0x00000000e7200000|  0%| F|  |TAMS 0x00000000e7100000, 0x00000000e7100000| Untracked 
| 114|0x00000000e7200000, 0x00000000e7200000, 0x00000000e7300000|  0%| F|  |TAMS 0x00000000e7200000, 0x00000000e7200000| Untracked 
| 115|0x00000000e7300000, 0x00000000e7300000, 0x00000000e7400000|  0%| F|  |TAMS 0x00000000e7300000, 0x00000000e7300000| Untracked 
| 116|0x00000000e7400000, 0x00000000e7400000, 0x00000000e7500000|  0%| F|  |TAMS 0x00000000e7400000, 0x00000000e7400000| Untracked 
| 117|0x00000000e7500000, 0x00000000e7500000, 0x00000000e7600000|  0%| F|  |TAMS 0x00000000e7500000, 0x00000000e7500000| Untracked 
| 118|0x00000000e7600000, 0x00000000e7600000, 0x00000000e7700000|  0%| F|  |TAMS 0x00000000e7600000, 0x00000000e7600000| Untracked 
| 119|0x00000000e7700000, 0x00000000e7700000, 0x00000000e7800000|  0%| F|  |TAMS 0x00000000e7700000, 0x00000000e7700000| Untracked 
| 120|0x00000000e7800000, 0x00000000e7800000, 0x00000000e7900000|  0%| F|  |TAMS 0x00000000e7800000, 0x00000000e7800000| Untracked 
| 121|0x00000000e7900000, 0x00000000e7900000, 0x00000000e7a00000|  0%| F|  |TAMS 0x00000000e7900000, 0x00000000e7900000| Untracked 
| 122|0x00000000e7a00000, 0x00000000e7a00000, 0x00000000e7b00000|  0%| F|  |TAMS 0x00000000e7a00000, 0x00000000e7a00000| Untracked 
| 123|0x00000000e7b00000, 0x00000000e7b00000, 0x00000000e7c00000|  0%| F|  |TAMS 0x00000000e7b00000, 0x00000000e7b00000| Untracked 
| 124|0x00000000e7c00000, 0x00000000e7c00000, 0x00000000e7d00000|  0%| F|  |TAMS 0x00000000e7c00000, 0x00000000e7c00000| Untracked 
| 125|0x00000000e7d00000, 0x00000000e7d00000, 0x00000000e7e00000|  0%| F|  |TAMS 0x00000000e7d00000, 0x00000000e7d00000| Untracked 
| 126|0x00000000e7e00000, 0x00000000e7e00000, 0x00000000e7f00000|  0%| F|  |TAMS 0x00000000e7e00000, 0x00000000e7e00000| Untracked 
| 127|0x00000000e7f00000, 0x00000000e7f00000, 0x00000000e8000000|  0%| F|  |TAMS 0x00000000e7f00000, 0x00000000e7f00000| Untracked 
| 128|0x00000000e8000000, 0x00000000e8000000, 0x00000000e8100000|  0%| F|  |TAMS 0x00000000e8000000, 0x00000000e8000000| Untracked 
| 129|0x00000000e8100000, 0x00000000e8100000, 0x00000000e8200000|  0%| F|  |TAMS 0x00000000e8100000, 0x00000000e8100000| Untracked 
| 130|0x00000000e8200000, 0x00000000e8200000, 0x00000000e8300000|  0%| F|  |TAMS 0x00000000e8200000, 0x00000000e8200000| Untracked 
| 131|0x00000000e8300000, 0x00000000e8300000, 0x00000000e8400000|  0%| F|  |TAMS 0x00000000e8300000, 0x00000000e8300000| Untracked 
| 132|0x00000000e8400000, 0x00000000e8400000, 0x00000000e8500000|  0%| F|  |TAMS 0x00000000e8400000, 0x00000000e8400000| Untracked 
| 133|0x00000000e8500000, 0x00000000e8500000, 0x00000000e8600000|  0%| F|  |TAMS 0x00000000e8500000, 0x00000000e8500000| Untracked 
| 134|0x00000000e8600000, 0x00000000e8600000, 0x00000000e8700000|  0%| F|  |TAMS 0x00000000e8600000, 0x00000000e8600000| Untracked 
| 135|0x00000000e8700000, 0x00000000e8700000, 0x00000000e8800000|  0%| F|  |TAMS 0x00000000e8700000, 0x00000000e8700000| Untracked 
| 136|0x00000000e8800000, 0x00000000e8800000, 0x00000000e8900000|  0%| F|  |TAMS 0x00000000e8800000, 0x00000000e8800000| Untracked 
| 137|0x00000000e8900000, 0x00000000e8900000, 0x00000000e8a00000|  0%| F|  |TAMS 0x00000000e8900000, 0x00000000e8900000| Untracked 
| 138|0x00000000e8a00000, 0x00000000e8a00000, 0x00000000e8b00000|  0%| F|  |TAMS 0x00000000e8a00000, 0x00000000e8a00000| Untracked 
| 139|0x00000000e8b00000, 0x00000000e8b00000, 0x00000000e8c00000|  0%| F|  |TAMS 0x00000000e8b00000, 0x00000000e8b00000| Untracked 
| 140|0x00000000e8c00000, 0x00000000e8c00000, 0x00000000e8d00000|  0%| F|  |TAMS 0x00000000e8c00000, 0x00000000e8c00000| Untracked 
| 141|0x00000000e8d00000, 0x00000000e8d00000, 0x00000000e8e00000|  0%| F|  |TAMS 0x00000000e8d00000, 0x00000000e8d00000| Untracked 
| 142|0x00000000e8e00000, 0x00000000e8e00000, 0x00000000e8f00000|  0%| F|  |TAMS 0x00000000e8e00000, 0x00000000e8e00000| Untracked 
| 143|0x00000000e8f00000, 0x00000000e8f00000, 0x00000000e9000000|  0%| F|  |TAMS 0x00000000e8f00000, 0x00000000e8f00000| Untracked 
| 144|0x00000000e9000000, 0x00000000e9000000, 0x00000000e9100000|  0%| F|  |TAMS 0x00000000e9000000, 0x00000000e9000000| Untracked 
| 145|0x00000000e9100000, 0x00000000e9100000, 0x00000000e9200000|  0%| F|  |TAMS 0x00000000e9100000, 0x00000000e9100000| Untracked 
| 146|0x00000000e9200000, 0x00000000e9200000, 0x00000000e9300000|  0%| F|  |TAMS 0x00000000e9200000, 0x00000000e9200000| Untracked 
| 147|0x00000000e9300000, 0x00000000e9300000, 0x00000000e9400000|  0%| F|  |TAMS 0x00000000e9300000, 0x00000000e9300000| Untracked 
| 148|0x00000000e9400000, 0x00000000e9400000, 0x00000000e9500000|  0%| F|  |TAMS 0x00000000e9400000, 0x00000000e9400000| Untracked 
| 149|0x00000000e9500000, 0x00000000e9500000, 0x00000000e9600000|  0%| F|  |TAMS 0x00000000e9500000, 0x00000000e9500000| Untracked 
| 150|0x00000000e9600000, 0x00000000e9600000, 0x00000000e9700000|  0%| F|  |TAMS 0x00000000e9600000, 0x00000000e9600000| Untracked 
| 151|0x00000000e9700000, 0x00000000e9700000, 0x00000000e9800000|  0%| F|  |TAMS 0x00000000e9700000, 0x00000000e9700000| Untracked 
| 152|0x00000000e9800000, 0x00000000e9800000, 0x00000000e9900000|  0%| F|  |TAMS 0x00000000e9800000, 0x00000000e9800000| Untracked 
| 153|0x00000000e9900000, 0x00000000e9900000, 0x00000000e9a00000|  0%| F|  |TAMS 0x00000000e9900000, 0x00000000e9900000| Untracked 
| 154|0x00000000e9a00000, 0x00000000e9a00000, 0x00000000e9b00000|  0%| F|  |TAMS 0x00000000e9a00000, 0x00000000e9a00000| Untracked 
| 155|0x00000000e9b00000, 0x00000000e9b00000, 0x00000000e9c00000|  0%| F|  |TAMS 0x00000000e9b00000, 0x00000000e9b00000| Untracked 
| 156|0x00000000e9c00000, 0x00000000e9c00000, 0x00000000e9d00000|  0%| F|  |TAMS 0x00000000e9c00000, 0x00000000e9c00000| Untracked 
| 157|0x00000000e9d00000, 0x00000000e9d00000, 0x00000000e9e00000|  0%| F|  |TAMS 0x00000000e9d00000, 0x00000000e9d00000| Untracked 
| 158|0x00000000e9e00000, 0x00000000e9e00000, 0x00000000e9f00000|  0%| F|  |TAMS 0x00000000e9e00000, 0x00000000e9e00000| Untracked 
| 159|0x00000000e9f00000, 0x00000000e9f00000, 0x00000000ea000000|  0%| F|  |TAMS 0x00000000e9f00000, 0x00000000e9f00000| Untracked 
| 160|0x00000000ea000000, 0x00000000ea000000, 0x00000000ea100000|  0%| F|  |TAMS 0x00000000ea000000, 0x00000000ea000000| Untracked 
| 161|0x00000000ea100000, 0x00000000ea100000, 0x00000000ea200000|  0%| F|  |TAMS 0x00000000ea100000, 0x00000000ea100000| Untracked 
| 162|0x00000000ea200000, 0x00000000ea200000, 0x00000000ea300000|  0%| F|  |TAMS 0x00000000ea200000, 0x00000000ea200000| Untracked 
| 163|0x00000000ea300000, 0x00000000ea300000, 0x00000000ea400000|  0%| F|  |TAMS 0x00000000ea300000, 0x00000000ea300000| Untracked 
| 164|0x00000000ea400000, 0x00000000ea400000, 0x00000000ea500000|  0%| F|  |TAMS 0x00000000ea400000, 0x00000000ea400000| Untracked 
| 165|0x00000000ea500000, 0x00000000ea500000, 0x00000000ea600000|  0%| F|  |TAMS 0x00000000ea500000, 0x00000000ea500000| Untracked 
| 166|0x00000000ea600000, 0x00000000ea600000, 0x00000000ea700000|  0%| F|  |TAMS 0x00000000ea600000, 0x00000000ea600000| Untracked 
| 167|0x00000000ea700000, 0x00000000ea700000, 0x00000000ea800000|  0%| F|  |TAMS 0x00000000ea700000, 0x00000000ea700000| Untracked 
| 168|0x00000000ea800000, 0x00000000ea800000, 0x00000000ea900000|  0%| F|  |TAMS 0x00000000ea800000, 0x00000000ea800000| Untracked 
| 169|0x00000000ea900000, 0x00000000ea900000, 0x00000000eaa00000|  0%| F|  |TAMS 0x00000000ea900000, 0x00000000ea900000| Untracked 
| 170|0x00000000eaa00000, 0x00000000eaa00000, 0x00000000eab00000|  0%| F|  |TAMS 0x00000000eaa00000, 0x00000000eaa00000| Untracked 
| 171|0x00000000eab00000, 0x00000000eab00000, 0x00000000eac00000|  0%| F|  |TAMS 0x00000000eab00000, 0x00000000eab00000| Untracked 
| 172|0x00000000eac00000, 0x00000000eac00000, 0x00000000ead00000|  0%| F|  |TAMS 0x00000000eac00000, 0x00000000eac00000| Untracked 
| 173|0x00000000ead00000, 0x00000000ead00000, 0x00000000eae00000|  0%| F|  |TAMS 0x00000000ead00000, 0x00000000ead00000| Untracked 
| 174|0x00000000eae00000, 0x00000000eae00000, 0x00000000eaf00000|  0%| F|  |TAMS 0x00000000eae00000, 0x00000000eae00000| Untracked 
| 175|0x00000000eaf00000, 0x00000000eaf00000, 0x00000000eb000000|  0%| F|  |TAMS 0x00000000eaf00000, 0x00000000eaf00000| Untracked 
| 176|0x00000000eb000000, 0x00000000eb000000, 0x00000000eb100000|  0%| F|  |TAMS 0x00000000eb000000, 0x00000000eb000000| Untracked 
| 177|0x00000000eb100000, 0x00000000eb100000, 0x00000000eb200000|  0%| F|  |TAMS 0x00000000eb100000, 0x00000000eb100000| Untracked 
| 178|0x00000000eb200000, 0x00000000eb200000, 0x00000000eb300000|  0%| F|  |TAMS 0x00000000eb200000, 0x00000000eb200000| Untracked 
| 179|0x00000000eb300000, 0x00000000eb300000, 0x00000000eb400000|  0%| F|  |TAMS 0x00000000eb300000, 0x00000000eb300000| Untracked 
| 180|0x00000000eb400000, 0x00000000eb400000, 0x00000000eb500000|  0%| F|  |TAMS 0x00000000eb400000, 0x00000000eb400000| Untracked 
| 181|0x00000000eb500000, 0x00000000eb500000, 0x00000000eb600000|  0%| F|  |TAMS 0x00000000eb500000, 0x00000000eb500000| Untracked 
| 182|0x00000000eb600000, 0x00000000eb600000, 0x00000000eb700000|  0%| F|  |TAMS 0x00000000eb600000, 0x00000000eb600000| Untracked 
| 183|0x00000000eb700000, 0x00000000eb700000, 0x00000000eb800000|  0%| F|  |TAMS 0x00000000eb700000, 0x00000000eb700000| Untracked 
| 184|0x00000000eb800000, 0x00000000eb800000, 0x00000000eb900000|  0%| F|  |TAMS 0x00000000eb800000, 0x00000000eb800000| Untracked 
| 185|0x00000000eb900000, 0x00000000eb900000, 0x00000000eba00000|  0%| F|  |TAMS 0x00000000eb900000, 0x00000000eb900000| Untracked 
| 186|0x00000000eba00000, 0x00000000eba00000, 0x00000000ebb00000|  0%| F|  |TAMS 0x00000000eba00000, 0x00000000eba00000| Untracked 
| 187|0x00000000ebb00000, 0x00000000ebb00000, 0x00000000ebc00000|  0%| F|  |TAMS 0x00000000ebb00000, 0x00000000ebb00000| Untracked 
| 188|0x00000000ebc00000, 0x00000000ebc00000, 0x00000000ebd00000|  0%| F|  |TAMS 0x00000000ebc00000, 0x00000000ebc00000| Untracked 
| 189|0x00000000ebd00000, 0x00000000ebd00000, 0x00000000ebe00000|  0%| F|  |TAMS 0x00000000ebd00000, 0x00000000ebd00000| Untracked 
| 190|0x00000000ebe00000, 0x00000000ebe00000, 0x00000000ebf00000|  0%| F|  |TAMS 0x00000000ebe00000, 0x00000000ebe00000| Untracked 
| 191|0x00000000ebf00000, 0x00000000ebf00000, 0x00000000ec000000|  0%| F|  |TAMS 0x00000000ebf00000, 0x00000000ebf00000| Untracked 
| 192|0x00000000ec000000, 0x00000000ec000000, 0x00000000ec100000|  0%| F|  |TAMS 0x00000000ec000000, 0x00000000ec000000| Untracked 
| 193|0x00000000ec100000, 0x00000000ec100000, 0x00000000ec200000|  0%| F|  |TAMS 0x00000000ec100000, 0x00000000ec100000| Untracked 
| 194|0x00000000ec200000, 0x00000000ec200000, 0x00000000ec300000|  0%| F|  |TAMS 0x00000000ec200000, 0x00000000ec200000| Untracked 
| 195|0x00000000ec300000, 0x00000000ec300000, 0x00000000ec400000|  0%| F|  |TAMS 0x00000000ec300000, 0x00000000ec300000| Untracked 
| 196|0x00000000ec400000, 0x00000000ec400000, 0x00000000ec500000|  0%| F|  |TAMS 0x00000000ec400000, 0x00000000ec400000| Untracked 
| 197|0x00000000ec500000, 0x00000000ec500000, 0x00000000ec600000|  0%| F|  |TAMS 0x00000000ec500000, 0x00000000ec500000| Untracked 
| 198|0x00000000ec600000, 0x00000000ec600000, 0x00000000ec700000|  0%| F|  |TAMS 0x00000000ec600000, 0x00000000ec600000| Untracked 
| 199|0x00000000ec700000, 0x00000000ec700000, 0x00000000ec800000|  0%| F|  |TAMS 0x00000000ec700000, 0x00000000ec700000| Untracked 
| 200|0x00000000ec800000, 0x00000000ec800000, 0x00000000ec900000|  0%| F|  |TAMS 0x00000000ec800000, 0x00000000ec800000| Untracked 
| 201|0x00000000ec900000, 0x00000000ec900000, 0x00000000eca00000|  0%| F|  |TAMS 0x00000000ec900000, 0x00000000ec900000| Untracked 
| 202|0x00000000eca00000, 0x00000000eca00000, 0x00000000ecb00000|  0%| F|  |TAMS 0x00000000eca00000, 0x00000000eca00000| Untracked 
| 203|0x00000000ecb00000, 0x00000000ecb00000, 0x00000000ecc00000|  0%| F|  |TAMS 0x00000000ecb00000, 0x00000000ecb00000| Untracked 
| 204|0x00000000ecc00000, 0x00000000ecd00000, 0x00000000ecd00000|100%| E|  |TAMS 0x00000000ecc00000, 0x00000000ecc00000| Complete 
| 205|0x00000000ecd00000, 0x00000000ece00000, 0x00000000ece00000|100%| E|CS|TAMS 0x00000000ecd00000, 0x00000000ecd00000| Complete 
| 206|0x00000000ece00000, 0x00000000ecf00000, 0x00000000ecf00000|100%| E|CS|TAMS 0x00000000ece00000, 0x00000000ece00000| Complete 
| 207|0x00000000ecf00000, 0x00000000ed000000, 0x00000000ed000000|100%| E|CS|TAMS 0x00000000ecf00000, 0x00000000ecf00000| Complete 
| 208|0x00000000ed000000, 0x00000000ed100000, 0x00000000ed100000|100%| E|CS|TAMS 0x00000000ed000000, 0x00000000ed000000| Complete 
| 209|0x00000000ed100000, 0x00000000ed200000, 0x00000000ed200000|100%| E|CS|TAMS 0x00000000ed100000, 0x00000000ed100000| Complete 
| 210|0x00000000ed200000, 0x00000000ed300000, 0x00000000ed300000|100%| E|CS|TAMS 0x00000000ed200000, 0x00000000ed200000| Complete 
| 211|0x00000000ed300000, 0x00000000ed400000, 0x00000000ed400000|100%| E|CS|TAMS 0x00000000ed300000, 0x00000000ed300000| Complete 
| 212|0x00000000ed400000, 0x00000000ed500000, 0x00000000ed500000|100%| E|CS|TAMS 0x00000000ed400000, 0x00000000ed400000| Complete 
| 213|0x00000000ed500000, 0x00000000ed600000, 0x00000000ed600000|100%| E|CS|TAMS 0x00000000ed500000, 0x00000000ed500000| Complete 
| 214|0x00000000ed600000, 0x00000000ed700000, 0x00000000ed700000|100%| E|CS|TAMS 0x00000000ed600000, 0x00000000ed600000| Complete 
| 215|0x00000000ed700000, 0x00000000ed800000, 0x00000000ed800000|100%| E|CS|TAMS 0x00000000ed700000, 0x00000000ed700000| Complete 
| 216|0x00000000ed800000, 0x00000000ed900000, 0x00000000ed900000|100%| E|CS|TAMS 0x00000000ed800000, 0x00000000ed800000| Complete 
| 217|0x00000000ed900000, 0x00000000eda00000, 0x00000000eda00000|100%| E|CS|TAMS 0x00000000ed900000, 0x00000000ed900000| Complete 
| 218|0x00000000eda00000, 0x00000000edb00000, 0x00000000edb00000|100%| E|CS|TAMS 0x00000000eda00000, 0x00000000eda00000| Complete 
| 219|0x00000000edb00000, 0x00000000edc00000, 0x00000000edc00000|100%| E|CS|TAMS 0x00000000edb00000, 0x00000000edb00000| Complete 
| 220|0x00000000edc00000, 0x00000000edd00000, 0x00000000edd00000|100%| E|CS|TAMS 0x00000000edc00000, 0x00000000edc00000| Complete 
| 221|0x00000000edd00000, 0x00000000edd273d8, 0x00000000ede00000| 15%| S|CS|TAMS 0x00000000edd00000, 0x00000000edd00000| Complete 
| 222|0x00000000ede00000, 0x00000000edf00000, 0x00000000edf00000|100%| S|CS|TAMS 0x00000000ede00000, 0x00000000ede00000| Complete 
| 223|0x00000000edf00000, 0x00000000ee000000, 0x00000000ee000000|100%| S|CS|TAMS 0x00000000edf00000, 0x00000000edf00000| Complete 
| 224|0x00000000ee000000, 0x00000000ee100000, 0x00000000ee100000|100%| S|CS|TAMS 0x00000000ee000000, 0x00000000ee000000| Complete 
| 225|0x00000000ee100000, 0x00000000ee200000, 0x00000000ee200000|100%| S|CS|TAMS 0x00000000ee100000, 0x00000000ee100000| Complete 
| 226|0x00000000ee200000, 0x00000000ee300000, 0x00000000ee300000|100%| S|CS|TAMS 0x00000000ee200000, 0x00000000ee200000| Complete 
| 227|0x00000000ee300000, 0x00000000ee400000, 0x00000000ee400000|100%| S|CS|TAMS 0x00000000ee300000, 0x00000000ee300000| Complete 
| 228|0x00000000ee400000, 0x00000000ee500000, 0x00000000ee500000|100%| S|CS|TAMS 0x00000000ee400000, 0x00000000ee400000| Complete 
| 229|0x00000000ee500000, 0x00000000ee600000, 0x00000000ee600000|100%| S|CS|TAMS 0x00000000ee500000, 0x00000000ee500000| Complete 
| 230|0x00000000ee600000, 0x00000000ee700000, 0x00000000ee700000|100%| S|CS|TAMS 0x00000000ee600000, 0x00000000ee600000| Complete 
| 231|0x00000000ee700000, 0x00000000ee800000, 0x00000000ee800000|100%| S|CS|TAMS 0x00000000ee700000, 0x00000000ee700000| Complete 
| 232|0x00000000ee800000, 0x00000000ee900000, 0x00000000ee900000|100%| S|CS|TAMS 0x00000000ee800000, 0x00000000ee800000| Complete 
| 233|0x00000000ee900000, 0x00000000eea00000, 0x00000000eea00000|100%| E|CS|TAMS 0x00000000ee900000, 0x00000000ee900000| Complete 
| 234|0x00000000eea00000, 0x00000000eeb00000, 0x00000000eeb00000|100%| E|CS|TAMS 0x00000000eea00000, 0x00000000eea00000| Complete 
| 235|0x00000000eeb00000, 0x00000000eec00000, 0x00000000eec00000|100%| E|CS|TAMS 0x00000000eeb00000, 0x00000000eeb00000| Complete 
| 236|0x00000000eec00000, 0x00000000eed00000, 0x00000000eed00000|100%| E|CS|TAMS 0x00000000eec00000, 0x00000000eec00000| Complete 
| 237|0x00000000eed00000, 0x00000000eee00000, 0x00000000eee00000|100%| E|CS|TAMS 0x00000000eed00000, 0x00000000eed00000| Complete 
| 238|0x00000000eee00000, 0x00000000eef00000, 0x00000000eef00000|100%| E|CS|TAMS 0x00000000eee00000, 0x00000000eee00000| Complete 
| 239|0x00000000eef00000, 0x00000000ef000000, 0x00000000ef000000|100%| E|CS|TAMS 0x00000000eef00000, 0x00000000eef00000| Complete 
| 240|0x00000000ef000000, 0x00000000ef100000, 0x00000000ef100000|100%| E|CS|TAMS 0x00000000ef000000, 0x00000000ef000000| Complete 
| 241|0x00000000ef100000, 0x00000000ef200000, 0x00000000ef200000|100%| E|CS|TAMS 0x00000000ef100000, 0x00000000ef100000| Complete 
| 242|0x00000000ef200000, 0x00000000ef300000, 0x00000000ef300000|100%| E|CS|TAMS 0x00000000ef200000, 0x00000000ef200000| Complete 
| 243|0x00000000ef300000, 0x00000000ef400000, 0x00000000ef400000|100%| E|CS|TAMS 0x00000000ef300000, 0x00000000ef300000| Complete 
| 244|0x00000000ef400000, 0x00000000ef500000, 0x00000000ef500000|100%| E|CS|TAMS 0x00000000ef400000, 0x00000000ef400000| Complete 
| 245|0x00000000ef500000, 0x00000000ef600000, 0x00000000ef600000|100%| E|CS|TAMS 0x00000000ef500000, 0x00000000ef500000| Complete 
| 246|0x00000000ef600000, 0x00000000ef700000, 0x00000000ef700000|100%| E|CS|TAMS 0x00000000ef600000, 0x00000000ef600000| Complete 
| 247|0x00000000ef700000, 0x00000000ef800000, 0x00000000ef800000|100%| E|CS|TAMS 0x00000000ef700000, 0x00000000ef700000| Complete 
| 248|0x00000000ef800000, 0x00000000ef900000, 0x00000000ef900000|100%| E|CS|TAMS 0x00000000ef800000, 0x00000000ef800000| Complete 
| 249|0x00000000ef900000, 0x00000000efa00000, 0x00000000efa00000|100%| E|CS|TAMS 0x00000000ef900000, 0x00000000ef900000| Complete 
| 250|0x00000000efa00000, 0x00000000efb00000, 0x00000000efb00000|100%| E|CS|TAMS 0x00000000efa00000, 0x00000000efa00000| Complete 
| 251|0x00000000efb00000, 0x00000000efc00000, 0x00000000efc00000|100%| E|CS|TAMS 0x00000000efb00000, 0x00000000efb00000| Complete 
| 252|0x00000000efc00000, 0x00000000efd00000, 0x00000000efd00000|100%| E|CS|TAMS 0x00000000efc00000, 0x00000000efc00000| Complete 
| 253|0x00000000efd00000, 0x00000000efe00000, 0x00000000efe00000|100%| E|CS|TAMS 0x00000000efd00000, 0x00000000efd00000| Complete 
| 254|0x00000000efe00000, 0x00000000eff00000, 0x00000000eff00000|100%| E|CS|TAMS 0x00000000efe00000, 0x00000000efe00000| Complete 
| 255|0x00000000eff00000, 0x00000000f0000000, 0x00000000f0000000|100%| E|CS|TAMS 0x00000000eff00000, 0x00000000eff00000| Complete 

Card table byte_map: [0x000001b7f1bf0000,0x000001b7f1cf0000] _byte_map_base: 0x000001b7f14f0000

Marking Bits (Prev, Next): (CMBitMap*) 0x000001b7e80324e0, (CMBitMap*) 0x000001b7e80324a0
 Prev Bits: [0x000001b7f25f0000, 0x000001b7f2df0000)
 Next Bits: [0x000001b7f1df0000, 0x000001b7f25f0000)

Polling page: 0x000001b7e80d0000

Metaspace:

Usage:
  Non-class:     21.63 MB used.
      Class:      3.80 MB used.
       Both:     25.43 MB used.

Virtual space:
  Non-class space:       64.00 MB reserved,      21.75 MB ( 34%) committed,  1 nodes.
      Class space:      320.00 MB reserved,       4.00 MB (  1%) committed,  1 nodes.
             Both:      384.00 MB reserved,      25.75 MB (  7%) committed. 

Chunk freelists:
   Non-Class:  9.81 MB
       Class:  12.05 MB
        Both:  21.86 MB

MaxMetaspaceSize: 384.00 MB
CompressedClassSpaceSize: 320.00 MB
Initial GC threshold: 21.00 MB
Current GC threshold: 35.31 MB
CDS: on
MetaspaceReclaimPolicy: balanced
 - commit_granule_bytes: 65536.
 - commit_granule_words: 8192.
 - virtual_space_node_default_size: 8388608.
 - enlarge_chunks_in_place: 1.
 - new_chunks_are_fully_committed: 0.
 - uncommit_free_chunks: 1.
 - use_allocation_guard: 0.
 - handle_deallocations: 1.


Internal statistics:

num_allocs_failed_limit: 3.
num_arena_births: 280.
num_arena_deaths: 0.
num_vsnodes_births: 2.
num_vsnodes_deaths: 0.
num_space_committed: 413.
num_space_uncommitted: 0.
num_chunks_returned_to_freelist: 3.
num_chunks_taken_from_freelist: 1266.
num_chunk_merges: 3.
num_chunk_splits: 836.
num_chunks_enlarged: 583.
num_purges: 0.
num_inconsistent_stats: 0.

CodeHeap 'non-profiled nmethods': size=120000Kb used=1694Kb max_used=1694Kb free=118305Kb
 bounds [0x000001b787ad0000, 0x000001b787d40000, 0x000001b78f000000]
CodeHeap 'profiled nmethods': size=120000Kb used=6438Kb max_used=6438Kb free=113561Kb
 bounds [0x000001b780000000, 0x000001b780650000, 0x000001b787530000]
CodeHeap 'non-nmethods': size=5760Kb used=1246Kb max_used=1317Kb free=4513Kb
 bounds [0x000001b787530000, 0x000001b7877a0000, 0x000001b787ad0000]
 total_blobs=3602 nmethods=3047 adapters=467
 compilation: enabled
              stopped_count=0, restarted_count=0
 full_count=0

Compilation events (20 events):
Event: 10.031 Thread 0x000001b7f58640c0 nmethod 3032 0x000001b780643710 code [0x000001b7806438c0, 0x000001b780643c08]
Event: 10.031 Thread 0x000001b7f58640c0 3033       3       java.util.jar.JarFile$JarFileEntry::<init> (16 bytes)
Event: 10.031 Thread 0x000001b7f58640c0 nmethod 3033 0x000001b780643d90 code [0x000001b780643f40, 0x000001b7806441a8]
Event: 10.031 Thread 0x000001b7f58640c0 3034       3       java.util.jar.JarEntry::<init> (6 bytes)
Event: 10.031 Thread 0x000001b7f58640c0 nmethod 3034 0x000001b780644290 code [0x000001b780644420, 0x000001b780644568]
Event: 10.031 Thread 0x000001b7f58640c0 3039       3       java.util.zip.ZipUtils::CENATX_PERMS (9 bytes)
Event: 10.032 Thread 0x000001b7f58640c0 nmethod 3039 0x000001b780644610 code [0x000001b7806447a0, 0x000001b780644958]
Event: 10.032 Thread 0x000001b7f58640c0 3040       3       java.util.zip.ZipFile$Source::getEntryPos (9 bytes)
Event: 10.032 Thread 0x000001b7f58640c0 nmethod 3040 0x000001b780644a90 code [0x000001b780644c20, 0x000001b780644d58]
Event: 10.048 Thread 0x000001b7f5863620 3042   !   4       jdk.internal.loader.URLClassPath$JarLoader::getResource (354 bytes)
Event: 10.050 Thread 0x000001b7f58640c0 3043       3       java.lang.invoke.InnerClassLambdaMetafactory$ForwardingMethodGenerator::generate (272 bytes)
Event: 10.053 Thread 0x000001b7f58640c0 nmethod 3043 0x000001b780644e10 code [0x000001b7806451a0, 0x000001b780646e28]
Event: 10.053 Thread 0x000001b7f58640c0 3044       3       java.lang.invoke.MethodHandles$Lookup::defineHiddenClass (69 bytes)
Event: 10.055 Thread 0x000001b7f58640c0 nmethod 3044 0x000001b780647690 code [0x000001b780647980, 0x000001b780648758]
Event: 10.077 Thread 0x000001b7f58640c0 3045       3       java.lang.Module::allows (60 bytes)
Event: 10.078 Thread 0x000001b7f58640c0 nmethod 3045 0x000001b780648c90 code [0x000001b780648e80, 0x000001b7806494c8]
Event: 10.078 Thread 0x000001b7f58640c0 3046       3       java.lang.invoke.MethodHandles$Lookup::getDirectMethodNoSecurityManager (18 bytes)
Event: 10.078 Thread 0x000001b7f58640c0 nmethod 3046 0x000001b780649610 code [0x000001b7806497a0, 0x000001b7806498e8]
Event: 10.117 Thread 0x000001b7f58640c0 3050       1       org.slf4j.impl.StaticLoggerBinder::getLoggerFactory (5 bytes)
Event: 10.118 Thread 0x000001b7f58640c0 nmethod 3050 0x000001b787c77590 code [0x000001b787c77720, 0x000001b787c777f8]

GC Heap History (8 events):
Event: 1.163 GC heap before
{Heap before GC invocations=0 (full 0):
 garbage-first heap   total 262144K, used 26624K [0x00000000e0000000, 0x0000000100000000)
  region size 1024K, 23 young (23552K), 0 survivors (0K)
 Metaspace       used 2095K, committed 2240K, reserved 393216K
  class space    used 222K, committed 320K, reserved 327680K
}
Event: 1.172 GC heap after
{Heap after GC invocations=1 (full 0):
 garbage-first heap   total 262144K, used 10496K [0x00000000e0000000, 0x0000000100000000)
  region size 1024K, 3 young (3072K), 3 survivors (3072K)
 Metaspace       used 2095K, committed 2240K, reserved 393216K
  class space    used 222K, committed 320K, reserved 327680K
}
Event: 2.008 GC heap before
{Heap before GC invocations=1 (full 0):
 garbage-first heap   total 262144K, used 38144K [0x00000000e0000000, 0x0000000100000000)
  region size 1024K, 30 young (30720K), 3 survivors (3072K)
 Metaspace       used 4042K, committed 4224K, reserved 393216K
  class space    used 504K, committed 640K, reserved 327680K
}
Event: 2.012 GC heap after
{Heap after GC invocations=2 (full 0):
 garbage-first heap   total 262144K, used 11756K [0x00000000e0000000, 0x0000000100000000)
  region size 1024K, 2 young (2048K), 2 survivors (2048K)
 Metaspace       used 4042K, committed 4224K, reserved 393216K
  class space    used 504K, committed 640K, reserved 327680K
}
Event: 5.779 GC heap before
{Heap before GC invocations=2 (full 0):
 garbage-first heap   total 262144K, used 122348K [0x00000000e0000000, 0x0000000100000000)
  region size 1024K, 108 young (110592K), 2 survivors (2048K)
 Metaspace       used 18488K, committed 18752K, reserved 393216K
  class space    used 2687K, committed 2816K, reserved 327680K
}
Event: 5.808 GC heap after
{Heap after GC invocations=3 (full 0):
 garbage-first heap   total 262144K, used 22399K [0x00000000e0000000, 0x0000000100000000)
  region size 1024K, 11 young (11264K), 11 survivors (11264K)
 Metaspace       used 18488K, committed 18752K, reserved 393216K
  class space    used 2687K, committed 2816K, reserved 327680K
}
Event: 6.688 GC heap before
{Heap before GC invocations=3 (full 0):
 garbage-first heap   total 262144K, used 44927K [0x00000000e0000000, 0x0000000100000000)
  region size 1024K, 34 young (34816K), 11 survivors (11264K)
 Metaspace       used 21262K, committed 21504K, reserved 393216K
  class space    used 3137K, committed 3264K, reserved 327680K
}
Event: 6.700 GC heap after
{Heap after GC invocations=4 (full 0):
 garbage-first heap   total 262144K, used 24054K [0x00000000e0000000, 0x0000000100000000)
  region size 1024K, 12 young (12288K), 12 survivors (12288K)
 Metaspace       used 21262K, committed 21504K, reserved 393216K
  class space    used 3137K, committed 3264K, reserved 327680K
}

Deoptimization events (20 events):
Event: 8.243 Thread 0x000001b7fb2fb850 Uncommon trap: trap_request=0xffffff45 fr.pc=0x000001b787b4177c relative=0x00000000000004bc
Event: 8.243 Thread 0x000001b7fb2fb850 Uncommon trap: reason=unstable_if action=reinterpret pc=0x000001b787b4177c method=java.util.HashMap.hash(Ljava/lang/Object;)I @ 1 c2
Event: 8.243 Thread 0x000001b7fb2fb850 DEOPT PACKING pc=0x000001b787b4177c sp=0x000000ae2b9f7fb0
Event: 8.243 Thread 0x000001b7fb2fb850 DEOPT UNPACKING pc=0x000001b7875823a3 sp=0x000000ae2b9f7e48 mode 2
Event: 8.620 Thread 0x000001b7fb2fb850 Uncommon trap: trap_request=0xffffff45 fr.pc=0x000001b787b022d8 relative=0x00000000000002b8
Event: 8.620 Thread 0x000001b7fb2fb850 Uncommon trap: reason=unstable_if action=reinterpret pc=0x000001b787b022d8 method=java.lang.StringLatin1.compareToCI([B[B)I @ 31 c2
Event: 8.620 Thread 0x000001b7fb2fb850 DEOPT PACKING pc=0x000001b787b022d8 sp=0x000000ae2b9f8320
Event: 8.620 Thread 0x000001b7fb2fb850 DEOPT UNPACKING pc=0x000001b7875823a3 sp=0x000000ae2b9f82c8 mode 2
Event: 9.660 Thread 0x000001b7fb2fb850 Uncommon trap: trap_request=0xffffffc6 fr.pc=0x000001b787c42ab0 relative=0x00000000000001f0
Event: 9.660 Thread 0x000001b7fb2fb850 Uncommon trap: reason=bimorphic_or_optimized_type_check action=maybe_recompile pc=0x000001b787c42ab0 method=java.util.regex.Pattern$BmpCharProperty.match(Ljava/util/regex/Matcher;ILjava/lang/CharSequence;)Z @ 19 c2
Event: 9.660 Thread 0x000001b7fb2fb850 DEOPT PACKING pc=0x000001b787c42ab0 sp=0x000000ae2b9f8a30
Event: 9.660 Thread 0x000001b7fb2fb850 DEOPT UNPACKING pc=0x000001b7875823a3 sp=0x000000ae2b9f89c8 mode 2
Event: 9.661 Thread 0x000001b7fb2fb850 Uncommon trap: trap_request=0xffffffc6 fr.pc=0x000001b787c42ab0 relative=0x00000000000001f0
Event: 9.661 Thread 0x000001b7fb2fb850 Uncommon trap: reason=bimorphic_or_optimized_type_check action=maybe_recompile pc=0x000001b787c42ab0 method=java.util.regex.Pattern$BmpCharProperty.match(Ljava/util/regex/Matcher;ILjava/lang/CharSequence;)Z @ 19 c2
Event: 9.661 Thread 0x000001b7fb2fb850 DEOPT PACKING pc=0x000001b787c42ab0 sp=0x000000ae2b9f8a30
Event: 9.661 Thread 0x000001b7fb2fb850 DEOPT UNPACKING pc=0x000001b7875823a3 sp=0x000000ae2b9f89c8 mode 2
Event: 10.014 Thread 0x000001b7fb2fb850 Uncommon trap: trap_request=0xffffff54 fr.pc=0x000001b787b7e884 relative=0x0000000000000b44
Event: 10.014 Thread 0x000001b7fb2fb850 Uncommon trap: reason=speculate_null_assert action=make_not_entrant pc=0x000001b787b7e884 method=jdk.internal.loader.URLClassPath$JarLoader.getResource(Ljava/lang/String;ZLjava/util/Set;)Ljdk/internal/loader/Resource; @ 17 c2
Event: 10.014 Thread 0x000001b7fb2fb850 DEOPT PACKING pc=0x000001b787b7e884 sp=0x000000ae2b9f6480
Event: 10.014 Thread 0x000001b7fb2fb850 DEOPT UNPACKING pc=0x000001b7875823a3 sp=0x000000ae2b9f6418 mode 2

Classes unloaded (0 events):
No events

Classes redefined (0 events):
No events

Internal exceptions (20 events):
Event: 5.911 Thread 0x000001b7fb2fb850 Exception <a 'java/lang/NoSuchMethodError'{0x00000000efd1aa58}: 'java.lang.Object java.lang.invoke.DirectMethodHandle$Holder.invokeVirtual(java.lang.Object, java.lang.Object, java.lang.Object, java.lang.Object, java.lang.Object, java.lang.Object, java.lang.Object, java.lang.Object, java.lang.Object, java.lang.Object, java.lang.Object, java.lang.Object, java.lang.Object, java.lang.Object, java.lang.Object, java.lang.Object, java.lang.Object, java.lang.Object, java.lang.Object, java.lang.Object, java.lang.Ob
Event: 6.258 Thread 0x000001b7fb2fb850 Exception <a 'java/lang/NoSuchMethodError'{0x00000000ef44b6a8}: 'java.lang.Object java.lang.invoke.DirectMethodHandle$Holder.invokeStaticInit(java.lang.Object, java.lang.Object, java.lang.Object, java.lang.Object)'> (0x00000000ef44b6a8) 
thrown [s\open\src\hotspot\share\interpreter\linkResolver.cpp, line 759]
Event: 6.294 Thread 0x000001b7fb2fb850 Exception <a 'java/lang/NoSuchMethodError'{0x00000000ef33f450}: 'java.lang.Object java.lang.invoke.DirectMethodHandle$Holder.newInvokeSpecial(java.lang.Object, java.lang.Object, java.lang.Object, java.lang.Object, java.lang.Object, java.lang.Object, java.lang.Object, java.lang.Object)'> (0x00000000ef33f450) 
thrown [s\open\src\hotspot\share\interpreter\linkResolver.cpp, line 759]
Event: 6.295 Thread 0x000001b7fb2fb850 Exception <a 'java/lang/NoSuchMethodError'{0x00000000ef344e58}: 'java.lang.Object java.lang.invoke.DirectMethodHandle$Holder.invokeSpecial(java.lang.Object, java.lang.Object, java.lang.Object, java.lang.Object, java.lang.Object, java.lang.Object, java.lang.Object, java.lang.Object, java.lang.Object)'> (0x00000000ef344e58) 
thrown [s\open\src\hotspot\share\interpreter\linkResolver.cpp, line 759]
Event: 6.295 Thread 0x000001b7fb2fb850 Exception <a 'java/lang/NoSuchMethodError'{0x00000000ef34a208}: 'java.lang.Object java.lang.invoke.Invokers$Holder.linkToTargetMethod(java.lang.Object, java.lang.Object, java.lang.Object, java.lang.Object, java.lang.Object, java.lang.Object, java.lang.Object, java.lang.Object)'> (0x00000000ef34a208) 
thrown [s\open\src\hotspot\share\interpreter\linkResolver.cpp, line 759]
Event: 6.309 Thread 0x000001b7fb2fb850 Exception <a 'java/lang/NoSuchMethodError'{0x00000000ef395868}: 'void java.lang.invoke.DirectMethodHandle$Holder.invokeStatic(java.lang.Object, java.lang.Object, java.lang.Object, java.lang.Object)'> (0x00000000ef395868) 
thrown [s\open\src\hotspot\share\interpreter\linkResolver.cpp, line 759]
Event: 6.608 Thread 0x000001b7fb2fb850 Exception <a 'java/lang/NoSuchMethodError'{0x00000000eeb4c8d8}: 'int java.lang.invoke.DirectMethodHandle$Holder.invokeVirtual(java.lang.Object, java.lang.Object)'> (0x00000000eeb4c8d8) 
thrown [s\open\src\hotspot\share\interpreter\linkResolver.cpp, line 759]
Event: 6.611 Thread 0x000001b7fb2fb850 Exception <a 'java/lang/NoSuchMethodError'{0x00000000eeb5f208}: 'java.lang.Object java.lang.invoke.DirectMethodHandle$Holder.invokeStaticInit(java.lang.Object, java.lang.Object, java.lang.Object)'> (0x00000000eeb5f208) 
thrown [s\open\src\hotspot\share\interpreter\linkResolver.cpp, line 759]
Event: 7.275 Thread 0x000001b7fb2fb850 Exception <a 'java/lang/NoSuchMethodError'{0x00000000ef6f7ab8}: 'java.lang.Object java.lang.invoke.DirectMethodHandle$Holder.newInvokeSpecial(java.lang.Object, java.lang.Object, int, int)'> (0x00000000ef6f7ab8) 
thrown [s\open\src\hotspot\share\interpreter\linkResolver.cpp, line 759]
Event: 7.578 Thread 0x000001b7fb2fb850 Exception <a 'java/lang/NoSuchMethodError'{0x00000000ef2142d0}: 'java.lang.Object java.lang.invoke.DirectMethodHandle$Holder.invokeSpecialIFC(java.lang.Object, java.lang.Object, java.lang.Object, java.lang.Object)'> (0x00000000ef2142d0) 
thrown [s\open\src\hotspot\share\interpreter\linkResolver.cpp, line 759]
Event: 7.611 Thread 0x000001b7fb2fb850 Exception <a 'java/lang/NoSuchMethodError'{0x00000000ef264858}: 'java.lang.Object java.lang.invoke.DirectMethodHandle$Holder.newInvokeSpecial(java.lang.Object, java.lang.Object, java.lang.Object, java.lang.Object, java.lang.Object, java.lang.Object, java.lang.Object, java.lang.Object, java.lang.Object, java.lang.Object)'> (0x00000000ef264858) 
thrown [s\open\src\hotspot\share\interpreter\linkResolver.cpp, line 759]
Event: 7.611 Thread 0x000001b7fb2fb850 Exception <a 'java/lang/NoSuchMethodError'{0x00000000ef269740}: 'java.lang.Object java.lang.invoke.Invokers$Holder.linkToTargetMethod(java.lang.Object, java.lang.Object, java.lang.Object, java.lang.Object, java.lang.Object, java.lang.Object, java.lang.Object, java.lang.Object, java.lang.Object, java.lang.Object)'> (0x00000000ef269740) 
thrown [s\open\src\hotspot\share\interpreter\linkResolver.cpp, line 759]
Event: 8.243 Thread 0x000001b7fb2fb850 Implicit null exception at 0x000001b787b4130c to 0x000001b787b41760
Event: 9.533 Thread 0x000001b7fb2fb850 Exception <a 'java/lang/NoSuchMethodError'{0x00000000ed5fbd48}: 'java.lang.Object java.lang.invoke.DirectMethodHandle$Holder.newInvokeSpecial(java.lang.Object, java.lang.Object, java.lang.Object, java.lang.Object, java.lang.Object, java.lang.Object, java.lang.Object, java.lang.Object, java.lang.Object, java.lang.Object, java.lang.Object)'> (0x00000000ed5fbd48) 
thrown [s\open\src\hotspot\share\interpreter\linkResolver.cpp, line 759]
Event: 9.534 Thread 0x000001b7fb2fb850 Exception <a 'java/lang/NoSuchMethodError'{0x00000000ed401d30}: 'java.lang.Object java.lang.invoke.DirectMethodHandle$Holder.invokeSpecial(java.lang.Object, java.lang.Object, java.lang.Object, java.lang.Object, java.lang.Object, java.lang.Object, java.lang.Object, java.lang.Object, java.lang.Object, java.lang.Object, java.lang.Object, java.lang.Object)'> (0x00000000ed401d30) 
thrown [s\open\src\hotspot\share\interpreter\linkResolver.cpp, line 759]
Event: 9.535 Thread 0x000001b7fb2fb850 Exception <a 'java/lang/NoSuchMethodError'{0x00000000ed4073c8}: 'java.lang.Object java.lang.invoke.Invokers$Holder.linkToTargetMethod(java.lang.Object, java.lang.Object, java.lang.Object, java.lang.Object, java.lang.Object, java.lang.Object, java.lang.Object, java.lang.Object, java.lang.Object, java.lang.Object, java.lang.Object)'> (0x00000000ed4073c8) 
thrown [s\open\src\hotspot\share\interpreter\linkResolver.cpp, line 759]
Event: 10.060 Thread 0x000001b7fb2fb850 Exception <a 'java/lang/IncompatibleClassChangeError'{0x00000000ecd06be0}: Found class java.lang.Object, but interface was expected> (0x00000000ecd06be0) 
thrown [s\open\src\hotspot\share\interpreter\linkResolver.cpp, line 826]
Event: 10.103 Thread 0x000001b7fb2fb850 Exception <a 'java/lang/NoSuchMethodError'{0x00000000ecc11518}: 'int java.lang.invoke.DirectMethodHandle$Holder.invokeStaticInit(java.lang.Object, java.lang.Object, java.lang.Object)'> (0x00000000ecc11518) 
thrown [s\open\src\hotspot\share\interpreter\linkResolver.cpp, line 759]
Event: 10.107 Thread 0x000001b7fb2fb850 Exception <a 'java/lang/NoSuchMethodError'{0x00000000ecc274d8}: 'java.lang.Object java.lang.invoke.DirectMethodHandle$Holder.newInvokeSpecial(java.lang.Object, java.lang.Object, long)'> (0x00000000ecc274d8) 
thrown [s\open\src\hotspot\share\interpreter\linkResolver.cpp, line 759]
Event: 10.108 Thread 0x000001b7fb2fb850 Exception <a 'java/lang/NoSuchMethodError'{0x00000000ecc2bae8}: 'java.lang.Object java.lang.invoke.Invokers$Holder.linkToTargetMethod(java.lang.Object, long, java.lang.Object)'> (0x00000000ecc2bae8) 
thrown [s\open\src\hotspot\share\interpreter\linkResolver.cpp, line 759]

VM Operations (20 events):
Event: 6.679 Executing VM operation: HandshakeAllThreads
Event: 6.679 Executing VM operation: HandshakeAllThreads done
Event: 6.687 Executing VM operation: CollectForMetadataAllocation
Event: 6.700 Executing VM operation: CollectForMetadataAllocation done
Event: 6.713 Executing VM operation: G1Concurrent
Event: 6.717 Executing VM operation: G1Concurrent done
Event: 6.720 Executing VM operation: G1Concurrent
Event: 6.721 Executing VM operation: G1Concurrent done
Event: 7.728 Executing VM operation: Cleanup
Event: 7.729 Executing VM operation: Cleanup done
Event: 8.300 Executing VM operation: HandshakeAllThreads
Event: 8.300 Executing VM operation: HandshakeAllThreads done
Event: 9.036 Executing VM operation: HandshakeAllThreads
Event: 9.084 Executing VM operation: HandshakeAllThreads done
Event: 9.084 Executing VM operation: Cleanup
Event: 9.217 Executing VM operation: Cleanup done
Event: 10.014 Executing VM operation: HandshakeAllThreads
Event: 10.015 Executing VM operation: HandshakeAllThreads done
Event: 10.070 Executing VM operation: HandshakeAllThreads
Event: 10.070 Executing VM operation: HandshakeAllThreads done

Events (20 events):
Event: 8.318 loading class java/lang/Class$EnclosingMethodInfo
Event: 8.318 loading class java/lang/Class$EnclosingMethodInfo done
Event: 8.350 loading class sun/reflect/generics/tree/IntSignature
Event: 8.350 loading class sun/reflect/generics/tree/IntSignature done
Event: 8.350 loading class sun/reflect/generics/tree/ArrayTypeSignature
Event: 8.350 loading class sun/reflect/generics/tree/ArrayTypeSignature done
Event: 8.361 loading class java/lang/SafeVarargs
Event: 8.361 loading class java/lang/SafeVarargs done
Event: 8.617 Thread 0x000001b7fd3d5a70 Thread added: 0x000001b7fd3d5a70
Event: 9.554 Thread 0x000001b7fd3d33f0 Thread added: 0x000001b7fd3d33f0
Event: 9.989 loading class java/util/regex/Pattern$Pos
Event: 9.989 loading class java/util/regex/Pattern$Pos done
Event: 9.995 loading class java/io/StringReader
Event: 9.995 loading class java/io/StringReader done
Event: 10.015 loading class java/util/zip/ZipFile$ZipEntryIterator
Event: 10.022 loading class java/util/zip/ZipFile$ZipEntryIterator done
Event: 10.034 loading class java/math/MutableBigInteger
Event: 10.035 loading class java/math/MutableBigInteger done
Event: 10.083 loading class sun/nio/fs/WindowsPath$1
Event: 10.083 loading class sun/nio/fs/WindowsPath$1 done


Dynamic libraries:
0x00007ff71d690000 - 0x00007ff71d6a0000 	T:\ToolJava\jdk-17.0.8\bin\java.exe
0x00007ffcc1af0000 - 0x00007ffcc1d07000 	C:\WINDOWS\SYSTEM32\ntdll.dll
0x00007ffcbfbb0000 - 0x00007ffcbfc74000 	C:\WINDOWS\System32\KERNEL32.DLL
0x00007ffcbeed0000 - 0x00007ffcbf27d000 	C:\WINDOWS\System32\KERNELBASE.dll
0x00007ffcbf5c0000 - 0x00007ffcbf6d1000 	C:\WINDOWS\System32\ucrtbase.dll
0x00007ffcb3590000 - 0x00007ffcb35a9000 	T:\ToolJava\jdk-17.0.8\bin\jli.dll
0x00007ffcb3800000 - 0x00007ffcb381b000 	T:\ToolJava\jdk-17.0.8\bin\VCRUNTIME140.dll
0x00007ffcc19f0000 - 0x00007ffcc1aa2000 	C:\WINDOWS\System32\ADVAPI32.dll
0x00007ffcbf840000 - 0x00007ffcbf8e7000 	C:\WINDOWS\System32\msvcrt.dll
0x00007ffcc1770000 - 0x00007ffcc1819000 	C:\WINDOWS\System32\sechost.dll
0x00007ffcbf780000 - 0x00007ffcbf7a8000 	C:\WINDOWS\System32\bcrypt.dll
0x00007ffcbfa00000 - 0x00007ffcbfb14000 	C:\WINDOWS\System32\RPCRT4.dll
0x00007ffcc0d20000 - 0x00007ffcc0ece000 	C:\WINDOWS\System32\USER32.dll
0x00007ffcbf3f0000 - 0x00007ffcbf416000 	C:\WINDOWS\System32\win32u.dll
0x00007ffcc1740000 - 0x00007ffcc1769000 	C:\WINDOWS\System32\GDI32.dll
0x00007ffca7990000 - 0x00007ffca7c23000 	C:\WINDOWS\WinSxS\amd64_microsoft.windows.common-controls_6595b64144ccf1df_6.0.22621.3672_none_2713b9d173822955\COMCTL32.dll
0x00007ffcbf4a0000 - 0x00007ffcbf5b9000 	C:\WINDOWS\System32\gdi32full.dll
0x00007ffcbf6e0000 - 0x00007ffcbf77a000 	C:\WINDOWS\System32\msvcp_win.dll
0x00007ffcb54b0000 - 0x00007ffcb54ba000 	C:\WINDOWS\SYSTEM32\VERSION.dll
0x00007ffcc1880000 - 0x00007ffcc18b1000 	C:\WINDOWS\System32\IMM32.DLL
0x00007ffcbabc0000 - 0x00007ffcbabcc000 	T:\ToolJava\jdk-17.0.8\bin\vcruntime140_1.dll
0x00007ffc726b0000 - 0x00007ffc7273e000 	T:\ToolJava\jdk-17.0.8\bin\msvcp140.dll
0x00007ffc5ada0000 - 0x00007ffc5b97e000 	T:\ToolJava\jdk-17.0.8\bin\server\jvm.dll
0x00007ffcc19c0000 - 0x00007ffcc19c8000 	C:\WINDOWS\System32\PSAPI.DLL
0x00007ffca4790000 - 0x00007ffca4799000 	C:\WINDOWS\SYSTEM32\WSOCK32.dll
0x00007ffcb8ed0000 - 0x00007ffcb8f04000 	C:\WINDOWS\SYSTEM32\WINMM.dll
0x00007ffcbfe40000 - 0x00007ffcbfeb1000 	C:\WINDOWS\System32\WS2_32.dll
0x00007ffcbde00000 - 0x00007ffcbde18000 	C:\WINDOWS\SYSTEM32\kernel.appcore.dll
0x00007ffcbab80000 - 0x00007ffcbab8a000 	T:\ToolJava\jdk-17.0.8\bin\jimage.dll
0x00007ffcbc2e0000 - 0x00007ffcbc512000 	C:\WINDOWS\SYSTEM32\DBGHELP.DLL
0x00007ffcc0830000 - 0x00007ffcc0bbd000 	C:\WINDOWS\System32\combase.dll
0x00007ffcc0020000 - 0x00007ffcc00f7000 	C:\WINDOWS\System32\OLEAUT32.dll
0x00007ffc8a1f0000 - 0x00007ffc8a222000 	C:\WINDOWS\SYSTEM32\dbgcore.DLL
0x00007ffcbf420000 - 0x00007ffcbf49b000 	C:\WINDOWS\System32\bcryptPrimitives.dll
0x00007ffcb32b0000 - 0x00007ffcb32be000 	T:\ToolJava\jdk-17.0.8\bin\instrument.dll
0x00007ffcb32c0000 - 0x00007ffcb32e5000 	T:\ToolJava\jdk-17.0.8\bin\java.dll
0x00007ffc71b20000 - 0x00007ffc71bf7000 	T:\ToolJava\jdk-17.0.8\bin\jsvml.dll
0x00007ffcc0ed0000 - 0x00007ffcc1738000 	C:\WINDOWS\System32\SHELL32.dll
0x00007ffcbcd10000 - 0x00007ffcbd60e000 	C:\WINDOWS\SYSTEM32\windows.storage.dll
0x00007ffcbcbd0000 - 0x00007ffcbcd0f000 	C:\WINDOWS\SYSTEM32\wintypes.dll
0x00007ffcbff20000 - 0x00007ffcc0019000 	C:\WINDOWS\System32\SHCORE.dll
0x00007ffcbf8f0000 - 0x00007ffcbf94e000 	C:\WINDOWS\System32\shlwapi.dll
0x00007ffcbed40000 - 0x00007ffcbed61000 	C:\WINDOWS\SYSTEM32\profapi.dll
0x00007ffcb3000000 - 0x00007ffcb3018000 	T:\ToolJava\jdk-17.0.8\bin\zip.dll
0x00007ffcb3570000 - 0x00007ffcb3589000 	T:\ToolJava\jdk-17.0.8\bin\net.dll
0x00007ffcbaa40000 - 0x00007ffcbab76000 	C:\WINDOWS\SYSTEM32\WINHTTP.dll
0x00007ffcbe270000 - 0x00007ffcbe2d9000 	C:\WINDOWS\system32\mswsock.dll
0x00007ffcb3410000 - 0x00007ffcb3426000 	T:\ToolJava\jdk-17.0.8\bin\nio.dll
0x00007ffcba430000 - 0x00007ffcba440000 	T:\ToolJava\jdk-17.0.8\bin\verify.dll
0x00007ffcba2d0000 - 0x00007ffcba2f7000 	T:\ToolJava\gradle-8.8\native\c067742578af261105cb4f569cf0c3c89f3d7b1fecec35dd04571415982c5e48\windows-amd64\native-platform.dll
0x00007ffc75a40000 - 0x00007ffc75b84000 	T:\ToolJava\gradle-8.8\native\100fb08df4bc3b14c8652ba06237920a3bd2aa13389f12d3474272988ae205f9\windows-amd64\native-platform-file-events.dll
0x00007ffcb37f0000 - 0x00007ffcb37fa000 	T:\ToolJava\jdk-17.0.8\bin\management.dll
0x00007ffcb3460000 - 0x00007ffcb346b000 	T:\ToolJava\jdk-17.0.8\bin\management_ext.dll
0x00007ffcbe4f0000 - 0x00007ffcbe50b000 	C:\WINDOWS\SYSTEM32\CRYPTSP.dll
0x00007ffcbdd60000 - 0x00007ffcbdd95000 	C:\WINDOWS\system32\rsaenh.dll
0x00007ffcbe340000 - 0x00007ffcbe368000 	C:\WINDOWS\SYSTEM32\USERENV.dll
0x00007ffcbe510000 - 0x00007ffcbe51c000 	C:\WINDOWS\SYSTEM32\CRYPTBASE.dll
0x00007ffcbd870000 - 0x00007ffcbd89d000 	C:\WINDOWS\SYSTEM32\IPHLPAPI.DLL
0x00007ffcc0820000 - 0x00007ffcc0829000 	C:\WINDOWS\System32\NSI.dll
0x00007ffcbad00000 - 0x00007ffcbad19000 	C:\WINDOWS\SYSTEM32\dhcpcsvc6.DLL
0x00007ffcbaa20000 - 0x00007ffcbaa3f000 	C:\WINDOWS\SYSTEM32\dhcpcsvc.DLL
0x00007ffcbd8e0000 - 0x00007ffcbd9d8000 	C:\WINDOWS\SYSTEM32\DNSAPI.dll
0x00007ffcb2ff0000 - 0x00007ffcb2ffe000 	T:\ToolJava\jdk-17.0.8\bin\sunmscapi.dll
0x00007ffcbf280000 - 0x00007ffcbf3e7000 	C:\WINDOWS\System32\CRYPT32.dll
0x00007ffcbe740000 - 0x00007ffcbe76e000 	C:\WINDOWS\SYSTEM32\ncrypt.dll
0x00007ffcbe700000 - 0x00007ffcbe737000 	C:\WINDOWS\SYSTEM32\NTASN1.dll
0x00007ffcb3870000 - 0x00007ffcb3878000 	C:\WINDOWS\system32\wshunix.dll

dbghelp: loaded successfully - version: 4.0.5 - missing functions: none
symbol engine: initialized successfully - sym options: 0x614 - pdb path: .;T:\ToolJava\jdk-17.0.8\bin;C:\WINDOWS\SYSTEM32;C:\WINDOWS\WinSxS\amd64_microsoft.windows.common-controls_6595b64144ccf1df_6.0.22621.3672_none_2713b9d173822955;T:\ToolJava\jdk-17.0.8\bin\server;T:\ToolJava\gradle-8.8\native\c067742578af261105cb4f569cf0c3c89f3d7b1fecec35dd04571415982c5e48\windows-amd64;T:\ToolJava\gradle-8.8\native\100fb08df4bc3b14c8652ba06237920a3bd2aa13389f12d3474272988ae205f9\windows-amd64

VM Arguments:
jvm_args: --add-opens=java.base/java.util=ALL-UNNAMED --add-opens=java.base/java.lang=ALL-UNNAMED --add-opens=java.base/java.lang.invoke=ALL-UNNAMED --add-opens=java.prefs/java.util.prefs=ALL-UNNAMED --add-opens=java.base/java.nio.charset=ALL-UNNAMED --add-opens=java.base/java.net=ALL-UNNAMED --add-opens=java.base/java.util.concurrent.atomic=ALL-UNNAMED -XX:MaxMetaspaceSize=384m -XX:+HeapDumpOnOutOfMemoryError -Xms256m -Xmx512m -Dfile.encoding=UTF-8 -Duser.country=US -Duser.language=en -Duser.variant -javaagent:T:\ToolJava\gradle-8.8\wrapper\dists\gradle-8.8-bin\dl7vupf4psengwqhwktix4v1\gradle-8.8\lib\agents\gradle-instrumentation-agent-8.8.jar 
java_command: org.gradle.launcher.daemon.bootstrap.GradleDaemon 8.8
java_class_path (initial): T:\ToolJava\gradle-8.8\wrapper\dists\gradle-8.8-bin\dl7vupf4psengwqhwktix4v1\gradle-8.8\lib\gradle-launcher-8.8.jar
Launcher Type: SUN_STANDARD

[Global flags]
     intx CICompilerCount                          = 4                                         {product} {ergonomic}
   size_t CompressedClassSpaceSize                 = 335544320                                 {product} {ergonomic}
     uint ConcGCThreads                            = 2                                         {product} {ergonomic}
     uint G1ConcRefinementThreads                  = 8                                         {product} {ergonomic}
   size_t G1HeapRegionSize                         = 1048576                                   {product} {ergonomic}
    uintx GCDrainStackTargetSize                   = 64                                        {product} {ergonomic}
     bool HeapDumpOnOutOfMemoryError               = true                                   {manageable} {command line}
   size_t InitialHeapSize                          = 268435456                                 {product} {command line}
   size_t MarkStackSize                            = 4194304                                   {product} {ergonomic}
   size_t MaxHeapSize                              = 536870912                                 {product} {command line}
   size_t MaxMetaspaceSize                         = 402653184                                 {product} {command line}
   size_t MaxNewSize                               = 321912832                                 {product} {ergonomic}
   size_t MinHeapDeltaBytes                        = 1048576                                   {product} {ergonomic}
   size_t MinHeapSize                              = 268435456                                 {product} {command line}
    uintx NonNMethodCodeHeapSize                   = 5839372                                {pd product} {ergonomic}
    uintx NonProfiledCodeHeapSize                  = 122909434                              {pd product} {ergonomic}
    uintx ProfiledCodeHeapSize                     = 122909434                              {pd product} {ergonomic}
    uintx ReservedCodeCacheSize                    = 251658240                              {pd product} {ergonomic}
     bool SegmentedCodeCache                       = true                                      {product} {ergonomic}
   size_t SoftMaxHeapSize                          = 536870912                              {manageable} {ergonomic}
     bool UseCompressedClassPointers               = true                           {product lp64_product} {ergonomic}
     bool UseCompressedOops                        = true                           {product lp64_product} {ergonomic}
     bool UseG1GC                                  = true                                      {product} {ergonomic}
     bool UseLargePagesIndividualAllocation        = false                                  {pd product} {ergonomic}

Logging:
Log output configuration:
 #0: stdout all=warning uptime,level,tags
 #1: stderr all=off uptime,level,tags

Environment Variables:
JAVA_HOME=T:\ToolJava\jdk-17.0.8
PATH=C:\WINDOWS\system32;C:\WINDOWS;C:\WINDOWS\System32\Wbem;C:\WINDOWS\System32\WindowsPowerShell\v1.0\;C:\WINDOWS\System32\OpenSSH\;C:\Program Files\MongoDB\Server\tools\bin;C:\Program Files\MongoDB\Server\5.0\bin;C:\Program Files (x86)\Microsoft SQL Server\150\DTS\Binn\;C:\Program Files\Microsoft SQL Server\Client SDK\ODBC\170\Tools\Binn\;C:\Program Files (x86)\Microsoft SQL Server\150\Tools\Binn\;C:\Program Files\Microsoft SQL Server\150\Tools\Binn\;C:\Program Files\Microsoft SQL Server\150\DTS\Binn\;C:\Program Files\Azure Data Studio\bin;C:\Program Files\nodejs;C:\MinGW\bin;C:\Program Files\Git\cmd;T:\ToolJava\jdk-17.0.8\bin;C:\Program Files\HP\HP One Agent;C:\Program Files\Docker\Docker\resources\bin;T:\ToolJava\apache-maven-3.9.9\bin;C:\Users\HP\AppData\Local\Programs\Python\Python311\Scripts\;C:\Users\HP\AppData\Local\Programs\Python\Python311\;C:\Users\HP\AppData\Local\Microsoft\WindowsApps;C:\Program Files (x86)\CodeBlocks\MinGW\bin;C:\Program Files\Azure Data Studio\bin;C:\Program Files\MongoDB\Server\tools\bin;C:\Program Files\MongoDB\Server\5.0\bin;;T:\50_NguyenVanLoc\;C:\Users\HP\AppData\Local\Programs\Microsoft VS Code\bin;C:\Users\HP\AppData\Roaming\npm
USERNAME=HP
OS=Windows_NT
PROCESSOR_IDENTIFIER=Intel64 Family 6 Model 142 Stepping 12, GenuineIntel



---------------  S Y S T E M  ---------------

OS:
 Windows 11 , 64 bit Build 22621 (10.0.22621.3958)
OS uptime: 2 days 23:19 hours
Hyper-V role detected

CPU: total 8 (initial active 8) (4 cores per cpu, 2 threads per core) family 6 model 142 stepping 12 microcode 0xec, cx8, cmov, fxsr, ht, mmx, 3dnowpref, sse, sse2, sse3, ssse3, sse4.1, sse4.2, popcnt, lzcnt, tsc, tscinvbit, avx, avx2, aes, erms, clmul, bmi1, bmi2, adx, fma, vzeroupper, clflush, clflushopt, hv

Memory: 4k page, system-wide physical 8014M (256M free)
TotalPageFile size 16014M (AvailPageFile size 9M)
current process WorkingSet (physical memory assigned to process): 269M, peak: 269M
current process commit charge ("private bytes"): 440M, peak: 441M

vm_info: Java HotSpot(TM) 64-Bit Server VM (17.0.8+9-LTS-211) for windows-amd64 JRE (17.0.8+9-LTS-211), built on Jun 14 2023 10:34:31 by "mach5one" with MS VC++ 17.1 (VS2022)

END.
