#
# There is insufficient memory for the Java Runtime Environment to continue.
# Native memory allocation (malloc) failed to allocate 2046368 bytes for Chunk::new
# Possible reasons:
#   The system is out of physical RAM or swap space
#   The process is running with CompressedOops enabled, and the Java Heap may be blocking the growth of the native heap
# Possible solutions:
#   Reduce memory load on the system
#   Increase physical memory or swap space
#   Check if swap backing store is full
#   Decrease Java heap size (-Xmx/-Xms)
#   Decrease number of Java threads
#   Decrease Java thread stack sizes (-Xss)
#   Set larger code cache with -XX:ReservedCodeCacheSize=
#   JVM is running with Unscaled Compressed Oops mode in which the Java heap is
#     placed in the first 4GB address space. The Java Heap base address is the
#     maximum limit for the native heap growth. Please use -XX:HeapBaseMinAddress
#     to set the Java Heap base and to place the Java Heap above 4GB virtual address.
# This output file may be truncated or incomplete.
#
#  Out of Memory Error (arena.cpp:189), pid=16940, tid=6980
#
# JRE version: Java(TM) SE Runtime Environment (17.0.8+9) (build 17.0.8+9-LTS-211)
# Java VM: Java HotSpot(TM) 64-Bit Server VM (17.0.8+9-LTS-211, mixed mode, sharing, tiered, compressed oops, compressed class ptrs, g1 gc, windows-amd64)
# No core dump will be written. Minidumps are not enabled by default on client versions of Windows
#

---------------  S U M M A R Y ------------

Command Line: --add-opens=java.base/java.util=ALL-UNNAMED --add-opens=java.base/java.lang=ALL-UNNAMED --add-opens=java.base/java.lang.invoke=ALL-UNNAMED --add-opens=java.prefs/java.util.prefs=ALL-UNNAMED --add-opens=java.base/java.nio.charset=ALL-UNNAMED --add-opens=java.base/java.net=ALL-UNNAMED --add-opens=java.base/java.util.concurrent.atomic=ALL-UNNAMED -XX:MaxMetaspaceSize=384m -XX:+HeapDumpOnOutOfMemoryError -Xms256m -Xmx512m -Dfile.encoding=UTF-8 -Duser.country=US -Duser.language=en -Duser.variant -javaagent:T:\ToolJava\gradle-8.8\wrapper\dists\gradle-8.8-bin\dl7vupf4psengwqhwktix4v1\gradle-8.8\lib\agents\gradle-instrumentation-agent-8.8.jar org.gradle.launcher.daemon.bootstrap.GradleDaemon 8.8

Host: Intel(R) Core(TM) i5-10210U CPU @ 1.60GHz, 8 cores, 7G,  Windows 11 , 64 bit Build 22621 (10.0.22621.3958)
Time: Thu Sep  5 14:36:19 2024 SE Asia Standard Time elapsed time: 19.803111 seconds (0d 0h 0m 19s)

---------------  T H R E A D  ---------------

Current thread (0x00000293b9c67050):  JavaThread "C2 CompilerThread1" daemon [_thread_in_native, id=6980, stack(0x000000ef1b800000,0x000000ef1b900000)]


Current CompileTask:
C2:  19803 5701       4       org.objectweb.asm.Frame::execute (2303 bytes)

Stack: [0x000000ef1b800000,0x000000ef1b900000]
Native frames: (J=compiled Java code, j=interpreted, Vv=VM code, C=native code)
V  [jvm.dll+0x677d0a]
V  [jvm.dll+0x7d8c54]
V  [jvm.dll+0x7da3fe]
V  [jvm.dll+0x7daa63]
V  [jvm.dll+0x245c5f]
V  [jvm.dll+0xaaa6b]
V  [jvm.dll+0xab00c]
V  [jvm.dll+0x361e8e]
V  [jvm.dll+0x32c551]
V  [jvm.dll+0x32b9ea]
V  [jvm.dll+0x217fff]
V  [jvm.dll+0x217431]
V  [jvm.dll+0x1a3af0]
V  [jvm.dll+0x2270be]
V  [jvm.dll+0x22535b]
V  [jvm.dll+0x78e7bc]
V  [jvm.dll+0x788bba]
V  [jvm.dll+0x676b35]
C  [ucrtbase.dll+0x29333]
C  [KERNEL32.DLL+0x1257d]
C  [ntdll.dll+0x5af28]


---------------  P R O C E S S  ---------------

Threads class SMR info:
_java_thread_list=0x00000293b9126bc0, length=64, elements={
0x00000293ff919430, 0x000002939b6e5550, 0x000002939b6e6b60, 0x000002939b6fdfb0,
0x000002939b6fee20, 0x000002939b7040a0, 0x000002939b727230, 0x000002939b72c080,
0x000002939b72dee0, 0x000002939b72fba0, 0x000002939b6d1d60, 0x000002939ba47af0,
0x00000293b5f8b1c0, 0x00000293b5f89e80, 0x00000293b5f8cea0, 0x00000293b5f8a820,
0x00000293b5f8a350, 0x00000293b5f8acf0, 0x00000293b5f8b690, 0x00000293b5f8c030,
0x00000293b5f8c500, 0x00000293b5f8c9d0, 0x00000293b5f8d370, 0x00000293b5f8bb60,
0x00000293b5f899b0, 0x00000293b524d590, 0x00000293b524a0a0, 0x00000293b524cbf0,
0x00000293b524aa40, 0x00000293b524a570, 0x00000293b524b3e0, 0x00000293b524b8b0,
0x00000293b524bd80, 0x00000293b524c250, 0x00000293b524c720, 0x00000293b523d3a0,
0x00000293b523f080, 0x00000293b52420a0, 0x00000293b523f550, 0x00000293b5242570,
0x00000293b523e210, 0x00000293b5240890, 0x00000293b523fa20, 0x00000293b5242a40,
0x00000293b5242f10, 0x00000293b523d870, 0x00000293b52433e0, 0x00000293b523ebb0,
0x00000293b52403c0, 0x00000293b523dd40, 0x00000293b52438b0, 0x00000293b5240d60,
0x00000293b5241700, 0x00000293b523c060, 0x00000293b5241bd0, 0x00000293b523e6e0,
0x00000293b523c530, 0x000002939b8bd850, 0x000002939b8bc510, 0x000002939b8ba830,
0x000002939b8bc9e0, 0x00000293b9c67050, 0x000002939b8bad00, 0x000002939b8bceb0
}

Java Threads: ( => current thread )
  0x00000293ff919430 JavaThread "main" [_thread_blocked, id=11560, stack(0x000000ef16c00000,0x000000ef16d00000)]
  0x000002939b6e5550 JavaThread "Reference Handler" daemon [_thread_blocked, id=10272, stack(0x000000ef17300000,0x000000ef17400000)]
  0x000002939b6e6b60 JavaThread "Finalizer" daemon [_thread_blocked, id=6888, stack(0x000000ef17400000,0x000000ef17500000)]
  0x000002939b6fdfb0 JavaThread "Signal Dispatcher" daemon [_thread_blocked, id=6676, stack(0x000000ef17500000,0x000000ef17600000)]
  0x000002939b6fee20 JavaThread "Attach Listener" daemon [_thread_blocked, id=6836, stack(0x000000ef17600000,0x000000ef17700000)]
  0x000002939b7040a0 JavaThread "Service Thread" daemon [_thread_blocked, id=5996, stack(0x000000ef17700000,0x000000ef17800000)]
  0x000002939b727230 JavaThread "Monitor Deflation Thread" daemon [_thread_blocked, id=4288, stack(0x000000ef17800000,0x000000ef17900000)]
  0x000002939b72c080 JavaThread "C2 CompilerThread0" daemon [_thread_in_native, id=14536, stack(0x000000ef17900000,0x000000ef17a00000)]
  0x000002939b72dee0 JavaThread "C1 CompilerThread0" daemon [_thread_blocked, id=10156, stack(0x000000ef17a00000,0x000000ef17b00000)]
  0x000002939b72fba0 JavaThread "Sweeper thread" daemon [_thread_blocked, id=16204, stack(0x000000ef17b00000,0x000000ef17c00000)]
  0x000002939b6d1d60 JavaThread "Common-Cleaner" daemon [_thread_blocked, id=1212, stack(0x000000ef17c00000,0x000000ef17d00000)]
  0x000002939ba47af0 JavaThread "Notification Thread" daemon [_thread_blocked, id=7180, stack(0x000000ef17d00000,0x000000ef17e00000)]
  0x00000293b5f8b1c0 JavaThread "Daemon health stats" [_thread_blocked, id=16064, stack(0x000000ef18500000,0x000000ef18600000)]
  0x00000293b5f89e80 JavaThread "Incoming local TCP Connector on port 50676" [_thread_in_native, id=6248, stack(0x000000ef17f00000,0x000000ef18000000)]
  0x00000293b5f8cea0 JavaThread "Daemon periodic checks" [_thread_blocked, id=2784, stack(0x000000ef18600000,0x000000ef18700000)]
  0x00000293b5f8a820 JavaThread "Daemon" [_thread_blocked, id=15036, stack(0x000000ef18700000,0x000000ef18800000)]
  0x00000293b5f8a350 JavaThread "Handler for socket connection from /127.0.0.1:50676 to /127.0.0.1:50677" [_thread_in_native, id=14176, stack(0x000000ef18800000,0x000000ef18900000)]
  0x00000293b5f8acf0 JavaThread "Cancel handler" [_thread_blocked, id=14108, stack(0x000000ef18900000,0x000000ef18a00000)]
  0x00000293b5f8b690 JavaThread "Daemon worker" [_thread_in_vm, id=10516, stack(0x000000ef18a00000,0x000000ef18b00000)]
  0x00000293b5f8c030 JavaThread "Asynchronous log dispatcher for DefaultDaemonConnection: socket connection from /127.0.0.1:50676 to /127.0.0.1:50677" [_thread_blocked, id=17024, stack(0x000000ef18b00000,0x000000ef18c00000)]
  0x00000293b5f8c500 JavaThread "Stdin handler" [_thread_blocked, id=3472, stack(0x000000ef18c00000,0x000000ef18d00000)]
  0x00000293b5f8c9d0 JavaThread "Daemon client event forwarder" [_thread_blocked, id=8240, stack(0x000000ef18d00000,0x000000ef18e00000)]
  0x00000293b5f8d370 JavaThread "Cache worker for journal cache (T:\ToolJava\gradle-8.8\caches\journal-1)" [_thread_blocked, id=3484, stack(0x000000ef18e00000,0x000000ef18f00000)]
  0x00000293b5f8bb60 JavaThread "File lock request listener" [_thread_in_native, id=14300, stack(0x000000ef18f00000,0x000000ef19000000)]
  0x00000293b5f899b0 JavaThread "Cache worker for file hash cache (T:\ToolJava\gradle-8.8\caches\8.8\fileHashes)" [_thread_blocked, id=11636, stack(0x000000ef19000000,0x000000ef19100000)]
  0x00000293b524d590 JavaThread "Cache worker for file hash cache (A:\DeAnTourDuLich\BookingTour\BackEnd\UserService\.gradle\8.8\fileHashes)" [_thread_blocked, id=15488, stack(0x000000ef19400000,0x000000ef19500000)]
  0x00000293b524a0a0 JavaThread "File watcher server" daemon [_thread_in_native, id=3868, stack(0x000000ef19500000,0x000000ef19600000)]
  0x00000293b524cbf0 JavaThread "File watcher consumer" daemon [_thread_blocked, id=15996, stack(0x000000ef19600000,0x000000ef19700000)]
  0x00000293b524aa40 JavaThread "Cache worker for checksums cache (A:\DeAnTourDuLich\BookingTour\BackEnd\UserService\.gradle\8.8\checksums)" [_thread_blocked, id=11700, stack(0x000000ef19800000,0x000000ef19900000)]
  0x00000293b524a570 JavaThread "Cache worker for file content cache (T:\ToolJava\gradle-8.8\caches\8.8\fileContent)" [_thread_blocked, id=7384, stack(0x000000ef19900000,0x000000ef19a00000)]
  0x00000293b524b3e0 JavaThread "Cache worker for cache directory md-rule (T:\ToolJava\gradle-8.8\caches\8.8\md-rule)" [_thread_blocked, id=7332, stack(0x000000ef19a00000,0x000000ef19b00000)]
  0x00000293b524b8b0 JavaThread "Cache worker for cache directory md-supplier (T:\ToolJava\gradle-8.8\caches\8.8\md-supplier)" [_thread_blocked, id=2948, stack(0x000000ef19b00000,0x000000ef19c00000)]
  0x00000293b524bd80 JavaThread "jar transforms" [_thread_blocked, id=5400, stack(0x000000ef19c00000,0x000000ef19d00000)]
  0x00000293b524c250 JavaThread "jar transforms Thread 2" [_thread_blocked, id=4920, stack(0x000000ef19d00000,0x000000ef19e00000)]
  0x00000293b524c720 JavaThread "File lock release action executor" [_thread_blocked, id=2184, stack(0x000000ef19e00000,0x000000ef19f00000)]
  0x00000293b523d3a0 JavaThread "jar transforms Thread 3" [_thread_blocked, id=14484, stack(0x000000ef19100000,0x000000ef19200000)]
  0x00000293b523f080 JavaThread "jar transforms Thread 4" [_thread_blocked, id=12248, stack(0x000000ef19f00000,0x000000ef1a000000)]
  0x00000293b52420a0 JavaThread "jar transforms Thread 5" [_thread_blocked, id=12384, stack(0x000000ef1a100000,0x000000ef1a200000)]
  0x00000293b523f550 JavaThread "jar transforms Thread 6" [_thread_blocked, id=10484, stack(0x000000ef1a200000,0x000000ef1a300000)]
  0x00000293b5242570 JavaThread "Cache worker for Build Output Cleanup Cache (A:\DeAnTourDuLich\BookingTour\BackEnd\UserService\.gradle\buildOutputCleanup)" [_thread_blocked, id=4204, stack(0x000000ef1a300000,0x000000ef1a400000)]
  0x00000293b523e210 JavaThread "jar transforms Thread 7" [_thread_blocked, id=4444, stack(0x000000ef1a400000,0x000000ef1a500000)]
  0x00000293b5240890 JavaThread "Unconstrained build operations" [_thread_blocked, id=9552, stack(0x000000ef1a500000,0x000000ef1a600000)]
  0x00000293b523fa20 JavaThread "Unconstrained build operations Thread 2" [_thread_blocked, id=16772, stack(0x000000ef1a600000,0x000000ef1a700000)]
  0x00000293b5242a40 JavaThread "Unconstrained build operations Thread 3" [_thread_blocked, id=15628, stack(0x000000ef1a700000,0x000000ef1a800000)]
  0x00000293b5242f10 JavaThread "Unconstrained build operations Thread 4" [_thread_blocked, id=12520, stack(0x000000ef1a800000,0x000000ef1a900000)]
  0x00000293b523d870 JavaThread "Unconstrained build operations Thread 5" [_thread_blocked, id=5340, stack(0x000000ef1a900000,0x000000ef1aa00000)]
  0x00000293b52433e0 JavaThread "Unconstrained build operations Thread 6" [_thread_blocked, id=15084, stack(0x000000ef1aa00000,0x000000ef1ab00000)]
  0x00000293b523ebb0 JavaThread "Unconstrained build operations Thread 7" [_thread_blocked, id=10108, stack(0x000000ef1ab00000,0x000000ef1ac00000)]
  0x00000293b52403c0 JavaThread "Unconstrained build operations Thread 8" [_thread_blocked, id=2808, stack(0x000000ef1ac00000,0x000000ef1ad00000)]
  0x00000293b523dd40 JavaThread "Unconstrained build operations Thread 9" [_thread_blocked, id=4500, stack(0x000000ef1ad00000,0x000000ef1ae00000)]
  0x00000293b52438b0 JavaThread "Unconstrained build operations Thread 10" [_thread_blocked, id=7960, stack(0x000000ef1ae00000,0x000000ef1af00000)]
  0x00000293b5240d60 JavaThread "Unconstrained build operations Thread 11" [_thread_blocked, id=15836, stack(0x000000ef1af00000,0x000000ef1b000000)]
  0x00000293b5241700 JavaThread "Unconstrained build operations Thread 12" [_thread_blocked, id=7564, stack(0x000000ef1b000000,0x000000ef1b100000)]
  0x00000293b523c060 JavaThread "Unconstrained build operations Thread 13" [_thread_blocked, id=15600, stack(0x000000ef1b100000,0x000000ef1b200000)]
  0x00000293b5241bd0 JavaThread "Unconstrained build operations Thread 14" [_thread_blocked, id=3048, stack(0x000000ef1b200000,0x000000ef1b300000)]
  0x00000293b523e6e0 JavaThread "Unconstrained build operations Thread 15" [_thread_blocked, id=3052, stack(0x000000ef1b300000,0x000000ef1b400000)]
  0x00000293b523c530 JavaThread "Unconstrained build operations Thread 16" [_thread_blocked, id=3216, stack(0x000000ef1b400000,0x000000ef1b500000)]
  0x000002939b8bd850 JavaThread "Unconstrained build operations Thread 17" [_thread_blocked, id=2788, stack(0x000000ef1b500000,0x000000ef1b600000)]
  0x000002939b8bc510 JavaThread "Unconstrained build operations Thread 18" [_thread_blocked, id=640, stack(0x000000ef1b600000,0x000000ef1b700000)]
  0x000002939b8ba830 JavaThread "Unconstrained build operations Thread 19" [_thread_blocked, id=16604, stack(0x000000ef1b700000,0x000000ef1b800000)]
  0x000002939b8bc9e0 JavaThread "Unconstrained build operations Thread 20" [_thread_blocked, id=15028, stack(0x000000ef1a000000,0x000000ef1a100000)]
=>0x00000293b9c67050 JavaThread "C2 CompilerThread1" daemon [_thread_in_native, id=6980, stack(0x000000ef1b800000,0x000000ef1b900000)]
  0x000002939b8bad00 JavaThread "Unconstrained build operations Thread 21" [_thread_blocked, id=13748, stack(0x000000ef1b900000,0x000000ef1ba00000)]
  0x000002939b8bceb0 JavaThread "Memory manager" [_thread_blocked, id=5036, stack(0x000000ef1ba00000,0x000000ef1bb00000)]

Other Threads:
  0x000002939b6e11c0 VMThread "VM Thread" [stack: 0x000000ef17200000,0x000000ef17300000] [id=11204]
  0x000002939b9c3950 WatcherThread [stack: 0x000000ef17e00000,0x000000ef17f00000] [id=8328]
  0x00000293ff945b90 GCTaskThread "GC Thread#0" [stack: 0x000000ef16d00000,0x000000ef16e00000] [id=8932]
  0x000002939bbcf6d0 GCTaskThread "GC Thread#1" [stack: 0x000000ef18000000,0x000000ef18100000] [id=10436]
  0x00000293b58f4c00 GCTaskThread "GC Thread#2" [stack: 0x000000ef18100000,0x000000ef18200000] [id=15532]
  0x00000293b5403110 GCTaskThread "GC Thread#3" [stack: 0x000000ef18200000,0x000000ef18300000] [id=17232]
  0x00000293b54033c0 GCTaskThread "GC Thread#4" [stack: 0x000000ef18300000,0x000000ef18400000] [id=17648]
  0x00000293b5439220 GCTaskThread "GC Thread#5" [stack: 0x000000ef18400000,0x000000ef18500000] [id=9168]
  0x00000293b7dc7fd0 GCTaskThread "GC Thread#6" [stack: 0x000000ef19200000,0x000000ef19300000] [id=10228]
  0x00000293b7dc7510 GCTaskThread "GC Thread#7" [stack: 0x000000ef19300000,0x000000ef19400000] [id=15040]
  0x00000293ff947ab0 ConcurrentGCThread "G1 Main Marker" [stack: 0x000000ef16e00000,0x000000ef16f00000] [id=1180]
  0x00000293fec8e4f0 ConcurrentGCThread "G1 Conc#0" [stack: 0x000000ef16f00000,0x000000ef17000000] [id=12516]
  0x00000293b7dc7a70 ConcurrentGCThread "G1 Conc#1" [stack: 0x000000ef19700000,0x000000ef19800000] [id=1896]
  0x00000293ff9de280 ConcurrentGCThread "G1 Refine#0" [stack: 0x000000ef17000000,0x000000ef17100000] [id=4180]
  0x00000293ff9debb0 ConcurrentGCThread "G1 Service" [stack: 0x000000ef17100000,0x000000ef17200000] [id=15916]

Threads with active compile tasks:
C2 CompilerThread0    19882 5721       4       sun.net.www.protocol.jar.Handler::parseURL (173 bytes)
C2 CompilerThread1    19882 5701       4       org.objectweb.asm.Frame::execute (2303 bytes)

VM state: not at safepoint (normal execution)

VM Mutex/Monitor currently owned by a thread: None

Heap address: 0x00000000e0000000, size: 512 MB, Compressed Oops mode: 32-bit

CDS archive(s) mapped at: [0x000002939c000000-0x000002939cbd0000-0x000002939cbd0000), size 12386304, SharedBaseAddress: 0x000002939c000000, ArchiveRelocationMode: 1.
Compressed class space mapped at: 0x000002939d000000-0x00000293b1000000, reserved size: 335544320
Narrow klass base: 0x000002939c000000, Narrow klass shift: 0, Narrow klass range: 0x100000000

GC Precious Log:
 CPUs: 8 total, 8 available
 Memory: 8014M
 Large Page Support: Disabled
 NUMA Support: Disabled
 Compressed Oops: Enabled (32-bit)
 Heap Region Size: 1M
 Heap Min Capacity: 256M
 Heap Initial Capacity: 256M
 Heap Max Capacity: 512M
 Pre-touch: Disabled
 Parallel Workers: 8
 Concurrent Workers: 2
 Concurrent Refinement Workers: 8
 Periodic GC: Disabled

Heap:
 garbage-first heap   total 262144K, used 151336K [0x00000000e0000000, 0x0000000100000000)
  region size 1024K, 117 young (119808K), 1 survivors (1024K)
 Metaspace       used 47228K, committed 47744K, reserved 393216K
  class space    used 6711K, committed 6912K, reserved 327680K

Heap Regions: E=young(eden), S=young(survivor), O=old, HS=humongous(starts), HC=humongous(continues), CS=collection set, F=free, OA=open archive, CA=closed archive, TAMS=top-at-mark-start (previous, next)
|   0|0x00000000e0000000, 0x00000000e0100000, 0x00000000e0100000|100%|HS|  |TAMS 0x00000000e0100000, 0x00000000e0000000| Complete 
|   1|0x00000000e0100000, 0x00000000e0200000, 0x00000000e0200000|100%|HC|  |TAMS 0x00000000e0200000, 0x00000000e0100000| Complete 
|   2|0x00000000e0200000, 0x00000000e0300000, 0x00000000e0300000|100%|HC|  |TAMS 0x00000000e0300000, 0x00000000e0200000| Complete 
|   3|0x00000000e0300000, 0x00000000e0400000, 0x00000000e0400000|100%|HC|  |TAMS 0x00000000e0400000, 0x00000000e0300000| Complete 
|   4|0x00000000e0400000, 0x00000000e0500000, 0x00000000e0500000|100%| O|  |TAMS 0x00000000e0500000, 0x00000000e0400000| Untracked 
|   5|0x00000000e0500000, 0x00000000e0600000, 0x00000000e0600000|100%|HS|  |TAMS 0x00000000e0500000, 0x00000000e0500000| Complete 
|   6|0x00000000e0600000, 0x00000000e0700000, 0x00000000e0700000|100%| O|  |TAMS 0x00000000e0700000, 0x00000000e0600000| Untracked 
|   7|0x00000000e0700000, 0x00000000e0800000, 0x00000000e0800000|100%| O|  |TAMS 0x00000000e0800000, 0x00000000e0700000| Untracked 
|   8|0x00000000e0800000, 0x00000000e0900000, 0x00000000e0900000|100%| O|  |TAMS 0x00000000e0900000, 0x00000000e0800000| Untracked 
|   9|0x00000000e0900000, 0x00000000e0a00000, 0x00000000e0a00000|100%| O|  |TAMS 0x00000000e0a00000, 0x00000000e0900000| Untracked 
|  10|0x00000000e0a00000, 0x00000000e0b00000, 0x00000000e0b00000|100%| O|  |TAMS 0x00000000e0b00000, 0x00000000e0a00000| Untracked 
|  11|0x00000000e0b00000, 0x00000000e0c00000, 0x00000000e0c00000|100%|HS|  |TAMS 0x00000000e0c00000, 0x00000000e0b00000| Complete 
|  12|0x00000000e0c00000, 0x00000000e0d00000, 0x00000000e0d00000|100%| O|  |TAMS 0x00000000e0d00000, 0x00000000e0c00000| Untracked 
|  13|0x00000000e0d00000, 0x00000000e0e00000, 0x00000000e0e00000|100%| O|  |TAMS 0x00000000e0e00000, 0x00000000e0d00000| Untracked 
|  14|0x00000000e0e00000, 0x00000000e0f00000, 0x00000000e0f00000|100%| O|  |TAMS 0x00000000e0f00000, 0x00000000e0e00000| Untracked 
|  15|0x00000000e0f00000, 0x00000000e1000000, 0x00000000e1000000|100%| O|  |TAMS 0x00000000e1000000, 0x00000000e0f00000| Untracked 
|  16|0x00000000e1000000, 0x00000000e1100000, 0x00000000e1100000|100%| O|  |TAMS 0x00000000e1100000, 0x00000000e1000000| Untracked 
|  17|0x00000000e1100000, 0x00000000e1200000, 0x00000000e1200000|100%| O|  |TAMS 0x00000000e1200000, 0x00000000e1100000| Untracked 
|  18|0x00000000e1200000, 0x00000000e1300000, 0x00000000e1300000|100%| O|  |TAMS 0x00000000e1300000, 0x00000000e1200000| Untracked 
|  19|0x00000000e1300000, 0x00000000e1400000, 0x00000000e1400000|100%| O|  |TAMS 0x00000000e1400000, 0x00000000e1300000| Untracked 
|  20|0x00000000e1400000, 0x00000000e1500000, 0x00000000e1500000|100%| O|  |TAMS 0x00000000e1500000, 0x00000000e1400000| Untracked 
|  21|0x00000000e1500000, 0x00000000e1600000, 0x00000000e1600000|100%| O|  |TAMS 0x00000000e1600000, 0x00000000e1500000| Untracked 
|  22|0x00000000e1600000, 0x00000000e1700000, 0x00000000e1700000|100%| O|  |TAMS 0x00000000e1700000, 0x00000000e1600000| Untracked 
|  23|0x00000000e1700000, 0x00000000e1800000, 0x00000000e1800000|100%| O|  |TAMS 0x00000000e1800000, 0x00000000e1700000| Untracked 
|  24|0x00000000e1800000, 0x00000000e1900000, 0x00000000e1900000|100%| O|  |TAMS 0x00000000e1900000, 0x00000000e1800000| Untracked 
|  25|0x00000000e1900000, 0x00000000e1a00000, 0x00000000e1a00000|100%| O|  |TAMS 0x00000000e1a00000, 0x00000000e1900000| Untracked 
|  26|0x00000000e1a00000, 0x00000000e1b00000, 0x00000000e1b00000|100%| O|  |TAMS 0x00000000e1b00000, 0x00000000e1a00000| Untracked 
|  27|0x00000000e1b00000, 0x00000000e1c00000, 0x00000000e1c00000|100%| O|  |TAMS 0x00000000e1c00000, 0x00000000e1b00000| Untracked 
|  28|0x00000000e1c00000, 0x00000000e1d00000, 0x00000000e1d00000|100%| O|  |TAMS 0x00000000e1d00000, 0x00000000e1c00000| Untracked 
|  29|0x00000000e1d00000, 0x00000000e1e00000, 0x00000000e1e00000|100%| O|  |TAMS 0x00000000e1e00000, 0x00000000e1d00000| Untracked 
|  30|0x00000000e1e00000, 0x00000000e1f00000, 0x00000000e1f00000|100%| O|  |TAMS 0x00000000e1f00000, 0x00000000e1e00000| Untracked 
|  31|0x00000000e1f00000, 0x00000000e2000000, 0x00000000e2000000|100%| O|  |TAMS 0x00000000e2000000, 0x00000000e1f00000| Complete 
|  32|0x00000000e2000000, 0x00000000e205ea00, 0x00000000e2100000| 36%| O|  |TAMS 0x00000000e205ea00, 0x00000000e2000000| Untracked 
|  33|0x00000000e2100000, 0x00000000e2200000, 0x00000000e2200000|100%|HS|  |TAMS 0x00000000e2100000, 0x00000000e2100000| Complete 
|  34|0x00000000e2200000, 0x00000000e2200000, 0x00000000e2300000|  0%| F|  |TAMS 0x00000000e2200000, 0x00000000e2200000| Untracked 
|  35|0x00000000e2300000, 0x00000000e2300000, 0x00000000e2400000|  0%| F|  |TAMS 0x00000000e2300000, 0x00000000e2300000| Untracked 
|  36|0x00000000e2400000, 0x00000000e2400000, 0x00000000e2500000|  0%| F|  |TAMS 0x00000000e2400000, 0x00000000e2400000| Untracked 
|  37|0x00000000e2500000, 0x00000000e2500000, 0x00000000e2600000|  0%| F|  |TAMS 0x00000000e2500000, 0x00000000e2500000| Untracked 
|  38|0x00000000e2600000, 0x00000000e2600000, 0x00000000e2700000|  0%| F|  |TAMS 0x00000000e2600000, 0x00000000e2600000| Untracked 
|  39|0x00000000e2700000, 0x00000000e2700000, 0x00000000e2800000|  0%| F|  |TAMS 0x00000000e2700000, 0x00000000e2700000| Untracked 
|  40|0x00000000e2800000, 0x00000000e2800000, 0x00000000e2900000|  0%| F|  |TAMS 0x00000000e2800000, 0x00000000e2800000| Untracked 
|  41|0x00000000e2900000, 0x00000000e2900000, 0x00000000e2a00000|  0%| F|  |TAMS 0x00000000e2900000, 0x00000000e2900000| Untracked 
|  42|0x00000000e2a00000, 0x00000000e2a00000, 0x00000000e2b00000|  0%| F|  |TAMS 0x00000000e2a00000, 0x00000000e2a00000| Untracked 
|  43|0x00000000e2b00000, 0x00000000e2b00000, 0x00000000e2c00000|  0%| F|  |TAMS 0x00000000e2b00000, 0x00000000e2b00000| Untracked 
|  44|0x00000000e2c00000, 0x00000000e2c00000, 0x00000000e2d00000|  0%| F|  |TAMS 0x00000000e2c00000, 0x00000000e2c00000| Untracked 
|  45|0x00000000e2d00000, 0x00000000e2d00000, 0x00000000e2e00000|  0%| F|  |TAMS 0x00000000e2d00000, 0x00000000e2d00000| Untracked 
|  46|0x00000000e2e00000, 0x00000000e2e00000, 0x00000000e2f00000|  0%| F|  |TAMS 0x00000000e2e00000, 0x00000000e2e00000| Untracked 
|  47|0x00000000e2f00000, 0x00000000e2f00000, 0x00000000e3000000|  0%| F|  |TAMS 0x00000000e2f00000, 0x00000000e2f00000| Untracked 
|  48|0x00000000e3000000, 0x00000000e3000000, 0x00000000e3100000|  0%| F|  |TAMS 0x00000000e3000000, 0x00000000e3000000| Untracked 
|  49|0x00000000e3100000, 0x00000000e3100000, 0x00000000e3200000|  0%| F|  |TAMS 0x00000000e3100000, 0x00000000e3100000| Untracked 
|  50|0x00000000e3200000, 0x00000000e3200000, 0x00000000e3300000|  0%| F|  |TAMS 0x00000000e3200000, 0x00000000e3200000| Untracked 
|  51|0x00000000e3300000, 0x00000000e3300000, 0x00000000e3400000|  0%| F|  |TAMS 0x00000000e3300000, 0x00000000e3300000| Untracked 
|  52|0x00000000e3400000, 0x00000000e3400000, 0x00000000e3500000|  0%| F|  |TAMS 0x00000000e3400000, 0x00000000e3400000| Untracked 
|  53|0x00000000e3500000, 0x00000000e3500000, 0x00000000e3600000|  0%| F|  |TAMS 0x00000000e3500000, 0x00000000e3500000| Untracked 
|  54|0x00000000e3600000, 0x00000000e3600000, 0x00000000e3700000|  0%| F|  |TAMS 0x00000000e3600000, 0x00000000e3600000| Untracked 
|  55|0x00000000e3700000, 0x00000000e3700000, 0x00000000e3800000|  0%| F|  |TAMS 0x00000000e3700000, 0x00000000e3700000| Untracked 
|  56|0x00000000e3800000, 0x00000000e3800000, 0x00000000e3900000|  0%| F|  |TAMS 0x00000000e3800000, 0x00000000e3800000| Untracked 
|  57|0x00000000e3900000, 0x00000000e3900000, 0x00000000e3a00000|  0%| F|  |TAMS 0x00000000e3900000, 0x00000000e3900000| Untracked 
|  58|0x00000000e3a00000, 0x00000000e3a00000, 0x00000000e3b00000|  0%| F|  |TAMS 0x00000000e3a00000, 0x00000000e3a00000| Untracked 
|  59|0x00000000e3b00000, 0x00000000e3b00000, 0x00000000e3c00000|  0%| F|  |TAMS 0x00000000e3b00000, 0x00000000e3b00000| Untracked 
|  60|0x00000000e3c00000, 0x00000000e3c00000, 0x00000000e3d00000|  0%| F|  |TAMS 0x00000000e3c00000, 0x00000000e3c00000| Untracked 
|  61|0x00000000e3d00000, 0x00000000e3d00000, 0x00000000e3e00000|  0%| F|  |TAMS 0x00000000e3d00000, 0x00000000e3d00000| Untracked 
|  62|0x00000000e3e00000, 0x00000000e3e00000, 0x00000000e3f00000|  0%| F|  |TAMS 0x00000000e3e00000, 0x00000000e3e00000| Untracked 
|  63|0x00000000e3f00000, 0x00000000e3f00000, 0x00000000e4000000|  0%| F|  |TAMS 0x00000000e3f00000, 0x00000000e3f00000| Untracked 
|  64|0x00000000e4000000, 0x00000000e4000000, 0x00000000e4100000|  0%| F|  |TAMS 0x00000000e4000000, 0x00000000e4000000| Untracked 
|  65|0x00000000e4100000, 0x00000000e4100000, 0x00000000e4200000|  0%| F|  |TAMS 0x00000000e4100000, 0x00000000e4100000| Untracked 
|  66|0x00000000e4200000, 0x00000000e4200000, 0x00000000e4300000|  0%| F|  |TAMS 0x00000000e4200000, 0x00000000e4200000| Untracked 
|  67|0x00000000e4300000, 0x00000000e4300000, 0x00000000e4400000|  0%| F|  |TAMS 0x00000000e4300000, 0x00000000e4300000| Untracked 
|  68|0x00000000e4400000, 0x00000000e4400000, 0x00000000e4500000|  0%| F|  |TAMS 0x00000000e4400000, 0x00000000e4400000| Untracked 
|  69|0x00000000e4500000, 0x00000000e4500000, 0x00000000e4600000|  0%| F|  |TAMS 0x00000000e4500000, 0x00000000e4500000| Untracked 
|  70|0x00000000e4600000, 0x00000000e4600000, 0x00000000e4700000|  0%| F|  |TAMS 0x00000000e4600000, 0x00000000e4600000| Untracked 
|  71|0x00000000e4700000, 0x00000000e4700000, 0x00000000e4800000|  0%| F|  |TAMS 0x00000000e4700000, 0x00000000e4700000| Untracked 
|  72|0x00000000e4800000, 0x00000000e4800000, 0x00000000e4900000|  0%| F|  |TAMS 0x00000000e4800000, 0x00000000e4800000| Untracked 
|  73|0x00000000e4900000, 0x00000000e4900000, 0x00000000e4a00000|  0%| F|  |TAMS 0x00000000e4900000, 0x00000000e4900000| Untracked 
|  74|0x00000000e4a00000, 0x00000000e4a00000, 0x00000000e4b00000|  0%| F|  |TAMS 0x00000000e4a00000, 0x00000000e4a00000| Untracked 
|  75|0x00000000e4b00000, 0x00000000e4b00000, 0x00000000e4c00000|  0%| F|  |TAMS 0x00000000e4b00000, 0x00000000e4b00000| Untracked 
|  76|0x00000000e4c00000, 0x00000000e4c00000, 0x00000000e4d00000|  0%| F|  |TAMS 0x00000000e4c00000, 0x00000000e4c00000| Untracked 
|  77|0x00000000e4d00000, 0x00000000e4d00000, 0x00000000e4e00000|  0%| F|  |TAMS 0x00000000e4d00000, 0x00000000e4d00000| Untracked 
|  78|0x00000000e4e00000, 0x00000000e4e00000, 0x00000000e4f00000|  0%| F|  |TAMS 0x00000000e4e00000, 0x00000000e4e00000| Untracked 
|  79|0x00000000e4f00000, 0x00000000e4f00000, 0x00000000e5000000|  0%| F|  |TAMS 0x00000000e4f00000, 0x00000000e4f00000| Untracked 
|  80|0x00000000e5000000, 0x00000000e5000000, 0x00000000e5100000|  0%| F|  |TAMS 0x00000000e5000000, 0x00000000e5000000| Untracked 
|  81|0x00000000e5100000, 0x00000000e5100000, 0x00000000e5200000|  0%| F|  |TAMS 0x00000000e5100000, 0x00000000e5100000| Untracked 
|  82|0x00000000e5200000, 0x00000000e5200000, 0x00000000e5300000|  0%| F|  |TAMS 0x00000000e5200000, 0x00000000e5200000| Untracked 
|  83|0x00000000e5300000, 0x00000000e5300000, 0x00000000e5400000|  0%| F|  |TAMS 0x00000000e5300000, 0x00000000e5300000| Untracked 
|  84|0x00000000e5400000, 0x00000000e5400000, 0x00000000e5500000|  0%| F|  |TAMS 0x00000000e5400000, 0x00000000e5400000| Untracked 
|  85|0x00000000e5500000, 0x00000000e5500000, 0x00000000e5600000|  0%| F|  |TAMS 0x00000000e5500000, 0x00000000e5500000| Untracked 
|  86|0x00000000e5600000, 0x00000000e5600000, 0x00000000e5700000|  0%| F|  |TAMS 0x00000000e5600000, 0x00000000e5600000| Untracked 
|  87|0x00000000e5700000, 0x00000000e5700000, 0x00000000e5800000|  0%| F|  |TAMS 0x00000000e5700000, 0x00000000e5700000| Untracked 
|  88|0x00000000e5800000, 0x00000000e5800000, 0x00000000e5900000|  0%| F|  |TAMS 0x00000000e5800000, 0x00000000e5800000| Untracked 
|  89|0x00000000e5900000, 0x00000000e5900000, 0x00000000e5a00000|  0%| F|  |TAMS 0x00000000e5900000, 0x00000000e5900000| Untracked 
|  90|0x00000000e5a00000, 0x00000000e5a00000, 0x00000000e5b00000|  0%| F|  |TAMS 0x00000000e5a00000, 0x00000000e5a00000| Untracked 
|  91|0x00000000e5b00000, 0x00000000e5b00000, 0x00000000e5c00000|  0%| F|  |TAMS 0x00000000e5b00000, 0x00000000e5b00000| Untracked 
|  92|0x00000000e5c00000, 0x00000000e5c00000, 0x00000000e5d00000|  0%| F|  |TAMS 0x00000000e5c00000, 0x00000000e5c00000| Untracked 
|  93|0x00000000e5d00000, 0x00000000e5d00000, 0x00000000e5e00000|  0%| F|  |TAMS 0x00000000e5d00000, 0x00000000e5d00000| Untracked 
|  94|0x00000000e5e00000, 0x00000000e5e00000, 0x00000000e5f00000|  0%| F|  |TAMS 0x00000000e5e00000, 0x00000000e5e00000| Untracked 
|  95|0x00000000e5f00000, 0x00000000e5f00000, 0x00000000e6000000|  0%| F|  |TAMS 0x00000000e5f00000, 0x00000000e5f00000| Untracked 
|  96|0x00000000e6000000, 0x00000000e6000000, 0x00000000e6100000|  0%| F|  |TAMS 0x00000000e6000000, 0x00000000e6000000| Untracked 
|  97|0x00000000e6100000, 0x00000000e6100000, 0x00000000e6200000|  0%| F|  |TAMS 0x00000000e6100000, 0x00000000e6100000| Untracked 
|  98|0x00000000e6200000, 0x00000000e6200000, 0x00000000e6300000|  0%| F|  |TAMS 0x00000000e6200000, 0x00000000e6200000| Untracked 
|  99|0x00000000e6300000, 0x00000000e6300000, 0x00000000e6400000|  0%| F|  |TAMS 0x00000000e6300000, 0x00000000e6300000| Untracked 
| 100|0x00000000e6400000, 0x00000000e6400000, 0x00000000e6500000|  0%| F|  |TAMS 0x00000000e6400000, 0x00000000e6400000| Untracked 
| 101|0x00000000e6500000, 0x00000000e6500000, 0x00000000e6600000|  0%| F|  |TAMS 0x00000000e6500000, 0x00000000e6500000| Untracked 
| 102|0x00000000e6600000, 0x00000000e6600000, 0x00000000e6700000|  0%| F|  |TAMS 0x00000000e6600000, 0x00000000e6600000| Untracked 
| 103|0x00000000e6700000, 0x00000000e6700000, 0x00000000e6800000|  0%| F|  |TAMS 0x00000000e6700000, 0x00000000e6700000| Untracked 
| 104|0x00000000e6800000, 0x00000000e6800000, 0x00000000e6900000|  0%| F|  |TAMS 0x00000000e6800000, 0x00000000e6800000| Untracked 
| 105|0x00000000e6900000, 0x00000000e6900000, 0x00000000e6a00000|  0%| F|  |TAMS 0x00000000e6900000, 0x00000000e6900000| Untracked 
| 106|0x00000000e6a00000, 0x00000000e6a00000, 0x00000000e6b00000|  0%| F|  |TAMS 0x00000000e6a00000, 0x00000000e6a00000| Untracked 
| 107|0x00000000e6b00000, 0x00000000e6b00000, 0x00000000e6c00000|  0%| F|  |TAMS 0x00000000e6b00000, 0x00000000e6b00000| Untracked 
| 108|0x00000000e6c00000, 0x00000000e6c00000, 0x00000000e6d00000|  0%| F|  |TAMS 0x00000000e6c00000, 0x00000000e6c00000| Untracked 
| 109|0x00000000e6d00000, 0x00000000e6d00000, 0x00000000e6e00000|  0%| F|  |TAMS 0x00000000e6d00000, 0x00000000e6d00000| Untracked 
| 110|0x00000000e6e00000, 0x00000000e6e00000, 0x00000000e6f00000|  0%| F|  |TAMS 0x00000000e6e00000, 0x00000000e6e00000| Untracked 
| 111|0x00000000e6f00000, 0x00000000e6f00000, 0x00000000e7000000|  0%| F|  |TAMS 0x00000000e6f00000, 0x00000000e6f00000| Untracked 
| 112|0x00000000e7000000, 0x00000000e7000000, 0x00000000e7100000|  0%| F|  |TAMS 0x00000000e7000000, 0x00000000e7000000| Untracked 
| 113|0x00000000e7100000, 0x00000000e7100000, 0x00000000e7200000|  0%| F|  |TAMS 0x00000000e7100000, 0x00000000e7100000| Untracked 
| 114|0x00000000e7200000, 0x00000000e7200000, 0x00000000e7300000|  0%| F|  |TAMS 0x00000000e7200000, 0x00000000e7200000| Untracked 
| 115|0x00000000e7300000, 0x00000000e7300000, 0x00000000e7400000|  0%| F|  |TAMS 0x00000000e7300000, 0x00000000e7300000| Untracked 
| 116|0x00000000e7400000, 0x00000000e7400000, 0x00000000e7500000|  0%| F|  |TAMS 0x00000000e7400000, 0x00000000e7400000| Untracked 
| 117|0x00000000e7500000, 0x00000000e7500000, 0x00000000e7600000|  0%| F|  |TAMS 0x00000000e7500000, 0x00000000e7500000| Untracked 
| 118|0x00000000e7600000, 0x00000000e7600000, 0x00000000e7700000|  0%| F|  |TAMS 0x00000000e7600000, 0x00000000e7600000| Untracked 
| 119|0x00000000e7700000, 0x00000000e7700000, 0x00000000e7800000|  0%| F|  |TAMS 0x00000000e7700000, 0x00000000e7700000| Untracked 
| 120|0x00000000e7800000, 0x00000000e7800000, 0x00000000e7900000|  0%| F|  |TAMS 0x00000000e7800000, 0x00000000e7800000| Untracked 
| 121|0x00000000e7900000, 0x00000000e7900000, 0x00000000e7a00000|  0%| F|  |TAMS 0x00000000e7900000, 0x00000000e7900000| Untracked 
| 122|0x00000000e7a00000, 0x00000000e7a00000, 0x00000000e7b00000|  0%| F|  |TAMS 0x00000000e7a00000, 0x00000000e7a00000| Untracked 
| 123|0x00000000e7b00000, 0x00000000e7b00000, 0x00000000e7c00000|  0%| F|  |TAMS 0x00000000e7b00000, 0x00000000e7b00000| Untracked 
| 124|0x00000000e7c00000, 0x00000000e7c00000, 0x00000000e7d00000|  0%| F|  |TAMS 0x00000000e7c00000, 0x00000000e7c00000| Untracked 
| 125|0x00000000e7d00000, 0x00000000e7d00000, 0x00000000e7e00000|  0%| F|  |TAMS 0x00000000e7d00000, 0x00000000e7d00000| Untracked 
| 126|0x00000000e7e00000, 0x00000000e7e00000, 0x00000000e7f00000|  0%| F|  |TAMS 0x00000000e7e00000, 0x00000000e7e00000| Untracked 
| 127|0x00000000e7f00000, 0x00000000e7f00000, 0x00000000e8000000|  0%| F|  |TAMS 0x00000000e7f00000, 0x00000000e7f00000| Untracked 
| 128|0x00000000e8000000, 0x00000000e8000000, 0x00000000e8100000|  0%| F|  |TAMS 0x00000000e8000000, 0x00000000e8000000| Untracked 
| 129|0x00000000e8100000, 0x00000000e8100000, 0x00000000e8200000|  0%| F|  |TAMS 0x00000000e8100000, 0x00000000e8100000| Untracked 
| 130|0x00000000e8200000, 0x00000000e8200000, 0x00000000e8300000|  0%| F|  |TAMS 0x00000000e8200000, 0x00000000e8200000| Untracked 
| 131|0x00000000e8300000, 0x00000000e8300000, 0x00000000e8400000|  0%| F|  |TAMS 0x00000000e8300000, 0x00000000e8300000| Untracked 
| 132|0x00000000e8400000, 0x00000000e8400000, 0x00000000e8500000|  0%| F|  |TAMS 0x00000000e8400000, 0x00000000e8400000| Untracked 
| 133|0x00000000e8500000, 0x00000000e8500000, 0x00000000e8600000|  0%| F|  |TAMS 0x00000000e8500000, 0x00000000e8500000| Untracked 
| 134|0x00000000e8600000, 0x00000000e8600000, 0x00000000e8700000|  0%| F|  |TAMS 0x00000000e8600000, 0x00000000e8600000| Untracked 
| 135|0x00000000e8700000, 0x00000000e8700000, 0x00000000e8800000|  0%| F|  |TAMS 0x00000000e8700000, 0x00000000e8700000| Untracked 
| 136|0x00000000e8800000, 0x00000000e8800000, 0x00000000e8900000|  0%| F|  |TAMS 0x00000000e8800000, 0x00000000e8800000| Untracked 
| 137|0x00000000e8900000, 0x00000000e8900000, 0x00000000e8a00000|  0%| F|  |TAMS 0x00000000e8900000, 0x00000000e8900000| Untracked 
| 138|0x00000000e8a00000, 0x00000000e8a00000, 0x00000000e8b00000|  0%| F|  |TAMS 0x00000000e8a00000, 0x00000000e8a00000| Untracked 
| 139|0x00000000e8b00000, 0x00000000e8b82010, 0x00000000e8c00000| 50%| E|  |TAMS 0x00000000e8b00000, 0x00000000e8b00000| Complete 
| 140|0x00000000e8c00000, 0x00000000e8d00000, 0x00000000e8d00000|100%| E|CS|TAMS 0x00000000e8c00000, 0x00000000e8c00000| Complete 
| 141|0x00000000e8d00000, 0x00000000e8e00000, 0x00000000e8e00000|100%| E|CS|TAMS 0x00000000e8d00000, 0x00000000e8d00000| Complete 
| 142|0x00000000e8e00000, 0x00000000e8f00000, 0x00000000e8f00000|100%| E|CS|TAMS 0x00000000e8e00000, 0x00000000e8e00000| Complete 
| 143|0x00000000e8f00000, 0x00000000e9000000, 0x00000000e9000000|100%| E|CS|TAMS 0x00000000e8f00000, 0x00000000e8f00000| Complete 
| 144|0x00000000e9000000, 0x00000000e9100000, 0x00000000e9100000|100%| E|CS|TAMS 0x00000000e9000000, 0x00000000e9000000| Complete 
| 145|0x00000000e9100000, 0x00000000e9200000, 0x00000000e9200000|100%| E|CS|TAMS 0x00000000e9100000, 0x00000000e9100000| Complete 
| 146|0x00000000e9200000, 0x00000000e9300000, 0x00000000e9300000|100%| E|CS|TAMS 0x00000000e9200000, 0x00000000e9200000| Complete 
| 147|0x00000000e9300000, 0x00000000e9400000, 0x00000000e9400000|100%| E|CS|TAMS 0x00000000e9300000, 0x00000000e9300000| Complete 
| 148|0x00000000e9400000, 0x00000000e9500000, 0x00000000e9500000|100%| E|CS|TAMS 0x00000000e9400000, 0x00000000e9400000| Complete 
| 149|0x00000000e9500000, 0x00000000e9600000, 0x00000000e9600000|100%| E|CS|TAMS 0x00000000e9500000, 0x00000000e9500000| Complete 
| 150|0x00000000e9600000, 0x00000000e9700000, 0x00000000e9700000|100%| E|CS|TAMS 0x00000000e9600000, 0x00000000e9600000| Complete 
| 151|0x00000000e9700000, 0x00000000e9800000, 0x00000000e9800000|100%| E|CS|TAMS 0x00000000e9700000, 0x00000000e9700000| Complete 
| 152|0x00000000e9800000, 0x00000000e9900000, 0x00000000e9900000|100%| E|CS|TAMS 0x00000000e9800000, 0x00000000e9800000| Complete 
| 153|0x00000000e9900000, 0x00000000e9a00000, 0x00000000e9a00000|100%| E|CS|TAMS 0x00000000e9900000, 0x00000000e9900000| Complete 
| 154|0x00000000e9a00000, 0x00000000e9b00000, 0x00000000e9b00000|100%| E|CS|TAMS 0x00000000e9a00000, 0x00000000e9a00000| Complete 
| 155|0x00000000e9b00000, 0x00000000e9c00000, 0x00000000e9c00000|100%| E|CS|TAMS 0x00000000e9b00000, 0x00000000e9b00000| Complete 
| 156|0x00000000e9c00000, 0x00000000e9d00000, 0x00000000e9d00000|100%| E|CS|TAMS 0x00000000e9c00000, 0x00000000e9c00000| Complete 
| 157|0x00000000e9d00000, 0x00000000e9e00000, 0x00000000e9e00000|100%| E|CS|TAMS 0x00000000e9d00000, 0x00000000e9d00000| Complete 
| 158|0x00000000e9e00000, 0x00000000e9f00000, 0x00000000e9f00000|100%| E|CS|TAMS 0x00000000e9e00000, 0x00000000e9e00000| Complete 
| 159|0x00000000e9f00000, 0x00000000ea000000, 0x00000000ea000000|100%| E|CS|TAMS 0x00000000e9f00000, 0x00000000e9f00000| Complete 
| 160|0x00000000ea000000, 0x00000000ea100000, 0x00000000ea100000|100%| E|CS|TAMS 0x00000000ea000000, 0x00000000ea000000| Complete 
| 161|0x00000000ea100000, 0x00000000ea200000, 0x00000000ea200000|100%| E|CS|TAMS 0x00000000ea100000, 0x00000000ea100000| Complete 
| 162|0x00000000ea200000, 0x00000000ea300000, 0x00000000ea300000|100%| E|CS|TAMS 0x00000000ea200000, 0x00000000ea200000| Complete 
| 163|0x00000000ea300000, 0x00000000ea400000, 0x00000000ea400000|100%| E|CS|TAMS 0x00000000ea300000, 0x00000000ea300000| Complete 
| 164|0x00000000ea400000, 0x00000000ea500000, 0x00000000ea500000|100%| E|CS|TAMS 0x00000000ea400000, 0x00000000ea400000| Complete 
| 165|0x00000000ea500000, 0x00000000ea600000, 0x00000000ea600000|100%| E|CS|TAMS 0x00000000ea500000, 0x00000000ea500000| Complete 
| 166|0x00000000ea600000, 0x00000000ea700000, 0x00000000ea700000|100%| E|CS|TAMS 0x00000000ea600000, 0x00000000ea600000| Complete 
| 167|0x00000000ea700000, 0x00000000ea800000, 0x00000000ea800000|100%| E|CS|TAMS 0x00000000ea700000, 0x00000000ea700000| Complete 
| 168|0x00000000ea800000, 0x00000000ea900000, 0x00000000ea900000|100%| E|CS|TAMS 0x00000000ea800000, 0x00000000ea800000| Complete 
| 169|0x00000000ea900000, 0x00000000eaa00000, 0x00000000eaa00000|100%| E|CS|TAMS 0x00000000ea900000, 0x00000000ea900000| Complete 
| 170|0x00000000eaa00000, 0x00000000eab00000, 0x00000000eab00000|100%| E|CS|TAMS 0x00000000eaa00000, 0x00000000eaa00000| Complete 
| 171|0x00000000eab00000, 0x00000000eac00000, 0x00000000eac00000|100%| E|CS|TAMS 0x00000000eab00000, 0x00000000eab00000| Complete 
| 172|0x00000000eac00000, 0x00000000ead00000, 0x00000000ead00000|100%| E|CS|TAMS 0x00000000eac00000, 0x00000000eac00000| Complete 
| 173|0x00000000ead00000, 0x00000000eae00000, 0x00000000eae00000|100%| E|CS|TAMS 0x00000000ead00000, 0x00000000ead00000| Complete 
| 174|0x00000000eae00000, 0x00000000eaf00000, 0x00000000eaf00000|100%| E|CS|TAMS 0x00000000eae00000, 0x00000000eae00000| Complete 
| 175|0x00000000eaf00000, 0x00000000eb000000, 0x00000000eb000000|100%| E|CS|TAMS 0x00000000eaf00000, 0x00000000eaf00000| Complete 
| 176|0x00000000eb000000, 0x00000000eb100000, 0x00000000eb100000|100%| E|CS|TAMS 0x00000000eb000000, 0x00000000eb000000| Complete 
| 177|0x00000000eb100000, 0x00000000eb200000, 0x00000000eb200000|100%| E|CS|TAMS 0x00000000eb100000, 0x00000000eb100000| Complete 
| 178|0x00000000eb200000, 0x00000000eb300000, 0x00000000eb300000|100%| E|CS|TAMS 0x00000000eb200000, 0x00000000eb200000| Complete 
| 179|0x00000000eb300000, 0x00000000eb400000, 0x00000000eb400000|100%| E|CS|TAMS 0x00000000eb300000, 0x00000000eb300000| Complete 
| 180|0x00000000eb400000, 0x00000000eb500000, 0x00000000eb500000|100%| E|CS|TAMS 0x00000000eb400000, 0x00000000eb400000| Complete 
| 181|0x00000000eb500000, 0x00000000eb600000, 0x00000000eb600000|100%| E|CS|TAMS 0x00000000eb500000, 0x00000000eb500000| Complete 
| 182|0x00000000eb600000, 0x00000000eb700000, 0x00000000eb700000|100%| E|CS|TAMS 0x00000000eb600000, 0x00000000eb600000| Complete 
| 183|0x00000000eb700000, 0x00000000eb800000, 0x00000000eb800000|100%| E|CS|TAMS 0x00000000eb700000, 0x00000000eb700000| Complete 
| 184|0x00000000eb800000, 0x00000000eb900000, 0x00000000eb900000|100%| E|CS|TAMS 0x00000000eb800000, 0x00000000eb800000| Complete 
| 185|0x00000000eb900000, 0x00000000eba00000, 0x00000000eba00000|100%| E|CS|TAMS 0x00000000eb900000, 0x00000000eb900000| Complete 
| 186|0x00000000eba00000, 0x00000000ebb00000, 0x00000000ebb00000|100%| E|CS|TAMS 0x00000000eba00000, 0x00000000eba00000| Complete 
| 187|0x00000000ebb00000, 0x00000000ebc00000, 0x00000000ebc00000|100%| E|CS|TAMS 0x00000000ebb00000, 0x00000000ebb00000| Complete 
| 188|0x00000000ebc00000, 0x00000000ebd00000, 0x00000000ebd00000|100%| E|CS|TAMS 0x00000000ebc00000, 0x00000000ebc00000| Complete 
| 189|0x00000000ebd00000, 0x00000000ebe00000, 0x00000000ebe00000|100%| E|CS|TAMS 0x00000000ebd00000, 0x00000000ebd00000| Complete 
| 190|0x00000000ebe00000, 0x00000000ebf00000, 0x00000000ebf00000|100%| E|CS|TAMS 0x00000000ebe00000, 0x00000000ebe00000| Complete 
| 191|0x00000000ebf00000, 0x00000000ec000000, 0x00000000ec000000|100%| E|CS|TAMS 0x00000000ebf00000, 0x00000000ebf00000| Complete 
| 192|0x00000000ec000000, 0x00000000ec100000, 0x00000000ec100000|100%| E|CS|TAMS 0x00000000ec000000, 0x00000000ec000000| Complete 
| 193|0x00000000ec100000, 0x00000000ec200000, 0x00000000ec200000|100%| E|CS|TAMS 0x00000000ec100000, 0x00000000ec100000| Complete 
| 194|0x00000000ec200000, 0x00000000ec300000, 0x00000000ec300000|100%| E|CS|TAMS 0x00000000ec200000, 0x00000000ec200000| Complete 
| 195|0x00000000ec300000, 0x00000000ec400000, 0x00000000ec400000|100%| E|CS|TAMS 0x00000000ec300000, 0x00000000ec300000| Complete 
| 196|0x00000000ec400000, 0x00000000ec500000, 0x00000000ec500000|100%| E|CS|TAMS 0x00000000ec400000, 0x00000000ec400000| Complete 
| 197|0x00000000ec500000, 0x00000000ec600000, 0x00000000ec600000|100%| E|CS|TAMS 0x00000000ec500000, 0x00000000ec500000| Complete 
| 198|0x00000000ec600000, 0x00000000ec700000, 0x00000000ec700000|100%| E|CS|TAMS 0x00000000ec600000, 0x00000000ec600000| Complete 
| 199|0x00000000ec700000, 0x00000000ec800000, 0x00000000ec800000|100%| E|CS|TAMS 0x00000000ec700000, 0x00000000ec700000| Complete 
| 200|0x00000000ec800000, 0x00000000ec900000, 0x00000000ec900000|100%| E|CS|TAMS 0x00000000ec800000, 0x00000000ec800000| Complete 
| 201|0x00000000ec900000, 0x00000000eca00000, 0x00000000eca00000|100%| E|CS|TAMS 0x00000000ec900000, 0x00000000ec900000| Complete 
| 202|0x00000000eca00000, 0x00000000ecb00000, 0x00000000ecb00000|100%| E|CS|TAMS 0x00000000eca00000, 0x00000000eca00000| Complete 
| 203|0x00000000ecb00000, 0x00000000ecc00000, 0x00000000ecc00000|100%| E|CS|TAMS 0x00000000ecb00000, 0x00000000ecb00000| Complete 
| 204|0x00000000ecc00000, 0x00000000ecd00000, 0x00000000ecd00000|100%| E|CS|TAMS 0x00000000ecc00000, 0x00000000ecc00000| Complete 
| 205|0x00000000ecd00000, 0x00000000ece00000, 0x00000000ece00000|100%| E|CS|TAMS 0x00000000ecd00000, 0x00000000ecd00000| Complete 
| 206|0x00000000ece00000, 0x00000000ecf00000, 0x00000000ecf00000|100%| E|CS|TAMS 0x00000000ece00000, 0x00000000ece00000| Complete 
| 207|0x00000000ecf00000, 0x00000000ed000000, 0x00000000ed000000|100%| E|CS|TAMS 0x00000000ecf00000, 0x00000000ecf00000| Complete 
| 208|0x00000000ed000000, 0x00000000ed100000, 0x00000000ed100000|100%| E|CS|TAMS 0x00000000ed000000, 0x00000000ed000000| Complete 
| 209|0x00000000ed100000, 0x00000000ed200000, 0x00000000ed200000|100%| E|CS|TAMS 0x00000000ed100000, 0x00000000ed100000| Complete 
| 210|0x00000000ed200000, 0x00000000ed300000, 0x00000000ed300000|100%| E|CS|TAMS 0x00000000ed200000, 0x00000000ed200000| Complete 
| 211|0x00000000ed300000, 0x00000000ed400000, 0x00000000ed400000|100%| E|CS|TAMS 0x00000000ed300000, 0x00000000ed300000| Complete 
| 212|0x00000000ed400000, 0x00000000ed500000, 0x00000000ed500000|100%| E|CS|TAMS 0x00000000ed400000, 0x00000000ed400000| Complete 
| 213|0x00000000ed500000, 0x00000000ed600000, 0x00000000ed600000|100%| E|CS|TAMS 0x00000000ed500000, 0x00000000ed500000| Complete 
| 214|0x00000000ed600000, 0x00000000ed700000, 0x00000000ed700000|100%| E|CS|TAMS 0x00000000ed600000, 0x00000000ed600000| Complete 
| 215|0x00000000ed700000, 0x00000000ed800000, 0x00000000ed800000|100%| E|CS|TAMS 0x00000000ed700000, 0x00000000ed700000| Complete 
| 216|0x00000000ed800000, 0x00000000ed900000, 0x00000000ed900000|100%| E|CS|TAMS 0x00000000ed800000, 0x00000000ed800000| Complete 
| 217|0x00000000ed900000, 0x00000000eda00000, 0x00000000eda00000|100%| E|CS|TAMS 0x00000000ed900000, 0x00000000ed900000| Complete 
| 218|0x00000000eda00000, 0x00000000edb00000, 0x00000000edb00000|100%| E|CS|TAMS 0x00000000eda00000, 0x00000000eda00000| Complete 
| 219|0x00000000edb00000, 0x00000000edc00000, 0x00000000edc00000|100%| E|CS|TAMS 0x00000000edb00000, 0x00000000edb00000| Complete 
| 220|0x00000000edc00000, 0x00000000edd00000, 0x00000000edd00000|100%| E|CS|TAMS 0x00000000edc00000, 0x00000000edc00000| Complete 
| 221|0x00000000edd00000, 0x00000000ede00000, 0x00000000ede00000|100%| E|CS|TAMS 0x00000000edd00000, 0x00000000edd00000| Complete 
| 222|0x00000000ede00000, 0x00000000edf00000, 0x00000000edf00000|100%| E|CS|TAMS 0x00000000ede00000, 0x00000000ede00000| Complete 
| 223|0x00000000edf00000, 0x00000000ee000000, 0x00000000ee000000|100%| E|CS|TAMS 0x00000000edf00000, 0x00000000edf00000| Complete 
| 224|0x00000000ee000000, 0x00000000ee100000, 0x00000000ee100000|100%| E|CS|TAMS 0x00000000ee000000, 0x00000000ee000000| Complete 
| 225|0x00000000ee100000, 0x00000000ee200000, 0x00000000ee200000|100%| E|CS|TAMS 0x00000000ee100000, 0x00000000ee100000| Complete 
| 226|0x00000000ee200000, 0x00000000ee300000, 0x00000000ee300000|100%| E|CS|TAMS 0x00000000ee200000, 0x00000000ee200000| Complete 
| 227|0x00000000ee300000, 0x00000000ee400000, 0x00000000ee400000|100%| E|CS|TAMS 0x00000000ee300000, 0x00000000ee300000| Complete 
| 228|0x00000000ee400000, 0x00000000ee500000, 0x00000000ee500000|100%| E|CS|TAMS 0x00000000ee400000, 0x00000000ee400000| Complete 
| 229|0x00000000ee500000, 0x00000000ee600000, 0x00000000ee600000|100%| E|CS|TAMS 0x00000000ee500000, 0x00000000ee500000| Complete 
| 230|0x00000000ee600000, 0x00000000ee700000, 0x00000000ee700000|100%| E|CS|TAMS 0x00000000ee600000, 0x00000000ee600000| Complete 
| 231|0x00000000ee700000, 0x00000000ee800000, 0x00000000ee800000|100%| E|CS|TAMS 0x00000000ee700000, 0x00000000ee700000| Complete 
| 232|0x00000000ee800000, 0x00000000ee900000, 0x00000000ee900000|100%| E|CS|TAMS 0x00000000ee800000, 0x00000000ee800000| Complete 
| 233|0x00000000ee900000, 0x00000000eea00000, 0x00000000eea00000|100%| E|CS|TAMS 0x00000000ee900000, 0x00000000ee900000| Complete 
| 234|0x00000000eea00000, 0x00000000eeb00000, 0x00000000eeb00000|100%| E|CS|TAMS 0x00000000eea00000, 0x00000000eea00000| Complete 
| 235|0x00000000eeb00000, 0x00000000eec00000, 0x00000000eec00000|100%| E|CS|TAMS 0x00000000eeb00000, 0x00000000eeb00000| Complete 
| 236|0x00000000eec00000, 0x00000000eed00000, 0x00000000eed00000|100%| E|CS|TAMS 0x00000000eec00000, 0x00000000eec00000| Complete 
| 237|0x00000000eed00000, 0x00000000eee00000, 0x00000000eee00000|100%| E|CS|TAMS 0x00000000eed00000, 0x00000000eed00000| Complete 
| 238|0x00000000eee00000, 0x00000000eef00000, 0x00000000eef00000|100%| E|CS|TAMS 0x00000000eee00000, 0x00000000eee00000| Complete 
| 239|0x00000000eef00000, 0x00000000ef000000, 0x00000000ef000000|100%| E|CS|TAMS 0x00000000eef00000, 0x00000000eef00000| Complete 
| 240|0x00000000ef000000, 0x00000000ef100000, 0x00000000ef100000|100%| E|  |TAMS 0x00000000ef000000, 0x00000000ef000000| Complete 
| 241|0x00000000ef100000, 0x00000000ef200000, 0x00000000ef200000|100%| E|CS|TAMS 0x00000000ef100000, 0x00000000ef100000| Complete 
| 242|0x00000000ef200000, 0x00000000ef300000, 0x00000000ef300000|100%| E|CS|TAMS 0x00000000ef200000, 0x00000000ef200000| Complete 
| 243|0x00000000ef300000, 0x00000000ef400000, 0x00000000ef400000|100%| E|CS|TAMS 0x00000000ef300000, 0x00000000ef300000| Complete 
| 244|0x00000000ef400000, 0x00000000ef500000, 0x00000000ef500000|100%| E|CS|TAMS 0x00000000ef400000, 0x00000000ef400000| Complete 
| 245|0x00000000ef500000, 0x00000000ef600000, 0x00000000ef600000|100%| E|CS|TAMS 0x00000000ef500000, 0x00000000ef500000| Complete 
| 246|0x00000000ef600000, 0x00000000ef700000, 0x00000000ef700000|100%| E|CS|TAMS 0x00000000ef600000, 0x00000000ef600000| Complete 
| 247|0x00000000ef700000, 0x00000000ef800000, 0x00000000ef800000|100%| E|CS|TAMS 0x00000000ef700000, 0x00000000ef700000| Complete 
| 248|0x00000000ef800000, 0x00000000ef900000, 0x00000000ef900000|100%| E|CS|TAMS 0x00000000ef800000, 0x00000000ef800000| Complete 
| 249|0x00000000ef900000, 0x00000000efa00000, 0x00000000efa00000|100%| E|CS|TAMS 0x00000000ef900000, 0x00000000ef900000| Complete 
| 250|0x00000000efa00000, 0x00000000efb00000, 0x00000000efb00000|100%| E|CS|TAMS 0x00000000efa00000, 0x00000000efa00000| Complete 
| 251|0x00000000efb00000, 0x00000000efb6b6f0, 0x00000000efc00000| 41%| S|CS|TAMS 0x00000000efb00000, 0x00000000efb00000| Complete 
| 252|0x00000000efc00000, 0x00000000efd00000, 0x00000000efd00000|100%| E|CS|TAMS 0x00000000efc00000, 0x00000000efc00000| Complete 
| 253|0x00000000efd00000, 0x00000000efe00000, 0x00000000efe00000|100%| E|CS|TAMS 0x00000000efd00000, 0x00000000efd00000| Complete 
| 254|0x00000000efe00000, 0x00000000eff00000, 0x00000000eff00000|100%| E|CS|TAMS 0x00000000efe00000, 0x00000000efe00000| Complete 
| 255|0x00000000eff00000, 0x00000000f0000000, 0x00000000f0000000|100%| E|CS|TAMS 0x00000000eff00000, 0x00000000eff00000| Complete 

Card table byte_map: [0x00000293ffe10000,0x00000293fff10000] _byte_map_base: 0x00000293ff710000

Marking Bits (Prev, Next): (CMBitMap*) 0x00000293ff9461a0, (CMBitMap*) 0x00000293ff9461e0
 Prev Bits: [0x0000029397ce0000, 0x00000293984e0000)
 Next Bits: [0x00000293984e0000, 0x0000029398ce0000)

Polling page: 0x00000293ff0e0000

Metaspace:

Usage:
  Non-class:     39.57 MB used.
      Class:      6.56 MB used.
       Both:     46.13 MB used.

Virtual space:
  Non-class space:       64.00 MB reserved,      39.88 MB ( 62%) committed,  1 nodes.
      Class space:      320.00 MB reserved,       6.75 MB (  2%) committed,  1 nodes.
             Both:      384.00 MB reserved,      46.62 MB ( 12%) committed. 

Chunk freelists:
   Non-Class:  7.36 MB
       Class:  9.06 MB
        Both:  16.42 MB

MaxMetaspaceSize: 384.00 MB
CompressedClassSpaceSize: 320.00 MB
Initial GC threshold: 21.00 MB
Current GC threshold: 59.62 MB
CDS: on
MetaspaceReclaimPolicy: balanced
 - commit_granule_bytes: 65536.
 - commit_granule_words: 8192.
 - virtual_space_node_default_size: 8388608.
 - enlarge_chunks_in_place: 1.
 - new_chunks_are_fully_committed: 0.
 - uncommit_free_chunks: 1.
 - use_allocation_guard: 0.
 - handle_deallocations: 1.


Internal statistics:

num_allocs_failed_limit: 9.
num_arena_births: 536.
num_arena_deaths: 0.
num_vsnodes_births: 2.
num_vsnodes_deaths: 0.
num_space_committed: 746.
num_space_uncommitted: 0.
num_chunks_returned_to_freelist: 9.
num_chunks_taken_from_freelist: 2422.
num_chunk_merges: 9.
num_chunk_splits: 1586.
num_chunks_enlarged: 1061.
num_purges: 0.
num_inconsistent_stats: 0.

CodeHeap 'non-profiled nmethods': size=120000Kb used=2551Kb max_used=3294Kb free=117449Kb
 bounds [0x00000293906b0000, 0x00000293909f0000, 0x0000029397be0000]
CodeHeap 'profiled nmethods': size=120000Kb used=9699Kb max_used=11651Kb free=110301Kb
 bounds [0x0000029388be0000, 0x0000029389750000, 0x0000029390110000]
CodeHeap 'non-nmethods': size=5760Kb used=2320Kb max_used=2397Kb free=3439Kb
 bounds [0x0000029390110000, 0x0000029390380000, 0x00000293906b0000]
 total_blobs=5813 nmethods=4978 adapters=747
 compilation: enabled
              stopped_count=0, restarted_count=0
 full_count=0

Compilation events (20 events):
Event: 19.664 Thread 0x000002939b72dee0 5760       3       org.gradle.internal.instantiation.generator.AbstractClassGenerator$ClassGenerationHandler::applyTo (1 bytes)
Event: 19.664 Thread 0x000002939b72dee0 nmethod 5760 0x0000029388d22510 code [0x0000029388d226a0, 0x0000029388d227b8]
Event: 19.664 Thread 0x000002939b72dee0 5759       1       org.gradle.internal.reflect.MutableClassDetails::getInstanceFields (5 bytes)
Event: 19.664 Thread 0x000002939b72dee0 nmethod 5759 0x00000293906ccb10 code [0x00000293906ccca0, 0x00000293906ccd78]
Event: 19.665 Thread 0x000002939b72dee0 5761       1       javax.management.ObjectName::getCanonicalName (5 bytes)
Event: 19.665 Thread 0x000002939b72dee0 nmethod 5761 0x00000293906d5e90 code [0x00000293906d6020, 0x00000293906d60f8]
Event: 19.665 Thread 0x000002939b72dee0 5762       3       java.util.Spliterators$EmptySpliterator$OfRef::forEachRemaining (6 bytes)
Event: 19.665 Thread 0x000002939b72dee0 nmethod 5762 0x0000029388d6b990 code [0x0000029388d6bb40, 0x0000029388d6be08]
Event: 19.667 Thread 0x000002939b72dee0 5763       3       com.google.common.collect.LinkedHashMultimap$ValueEntry::<init> (18 bytes)
Event: 19.668 Thread 0x000002939b72dee0 nmethod 5763 0x0000029388cd4e10 code [0x0000029388cd4fc0, 0x0000029388cd52f8]
Event: 19.676 Thread 0x000002939b72dee0 5764       3       org.gradle.internal.ImmutableActionSet::empty (10 bytes)
Event: 19.676 Thread 0x000002939b72dee0 nmethod 5764 0x0000029388d4c210 code [0x0000029388d4c3a0, 0x0000029388d4c4f8]
Event: 19.681 Thread 0x000002939b72dee0 5765       3       org.gradle.internal.operations.DefaultBuildOperationRunner::getCurrentBuildOperation (11 bytes)
Event: 19.682 Thread 0x000002939b72dee0 nmethod 5765 0x0000029388c05c10 code [0x0000029388c05de0, 0x0000029388c06228]
Event: 19.731 Thread 0x000002939b72dee0 5766       3       org.gradle.api.internal.provider.AbstractMinimalProvider::<init> (5 bytes)
Event: 19.732 Thread 0x000002939b72dee0 nmethod 5766 0x0000029388dae390 code [0x0000029388dae520, 0x0000029388dae678]
Event: 19.782 Thread 0x000002939b72dee0 5767       3       java.lang.ThreadLocal$ThreadLocalMap::remove (68 bytes)
Event: 19.783 Thread 0x000002939b72dee0 nmethod 5767 0x0000029388d18a10 code [0x0000029388d18c00, 0x0000029388d191c8]
Event: 19.797 Thread 0x000002939b72dee0 5768       2       java.util.AbstractCollection::addAll (42 bytes)
Event: 19.797 Thread 0x000002939b72dee0 nmethod 5768 0x0000029388e82890 code [0x0000029388e82a60, 0x0000029388e82c98]

GC Heap History (14 events):
Event: 1.594 GC heap before
{Heap before GC invocations=0 (full 0):
 garbage-first heap   total 262144K, used 26624K [0x00000000e0000000, 0x0000000100000000)
  region size 1024K, 23 young (23552K), 0 survivors (0K)
 Metaspace       used 2086K, committed 2240K, reserved 393216K
  class space    used 222K, committed 320K, reserved 327680K
}
Event: 1.608 GC heap after
{Heap after GC invocations=1 (full 0):
 garbage-first heap   total 262144K, used 10824K [0x00000000e0000000, 0x0000000100000000)
  region size 1024K, 3 young (3072K), 3 survivors (3072K)
 Metaspace       used 2086K, committed 2240K, reserved 393216K
  class space    used 222K, committed 320K, reserved 327680K
}
Event: 2.823 GC heap before
{Heap before GC invocations=1 (full 0):
 garbage-first heap   total 262144K, used 38472K [0x00000000e0000000, 0x0000000100000000)
  region size 1024K, 30 young (30720K), 3 survivors (3072K)
 Metaspace       used 4038K, committed 4224K, reserved 393216K
  class space    used 503K, committed 640K, reserved 327680K
}
Event: 2.833 GC heap after
{Heap after GC invocations=2 (full 0):
 garbage-first heap   total 262144K, used 12014K [0x00000000e0000000, 0x0000000100000000)
  region size 1024K, 2 young (2048K), 2 survivors (2048K)
 Metaspace       used 4038K, committed 4224K, reserved 393216K
  class space    used 503K, committed 640K, reserved 327680K
}
Event: 8.864 GC heap before
{Heap before GC invocations=2 (full 0):
 garbage-first heap   total 262144K, used 119534K [0x00000000e0000000, 0x0000000100000000)
  region size 1024K, 105 young (107520K), 2 survivors (2048K)
 Metaspace       used 18105K, committed 18432K, reserved 393216K
  class space    used 2616K, committed 2752K, reserved 327680K
}
Event: 8.879 GC heap after
{Heap after GC invocations=3 (full 0):
 garbage-first heap   total 262144K, used 22307K [0x00000000e0000000, 0x0000000100000000)
  region size 1024K, 11 young (11264K), 11 survivors (11264K)
 Metaspace       used 18105K, committed 18432K, reserved 393216K
  class space    used 2616K, committed 2752K, reserved 327680K
}
Event: 9.517 GC heap before
{Heap before GC invocations=3 (full 0):
 garbage-first heap   total 262144K, used 47907K [0x00000000e0000000, 0x0000000100000000)
  region size 1024K, 37 young (37888K), 11 survivors (11264K)
 Metaspace       used 21243K, committed 21504K, reserved 393216K
  class space    used 3137K, committed 3264K, reserved 327680K
}
Event: 9.525 GC heap after
{Heap after GC invocations=4 (full 0):
 garbage-first heap   total 262144K, used 24130K [0x00000000e0000000, 0x0000000100000000)
  region size 1024K, 11 young (11264K), 11 survivors (11264K)
 Metaspace       used 21243K, committed 21504K, reserved 393216K
  class space    used 3137K, committed 3264K, reserved 327680K
}
Event: 15.498 GC heap before
{Heap before GC invocations=5 (full 0):
 garbage-first heap   total 262144K, used 150082K [0x00000000e0000000, 0x0000000100000000)
  region size 1024K, 131 young (134144K), 11 survivors (11264K)
 Metaspace       used 35839K, committed 36160K, reserved 393216K
  class space    used 4995K, committed 5120K, reserved 327680K
}
Event: 15.519 GC heap after
{Heap after GC invocations=6 (full 0):
 garbage-first heap   total 262144K, used 33267K [0x00000000e0000000, 0x0000000100000000)
  region size 1024K, 11 young (11264K), 11 survivors (11264K)
 Metaspace       used 35839K, committed 36160K, reserved 393216K
  class space    used 4995K, committed 5120K, reserved 327680K
}
Event: 15.551 GC heap before
{Heap before GC invocations=6 (full 0):
 garbage-first heap   total 262144K, used 34291K [0x00000000e0000000, 0x0000000100000000)
  region size 1024K, 12 young (12288K), 11 survivors (11264K)
 Metaspace       used 35982K, committed 36352K, reserved 393216K
  class space    used 5025K, committed 5184K, reserved 327680K
}
Event: 15.563 GC heap after
{Heap after GC invocations=7 (full 0):
 garbage-first heap   total 262144K, used 33629K [0x00000000e0000000, 0x0000000100000000)
  region size 1024K, 2 young (2048K), 2 survivors (2048K)
 Metaspace       used 35982K, committed 36352K, reserved 393216K
  class space    used 5025K, committed 5184K, reserved 327680K
}
Event: 15.595 GC heap before
{Heap before GC invocations=7 (full 0):
 garbage-first heap   total 262144K, used 34653K [0x00000000e0000000, 0x0000000100000000)
  region size 1024K, 4 young (4096K), 2 survivors (2048K)
 Metaspace       used 36109K, committed 36480K, reserved 393216K
  class space    used 5056K, committed 5248K, reserved 327680K
}
Event: 15.597 GC heap after
{Heap after GC invocations=8 (full 0):
 garbage-first heap   total 262144K, used 32552K [0x00000000e0000000, 0x0000000100000000)
  region size 1024K, 1 young (1024K), 1 survivors (1024K)
 Metaspace       used 36109K, committed 36480K, reserved 393216K
  class space    used 5056K, committed 5248K, reserved 327680K
}

Deoptimization events (20 events):
Event: 19.702 Thread 0x00000293b5f8b690 Uncommon trap: trap_request=0xffffffde fr.pc=0x00000293908f85f4 relative=0x00000000000006f4
Event: 19.702 Thread 0x00000293b5f8b690 Uncommon trap: reason=class_check action=maybe_recompile pc=0x00000293908f85f4 method=java.util.regex.Matcher.search(I)Z @ 121 c2
Event: 19.702 Thread 0x00000293b5f8b690 DEOPT PACKING pc=0x00000293908f85f4 sp=0x000000ef18af82d0
Event: 19.702 Thread 0x00000293b5f8b690 DEOPT UNPACKING pc=0x00000293901623a3 sp=0x000000ef18af8238 mode 2
Event: 19.727 Thread 0x00000293b5f8b690 Uncommon trap: trap_request=0xffffffde fr.pc=0x00000293908f85f4 relative=0x00000000000006f4
Event: 19.727 Thread 0x00000293b5f8b690 Uncommon trap: reason=class_check action=maybe_recompile pc=0x00000293908f85f4 method=java.util.regex.Matcher.search(I)Z @ 121 c2
Event: 19.727 Thread 0x00000293b5f8b690 DEOPT PACKING pc=0x00000293908f85f4 sp=0x000000ef18af8270
Event: 19.727 Thread 0x00000293b5f8b690 DEOPT UNPACKING pc=0x00000293901623a3 sp=0x000000ef18af81d8 mode 2
Event: 19.728 Thread 0x00000293b5f8b690 Uncommon trap: trap_request=0xffffffde fr.pc=0x00000293908f85f4 relative=0x00000000000006f4
Event: 19.728 Thread 0x00000293b5f8b690 Uncommon trap: reason=class_check action=maybe_recompile pc=0x00000293908f85f4 method=java.util.regex.Matcher.search(I)Z @ 121 c2
Event: 19.728 Thread 0x00000293b5f8b690 DEOPT PACKING pc=0x00000293908f85f4 sp=0x000000ef18af8270
Event: 19.728 Thread 0x00000293b5f8b690 DEOPT UNPACKING pc=0x00000293901623a3 sp=0x000000ef18af81d8 mode 2
Event: 19.781 Thread 0x00000293b5f8b690 Uncommon trap: trap_request=0xffffffde fr.pc=0x00000293908f7404 relative=0x00000000000006a4
Event: 19.781 Thread 0x00000293b5f8b690 Uncommon trap: reason=class_check action=maybe_recompile pc=0x00000293908f7404 method=java.util.regex.Matcher.search(I)Z @ 121 c2
Event: 19.781 Thread 0x00000293b5f8b690 DEOPT PACKING pc=0x00000293908f7404 sp=0x000000ef18af8250
Event: 19.781 Thread 0x00000293b5f8b690 DEOPT UNPACKING pc=0x00000293901623a3 sp=0x000000ef18af8230 mode 2
Event: 19.797 Thread 0x00000293b5f8b690 Uncommon trap: trap_request=0xffffff76 fr.pc=0x00000293907511fc relative=0x00000000000007dc
Event: 19.797 Thread 0x00000293b5f8b690 Uncommon trap: reason=predicate action=maybe_recompile pc=0x00000293907511fc method=java.util.AbstractCollection.addAll(Ljava/util/Collection;)Z @ 15 c2
Event: 19.797 Thread 0x00000293b5f8b690 DEOPT PACKING pc=0x00000293907511fc sp=0x000000ef18af8c10
Event: 19.797 Thread 0x00000293b5f8b690 DEOPT UNPACKING pc=0x00000293901623a3 sp=0x000000ef18af8bb8 mode 2

Classes unloaded (0 events):
No events

Classes redefined (0 events):
No events

Internal exceptions (20 events):
Event: 17.340 Thread 0x00000293b5f8b690 Exception <a 'java/lang/NoSuchMethodError'{0x00000000ecaf0048}: 'java.lang.Object java.lang.invoke.DirectMethodHandle$Holder.invokeSpecial(java.lang.Object, java.lang.Object, java.lang.Object, java.lang.Object, java.lang.Object, java.lang.Object, int)'> (0x00000000ecaf0048) 
thrown [s\open\src\hotspot\share\interpreter\linkResolver.cpp, line 759]
Event: 17.353 Thread 0x00000293b5f8b690 Exception <a 'java/lang/NoSuchMethodError'{0x00000000ec94f650}: 'java.lang.Object java.lang.invoke.DirectMethodHandle$Holder.invokeSpecial(java.lang.Object, java.lang.Object, java.lang.Object, java.lang.Object, java.lang.Object, long)'> (0x00000000ec94f650) 
thrown [s\open\src\hotspot\share\interpreter\linkResolver.cpp, line 759]
Event: 17.357 Thread 0x00000293b5f8b690 Exception <a 'java/lang/NoSuchMethodError'{0x00000000ec979b20}: 'void java.lang.invoke.DirectMethodHandle$Holder.invokeStatic(java.lang.Object, java.lang.Object, java.lang.Object, int, java.lang.Object)'> (0x00000000ec979b20) 
thrown [s\open\src\hotspot\share\interpreter\linkResolver.cpp, line 759]
Event: 17.545 Thread 0x00000293b5f8b690 Exception <a 'java/lang/NoSuchMethodError'{0x00000000ec3c14c8}: 'java.lang.Object java.lang.invoke.DirectMethodHandle$Holder.invokeSpecial(java.lang.Object, java.lang.Object, java.lang.Object, java.lang.Object, int, java.lang.Object)'> (0x00000000ec3c14c8) 
thrown [s\open\src\hotspot\share\interpreter\linkResolver.cpp, line 759]
Event: 17.546 Thread 0x00000293b5f8b690 Exception <a 'java/lang/NoSuchMethodError'{0x00000000ec3ca1c0}: 'java.lang.Object java.lang.invoke.DirectMethodHandle$Holder.newInvokeSpecial(java.lang.Object, java.lang.Object, java.lang.Object, java.lang.Object, int)'> (0x00000000ec3ca1c0) 
thrown [s\open\src\hotspot\share\interpreter\linkResolver.cpp, line 759]
Event: 17.547 Thread 0x00000293b5f8b690 Exception <a 'java/lang/NoSuchMethodError'{0x00000000ec3cf0b8}: 'java.lang.Object java.lang.invoke.DirectMethodHandle$Holder.invokeSpecial(java.lang.Object, java.lang.Object, java.lang.Object, java.lang.Object, java.lang.Object, int)'> (0x00000000ec3cf0b8) 
thrown [s\open\src\hotspot\share\interpreter\linkResolver.cpp, line 759]
Event: 17.548 Thread 0x00000293b5f8b690 Exception <a 'java/lang/NoSuchMethodError'{0x00000000ec3d38e8}: 'java.lang.Object java.lang.invoke.Invokers$Holder.linkToTargetMethod(java.lang.Object, java.lang.Object, java.lang.Object, int, java.lang.Object)'> (0x00000000ec3d38e8) 
thrown [s\open\src\hotspot\share\interpreter\linkResolver.cpp, line 759]
Event: 17.628 Thread 0x00000293b5f8b690 Exception <a 'java/lang/NoSuchMethodError'{0x00000000ec0101c0}: 'int java.lang.invoke.DirectMethodHandle$Holder.invokeInterface(java.lang.Object, java.lang.Object, java.lang.Object, java.lang.Object)'> (0x00000000ec0101c0) 
thrown [s\open\src\hotspot\share\interpreter\linkResolver.cpp, line 759]
Event: 17.683 Thread 0x00000293b5f8b690 Exception <a 'java/lang/NoSuchMethodError'{0x00000000ebfd8a08}: 'java.lang.Object java.lang.invoke.DirectMethodHandle$Holder.invokeStatic(java.lang.Object, long, java.lang.Object)'> (0x00000000ebfd8a08) 
thrown [s\open\src\hotspot\share\interpreter\linkResolver.cpp, line 759]
Event: 17.684 Thread 0x00000293b5f8b690 Exception <a 'java/lang/NoSuchMethodError'{0x00000000ebfe0860}: 'java.lang.Object java.lang.invoke.DirectMethodHandle$Holder.newInvokeSpecial(java.lang.Object, long)'> (0x00000000ebfe0860) 
thrown [s\open\src\hotspot\share\interpreter\linkResolver.cpp, line 759]
Event: 17.696 Thread 0x00000293b5f8b690 Exception <a 'java/lang/NoSuchMethodError'{0x00000000ebe3dd18}: 'java.lang.Object java.lang.invoke.DirectMethodHandle$Holder.newInvokeSpecial(java.lang.Object, java.lang.Object, java.lang.Object, java.lang.Object, java.lang.Object, long)'> (0x00000000ebe3dd18) 
thrown [s\open\src\hotspot\share\interpreter\linkResolver.cpp, line 759]
Event: 17.697 Thread 0x00000293b5f8b690 Exception <a 'java/lang/NoSuchMethodError'{0x00000000ebe42c28}: 'java.lang.Object java.lang.invoke.DirectMethodHandle$Holder.invokeSpecial(java.lang.Object, java.lang.Object, java.lang.Object, java.lang.Object, java.lang.Object, java.lang.Object, long)'> (0x00000000ebe42c28) 
thrown [s\open\src\hotspot\share\interpreter\linkResolver.cpp, line 759]
Event: 17.707 Thread 0x00000293b5f8b690 Exception <a 'java/lang/NoSuchMethodError'{0x00000000ebe8f5a8}: 'java.lang.Object java.lang.invoke.DirectMethodHandle$Holder.newInvokeSpecial(java.lang.Object, java.lang.Object, java.lang.Object, long)'> (0x00000000ebe8f5a8) 
thrown [s\open\src\hotspot\share\interpreter\linkResolver.cpp, line 759]
Event: 17.707 Thread 0x00000293b5f8b690 Exception <a 'java/lang/NoSuchMethodError'{0x00000000ebe945e8}: 'java.lang.Object java.lang.invoke.DirectMethodHandle$Holder.invokeSpecial(java.lang.Object, java.lang.Object, java.lang.Object, java.lang.Object, long)'> (0x00000000ebe945e8) 
thrown [s\open\src\hotspot\share\interpreter\linkResolver.cpp, line 759]
Event: 17.708 Thread 0x00000293b5f8b690 Exception <a 'java/lang/NoSuchMethodError'{0x00000000ebe98d10}: 'java.lang.Object java.lang.invoke.Invokers$Holder.linkToTargetMethod(java.lang.Object, java.lang.Object, long, java.lang.Object)'> (0x00000000ebe98d10) 
thrown [s\open\src\hotspot\share\interpreter\linkResolver.cpp, line 759]
Event: 17.792 Thread 0x00000293b5f8b690 Exception <a 'java/lang/NoSuchMethodError'{0x00000000ebccc5f8}: 'java.lang.Object java.lang.invoke.DirectMethodHandle$Holder.invokeSpecial(java.lang.Object, java.lang.Object, long, java.lang.Object, java.lang.Object)'> (0x00000000ebccc5f8) 
thrown [s\open\src\hotspot\share\interpreter\linkResolver.cpp, line 759]
Event: 17.874 Thread 0x00000293b5f8b690 Exception <a 'java/lang/NoSuchMethodError'{0x00000000eba93578}: 'java.lang.Object java.lang.invoke.DirectMethodHandle$Holder.newInvokeSpecial(java.lang.Object, java.lang.Object, int)'> (0x00000000eba93578) 
thrown [s\open\src\hotspot\share\interpreter\linkResolver.cpp, line 759]
Event: 18.157 Thread 0x00000293b5f8b690 Exception <a 'java/lang/NoSuchMethodError'{0x00000000eb49b610}: 'java.lang.Object java.lang.invoke.DirectMethodHandle$Holder.newInvokeSpecial(java.lang.Object, java.lang.Object, java.lang.Object, java.lang.Object, int, java.lang.Object)'> (0x00000000eb49b610) 
thrown [s\open\src\hotspot\share\interpreter\linkResolver.cpp, line 759]
Event: 18.158 Thread 0x00000293b5f8b690 Exception <a 'java/lang/NoSuchMethodError'{0x00000000eb4a06c0}: 'java.lang.Object java.lang.invoke.Invokers$Holder.linkToTargetMethod(java.lang.Object, java.lang.Object, java.lang.Object, int, java.lang.Object, java.lang.Object)'> (0x00000000eb4a06c0) 
thrown [s\open\src\hotspot\share\interpreter\linkResolver.cpp, line 759]
Event: 18.547 Thread 0x00000293b5f8b690 Exception <a 'java/lang/NoSuchMethodError'{0x00000000eacb8f68}: 'java.lang.Object java.lang.invoke.DirectMethodHandle$Holder.invokeSpecialIFC(java.lang.Object, java.lang.Object, java.lang.Object)'> (0x00000000eacb8f68) 
thrown [s\open\src\hotspot\share\interpreter\linkResolver.cpp, line 759]

VM Operations (20 events):
Event: 17.614 Executing VM operation: HandshakeAllThreads
Event: 17.614 Executing VM operation: HandshakeAllThreads done
Event: 17.625 Executing VM operation: HandshakeAllThreads
Event: 17.625 Executing VM operation: HandshakeAllThreads done
Event: 18.043 Executing VM operation: HandshakeAllThreads
Event: 18.043 Executing VM operation: HandshakeAllThreads done
Event: 18.043 Executing VM operation: Cleanup
Event: 18.044 Executing VM operation: Cleanup done
Event: 18.649 Executing VM operation: ICBufferFull
Event: 18.655 Executing VM operation: ICBufferFull done
Event: 19.036 Executing VM operation: ICBufferFull
Event: 19.036 Executing VM operation: ICBufferFull done
Event: 19.284 Executing VM operation: HandshakeAllThreads
Event: 19.284 Executing VM operation: HandshakeAllThreads done
Event: 19.392 Executing VM operation: HandshakeAllThreads
Event: 19.393 Executing VM operation: HandshakeAllThreads done
Event: 19.451 Executing VM operation: HandshakeAllThreads
Event: 19.451 Executing VM operation: HandshakeAllThreads done
Event: 19.699 Executing VM operation: ICBufferFull
Event: 19.700 Executing VM operation: ICBufferFull done

Events (20 events):
Event: 19.462 Thread 0x000002939b72fba0 flushing nmethod 0x0000029389463610
Event: 19.462 Thread 0x000002939b72fba0 flushing nmethod 0x0000029389463b10
Event: 19.462 Thread 0x000002939b72fba0 flushing nmethod 0x0000029389464e90
Event: 19.462 Thread 0x000002939b72fba0 flushing nmethod 0x0000029389475810
Event: 19.462 Thread 0x000002939b72fba0 flushing nmethod 0x0000029389477310
Event: 19.462 Thread 0x000002939b72fba0 flushing nmethod 0x000002938947e390
Event: 19.462 Thread 0x000002939b72fba0 flushing nmethod 0x000002938947e790
Event: 19.463 Thread 0x000002939b72fba0 flushing nmethod 0x000002938947f090
Event: 19.463 Thread 0x000002939b72fba0 flushing nmethod 0x0000029389480210
Event: 19.463 Thread 0x000002939b72fba0 flushing nmethod 0x0000029389480690
Event: 19.463 Thread 0x000002939b72fba0 flushing nmethod 0x00000293894b5090
Event: 19.464 Thread 0x000002939b72fba0 flushing nmethod 0x0000029389516190
Event: 19.464 Thread 0x000002939b72fba0 flushing nmethod 0x0000029389527a90
Event: 19.464 Thread 0x000002939b72fba0 flushing nmethod 0x000002938952ec90
Event: 19.464 Thread 0x000002939b72fba0 flushing nmethod 0x000002938952fe10
Event: 19.464 Thread 0x000002939b72fba0 flushing nmethod 0x0000029389534790
Event: 19.464 Thread 0x000002939b72fba0 flushing nmethod 0x0000029389580510
Event: 19.465 Thread 0x000002939b72fba0 flushing nmethod 0x0000029389591490
Event: 19.465 Thread 0x000002939b72fba0 flushing nmethod 0x00000293895b1b90
Event: 19.465 Thread 0x000002939b72fba0 flushing nmethod 0x00000293895f4590


Dynamic libraries:
0x00007ff646280000 - 0x00007ff646290000 	T:\ToolJava\jdk-17.0.8\bin\java.exe
0x00007ffcc1af0000 - 0x00007ffcc1d07000 	C:\WINDOWS\SYSTEM32\ntdll.dll
0x00007ffcbfbb0000 - 0x00007ffcbfc74000 	C:\WINDOWS\System32\KERNEL32.DLL
0x00007ffcbeed0000 - 0x00007ffcbf27d000 	C:\WINDOWS\System32\KERNELBASE.dll
0x00007ffcbf5c0000 - 0x00007ffcbf6d1000 	C:\WINDOWS\System32\ucrtbase.dll
0x00007ffcb9270000 - 0x00007ffcb9289000 	T:\ToolJava\jdk-17.0.8\bin\jli.dll
0x00007ffcb3320000 - 0x00007ffcb333b000 	T:\ToolJava\jdk-17.0.8\bin\VCRUNTIME140.dll
0x00007ffcc19f0000 - 0x00007ffcc1aa2000 	C:\WINDOWS\System32\ADVAPI32.dll
0x00007ffcbf840000 - 0x00007ffcbf8e7000 	C:\WINDOWS\System32\msvcrt.dll
0x00007ffcc1770000 - 0x00007ffcc1819000 	C:\WINDOWS\System32\sechost.dll
0x00007ffcbf780000 - 0x00007ffcbf7a8000 	C:\WINDOWS\System32\bcrypt.dll
0x00007ffcbfa00000 - 0x00007ffcbfb14000 	C:\WINDOWS\System32\RPCRT4.dll
0x00007ffcc0d20000 - 0x00007ffcc0ece000 	C:\WINDOWS\System32\USER32.dll
0x00007ffcbf3f0000 - 0x00007ffcbf416000 	C:\WINDOWS\System32\win32u.dll
0x00007ffcc1740000 - 0x00007ffcc1769000 	C:\WINDOWS\System32\GDI32.dll
0x00007ffcbf4a0000 - 0x00007ffcbf5b9000 	C:\WINDOWS\System32\gdi32full.dll
0x00007ffca7990000 - 0x00007ffca7c23000 	C:\WINDOWS\WinSxS\amd64_microsoft.windows.common-controls_6595b64144ccf1df_6.0.22621.3672_none_2713b9d173822955\COMCTL32.dll
0x00007ffcbf6e0000 - 0x00007ffcbf77a000 	C:\WINDOWS\System32\msvcp_win.dll
0x00007ffcb54b0000 - 0x00007ffcb54ba000 	C:\WINDOWS\SYSTEM32\VERSION.dll
0x00007ffcc1880000 - 0x00007ffcc18b1000 	C:\WINDOWS\System32\IMM32.DLL
0x00007ffcbb280000 - 0x00007ffcbb28c000 	T:\ToolJava\jdk-17.0.8\bin\vcruntime140_1.dll
0x00007ffc64f20000 - 0x00007ffc64fae000 	T:\ToolJava\jdk-17.0.8\bin\msvcp140.dll
0x00007ffc282e0000 - 0x00007ffc28ebe000 	T:\ToolJava\jdk-17.0.8\bin\server\jvm.dll
0x00007ffcc19c0000 - 0x00007ffcc19c8000 	C:\WINDOWS\System32\PSAPI.DLL
0x00007ffcbb3f0000 - 0x00007ffcbb3f9000 	C:\WINDOWS\SYSTEM32\WSOCK32.dll
0x00007ffcbfe40000 - 0x00007ffcbfeb1000 	C:\WINDOWS\System32\WS2_32.dll
0x00007ffcb8ed0000 - 0x00007ffcb8f04000 	C:\WINDOWS\SYSTEM32\WINMM.dll
0x00007ffcbde00000 - 0x00007ffcbde18000 	C:\WINDOWS\SYSTEM32\kernel.appcore.dll
0x00007ffcb9260000 - 0x00007ffcb926a000 	T:\ToolJava\jdk-17.0.8\bin\jimage.dll
0x00007ffcbc2e0000 - 0x00007ffcbc512000 	C:\WINDOWS\SYSTEM32\DBGHELP.DLL
0x00007ffcc0830000 - 0x00007ffcc0bbd000 	C:\WINDOWS\System32\combase.dll
0x00007ffcc0020000 - 0x00007ffcc00f7000 	C:\WINDOWS\System32\OLEAUT32.dll
0x00007ffc8a1f0000 - 0x00007ffc8a222000 	C:\WINDOWS\SYSTEM32\dbgcore.DLL
0x00007ffcbf420000 - 0x00007ffcbf49b000 	C:\WINDOWS\System32\bcryptPrimitives.dll
0x00007ffcb3310000 - 0x00007ffcb331e000 	T:\ToolJava\jdk-17.0.8\bin\instrument.dll
0x00007ffc9e8c0000 - 0x00007ffc9e8e5000 	T:\ToolJava\jdk-17.0.8\bin\java.dll
0x00007ffc64520000 - 0x00007ffc645f7000 	T:\ToolJava\jdk-17.0.8\bin\jsvml.dll
0x00007ffcc0ed0000 - 0x00007ffcc1738000 	C:\WINDOWS\System32\SHELL32.dll
0x00007ffcbcd10000 - 0x00007ffcbd60e000 	C:\WINDOWS\SYSTEM32\windows.storage.dll
0x00007ffcbcbd0000 - 0x00007ffcbcd0f000 	C:\WINDOWS\SYSTEM32\wintypes.dll
0x00007ffcbff20000 - 0x00007ffcc0019000 	C:\WINDOWS\System32\SHCORE.dll
0x00007ffcbf8f0000 - 0x00007ffcbf94e000 	C:\WINDOWS\System32\shlwapi.dll
0x00007ffcbed40000 - 0x00007ffcbed61000 	C:\WINDOWS\SYSTEM32\profapi.dll
0x00007ffcb3160000 - 0x00007ffcb3178000 	T:\ToolJava\jdk-17.0.8\bin\zip.dll
0x00007ffc9f5c0000 - 0x00007ffc9f5d9000 	T:\ToolJava\jdk-17.0.8\bin\net.dll
0x00007ffcbaa40000 - 0x00007ffcbab76000 	C:\WINDOWS\SYSTEM32\WINHTTP.dll
0x00007ffcbe270000 - 0x00007ffcbe2d9000 	C:\WINDOWS\system32\mswsock.dll
0x00007ffc9f2f0000 - 0x00007ffc9f306000 	T:\ToolJava\jdk-17.0.8\bin\nio.dll
0x00007ffcaa6d0000 - 0x00007ffcaa6e0000 	T:\ToolJava\jdk-17.0.8\bin\verify.dll
0x00007ffcb3230000 - 0x00007ffcb3257000 	T:\ToolJava\gradle-8.8\native\c067742578af261105cb4f569cf0c3c89f3d7b1fecec35dd04571415982c5e48\windows-amd64\native-platform.dll
0x00007ffc723c0000 - 0x00007ffc72504000 	T:\ToolJava\gradle-8.8\native\100fb08df4bc3b14c8652ba06237920a3bd2aa13389f12d3474272988ae205f9\windows-amd64\native-platform-file-events.dll
0x00007ffcaa3d0000 - 0x00007ffcaa3da000 	T:\ToolJava\jdk-17.0.8\bin\management.dll
0x00007ffca9fe0000 - 0x00007ffca9feb000 	T:\ToolJava\jdk-17.0.8\bin\management_ext.dll
0x00007ffcbe4f0000 - 0x00007ffcbe50b000 	C:\WINDOWS\SYSTEM32\CRYPTSP.dll
0x00007ffcbdd60000 - 0x00007ffcbdd95000 	C:\WINDOWS\system32\rsaenh.dll
0x00007ffcbe340000 - 0x00007ffcbe368000 	C:\WINDOWS\SYSTEM32\USERENV.dll
0x00007ffcbe510000 - 0x00007ffcbe51c000 	C:\WINDOWS\SYSTEM32\CRYPTBASE.dll
0x00007ffcbd870000 - 0x00007ffcbd89d000 	C:\WINDOWS\SYSTEM32\IPHLPAPI.DLL
0x00007ffcc0820000 - 0x00007ffcc0829000 	C:\WINDOWS\System32\NSI.dll
0x00007ffcbad00000 - 0x00007ffcbad19000 	C:\WINDOWS\SYSTEM32\dhcpcsvc6.DLL
0x00007ffcbaa20000 - 0x00007ffcbaa3f000 	C:\WINDOWS\SYSTEM32\dhcpcsvc.DLL
0x00007ffcbd8e0000 - 0x00007ffcbd9d8000 	C:\WINDOWS\SYSTEM32\DNSAPI.dll
0x00007ffca9270000 - 0x00007ffca927e000 	T:\ToolJava\jdk-17.0.8\bin\sunmscapi.dll
0x00007ffcbf280000 - 0x00007ffcbf3e7000 	C:\WINDOWS\System32\CRYPT32.dll
0x00007ffcbe740000 - 0x00007ffcbe76e000 	C:\WINDOWS\SYSTEM32\ncrypt.dll
0x00007ffcbe700000 - 0x00007ffcbe737000 	C:\WINDOWS\SYSTEM32\NTASN1.dll
0x00007ffcaaa00000 - 0x00007ffcaaa08000 	C:\WINDOWS\system32\wshunix.dll

dbghelp: loaded successfully - version: 4.0.5 - missing functions: none
symbol engine: initialized successfully - sym options: 0x614 - pdb path: .;T:\ToolJava\jdk-17.0.8\bin;C:\WINDOWS\SYSTEM32;C:\WINDOWS\WinSxS\amd64_microsoft.windows.common-controls_6595b64144ccf1df_6.0.22621.3672_none_2713b9d173822955;T:\ToolJava\jdk-17.0.8\bin\server;T:\ToolJava\gradle-8.8\native\c067742578af261105cb4f569cf0c3c89f3d7b1fecec35dd04571415982c5e48\windows-amd64;T:\ToolJava\gradle-8.8\native\100fb08df4bc3b14c8652ba06237920a3bd2aa13389f12d3474272988ae205f9\windows-amd64

VM Arguments:
jvm_args: --add-opens=java.base/java.util=ALL-UNNAMED --add-opens=java.base/java.lang=ALL-UNNAMED --add-opens=java.base/java.lang.invoke=ALL-UNNAMED --add-opens=java.prefs/java.util.prefs=ALL-UNNAMED --add-opens=java.base/java.nio.charset=ALL-UNNAMED --add-opens=java.base/java.net=ALL-UNNAMED --add-opens=java.base/java.util.concurrent.atomic=ALL-UNNAMED -XX:MaxMetaspaceSize=384m -XX:+HeapDumpOnOutOfMemoryError -Xms256m -Xmx512m -Dfile.encoding=UTF-8 -Duser.country=US -Duser.language=en -Duser.variant -javaagent:T:\ToolJava\gradle-8.8\wrapper\dists\gradle-8.8-bin\dl7vupf4psengwqhwktix4v1\gradle-8.8\lib\agents\gradle-instrumentation-agent-8.8.jar 
java_command: org.gradle.launcher.daemon.bootstrap.GradleDaemon 8.8
java_class_path (initial): T:\ToolJava\gradle-8.8\wrapper\dists\gradle-8.8-bin\dl7vupf4psengwqhwktix4v1\gradle-8.8\lib\gradle-launcher-8.8.jar
Launcher Type: SUN_STANDARD

[Global flags]
     intx CICompilerCount                          = 4                                         {product} {ergonomic}
   size_t CompressedClassSpaceSize                 = 335544320                                 {product} {ergonomic}
     uint ConcGCThreads                            = 2                                         {product} {ergonomic}
     uint G1ConcRefinementThreads                  = 8                                         {product} {ergonomic}
   size_t G1HeapRegionSize                         = 1048576                                   {product} {ergonomic}
    uintx GCDrainStackTargetSize                   = 64                                        {product} {ergonomic}
     bool HeapDumpOnOutOfMemoryError               = true                                   {manageable} {command line}
   size_t InitialHeapSize                          = 268435456                                 {product} {command line}
   size_t MarkStackSize                            = 4194304                                   {product} {ergonomic}
   size_t MaxHeapSize                              = 536870912                                 {product} {command line}
   size_t MaxMetaspaceSize                         = 402653184                                 {product} {command line}
   size_t MaxNewSize                               = 321912832                                 {product} {ergonomic}
   size_t MinHeapDeltaBytes                        = 1048576                                   {product} {ergonomic}
   size_t MinHeapSize                              = 268435456                                 {product} {command line}
    uintx NonNMethodCodeHeapSize                   = 5839372                                {pd product} {ergonomic}
    uintx NonProfiledCodeHeapSize                  = 122909434                              {pd product} {ergonomic}
    uintx ProfiledCodeHeapSize                     = 122909434                              {pd product} {ergonomic}
    uintx ReservedCodeCacheSize                    = 251658240                              {pd product} {ergonomic}
     bool SegmentedCodeCache                       = true                                      {product} {ergonomic}
   size_t SoftMaxHeapSize                          = 536870912                              {manageable} {ergonomic}
     bool UseCompressedClassPointers               = true                           {product lp64_product} {ergonomic}
     bool UseCompressedOops                        = true                           {product lp64_product} {ergonomic}
     bool UseG1GC                                  = true                                      {product} {ergonomic}
     bool UseLargePagesIndividualAllocation        = false                                  {pd product} {ergonomic}

Logging:
Log output configuration:
 #0: stdout all=warning uptime,level,tags
 #1: stderr all=off uptime,level,tags

Environment Variables:
JAVA_HOME=T:\ToolJava\jdk-17.0.8
PATH=C:\WINDOWS\system32;C:\WINDOWS;C:\WINDOWS\System32\Wbem;C:\WINDOWS\System32\WindowsPowerShell\v1.0\;C:\WINDOWS\System32\OpenSSH\;C:\Program Files\MongoDB\Server\tools\bin;C:\Program Files\MongoDB\Server\5.0\bin;C:\Program Files (x86)\Microsoft SQL Server\150\DTS\Binn\;C:\Program Files\Microsoft SQL Server\Client SDK\ODBC\170\Tools\Binn\;C:\Program Files (x86)\Microsoft SQL Server\150\Tools\Binn\;C:\Program Files\Microsoft SQL Server\150\Tools\Binn\;C:\Program Files\Microsoft SQL Server\150\DTS\Binn\;C:\Program Files\Azure Data Studio\bin;C:\Program Files\nodejs;C:\MinGW\bin;C:\Program Files\Git\cmd;T:\ToolJava\jdk-17.0.8\bin;;C:\Program Files\HP\HP One Agent;C:\Program Files\Docker\Docker\resources\bin;C:\Users\HP\AppData\Local\Programs\Python\Python311\Scripts\;C:\Users\HP\AppData\Local\Programs\Python\Python311\;C:\Users\HP\AppData\Local\Microsoft\WindowsApps;C:\Program Files (x86)\CodeBlocks\MinGW\bin;C:\Program Files\Azure Data Studio\bin;C:\Program Files\MongoDB\Server\tools\bin;C:\Program Files\MongoDB\Server\5.0\bin;;T:\50_NguyenVanLoc\;C:\Users\HP\AppData\Local\Programs\Microsoft VS Code\bin;C:\Users\HP\AppData\Roaming\npm
USERNAME=HP
OS=Windows_NT
PROCESSOR_IDENTIFIER=Intel64 Family 6 Model 142 Stepping 12, GenuineIntel



---------------  S Y S T E M  ---------------

OS:
 Windows 11 , 64 bit Build 22621 (10.0.22621.3958)
OS uptime: 0 days 16:49 hours
Hyper-V role detected

CPU: total 8 (initial active 8) (4 cores per cpu, 2 threads per core) family 6 model 142 stepping 12 microcode 0xec, cx8, cmov, fxsr, ht, mmx, 3dnowpref, sse, sse2, sse3, ssse3, sse4.1, sse4.2, popcnt, lzcnt, tsc, tscinvbit, avx, avx2, aes, erms, clmul, bmi1, bmi2, adx, fma, vzeroupper, clflush, clflushopt, hv

Memory: 4k page, system-wide physical 8014M (372M free)
TotalPageFile size 16014M (AvailPageFile size 7M)
current process WorkingSet (physical memory assigned to process): 357M, peak: 359M
current process commit charge ("private bytes"): 482M, peak: 484M

vm_info: Java HotSpot(TM) 64-Bit Server VM (17.0.8+9-LTS-211) for windows-amd64 JRE (17.0.8+9-LTS-211), built on Jun 14 2023 10:34:31 by "mach5one" with MS VC++ 17.1 (VS2022)

END.
