#
# There is insufficient memory for the Java Runtime Environment to continue.
# Native memory allocation (malloc) failed to allocate 32744 bytes for ChunkPool::allocate
# Possible reasons:
#   The system is out of physical RAM or swap space
#   The process is running with CompressedOops enabled, and the Java Heap may be blocking the growth of the native heap
# Possible solutions:
#   Reduce memory load on the system
#   Increase physical memory or swap space
#   Check if swap backing store is full
#   Decrease Java heap size (-Xmx/-Xms)
#   Decrease number of Java threads
#   Decrease Java thread stack sizes (-Xss)
#   Set larger code cache with -XX:ReservedCodeCacheSize=
#   JVM is running with Unscaled Compressed Oops mode in which the Java heap is
#     placed in the first 4GB address space. The Java Heap base address is the
#     maximum limit for the native heap growth. Please use -XX:HeapBaseMinAddress
#     to set the Java Heap base and to place the Java Heap above 4GB virtual address.
# This output file may be truncated or incomplete.
#
#  Out of Memory Error (arena.cpp:78), pid=13328, tid=15548
#
# JRE version: Java(TM) SE Runtime Environment (17.0.8+9) (build 17.0.8+9-LTS-211)
# Java VM: Java HotSpot(TM) 64-Bit Server VM (17.0.8+9-LTS-211, mixed mode, sharing, tiered, compressed oops, compressed class ptrs, g1 gc, windows-amd64)
# No core dump will be written. Minidumps are not enabled by default on client versions of Windows
#

---------------  S U M M A R Y ------------

Command Line: --add-opens=java.base/java.util=ALL-UNNAMED --add-opens=java.base/java.lang=ALL-UNNAMED --add-opens=java.base/java.lang.invoke=ALL-UNNAMED --add-opens=java.prefs/java.util.prefs=ALL-UNNAMED --add-exports=jdk.compiler/com.sun.tools.javac.api=ALL-UNNAMED --add-exports=jdk.compiler/com.sun.tools.javac.util=ALL-UNNAMED --add-opens=java.base/java.nio.charset=ALL-UNNAMED --add-opens=java.base/java.net=ALL-UNNAMED --add-opens=java.base/java.util.concurrent.atomic=ALL-UNNAMED -XX:MaxMetaspaceSize=384m -XX:+HeapDumpOnOutOfMemoryError -Xms256m -Xmx512m -Dfile.encoding=UTF-8 -Duser.country=US -Duser.language=en -Duser.variant -javaagent:T:\ToolJava\gradle-8.8\wrapper\dists\gradle-8.10-bin\deqhafrv1ntovfmgh0nh3npr9\gradle-8.10\lib\agents\gradle-instrumentation-agent-8.10.jar org.gradle.launcher.daemon.bootstrap.GradleDaemon 8.10

Host: Intel(R) Core(TM) i5-10210U CPU @ 1.60GHz, 8 cores, 23G,  Windows 11 , 64 bit Build 22621 (10.0.22621.3958)
Time: Sun Oct  6 16:49:40 2024 SE Asia Standard Time elapsed time: 81.698427 seconds (0d 0h 1m 21s)

---------------  T H R E A D  ---------------

Current thread (0x000001e2ff61d260):  JavaThread "C2 CompilerThread1" daemon [_thread_in_native, id=15548, stack(0x00000057d7a00000,0x00000057d7b00000)]


Current CompileTask:
C2:  81698 3651   !   4       java.net.URLClassLoader::findClass (47 bytes)

Stack: [0x00000057d7a00000,0x00000057d7b00000]
Native frames: (J=compiled Java code, j=interpreted, Vv=VM code, C=native code)
V  [jvm.dll+0x677d0a]
V  [jvm.dll+0x7d8c54]
V  [jvm.dll+0x7da3fe]
V  [jvm.dll+0x7daa63]
V  [jvm.dll+0x245c5f]
V  [jvm.dll+0xaacc0]
V  [jvm.dll+0xab00c]
V  [jvm.dll+0x65766a]
V  [jvm.dll+0x78f08]
V  [jvm.dll+0x688630]
V  [jvm.dll+0x688697]
V  [jvm.dll+0x6876d8]
V  [jvm.dll+0x68582a]
V  [jvm.dll+0x1a6d0c]
V  [jvm.dll+0x2aa7fc]
V  [jvm.dll+0x690303]
V  [jvm.dll+0x6882d6]
V  [jvm.dll+0x687920]
V  [jvm.dll+0x68582a]
V  [jvm.dll+0x1a6d0c]
V  [jvm.dll+0x1a789b]
V  [jvm.dll+0x2aa7fc]
V  [jvm.dll+0x690303]
V  [jvm.dll+0x6882d6]
V  [jvm.dll+0x687920]
V  [jvm.dll+0x68582a]
V  [jvm.dll+0x1a6d0c]
V  [jvm.dll+0x1a789b]
V  [jvm.dll+0x2aa7fc]
V  [jvm.dll+0x690303]
V  [jvm.dll+0x6882d6]
V  [jvm.dll+0x687920]
V  [jvm.dll+0x68582a]
V  [jvm.dll+0x1a6d0c]
V  [jvm.dll+0x1a789b]
V  [jvm.dll+0x2aa7fc]
V  [jvm.dll+0x690303]
V  [jvm.dll+0x6882d6]
V  [jvm.dll+0x687920]
V  [jvm.dll+0x68582a]
V  [jvm.dll+0x1a6d0c]
V  [jvm.dll+0x1a789b]
V  [jvm.dll+0x2aa7fc]
V  [jvm.dll+0x690303]
V  [jvm.dll+0x6882d6]
V  [jvm.dll+0x687920]
V  [jvm.dll+0x68582a]
V  [jvm.dll+0x1a6d0c]
V  [jvm.dll+0x1a789b]
V  [jvm.dll+0x2aa7fc]
V  [jvm.dll+0x690303]
V  [jvm.dll+0x6882d6]
V  [jvm.dll+0x687920]
V  [jvm.dll+0x68582a]
V  [jvm.dll+0x1a6d0c]
V  [jvm.dll+0x1a789b]
V  [jvm.dll+0x2aa7fc]
V  [jvm.dll+0x690303]
V  [jvm.dll+0x6882d6]
V  [jvm.dll+0x687920]
V  [jvm.dll+0x68582a]
V  [jvm.dll+0x1a6d0c]
V  [jvm.dll+0x2aa7fc]
V  [jvm.dll+0x690303]
V  [jvm.dll+0x6882d6]
V  [jvm.dll+0x687920]
V  [jvm.dll+0x68582a]
V  [jvm.dll+0x1a6d0c]
V  [jvm.dll+0x2aa7fc]
V  [jvm.dll+0x690303]
V  [jvm.dll+0x6882d6]
V  [jvm.dll+0x687920]
V  [jvm.dll+0x68582a]
V  [jvm.dll+0x1a6d0c]
V  [jvm.dll+0x216fe8]
V  [jvm.dll+0x1a3af0]
V  [jvm.dll+0x2270be]
V  [jvm.dll+0x22535b]
V  [jvm.dll+0x78e7bc]
V  [jvm.dll+0x788bba]
V  [jvm.dll+0x676b35]
C  [ucrtbase.dll+0x29333]
C  [KERNEL32.DLL+0x1257d]
C  [ntdll.dll+0x5af08]


---------------  P R O C E S S  ---------------

Threads class SMR info:
_java_thread_list=0x000001e2fee0f6e0, length=37, elements={
0x000001e2cbd2a9c0, 0x000001e2e85568d0, 0x000001e2e8559c30, 0x000001e2e856dc70,
0x000001e2e856f030, 0x000001e2e856fbe0, 0x000001e2e85725a0, 0x000001e2e8574f60,
0x000001e2e86f08b0, 0x000001e2e86f7aa0, 0x000001e2e8757820, 0x000001e2e88d7610,
0x000001e2ff34f050, 0x000001e2fea73010, 0x000001e2feb798d0, 0x000001e2ff0bb230,
0x000001e2fe72fdd0, 0x000001e2e8748fa0, 0x000001e2e874ce70, 0x000001e2e874faf0,
0x000001e2fe942c10, 0x000001e2fe93fbf0, 0x000001e2fe9400c0, 0x000001e2fe941400,
0x000001e2fe940590, 0x000001e2fe9418d0, 0x000001e2ff76f540, 0x000001e2ff76a370,
0x000001e2ff76e200, 0x000001e2ff76ad10, 0x000001e2ff76fee0, 0x000001e2ff76b6b0,
0x000001e2ff76bb80, 0x000001e2ff7703b0, 0x000001e2ff76f070, 0x000001e2ff770880,
0x000001e2ff61d260
}

Java Threads: ( => current thread )
  0x000001e2cbd2a9c0 JavaThread "main" [_thread_blocked, id=12180, stack(0x00000057d4600000,0x00000057d4700000)]
  0x000001e2e85568d0 JavaThread "Reference Handler" daemon [_thread_blocked, id=22052, stack(0x00000057d4e00000,0x00000057d4f00000)]
  0x000001e2e8559c30 JavaThread "Finalizer" daemon [_thread_blocked, id=14360, stack(0x00000057d4f00000,0x00000057d5000000)]
  0x000001e2e856dc70 JavaThread "Signal Dispatcher" daemon [_thread_blocked, id=17176, stack(0x00000057d5000000,0x00000057d5100000)]
  0x000001e2e856f030 JavaThread "Attach Listener" daemon [_thread_blocked, id=13500, stack(0x00000057d5100000,0x00000057d5200000)]
  0x000001e2e856fbe0 JavaThread "Service Thread" daemon [_thread_blocked, id=27576, stack(0x00000057d5200000,0x00000057d5300000)]
  0x000001e2e85725a0 JavaThread "Monitor Deflation Thread" daemon [_thread_blocked, id=10560, stack(0x00000057d5300000,0x00000057d5400000)]
  0x000001e2e8574f60 JavaThread "C2 CompilerThread0" daemon [_thread_in_native, id=1612, stack(0x00000057d5400000,0x00000057d5500000)]
  0x000001e2e86f08b0 JavaThread "C1 CompilerThread0" daemon [_thread_blocked, id=6640, stack(0x00000057d5500000,0x00000057d5600000)]
  0x000001e2e86f7aa0 JavaThread "Sweeper thread" daemon [_thread_blocked, id=20436, stack(0x00000057d5600000,0x00000057d5700000)]
  0x000001e2e8757820 JavaThread "Common-Cleaner" daemon [_thread_blocked, id=13156, stack(0x00000057d5700000,0x00000057d5800000)]
  0x000001e2e88d7610 JavaThread "Notification Thread" daemon [_thread_blocked, id=25240, stack(0x00000057d5800000,0x00000057d5900000)]
  0x000001e2ff34f050 JavaThread "Daemon health stats" [_thread_blocked, id=14348, stack(0x00000057d5f00000,0x00000057d6000000)]
  0x000001e2fea73010 JavaThread "Incoming local TCP Connector on port 53656" [_thread_in_native, id=11992, stack(0x00000057d6000000,0x00000057d6100000)]
  0x000001e2feb798d0 JavaThread "Daemon periodic checks" [_thread_blocked, id=7880, stack(0x00000057d6100000,0x00000057d6200000)]
  0x000001e2ff0bb230 JavaThread "Daemon" [_thread_blocked, id=23324, stack(0x00000057d6200000,0x00000057d6300000)]
  0x000001e2fe72fdd0 JavaThread "Handler for socket connection from /127.0.0.1:53656 to /127.0.0.1:53659" [_thread_in_native, id=24952, stack(0x00000057d6300000,0x00000057d6400000)]
  0x000001e2e8748fa0 JavaThread "Cancel handler" [_thread_blocked, id=26352, stack(0x00000057d6400000,0x00000057d6500000)]
  0x000001e2e874ce70 JavaThread "Daemon worker" [_thread_in_vm, id=4132, stack(0x00000057d6500000,0x00000057d6600000)]
  0x000001e2e874faf0 JavaThread "Asynchronous log dispatcher for DefaultDaemonConnection: socket connection from /127.0.0.1:53656 to /127.0.0.1:53659" [_thread_blocked, id=23108, stack(0x00000057d6600000,0x00000057d6700000)]
  0x000001e2fe942c10 JavaThread "Stdin handler" [_thread_blocked, id=10580, stack(0x00000057d6700000,0x00000057d6800000)]
  0x000001e2fe93fbf0 JavaThread "Daemon client event forwarder" [_thread_blocked, id=6364, stack(0x00000057d6800000,0x00000057d6900000)]
  0x000001e2fe9400c0 JavaThread "Cache worker for journal cache (T:\ToolJava\gradle-8.8\caches\journal-1)" [_thread_blocked, id=15312, stack(0x00000057d6900000,0x00000057d6a00000)]
  0x000001e2fe941400 JavaThread "File lock request listener" [_thread_in_native, id=21808, stack(0x00000057d6a00000,0x00000057d6b00000)]
  0x000001e2fe940590 JavaThread "File lock release action executor" [_thread_blocked, id=18636, stack(0x00000057d6b00000,0x00000057d6c00000)]
  0x000001e2fe9418d0 JavaThread "Cache worker for file hash cache (T:\ToolJava\gradle-8.8\caches\8.10\fileHashes)" [_thread_blocked, id=25432, stack(0x00000057d6c00000,0x00000057d6d00000)]
  0x000001e2ff76f540 JavaThread "Cache worker for file hash cache (A:\DeAnTourDuLich\BookingTour\BackEnd\TourService\.gradle\8.10\fileHashes)" [_thread_blocked, id=5040, stack(0x00000057d6d00000,0x00000057d6e00000)]
  0x000001e2ff76a370 JavaThread "Cache worker for Build Output Cleanup Cache (A:\DeAnTourDuLich\BookingTour\BackEnd\TourService\.gradle\buildOutputCleanup)" [_thread_blocked, id=14060, stack(0x00000057d6e00000,0x00000057d6f00000)]
  0x000001e2ff76e200 JavaThread "File watcher server" daemon [_thread_in_native, id=14320, stack(0x00000057d7200000,0x00000057d7300000)]
  0x000001e2ff76ad10 JavaThread "File watcher consumer" daemon [_thread_blocked, id=22468, stack(0x00000057d7300000,0x00000057d7400000)]
  0x000001e2ff76fee0 JavaThread "Cache worker for checksums cache (A:\DeAnTourDuLich\BookingTour\BackEnd\TourService\.gradle\8.10\checksums)" [_thread_blocked, id=12144, stack(0x00000057d7400000,0x00000057d7500000)]
  0x000001e2ff76b6b0 JavaThread "Cache worker for file content cache (T:\ToolJava\gradle-8.8\caches\8.10\fileContent)" [_thread_blocked, id=24620, stack(0x00000057d7500000,0x00000057d7600000)]
  0x000001e2ff76bb80 JavaThread "Cache worker for cache directory md-rule (T:\ToolJava\gradle-8.8\caches\8.10\md-rule)" [_thread_blocked, id=6416, stack(0x00000057d7800000,0x00000057d7900000)]
  0x000001e2ff7703b0 JavaThread "Cache worker for cache directory md-supplier (T:\ToolJava\gradle-8.8\caches\8.10\md-supplier)" [_thread_blocked, id=27688, stack(0x00000057d7900000,0x00000057d7a00000)]
  0x000001e2ff76f070 JavaThread "jar transforms" [_thread_blocked, id=28252, stack(0x00000057d4500000,0x00000057d4600000)]
  0x000001e2ff770880 JavaThread "jar transforms Thread 2" [_thread_blocked, id=19656, stack(0x00000057d4700000,0x00000057d4800000)]
=>0x000001e2ff61d260 JavaThread "C2 CompilerThread1" daemon [_thread_in_native, id=15548, stack(0x00000057d7a00000,0x00000057d7b00000)]

Other Threads:
  0x000001e2e8551690 VMThread "VM Thread" [stack: 0x00000057d4d00000,0x00000057d4e00000] [id=10284]
  0x000001e2e88d82f0 WatcherThread [stack: 0x00000057d5900000,0x00000057d5a00000] [id=15000]
  0x000001e2cbd57310 GCTaskThread "GC Thread#0" [stack: 0x00000057d4800000,0x00000057d4900000] [id=1412]
  0x000001e2fe225900 GCTaskThread "GC Thread#1" [stack: 0x00000057d5a00000,0x00000057d5b00000] [id=18116]
  0x000001e2fe38f700 GCTaskThread "GC Thread#2" [stack: 0x00000057d5b00000,0x00000057d5c00000] [id=19520]
  0x000001e2fe38f9b0 GCTaskThread "GC Thread#3" [stack: 0x00000057d5c00000,0x00000057d5d00000] [id=2152]
  0x000001e2fe38fc60 GCTaskThread "GC Thread#4" [stack: 0x00000057d5d00000,0x00000057d5e00000] [id=27244]
  0x000001e2fe5642b0 GCTaskThread "GC Thread#5" [stack: 0x00000057d5e00000,0x00000057d5f00000] [id=9600]
  0x000001e28404d890 GCTaskThread "GC Thread#6" [stack: 0x00000057d6f00000,0x00000057d7000000] [id=25572]
  0x000001e284f0cfc0 GCTaskThread "GC Thread#7" [stack: 0x00000057d7000000,0x00000057d7100000] [id=9004]
  0x000001e2cbc5e240 ConcurrentGCThread "G1 Main Marker" [stack: 0x00000057d4900000,0x00000057d4a00000] [id=8076]
  0x000001e2cbc5eaf0 ConcurrentGCThread "G1 Conc#0" [stack: 0x00000057d4a00000,0x00000057d4b00000] [id=6532]
  0x000001e2844823a0 ConcurrentGCThread "G1 Conc#1" [stack: 0x00000057d7100000,0x00000057d7200000] [id=22200]
  0x000001e2cbdedf90 ConcurrentGCThread "G1 Refine#0" [stack: 0x00000057d4b00000,0x00000057d4c00000] [id=24868]
  0x000001e2cbdee850 ConcurrentGCThread "G1 Service" [stack: 0x00000057d4c00000,0x00000057d4d00000] [id=22664]

Threads with active compile tasks:
C2 CompilerThread0    81824 3618   !   4       java.lang.ClassLoader::loadClass (121 bytes)
C2 CompilerThread1    81825 3651   !   4       java.net.URLClassLoader::findClass (47 bytes)

VM state: not at safepoint (normal execution)

VM Mutex/Monitor currently owned by a thread: None

Heap address: 0x00000000e0000000, size: 512 MB, Compressed Oops mode: 32-bit

CDS archive(s) mapped at: [0x000001e2e9000000-0x000001e2e9bd0000-0x000001e2e9bd0000), size 12386304, SharedBaseAddress: 0x000001e2e9000000, ArchiveRelocationMode: 1.
Compressed class space mapped at: 0x000001e2ea000000-0x000001e2fe000000, reserved size: 335544320
Narrow klass base: 0x000001e2e9000000, Narrow klass shift: 0, Narrow klass range: 0x100000000

GC Precious Log:
 CPUs: 8 total, 8 available
 Memory: 24398M
 Large Page Support: Disabled
 NUMA Support: Disabled
 Compressed Oops: Enabled (32-bit)
 Heap Region Size: 1M
 Heap Min Capacity: 256M
 Heap Initial Capacity: 256M
 Heap Max Capacity: 512M
 Pre-touch: Disabled
 Parallel Workers: 8
 Concurrent Workers: 2
 Concurrent Refinement Workers: 8
 Periodic GC: Disabled

Heap:
 garbage-first heap   total 262144K, used 82375K [0x00000000e0000000, 0x0000000100000000)
  region size 1024K, 71 young (72704K), 14 survivors (14336K)
 Metaspace       used 28208K, committed 28672K, reserved 393216K
  class space    used 4212K, committed 4416K, reserved 327680K

Heap Regions: E=young(eden), S=young(survivor), O=old, HS=humongous(starts), HC=humongous(continues), CS=collection set, F=free, OA=open archive, CA=closed archive, TAMS=top-at-mark-start (previous, next)
|   0|0x00000000e0000000, 0x00000000e0100000, 0x00000000e0100000|100%| O|  |TAMS 0x00000000e0100000, 0x00000000e0000000| Untracked 
|   1|0x00000000e0100000, 0x00000000e0200000, 0x00000000e0200000|100%| O|  |TAMS 0x00000000e0200000, 0x00000000e0100000| Untracked 
|   2|0x00000000e0200000, 0x00000000e0300000, 0x00000000e0300000|100%|HS|  |TAMS 0x00000000e0300000, 0x00000000e0200000| Complete 
|   3|0x00000000e0300000, 0x00000000e0400000, 0x00000000e0400000|100%|HC|  |TAMS 0x00000000e0400000, 0x00000000e0300000| Complete 
|   4|0x00000000e0400000, 0x00000000e0500000, 0x00000000e0500000|100%|HC|  |TAMS 0x00000000e0500000, 0x00000000e0400000| Complete 
|   5|0x00000000e0500000, 0x00000000e0600000, 0x00000000e0600000|100%|HC|  |TAMS 0x00000000e0600000, 0x00000000e0500000| Complete 
|   6|0x00000000e0600000, 0x00000000e0700000, 0x00000000e0700000|100%| O|  |TAMS 0x00000000e0700000, 0x00000000e0600000| Untracked 
|   7|0x00000000e0700000, 0x00000000e0800000, 0x00000000e0800000|100%| O|  |TAMS 0x00000000e0800000, 0x00000000e0700000| Untracked 
|   8|0x00000000e0800000, 0x00000000e0900000, 0x00000000e0900000|100%| O|  |TAMS 0x00000000e0900000, 0x00000000e0800000| Untracked 
|   9|0x00000000e0900000, 0x00000000e0a00000, 0x00000000e0a00000|100%| O|  |TAMS 0x00000000e0a00000, 0x00000000e0900000| Untracked 
|  10|0x00000000e0a00000, 0x00000000e0b00000, 0x00000000e0b00000|100%|HS|  |TAMS 0x00000000e0b00000, 0x00000000e0a00000| Complete 
|  11|0x00000000e0b00000, 0x00000000e0b00000, 0x00000000e0c00000|  0%| F|  |TAMS 0x00000000e0b00000, 0x00000000e0b00000| Untracked 
|  12|0x00000000e0c00000, 0x00000000e0c62000, 0x00000000e0d00000| 38%| O|  |TAMS 0x00000000e0c62000, 0x00000000e0c00000| Untracked 
|  13|0x00000000e0d00000, 0x00000000e0d00000, 0x00000000e0e00000|  0%| F|  |TAMS 0x00000000e0d00000, 0x00000000e0d00000| Untracked 
|  14|0x00000000e0e00000, 0x00000000e0e00000, 0x00000000e0f00000|  0%| F|  |TAMS 0x00000000e0e00000, 0x00000000e0e00000| Untracked 
|  15|0x00000000e0f00000, 0x00000000e0f00000, 0x00000000e1000000|  0%| F|  |TAMS 0x00000000e0f00000, 0x00000000e0f00000| Untracked 
|  16|0x00000000e1000000, 0x00000000e1000000, 0x00000000e1100000|  0%| F|  |TAMS 0x00000000e1000000, 0x00000000e1000000| Untracked 
|  17|0x00000000e1100000, 0x00000000e1100000, 0x00000000e1200000|  0%| F|  |TAMS 0x00000000e1100000, 0x00000000e1100000| Untracked 
|  18|0x00000000e1200000, 0x00000000e1200000, 0x00000000e1300000|  0%| F|  |TAMS 0x00000000e1200000, 0x00000000e1200000| Untracked 
|  19|0x00000000e1300000, 0x00000000e1300000, 0x00000000e1400000|  0%| F|  |TAMS 0x00000000e1300000, 0x00000000e1300000| Untracked 
|  20|0x00000000e1400000, 0x00000000e1400000, 0x00000000e1500000|  0%| F|  |TAMS 0x00000000e1400000, 0x00000000e1400000| Untracked 
|  21|0x00000000e1500000, 0x00000000e1500000, 0x00000000e1600000|  0%| F|  |TAMS 0x00000000e1500000, 0x00000000e1500000| Untracked 
|  22|0x00000000e1600000, 0x00000000e1600000, 0x00000000e1700000|  0%| F|  |TAMS 0x00000000e1600000, 0x00000000e1600000| Untracked 
|  23|0x00000000e1700000, 0x00000000e1700000, 0x00000000e1800000|  0%| F|  |TAMS 0x00000000e1700000, 0x00000000e1700000| Untracked 
|  24|0x00000000e1800000, 0x00000000e1800000, 0x00000000e1900000|  0%| F|  |TAMS 0x00000000e1800000, 0x00000000e1800000| Untracked 
|  25|0x00000000e1900000, 0x00000000e1900000, 0x00000000e1a00000|  0%| F|  |TAMS 0x00000000e1900000, 0x00000000e1900000| Untracked 
|  26|0x00000000e1a00000, 0x00000000e1a00000, 0x00000000e1b00000|  0%| F|  |TAMS 0x00000000e1a00000, 0x00000000e1a00000| Untracked 
|  27|0x00000000e1b00000, 0x00000000e1b00000, 0x00000000e1c00000|  0%| F|  |TAMS 0x00000000e1b00000, 0x00000000e1b00000| Untracked 
|  28|0x00000000e1c00000, 0x00000000e1c00000, 0x00000000e1d00000|  0%| F|  |TAMS 0x00000000e1c00000, 0x00000000e1c00000| Untracked 
|  29|0x00000000e1d00000, 0x00000000e1d00000, 0x00000000e1e00000|  0%| F|  |TAMS 0x00000000e1d00000, 0x00000000e1d00000| Untracked 
|  30|0x00000000e1e00000, 0x00000000e1e00000, 0x00000000e1f00000|  0%| F|  |TAMS 0x00000000e1e00000, 0x00000000e1e00000| Untracked 
|  31|0x00000000e1f00000, 0x00000000e1f00000, 0x00000000e2000000|  0%| F|  |TAMS 0x00000000e1f00000, 0x00000000e1f00000| Untracked 
|  32|0x00000000e2000000, 0x00000000e2000000, 0x00000000e2100000|  0%| F|  |TAMS 0x00000000e2000000, 0x00000000e2000000| Untracked 
|  33|0x00000000e2100000, 0x00000000e2100000, 0x00000000e2200000|  0%| F|  |TAMS 0x00000000e2100000, 0x00000000e2100000| Untracked 
|  34|0x00000000e2200000, 0x00000000e2200000, 0x00000000e2300000|  0%| F|  |TAMS 0x00000000e2200000, 0x00000000e2200000| Untracked 
|  35|0x00000000e2300000, 0x00000000e2300000, 0x00000000e2400000|  0%| F|  |TAMS 0x00000000e2300000, 0x00000000e2300000| Untracked 
|  36|0x00000000e2400000, 0x00000000e2400000, 0x00000000e2500000|  0%| F|  |TAMS 0x00000000e2400000, 0x00000000e2400000| Untracked 
|  37|0x00000000e2500000, 0x00000000e2500000, 0x00000000e2600000|  0%| F|  |TAMS 0x00000000e2500000, 0x00000000e2500000| Untracked 
|  38|0x00000000e2600000, 0x00000000e2600000, 0x00000000e2700000|  0%| F|  |TAMS 0x00000000e2600000, 0x00000000e2600000| Untracked 
|  39|0x00000000e2700000, 0x00000000e2700000, 0x00000000e2800000|  0%| F|  |TAMS 0x00000000e2700000, 0x00000000e2700000| Untracked 
|  40|0x00000000e2800000, 0x00000000e2800000, 0x00000000e2900000|  0%| F|  |TAMS 0x00000000e2800000, 0x00000000e2800000| Untracked 
|  41|0x00000000e2900000, 0x00000000e2900000, 0x00000000e2a00000|  0%| F|  |TAMS 0x00000000e2900000, 0x00000000e2900000| Untracked 
|  42|0x00000000e2a00000, 0x00000000e2a00000, 0x00000000e2b00000|  0%| F|  |TAMS 0x00000000e2a00000, 0x00000000e2a00000| Untracked 
|  43|0x00000000e2b00000, 0x00000000e2b00000, 0x00000000e2c00000|  0%| F|  |TAMS 0x00000000e2b00000, 0x00000000e2b00000| Untracked 
|  44|0x00000000e2c00000, 0x00000000e2c00000, 0x00000000e2d00000|  0%| F|  |TAMS 0x00000000e2c00000, 0x00000000e2c00000| Untracked 
|  45|0x00000000e2d00000, 0x00000000e2d00000, 0x00000000e2e00000|  0%| F|  |TAMS 0x00000000e2d00000, 0x00000000e2d00000| Untracked 
|  46|0x00000000e2e00000, 0x00000000e2e00000, 0x00000000e2f00000|  0%| F|  |TAMS 0x00000000e2e00000, 0x00000000e2e00000| Untracked 
|  47|0x00000000e2f00000, 0x00000000e2f00000, 0x00000000e3000000|  0%| F|  |TAMS 0x00000000e2f00000, 0x00000000e2f00000| Untracked 
|  48|0x00000000e3000000, 0x00000000e3000000, 0x00000000e3100000|  0%| F|  |TAMS 0x00000000e3000000, 0x00000000e3000000| Untracked 
|  49|0x00000000e3100000, 0x00000000e3100000, 0x00000000e3200000|  0%| F|  |TAMS 0x00000000e3100000, 0x00000000e3100000| Untracked 
|  50|0x00000000e3200000, 0x00000000e3200000, 0x00000000e3300000|  0%| F|  |TAMS 0x00000000e3200000, 0x00000000e3200000| Untracked 
|  51|0x00000000e3300000, 0x00000000e3300000, 0x00000000e3400000|  0%| F|  |TAMS 0x00000000e3300000, 0x00000000e3300000| Untracked 
|  52|0x00000000e3400000, 0x00000000e3400000, 0x00000000e3500000|  0%| F|  |TAMS 0x00000000e3400000, 0x00000000e3400000| Untracked 
|  53|0x00000000e3500000, 0x00000000e3500000, 0x00000000e3600000|  0%| F|  |TAMS 0x00000000e3500000, 0x00000000e3500000| Untracked 
|  54|0x00000000e3600000, 0x00000000e3600000, 0x00000000e3700000|  0%| F|  |TAMS 0x00000000e3600000, 0x00000000e3600000| Untracked 
|  55|0x00000000e3700000, 0x00000000e3700000, 0x00000000e3800000|  0%| F|  |TAMS 0x00000000e3700000, 0x00000000e3700000| Untracked 
|  56|0x00000000e3800000, 0x00000000e3800000, 0x00000000e3900000|  0%| F|  |TAMS 0x00000000e3800000, 0x00000000e3800000| Untracked 
|  57|0x00000000e3900000, 0x00000000e3900000, 0x00000000e3a00000|  0%| F|  |TAMS 0x00000000e3900000, 0x00000000e3900000| Untracked 
|  58|0x00000000e3a00000, 0x00000000e3a00000, 0x00000000e3b00000|  0%| F|  |TAMS 0x00000000e3a00000, 0x00000000e3a00000| Untracked 
|  59|0x00000000e3b00000, 0x00000000e3b00000, 0x00000000e3c00000|  0%| F|  |TAMS 0x00000000e3b00000, 0x00000000e3b00000| Untracked 
|  60|0x00000000e3c00000, 0x00000000e3c00000, 0x00000000e3d00000|  0%| F|  |TAMS 0x00000000e3c00000, 0x00000000e3c00000| Untracked 
|  61|0x00000000e3d00000, 0x00000000e3d00000, 0x00000000e3e00000|  0%| F|  |TAMS 0x00000000e3d00000, 0x00000000e3d00000| Untracked 
|  62|0x00000000e3e00000, 0x00000000e3e00000, 0x00000000e3f00000|  0%| F|  |TAMS 0x00000000e3e00000, 0x00000000e3e00000| Untracked 
|  63|0x00000000e3f00000, 0x00000000e3f00000, 0x00000000e4000000|  0%| F|  |TAMS 0x00000000e3f00000, 0x00000000e3f00000| Untracked 
|  64|0x00000000e4000000, 0x00000000e4000000, 0x00000000e4100000|  0%| F|  |TAMS 0x00000000e4000000, 0x00000000e4000000| Untracked 
|  65|0x00000000e4100000, 0x00000000e4100000, 0x00000000e4200000|  0%| F|  |TAMS 0x00000000e4100000, 0x00000000e4100000| Untracked 
|  66|0x00000000e4200000, 0x00000000e4200000, 0x00000000e4300000|  0%| F|  |TAMS 0x00000000e4200000, 0x00000000e4200000| Untracked 
|  67|0x00000000e4300000, 0x00000000e4300000, 0x00000000e4400000|  0%| F|  |TAMS 0x00000000e4300000, 0x00000000e4300000| Untracked 
|  68|0x00000000e4400000, 0x00000000e4400000, 0x00000000e4500000|  0%| F|  |TAMS 0x00000000e4400000, 0x00000000e4400000| Untracked 
|  69|0x00000000e4500000, 0x00000000e4500000, 0x00000000e4600000|  0%| F|  |TAMS 0x00000000e4500000, 0x00000000e4500000| Untracked 
|  70|0x00000000e4600000, 0x00000000e4600000, 0x00000000e4700000|  0%| F|  |TAMS 0x00000000e4600000, 0x00000000e4600000| Untracked 
|  71|0x00000000e4700000, 0x00000000e4700000, 0x00000000e4800000|  0%| F|  |TAMS 0x00000000e4700000, 0x00000000e4700000| Untracked 
|  72|0x00000000e4800000, 0x00000000e4800000, 0x00000000e4900000|  0%| F|  |TAMS 0x00000000e4800000, 0x00000000e4800000| Untracked 
|  73|0x00000000e4900000, 0x00000000e4900000, 0x00000000e4a00000|  0%| F|  |TAMS 0x00000000e4900000, 0x00000000e4900000| Untracked 
|  74|0x00000000e4a00000, 0x00000000e4a00000, 0x00000000e4b00000|  0%| F|  |TAMS 0x00000000e4a00000, 0x00000000e4a00000| Untracked 
|  75|0x00000000e4b00000, 0x00000000e4b00000, 0x00000000e4c00000|  0%| F|  |TAMS 0x00000000e4b00000, 0x00000000e4b00000| Untracked 
|  76|0x00000000e4c00000, 0x00000000e4c00000, 0x00000000e4d00000|  0%| F|  |TAMS 0x00000000e4c00000, 0x00000000e4c00000| Untracked 
|  77|0x00000000e4d00000, 0x00000000e4d00000, 0x00000000e4e00000|  0%| F|  |TAMS 0x00000000e4d00000, 0x00000000e4d00000| Untracked 
|  78|0x00000000e4e00000, 0x00000000e4e00000, 0x00000000e4f00000|  0%| F|  |TAMS 0x00000000e4e00000, 0x00000000e4e00000| Untracked 
|  79|0x00000000e4f00000, 0x00000000e4f00000, 0x00000000e5000000|  0%| F|  |TAMS 0x00000000e4f00000, 0x00000000e4f00000| Untracked 
|  80|0x00000000e5000000, 0x00000000e5000000, 0x00000000e5100000|  0%| F|  |TAMS 0x00000000e5000000, 0x00000000e5000000| Untracked 
|  81|0x00000000e5100000, 0x00000000e5100000, 0x00000000e5200000|  0%| F|  |TAMS 0x00000000e5100000, 0x00000000e5100000| Untracked 
|  82|0x00000000e5200000, 0x00000000e5200000, 0x00000000e5300000|  0%| F|  |TAMS 0x00000000e5200000, 0x00000000e5200000| Untracked 
|  83|0x00000000e5300000, 0x00000000e5300000, 0x00000000e5400000|  0%| F|  |TAMS 0x00000000e5300000, 0x00000000e5300000| Untracked 
|  84|0x00000000e5400000, 0x00000000e5400000, 0x00000000e5500000|  0%| F|  |TAMS 0x00000000e5400000, 0x00000000e5400000| Untracked 
|  85|0x00000000e5500000, 0x00000000e5500000, 0x00000000e5600000|  0%| F|  |TAMS 0x00000000e5500000, 0x00000000e5500000| Untracked 
|  86|0x00000000e5600000, 0x00000000e5600000, 0x00000000e5700000|  0%| F|  |TAMS 0x00000000e5600000, 0x00000000e5600000| Untracked 
|  87|0x00000000e5700000, 0x00000000e5700000, 0x00000000e5800000|  0%| F|  |TAMS 0x00000000e5700000, 0x00000000e5700000| Untracked 
|  88|0x00000000e5800000, 0x00000000e5800000, 0x00000000e5900000|  0%| F|  |TAMS 0x00000000e5800000, 0x00000000e5800000| Untracked 
|  89|0x00000000e5900000, 0x00000000e5900000, 0x00000000e5a00000|  0%| F|  |TAMS 0x00000000e5900000, 0x00000000e5900000| Untracked 
|  90|0x00000000e5a00000, 0x00000000e5a00000, 0x00000000e5b00000|  0%| F|  |TAMS 0x00000000e5a00000, 0x00000000e5a00000| Untracked 
|  91|0x00000000e5b00000, 0x00000000e5b00000, 0x00000000e5c00000|  0%| F|  |TAMS 0x00000000e5b00000, 0x00000000e5b00000| Untracked 
|  92|0x00000000e5c00000, 0x00000000e5c00000, 0x00000000e5d00000|  0%| F|  |TAMS 0x00000000e5c00000, 0x00000000e5c00000| Untracked 
|  93|0x00000000e5d00000, 0x00000000e5d00000, 0x00000000e5e00000|  0%| F|  |TAMS 0x00000000e5d00000, 0x00000000e5d00000| Untracked 
|  94|0x00000000e5e00000, 0x00000000e5e00000, 0x00000000e5f00000|  0%| F|  |TAMS 0x00000000e5e00000, 0x00000000e5e00000| Untracked 
|  95|0x00000000e5f00000, 0x00000000e5f00000, 0x00000000e6000000|  0%| F|  |TAMS 0x00000000e5f00000, 0x00000000e5f00000| Untracked 
|  96|0x00000000e6000000, 0x00000000e6000000, 0x00000000e6100000|  0%| F|  |TAMS 0x00000000e6000000, 0x00000000e6000000| Untracked 
|  97|0x00000000e6100000, 0x00000000e6100000, 0x00000000e6200000|  0%| F|  |TAMS 0x00000000e6100000, 0x00000000e6100000| Untracked 
|  98|0x00000000e6200000, 0x00000000e6200000, 0x00000000e6300000|  0%| F|  |TAMS 0x00000000e6200000, 0x00000000e6200000| Untracked 
|  99|0x00000000e6300000, 0x00000000e6300000, 0x00000000e6400000|  0%| F|  |TAMS 0x00000000e6300000, 0x00000000e6300000| Untracked 
| 100|0x00000000e6400000, 0x00000000e6400000, 0x00000000e6500000|  0%| F|  |TAMS 0x00000000e6400000, 0x00000000e6400000| Untracked 
| 101|0x00000000e6500000, 0x00000000e6500000, 0x00000000e6600000|  0%| F|  |TAMS 0x00000000e6500000, 0x00000000e6500000| Untracked 
| 102|0x00000000e6600000, 0x00000000e6600000, 0x00000000e6700000|  0%| F|  |TAMS 0x00000000e6600000, 0x00000000e6600000| Untracked 
| 103|0x00000000e6700000, 0x00000000e6700000, 0x00000000e6800000|  0%| F|  |TAMS 0x00000000e6700000, 0x00000000e6700000| Untracked 
| 104|0x00000000e6800000, 0x00000000e6800000, 0x00000000e6900000|  0%| F|  |TAMS 0x00000000e6800000, 0x00000000e6800000| Untracked 
| 105|0x00000000e6900000, 0x00000000e6900000, 0x00000000e6a00000|  0%| F|  |TAMS 0x00000000e6900000, 0x00000000e6900000| Untracked 
| 106|0x00000000e6a00000, 0x00000000e6a00000, 0x00000000e6b00000|  0%| F|  |TAMS 0x00000000e6a00000, 0x00000000e6a00000| Untracked 
| 107|0x00000000e6b00000, 0x00000000e6b00000, 0x00000000e6c00000|  0%| F|  |TAMS 0x00000000e6b00000, 0x00000000e6b00000| Untracked 
| 108|0x00000000e6c00000, 0x00000000e6c00000, 0x00000000e6d00000|  0%| F|  |TAMS 0x00000000e6c00000, 0x00000000e6c00000| Untracked 
| 109|0x00000000e6d00000, 0x00000000e6d00000, 0x00000000e6e00000|  0%| F|  |TAMS 0x00000000e6d00000, 0x00000000e6d00000| Untracked 
| 110|0x00000000e6e00000, 0x00000000e6e00000, 0x00000000e6f00000|  0%| F|  |TAMS 0x00000000e6e00000, 0x00000000e6e00000| Untracked 
| 111|0x00000000e6f00000, 0x00000000e6f00000, 0x00000000e7000000|  0%| F|  |TAMS 0x00000000e6f00000, 0x00000000e6f00000| Untracked 
| 112|0x00000000e7000000, 0x00000000e7000000, 0x00000000e7100000|  0%| F|  |TAMS 0x00000000e7000000, 0x00000000e7000000| Untracked 
| 113|0x00000000e7100000, 0x00000000e7100000, 0x00000000e7200000|  0%| F|  |TAMS 0x00000000e7100000, 0x00000000e7100000| Untracked 
| 114|0x00000000e7200000, 0x00000000e7200000, 0x00000000e7300000|  0%| F|  |TAMS 0x00000000e7200000, 0x00000000e7200000| Untracked 
| 115|0x00000000e7300000, 0x00000000e7300000, 0x00000000e7400000|  0%| F|  |TAMS 0x00000000e7300000, 0x00000000e7300000| Untracked 
| 116|0x00000000e7400000, 0x00000000e7400000, 0x00000000e7500000|  0%| F|  |TAMS 0x00000000e7400000, 0x00000000e7400000| Untracked 
| 117|0x00000000e7500000, 0x00000000e7500000, 0x00000000e7600000|  0%| F|  |TAMS 0x00000000e7500000, 0x00000000e7500000| Untracked 
| 118|0x00000000e7600000, 0x00000000e7600000, 0x00000000e7700000|  0%| F|  |TAMS 0x00000000e7600000, 0x00000000e7600000| Untracked 
| 119|0x00000000e7700000, 0x00000000e7700000, 0x00000000e7800000|  0%| F|  |TAMS 0x00000000e7700000, 0x00000000e7700000| Untracked 
| 120|0x00000000e7800000, 0x00000000e7800000, 0x00000000e7900000|  0%| F|  |TAMS 0x00000000e7800000, 0x00000000e7800000| Untracked 
| 121|0x00000000e7900000, 0x00000000e7900000, 0x00000000e7a00000|  0%| F|  |TAMS 0x00000000e7900000, 0x00000000e7900000| Untracked 
| 122|0x00000000e7a00000, 0x00000000e7a00000, 0x00000000e7b00000|  0%| F|  |TAMS 0x00000000e7a00000, 0x00000000e7a00000| Untracked 
| 123|0x00000000e7b00000, 0x00000000e7b00000, 0x00000000e7c00000|  0%| F|  |TAMS 0x00000000e7b00000, 0x00000000e7b00000| Untracked 
| 124|0x00000000e7c00000, 0x00000000e7c00000, 0x00000000e7d00000|  0%| F|  |TAMS 0x00000000e7c00000, 0x00000000e7c00000| Untracked 
| 125|0x00000000e7d00000, 0x00000000e7d00000, 0x00000000e7e00000|  0%| F|  |TAMS 0x00000000e7d00000, 0x00000000e7d00000| Untracked 
| 126|0x00000000e7e00000, 0x00000000e7e00000, 0x00000000e7f00000|  0%| F|  |TAMS 0x00000000e7e00000, 0x00000000e7e00000| Untracked 
| 127|0x00000000e7f00000, 0x00000000e7f00000, 0x00000000e8000000|  0%| F|  |TAMS 0x00000000e7f00000, 0x00000000e7f00000| Untracked 
| 128|0x00000000e8000000, 0x00000000e8000000, 0x00000000e8100000|  0%| F|  |TAMS 0x00000000e8000000, 0x00000000e8000000| Untracked 
| 129|0x00000000e8100000, 0x00000000e8100000, 0x00000000e8200000|  0%| F|  |TAMS 0x00000000e8100000, 0x00000000e8100000| Untracked 
| 130|0x00000000e8200000, 0x00000000e8200000, 0x00000000e8300000|  0%| F|  |TAMS 0x00000000e8200000, 0x00000000e8200000| Untracked 
| 131|0x00000000e8300000, 0x00000000e8300000, 0x00000000e8400000|  0%| F|  |TAMS 0x00000000e8300000, 0x00000000e8300000| Untracked 
| 132|0x00000000e8400000, 0x00000000e8400000, 0x00000000e8500000|  0%| F|  |TAMS 0x00000000e8400000, 0x00000000e8400000| Untracked 
| 133|0x00000000e8500000, 0x00000000e8500000, 0x00000000e8600000|  0%| F|  |TAMS 0x00000000e8500000, 0x00000000e8500000| Untracked 
| 134|0x00000000e8600000, 0x00000000e8600000, 0x00000000e8700000|  0%| F|  |TAMS 0x00000000e8600000, 0x00000000e8600000| Untracked 
| 135|0x00000000e8700000, 0x00000000e870fd90, 0x00000000e8800000|  6%| S|CS|TAMS 0x00000000e8700000, 0x00000000e8700000| Complete 
| 136|0x00000000e8800000, 0x00000000e8900000, 0x00000000e8900000|100%| S|CS|TAMS 0x00000000e8800000, 0x00000000e8800000| Complete 
| 137|0x00000000e8900000, 0x00000000e8a00000, 0x00000000e8a00000|100%| S|CS|TAMS 0x00000000e8900000, 0x00000000e8900000| Complete 
| 138|0x00000000e8a00000, 0x00000000e8b00000, 0x00000000e8b00000|100%| S|CS|TAMS 0x00000000e8a00000, 0x00000000e8a00000| Complete 
| 139|0x00000000e8b00000, 0x00000000e8c00000, 0x00000000e8c00000|100%| S|CS|TAMS 0x00000000e8b00000, 0x00000000e8b00000| Complete 
| 140|0x00000000e8c00000, 0x00000000e8d00000, 0x00000000e8d00000|100%| S|CS|TAMS 0x00000000e8c00000, 0x00000000e8c00000| Complete 
| 141|0x00000000e8d00000, 0x00000000e8e00000, 0x00000000e8e00000|100%| S|CS|TAMS 0x00000000e8d00000, 0x00000000e8d00000| Complete 
| 142|0x00000000e8e00000, 0x00000000e8f00000, 0x00000000e8f00000|100%| S|CS|TAMS 0x00000000e8e00000, 0x00000000e8e00000| Complete 
| 143|0x00000000e8f00000, 0x00000000e9000000, 0x00000000e9000000|100%| S|CS|TAMS 0x00000000e8f00000, 0x00000000e8f00000| Complete 
| 144|0x00000000e9000000, 0x00000000e9100000, 0x00000000e9100000|100%| S|CS|TAMS 0x00000000e9000000, 0x00000000e9000000| Complete 
| 145|0x00000000e9100000, 0x00000000e9200000, 0x00000000e9200000|100%| S|CS|TAMS 0x00000000e9100000, 0x00000000e9100000| Complete 
| 146|0x00000000e9200000, 0x00000000e9300000, 0x00000000e9300000|100%| S|CS|TAMS 0x00000000e9200000, 0x00000000e9200000| Complete 
| 147|0x00000000e9300000, 0x00000000e9400000, 0x00000000e9400000|100%| S|CS|TAMS 0x00000000e9300000, 0x00000000e9300000| Complete 
| 148|0x00000000e9400000, 0x00000000e9500000, 0x00000000e9500000|100%| S|CS|TAMS 0x00000000e9400000, 0x00000000e9400000| Complete 
| 149|0x00000000e9500000, 0x00000000e9500000, 0x00000000e9600000|  0%| F|  |TAMS 0x00000000e9500000, 0x00000000e9500000| Untracked 
| 150|0x00000000e9600000, 0x00000000e9600000, 0x00000000e9700000|  0%| F|  |TAMS 0x00000000e9600000, 0x00000000e9600000| Untracked 
| 151|0x00000000e9700000, 0x00000000e9700000, 0x00000000e9800000|  0%| F|  |TAMS 0x00000000e9700000, 0x00000000e9700000| Untracked 
| 152|0x00000000e9800000, 0x00000000e9800000, 0x00000000e9900000|  0%| F|  |TAMS 0x00000000e9800000, 0x00000000e9800000| Untracked 
| 153|0x00000000e9900000, 0x00000000e9900000, 0x00000000e9a00000|  0%| F|  |TAMS 0x00000000e9900000, 0x00000000e9900000| Untracked 
| 154|0x00000000e9a00000, 0x00000000e9a00000, 0x00000000e9b00000|  0%| F|  |TAMS 0x00000000e9a00000, 0x00000000e9a00000| Untracked 
| 155|0x00000000e9b00000, 0x00000000e9b00000, 0x00000000e9c00000|  0%| F|  |TAMS 0x00000000e9b00000, 0x00000000e9b00000| Untracked 
| 156|0x00000000e9c00000, 0x00000000e9c00000, 0x00000000e9d00000|  0%| F|  |TAMS 0x00000000e9c00000, 0x00000000e9c00000| Untracked 
| 157|0x00000000e9d00000, 0x00000000e9d00000, 0x00000000e9e00000|  0%| F|  |TAMS 0x00000000e9d00000, 0x00000000e9d00000| Untracked 
| 158|0x00000000e9e00000, 0x00000000e9e00000, 0x00000000e9f00000|  0%| F|  |TAMS 0x00000000e9e00000, 0x00000000e9e00000| Untracked 
| 159|0x00000000e9f00000, 0x00000000e9f00000, 0x00000000ea000000|  0%| F|  |TAMS 0x00000000e9f00000, 0x00000000e9f00000| Untracked 
| 160|0x00000000ea000000, 0x00000000ea000000, 0x00000000ea100000|  0%| F|  |TAMS 0x00000000ea000000, 0x00000000ea000000| Untracked 
| 161|0x00000000ea100000, 0x00000000ea100000, 0x00000000ea200000|  0%| F|  |TAMS 0x00000000ea100000, 0x00000000ea100000| Untracked 
| 162|0x00000000ea200000, 0x00000000ea200000, 0x00000000ea300000|  0%| F|  |TAMS 0x00000000ea200000, 0x00000000ea200000| Untracked 
| 163|0x00000000ea300000, 0x00000000ea300000, 0x00000000ea400000|  0%| F|  |TAMS 0x00000000ea300000, 0x00000000ea300000| Untracked 
| 164|0x00000000ea400000, 0x00000000ea400000, 0x00000000ea500000|  0%| F|  |TAMS 0x00000000ea400000, 0x00000000ea400000| Untracked 
| 165|0x00000000ea500000, 0x00000000ea500000, 0x00000000ea600000|  0%| F|  |TAMS 0x00000000ea500000, 0x00000000ea500000| Untracked 
| 166|0x00000000ea600000, 0x00000000ea600000, 0x00000000ea700000|  0%| F|  |TAMS 0x00000000ea600000, 0x00000000ea600000| Untracked 
| 167|0x00000000ea700000, 0x00000000ea700000, 0x00000000ea800000|  0%| F|  |TAMS 0x00000000ea700000, 0x00000000ea700000| Untracked 
| 168|0x00000000ea800000, 0x00000000ea800000, 0x00000000ea900000|  0%| F|  |TAMS 0x00000000ea800000, 0x00000000ea800000| Untracked 
| 169|0x00000000ea900000, 0x00000000ea900000, 0x00000000eaa00000|  0%| F|  |TAMS 0x00000000ea900000, 0x00000000ea900000| Untracked 
| 170|0x00000000eaa00000, 0x00000000eaa00000, 0x00000000eab00000|  0%| F|  |TAMS 0x00000000eaa00000, 0x00000000eaa00000| Untracked 
| 171|0x00000000eab00000, 0x00000000eab00000, 0x00000000eac00000|  0%| F|  |TAMS 0x00000000eab00000, 0x00000000eab00000| Untracked 
| 172|0x00000000eac00000, 0x00000000eac00000, 0x00000000ead00000|  0%| F|  |TAMS 0x00000000eac00000, 0x00000000eac00000| Untracked 
| 173|0x00000000ead00000, 0x00000000ead00000, 0x00000000eae00000|  0%| F|  |TAMS 0x00000000ead00000, 0x00000000ead00000| Untracked 
| 174|0x00000000eae00000, 0x00000000eae00000, 0x00000000eaf00000|  0%| F|  |TAMS 0x00000000eae00000, 0x00000000eae00000| Untracked 
| 175|0x00000000eaf00000, 0x00000000eaf00000, 0x00000000eb000000|  0%| F|  |TAMS 0x00000000eaf00000, 0x00000000eaf00000| Untracked 
| 176|0x00000000eb000000, 0x00000000eb000000, 0x00000000eb100000|  0%| F|  |TAMS 0x00000000eb000000, 0x00000000eb000000| Untracked 
| 177|0x00000000eb100000, 0x00000000eb100000, 0x00000000eb200000|  0%| F|  |TAMS 0x00000000eb100000, 0x00000000eb100000| Untracked 
| 178|0x00000000eb200000, 0x00000000eb200000, 0x00000000eb300000|  0%| F|  |TAMS 0x00000000eb200000, 0x00000000eb200000| Untracked 
| 179|0x00000000eb300000, 0x00000000eb300000, 0x00000000eb400000|  0%| F|  |TAMS 0x00000000eb300000, 0x00000000eb300000| Untracked 
| 180|0x00000000eb400000, 0x00000000eb400000, 0x00000000eb500000|  0%| F|  |TAMS 0x00000000eb400000, 0x00000000eb400000| Untracked 
| 181|0x00000000eb500000, 0x00000000eb500000, 0x00000000eb600000|  0%| F|  |TAMS 0x00000000eb500000, 0x00000000eb500000| Untracked 
| 182|0x00000000eb600000, 0x00000000eb600000, 0x00000000eb700000|  0%| F|  |TAMS 0x00000000eb600000, 0x00000000eb600000| Untracked 
| 183|0x00000000eb700000, 0x00000000eb700000, 0x00000000eb800000|  0%| F|  |TAMS 0x00000000eb700000, 0x00000000eb700000| Untracked 
| 184|0x00000000eb800000, 0x00000000eb800000, 0x00000000eb900000|  0%| F|  |TAMS 0x00000000eb800000, 0x00000000eb800000| Untracked 
| 185|0x00000000eb900000, 0x00000000eb900000, 0x00000000eba00000|  0%| F|  |TAMS 0x00000000eb900000, 0x00000000eb900000| Untracked 
| 186|0x00000000eba00000, 0x00000000eba00000, 0x00000000ebb00000|  0%| F|  |TAMS 0x00000000eba00000, 0x00000000eba00000| Untracked 
| 187|0x00000000ebb00000, 0x00000000ebb00000, 0x00000000ebc00000|  0%| F|  |TAMS 0x00000000ebb00000, 0x00000000ebb00000| Untracked 
| 188|0x00000000ebc00000, 0x00000000ebc00000, 0x00000000ebd00000|  0%| F|  |TAMS 0x00000000ebc00000, 0x00000000ebc00000| Untracked 
| 189|0x00000000ebd00000, 0x00000000ebd00000, 0x00000000ebe00000|  0%| F|  |TAMS 0x00000000ebd00000, 0x00000000ebd00000| Untracked 
| 190|0x00000000ebe00000, 0x00000000ebe00000, 0x00000000ebf00000|  0%| F|  |TAMS 0x00000000ebe00000, 0x00000000ebe00000| Untracked 
| 191|0x00000000ebf00000, 0x00000000ebf00000, 0x00000000ec000000|  0%| F|  |TAMS 0x00000000ebf00000, 0x00000000ebf00000| Untracked 
| 192|0x00000000ec000000, 0x00000000ec000000, 0x00000000ec100000|  0%| F|  |TAMS 0x00000000ec000000, 0x00000000ec000000| Untracked 
| 193|0x00000000ec100000, 0x00000000ec100000, 0x00000000ec200000|  0%| F|  |TAMS 0x00000000ec100000, 0x00000000ec100000| Untracked 
| 194|0x00000000ec200000, 0x00000000ec200000, 0x00000000ec300000|  0%| F|  |TAMS 0x00000000ec200000, 0x00000000ec200000| Untracked 
| 195|0x00000000ec300000, 0x00000000ec300000, 0x00000000ec400000|  0%| F|  |TAMS 0x00000000ec300000, 0x00000000ec300000| Untracked 
| 196|0x00000000ec400000, 0x00000000ec400000, 0x00000000ec500000|  0%| F|  |TAMS 0x00000000ec400000, 0x00000000ec400000| Untracked 
| 197|0x00000000ec500000, 0x00000000ec500000, 0x00000000ec600000|  0%| F|  |TAMS 0x00000000ec500000, 0x00000000ec500000| Untracked 
| 198|0x00000000ec600000, 0x00000000ec600000, 0x00000000ec700000|  0%| F|  |TAMS 0x00000000ec600000, 0x00000000ec600000| Untracked 
| 199|0x00000000ec700000, 0x00000000ec800000, 0x00000000ec800000|100%| E|  |TAMS 0x00000000ec700000, 0x00000000ec700000| Complete 
| 200|0x00000000ec800000, 0x00000000ec900000, 0x00000000ec900000|100%| E|CS|TAMS 0x00000000ec800000, 0x00000000ec800000| Complete 
| 201|0x00000000ec900000, 0x00000000eca00000, 0x00000000eca00000|100%| E|CS|TAMS 0x00000000ec900000, 0x00000000ec900000| Complete 
| 202|0x00000000eca00000, 0x00000000ecb00000, 0x00000000ecb00000|100%| E|CS|TAMS 0x00000000eca00000, 0x00000000eca00000| Complete 
| 203|0x00000000ecb00000, 0x00000000ecc00000, 0x00000000ecc00000|100%| E|CS|TAMS 0x00000000ecb00000, 0x00000000ecb00000| Complete 
| 204|0x00000000ecc00000, 0x00000000ecd00000, 0x00000000ecd00000|100%| E|CS|TAMS 0x00000000ecc00000, 0x00000000ecc00000| Complete 
| 205|0x00000000ecd00000, 0x00000000ece00000, 0x00000000ece00000|100%| E|CS|TAMS 0x00000000ecd00000, 0x00000000ecd00000| Complete 
| 206|0x00000000ece00000, 0x00000000ecf00000, 0x00000000ecf00000|100%| E|CS|TAMS 0x00000000ece00000, 0x00000000ece00000| Complete 
| 207|0x00000000ecf00000, 0x00000000ed000000, 0x00000000ed000000|100%| E|CS|TAMS 0x00000000ecf00000, 0x00000000ecf00000| Complete 
| 208|0x00000000ed000000, 0x00000000ed100000, 0x00000000ed100000|100%| E|CS|TAMS 0x00000000ed000000, 0x00000000ed000000| Complete 
| 209|0x00000000ed100000, 0x00000000ed200000, 0x00000000ed200000|100%| E|CS|TAMS 0x00000000ed100000, 0x00000000ed100000| Complete 
| 210|0x00000000ed200000, 0x00000000ed300000, 0x00000000ed300000|100%| E|CS|TAMS 0x00000000ed200000, 0x00000000ed200000| Complete 
| 211|0x00000000ed300000, 0x00000000ed400000, 0x00000000ed400000|100%| E|CS|TAMS 0x00000000ed300000, 0x00000000ed300000| Complete 
| 212|0x00000000ed400000, 0x00000000ed500000, 0x00000000ed500000|100%| E|CS|TAMS 0x00000000ed400000, 0x00000000ed400000| Complete 
| 213|0x00000000ed500000, 0x00000000ed600000, 0x00000000ed600000|100%| E|CS|TAMS 0x00000000ed500000, 0x00000000ed500000| Complete 
| 214|0x00000000ed600000, 0x00000000ed700000, 0x00000000ed700000|100%| E|CS|TAMS 0x00000000ed600000, 0x00000000ed600000| Complete 
| 215|0x00000000ed700000, 0x00000000ed800000, 0x00000000ed800000|100%| E|CS|TAMS 0x00000000ed700000, 0x00000000ed700000| Complete 
| 216|0x00000000ed800000, 0x00000000ed900000, 0x00000000ed900000|100%| E|CS|TAMS 0x00000000ed800000, 0x00000000ed800000| Complete 
| 217|0x00000000ed900000, 0x00000000eda00000, 0x00000000eda00000|100%| E|CS|TAMS 0x00000000ed900000, 0x00000000ed900000| Complete 
| 218|0x00000000eda00000, 0x00000000edb00000, 0x00000000edb00000|100%| E|CS|TAMS 0x00000000eda00000, 0x00000000eda00000| Complete 
| 219|0x00000000edb00000, 0x00000000edc00000, 0x00000000edc00000|100%| E|CS|TAMS 0x00000000edb00000, 0x00000000edb00000| Complete 
| 220|0x00000000edc00000, 0x00000000edd00000, 0x00000000edd00000|100%| E|CS|TAMS 0x00000000edc00000, 0x00000000edc00000| Complete 
| 221|0x00000000edd00000, 0x00000000ede00000, 0x00000000ede00000|100%| E|CS|TAMS 0x00000000edd00000, 0x00000000edd00000| Complete 
| 222|0x00000000ede00000, 0x00000000edf00000, 0x00000000edf00000|100%| E|CS|TAMS 0x00000000ede00000, 0x00000000ede00000| Complete 
| 223|0x00000000edf00000, 0x00000000ee000000, 0x00000000ee000000|100%| E|CS|TAMS 0x00000000edf00000, 0x00000000edf00000| Complete 
| 224|0x00000000ee000000, 0x00000000ee100000, 0x00000000ee100000|100%| E|CS|TAMS 0x00000000ee000000, 0x00000000ee000000| Complete 
| 225|0x00000000ee100000, 0x00000000ee200000, 0x00000000ee200000|100%| E|CS|TAMS 0x00000000ee100000, 0x00000000ee100000| Complete 
| 226|0x00000000ee200000, 0x00000000ee300000, 0x00000000ee300000|100%| E|CS|TAMS 0x00000000ee200000, 0x00000000ee200000| Complete 
| 227|0x00000000ee300000, 0x00000000ee400000, 0x00000000ee400000|100%| E|CS|TAMS 0x00000000ee300000, 0x00000000ee300000| Complete 
| 228|0x00000000ee400000, 0x00000000ee500000, 0x00000000ee500000|100%| E|CS|TAMS 0x00000000ee400000, 0x00000000ee400000| Complete 
| 229|0x00000000ee500000, 0x00000000ee600000, 0x00000000ee600000|100%| E|CS|TAMS 0x00000000ee500000, 0x00000000ee500000| Complete 
| 230|0x00000000ee600000, 0x00000000ee700000, 0x00000000ee700000|100%| E|CS|TAMS 0x00000000ee600000, 0x00000000ee600000| Complete 
| 231|0x00000000ee700000, 0x00000000ee800000, 0x00000000ee800000|100%| E|CS|TAMS 0x00000000ee700000, 0x00000000ee700000| Complete 
| 232|0x00000000ee800000, 0x00000000ee900000, 0x00000000ee900000|100%| E|CS|TAMS 0x00000000ee800000, 0x00000000ee800000| Complete 
| 233|0x00000000ee900000, 0x00000000eea00000, 0x00000000eea00000|100%| E|CS|TAMS 0x00000000ee900000, 0x00000000ee900000| Complete 
| 234|0x00000000eea00000, 0x00000000eeb00000, 0x00000000eeb00000|100%| E|CS|TAMS 0x00000000eea00000, 0x00000000eea00000| Complete 
| 235|0x00000000eeb00000, 0x00000000eec00000, 0x00000000eec00000|100%| E|CS|TAMS 0x00000000eeb00000, 0x00000000eeb00000| Complete 
| 236|0x00000000eec00000, 0x00000000eed00000, 0x00000000eed00000|100%| E|CS|TAMS 0x00000000eec00000, 0x00000000eec00000| Complete 
| 237|0x00000000eed00000, 0x00000000eee00000, 0x00000000eee00000|100%| E|CS|TAMS 0x00000000eed00000, 0x00000000eed00000| Complete 
| 238|0x00000000eee00000, 0x00000000eef00000, 0x00000000eef00000|100%| E|CS|TAMS 0x00000000eee00000, 0x00000000eee00000| Complete 
| 239|0x00000000eef00000, 0x00000000ef000000, 0x00000000ef000000|100%| E|CS|TAMS 0x00000000eef00000, 0x00000000eef00000| Complete 
| 240|0x00000000ef000000, 0x00000000ef100000, 0x00000000ef100000|100%| E|CS|TAMS 0x00000000ef000000, 0x00000000ef000000| Complete 
| 241|0x00000000ef100000, 0x00000000ef200000, 0x00000000ef200000|100%| E|CS|TAMS 0x00000000ef100000, 0x00000000ef100000| Complete 
| 242|0x00000000ef200000, 0x00000000ef300000, 0x00000000ef300000|100%| E|CS|TAMS 0x00000000ef200000, 0x00000000ef200000| Complete 
| 243|0x00000000ef300000, 0x00000000ef400000, 0x00000000ef400000|100%| E|CS|TAMS 0x00000000ef300000, 0x00000000ef300000| Complete 
| 244|0x00000000ef400000, 0x00000000ef500000, 0x00000000ef500000|100%| E|CS|TAMS 0x00000000ef400000, 0x00000000ef400000| Complete 
| 245|0x00000000ef500000, 0x00000000ef600000, 0x00000000ef600000|100%| E|CS|TAMS 0x00000000ef500000, 0x00000000ef500000| Complete 
| 246|0x00000000ef600000, 0x00000000ef700000, 0x00000000ef700000|100%| E|CS|TAMS 0x00000000ef600000, 0x00000000ef600000| Complete 
| 247|0x00000000ef700000, 0x00000000ef800000, 0x00000000ef800000|100%| E|CS|TAMS 0x00000000ef700000, 0x00000000ef700000| Complete 
| 248|0x00000000ef800000, 0x00000000ef900000, 0x00000000ef900000|100%| E|CS|TAMS 0x00000000ef800000, 0x00000000ef800000| Complete 
| 249|0x00000000ef900000, 0x00000000efa00000, 0x00000000efa00000|100%| E|CS|TAMS 0x00000000ef900000, 0x00000000ef900000| Complete 
| 250|0x00000000efa00000, 0x00000000efb00000, 0x00000000efb00000|100%| E|CS|TAMS 0x00000000efa00000, 0x00000000efa00000| Complete 
| 251|0x00000000efb00000, 0x00000000efc00000, 0x00000000efc00000|100%| E|CS|TAMS 0x00000000efb00000, 0x00000000efb00000| Complete 
| 252|0x00000000efc00000, 0x00000000efd00000, 0x00000000efd00000|100%| E|CS|TAMS 0x00000000efc00000, 0x00000000efc00000| Complete 
| 253|0x00000000efd00000, 0x00000000efe00000, 0x00000000efe00000|100%| E|CS|TAMS 0x00000000efd00000, 0x00000000efd00000| Complete 
| 254|0x00000000efe00000, 0x00000000eff00000, 0x00000000eff00000|100%| E|CS|TAMS 0x00000000efe00000, 0x00000000efe00000| Complete 
| 255|0x00000000eff00000, 0x00000000f0000000, 0x00000000f0000000|100%| E|CS|TAMS 0x00000000eff00000, 0x00000000eff00000| Complete 

Card table byte_map: [0x000001e2e4910000,0x000001e2e4a10000] _byte_map_base: 0x000001e2e4210000

Marking Bits (Prev, Next): (CMBitMap*) 0x000001e2cbd57800, (CMBitMap*) 0x000001e2cbd577c0
 Prev Bits: [0x000001e2e5310000, 0x000001e2e5b10000)
 Next Bits: [0x000001e2e4b10000, 0x000001e2e5310000)

Polling page: 0x000001e2cbdf0000

Metaspace:

Usage:
  Non-class:     23.43 MB used.
      Class:      4.11 MB used.
       Both:     27.55 MB used.

Virtual space:
  Non-class space:       64.00 MB reserved,      23.69 MB ( 37%) committed,  1 nodes.
      Class space:      320.00 MB reserved,       4.31 MB (  1%) committed,  1 nodes.
             Both:      384.00 MB reserved,      28.00 MB (  7%) committed. 

Chunk freelists:
   Non-Class:  8.36 MB
       Class:  11.52 MB
        Both:  19.88 MB

MaxMetaspaceSize: 384.00 MB
CompressedClassSpaceSize: 320.00 MB
Initial GC threshold: 21.00 MB
Current GC threshold: 35.12 MB
CDS: on
MetaspaceReclaimPolicy: balanced
 - commit_granule_bytes: 65536.
 - commit_granule_words: 8192.
 - virtual_space_node_default_size: 8388608.
 - enlarge_chunks_in_place: 1.
 - new_chunks_are_fully_committed: 0.
 - uncommit_free_chunks: 1.
 - use_allocation_guard: 0.
 - handle_deallocations: 1.


Internal statistics:

num_allocs_failed_limit: 3.
num_arena_births: 368.
num_arena_deaths: 0.
num_vsnodes_births: 2.
num_vsnodes_deaths: 0.
num_space_committed: 448.
num_space_uncommitted: 0.
num_chunks_returned_to_freelist: 3.
num_chunks_taken_from_freelist: 1468.
num_chunk_merges: 3.
num_chunk_splits: 960.
num_chunks_enlarged: 674.
num_purges: 0.
num_inconsistent_stats: 0.

CodeHeap 'non-profiled nmethods': size=120000Kb used=2040Kb max_used=2040Kb free=117959Kb
 bounds [0x000001e2dc860000, 0x000001e2dcad0000, 0x000001e2e3d90000]
CodeHeap 'profiled nmethods': size=120000Kb used=7646Kb max_used=7646Kb free=112353Kb
 bounds [0x000001e2d4d90000, 0x000001e2d5510000, 0x000001e2dc2c0000]
CodeHeap 'non-nmethods': size=5760Kb used=1252Kb max_used=1308Kb free=4507Kb
 bounds [0x000001e2dc2c0000, 0x000001e2dc530000, 0x000001e2dc860000]
 total_blobs=4217 nmethods=3653 adapters=476
 compilation: enabled
              stopped_count=0, restarted_count=0
 full_count=0

Compilation events (20 events):
Event: 81.627 Thread 0x000001e2ff61d260 nmethod 3649 0x000001e2dca5d090 code [0x000001e2dca5d200, 0x000001e2dca5d278]
Event: 81.627 Thread 0x000001e2ff61d260 3629       4       java.lang.ClassLoader::findLoadedClass (15 bytes)
Event: 81.631 Thread 0x000001e2ff61d260 nmethod 3629 0x000001e2dca5d390 code [0x000001e2dca5d520, 0x000001e2dca5d748]
Event: 81.631 Thread 0x000001e2ff61d260 3623       4       com.google.common.base.Preconditions::checkPositionIndex (25 bytes)
Event: 81.632 Thread 0x000001e2ff61d260 nmethod 3623 0x000001e2dca5d910 code [0x000001e2dca5da80, 0x000001e2dca5db18]
Event: 81.632 Thread 0x000001e2ff61d260 3645       4       java.nio.DirectIntBufferU::ix (10 bytes)
Event: 81.632 Thread 0x000001e2ff61d260 nmethod 3645 0x000001e2dca5dc10 code [0x000001e2dca5dd80, 0x000001e2dca5ddf8]
Event: 81.652 Thread 0x000001e2ff61d260 3651   !   4       java.net.URLClassLoader::findClass (47 bytes)
Event: 81.668 Thread 0x000001e2e86f08b0 3654       3       jdk.internal.loader.Resource::getByteBuffer (24 bytes)
Event: 81.671 Thread 0x000001e2e86f08b0 nmethod 3654 0x000001e2d5502d10 code [0x000001e2d5502f00, 0x000001e2d55035f8]
Event: 81.671 Thread 0x000001e2e86f08b0 3656       3       java.lang.Class::getPackageName (81 bytes)
Event: 81.672 Thread 0x000001e2e86f08b0 nmethod 3656 0x000001e2d5503790 code [0x000001e2d5503a20, 0x000001e2d55044c8]
Event: 81.672 Thread 0x000001e2e86f08b0 3655       2       jdk.internal.loader.URLClassPath$JarLoader$2::getInputStream (15 bytes)
Event: 81.673 Thread 0x000001e2e86f08b0 nmethod 3655 0x000001e2d5504890 code [0x000001e2d5504a20, 0x000001e2d5504b68]
Event: 81.675 Thread 0x000001e2e86f08b0 3657       3       java.util.ImmutableCollections$ListItr::hasNext (17 bytes)
Event: 81.676 Thread 0x000001e2e86f08b0 nmethod 3657 0x000001e2d5504c90 code [0x000001e2d5504e20, 0x000001e2d5504f98]
Event: 81.676 Thread 0x000001e2e86f08b0 3658   !   3       java.net.URLClassLoader::defineClass (224 bytes)
Event: 81.681 Thread 0x000001e2e86f08b0 nmethod 3658 0x000001e2d5505010 code [0x000001e2d5505420, 0x000001e2d5507078]
Event: 81.690 Thread 0x000001e2e86f08b0 3659       1       java.lang.reflect.Constructor::getSharedParameterTypes (5 bytes)
Event: 81.690 Thread 0x000001e2e86f08b0 nmethod 3659 0x000001e2dca5df10 code [0x000001e2dca5e0a0, 0x000001e2dca5e178]

GC Heap History (8 events):
Event: 4.351 GC heap before
{Heap before GC invocations=0 (full 0):
 garbage-first heap   total 262144K, used 22528K [0x00000000e0000000, 0x0000000100000000)
  region size 1024K, 23 young (23552K), 0 survivors (0K)
 Metaspace       used 1108K, committed 1280K, reserved 393216K
  class space    used 73K, committed 128K, reserved 327680K
}
Event: 5.298 GC heap after
{Heap after GC invocations=1 (full 0):
 garbage-first heap   total 262144K, used 4883K [0x00000000e0000000, 0x0000000100000000)
  region size 1024K, 3 young (3072K), 3 survivors (3072K)
 Metaspace       used 1108K, committed 1280K, reserved 393216K
  class space    used 73K, committed 128K, reserved 327680K
}
Event: 12.337 GC heap before
{Heap before GC invocations=1 (full 0):
 garbage-first heap   total 262144K, used 40723K [0x00000000e0000000, 0x0000000100000000)
  region size 1024K, 34 young (34816K), 3 survivors (3072K)
 Metaspace       used 4391K, committed 4544K, reserved 393216K
  class space    used 541K, committed 640K, reserved 327680K
}
Event: 12.346 GC heap after
{Heap after GC invocations=2 (full 0):
 garbage-first heap   total 262144K, used 12271K [0x00000000e0000000, 0x0000000100000000)
  region size 1024K, 3 young (3072K), 3 survivors (3072K)
 Metaspace       used 4391K, committed 4544K, reserved 393216K
  class space    used 541K, committed 640K, reserved 327680K
}
Event: 15.480 GC heap before
{Heap before GC invocations=2 (full 0):
 garbage-first heap   total 262144K, used 59375K [0x00000000e0000000, 0x0000000100000000)
  region size 1024K, 47 young (48128K), 3 survivors (3072K)
 Metaspace       used 5115K, committed 5312K, reserved 393216K
  class space    used 666K, committed 768K, reserved 327680K
}
Event: 15.490 GC heap after
{Heap after GC invocations=3 (full 0):
 garbage-first heap   total 262144K, used 17800K [0x00000000e0000000, 0x0000000100000000)
  region size 1024K, 6 young (6144K), 6 survivors (6144K)
 Metaspace       used 5115K, committed 5312K, reserved 393216K
  class space    used 666K, committed 768K, reserved 327680K
}
Event: 43.747 GC heap before
{Heap before GC invocations=3 (full 0):
 garbage-first heap   total 262144K, used 120200K [0x00000000e0000000, 0x0000000100000000)
  region size 1024K, 107 young (109568K), 6 survivors (6144K)
 Metaspace       used 21180K, committed 21504K, reserved 393216K
  class space    used 3086K, committed 3264K, reserved 327680K
}
Event: 44.038 GC heap after
{Heap after GC invocations=4 (full 0):
 garbage-first heap   total 262144K, used 25031K [0x00000000e0000000, 0x0000000100000000)
  region size 1024K, 14 young (14336K), 14 survivors (14336K)
 Metaspace       used 21180K, committed 21504K, reserved 393216K
  class space    used 3086K, committed 3264K, reserved 327680K
}

Deoptimization events (20 events):
Event: 81.433 Thread 0x000001e2e874ce70 Uncommon trap: trap_request=0xffffffde fr.pc=0x000001e2dc8ce8cc relative=0x00000000000029ac
Event: 81.433 Thread 0x000001e2e874ce70 Uncommon trap: reason=class_check action=maybe_recompile pc=0x000001e2dc8ce8cc method=jdk.internal.loader.URLClassPath.getLoader(I)Ljdk/internal/loader/URLClassPath$Loader; @ 88 c2
Event: 81.434 Thread 0x000001e2e874ce70 DEOPT PACKING pc=0x000001e2dc8ce8cc sp=0x00000057d65fa7c0
Event: 81.434 Thread 0x000001e2e874ce70 DEOPT UNPACKING pc=0x000001e2dc3123a3 sp=0x00000057d65fa7c0 mode 2
Event: 81.434 Thread 0x000001e2e874ce70 Uncommon trap: trap_request=0xffffffde fr.pc=0x000001e2dc9b1e80 relative=0x0000000000005860
Event: 81.434 Thread 0x000001e2e874ce70 Uncommon trap: reason=class_check action=maybe_recompile pc=0x000001e2dc9b1e80 method=jdk.internal.loader.URLClassPath.getResource(Ljava/lang/String;Z)Ljdk/internal/loader/Resource; @ 53 c2
Event: 81.434 Thread 0x000001e2e874ce70 DEOPT PACKING pc=0x000001e2dc9b1e80 sp=0x00000057d65fa890
Event: 81.434 Thread 0x000001e2e874ce70 DEOPT UNPACKING pc=0x000001e2dc3123a3 sp=0x00000057d65fa6a0 mode 2
Event: 81.435 Thread 0x000001e2e874ce70 Uncommon trap: trap_request=0xffffff45 fr.pc=0x000001e2dc9cdd88 relative=0x00000000000039e8
Event: 81.435 Thread 0x000001e2e874ce70 Uncommon trap: reason=unstable_if action=reinterpret pc=0x000001e2dc9cdd88 method=java.lang.String.regionMatches(ZILjava/lang/String;II)Z @ 36 c2
Event: 81.435 Thread 0x000001e2e874ce70 DEOPT PACKING pc=0x000001e2dc9cdd88 sp=0x00000057d65fa530
Event: 81.435 Thread 0x000001e2e874ce70 DEOPT UNPACKING pc=0x000001e2dc3123a3 sp=0x00000057d65fa450 mode 2
Event: 81.437 Thread 0x000001e2e874ce70 Uncommon trap: trap_request=0xffffff45 fr.pc=0x000001e2dc97368c relative=0x00000000000000ec
Event: 81.437 Thread 0x000001e2e874ce70 Uncommon trap: reason=unstable_if action=reinterpret pc=0x000001e2dc97368c method=java.lang.ClassLoader.getClassLoadingLock(Ljava/lang/String;)Ljava/lang/Object; @ 6 c2
Event: 81.438 Thread 0x000001e2e874ce70 DEOPT PACKING pc=0x000001e2dc97368c sp=0x00000057d65f8d50
Event: 81.438 Thread 0x000001e2e874ce70 DEOPT UNPACKING pc=0x000001e2dc3123a3 sp=0x00000057d65f8cf0 mode 2
Event: 81.439 Thread 0x000001e2e874ce70 Uncommon trap: trap_request=0xffffff45 fr.pc=0x000001e2dc9bfe14 relative=0x0000000000000754
Event: 81.439 Thread 0x000001e2e874ce70 Uncommon trap: reason=unstable_if action=reinterpret pc=0x000001e2dc9bfe14 method=java.lang.Class.getPackageName()Ljava/lang/String; @ 55 c2
Event: 81.439 Thread 0x000001e2e874ce70 DEOPT PACKING pc=0x000001e2dc9bfe14 sp=0x00000057d65fa450
Event: 81.439 Thread 0x000001e2e874ce70 DEOPT UNPACKING pc=0x000001e2dc3123a3 sp=0x00000057d65fa410 mode 2

Classes unloaded (0 events):
No events

Classes redefined (0 events):
No events

Internal exceptions (20 events):
Event: 45.051 Thread 0x000001e2e874ce70 Exception <a 'java/lang/NoSuchMethodError'{0x00000000ef759530}: 'void java.lang.invoke.DirectMethodHandle$Holder.invokeStatic(java.lang.Object, java.lang.Object, java.lang.Object, java.lang.Object, java.lang.Object, java.lang.Object, java.lang.Object)'> (0x00000000ef759530) 
thrown [s\open\src\hotspot\share\interpreter\linkResolver.cpp, line 759]
Event: 46.117 Thread 0x000001e2e874ce70 Exception <a 'java/lang/NoSuchMethodError'{0x00000000ef0f21d0}: 'java.lang.Object java.lang.invoke.DirectMethodHandle$Holder.newInvokeSpecial(java.lang.Object, java.lang.Object, int, int)'> (0x00000000ef0f21d0) 
thrown [s\open\src\hotspot\share\interpreter\linkResolver.cpp, line 759]
Event: 48.441 Thread 0x000001e2e874ce70 Exception <a 'java/lang/NoSuchMethodError'{0x00000000ee979740}: 'java.lang.Object java.lang.invoke.DirectMethodHandle$Holder.invokeSpecialIFC(java.lang.Object, java.lang.Object, java.lang.Object, java.lang.Object)'> (0x00000000ee979740) 
thrown [s\open\src\hotspot\share\interpreter\linkResolver.cpp, line 759]
Event: 48.457 Thread 0x000001e2e874ce70 Exception <a 'java/lang/NoSuchMethodError'{0x00000000ee9c8948}: 'java.lang.Object java.lang.invoke.DirectMethodHandle$Holder.newInvokeSpecial(java.lang.Object, java.lang.Object, java.lang.Object, java.lang.Object, java.lang.Object, java.lang.Object, java.lang.Object, java.lang.Object, java.lang.Object, java.lang.Object)'> (0x00000000ee9c8948) 
thrown [s\open\src\hotspot\share\interpreter\linkResolver.cpp, line 759]
Event: 48.458 Thread 0x000001e2e874ce70 Exception <a 'java/lang/NoSuchMethodError'{0x00000000ee9cd830}: 'java.lang.Object java.lang.invoke.Invokers$Holder.linkToTargetMethod(java.lang.Object, java.lang.Object, java.lang.Object, java.lang.Object, java.lang.Object, java.lang.Object, java.lang.Object, java.lang.Object, java.lang.Object, java.lang.Object)'> (0x00000000ee9cd830) 
thrown [s\open\src\hotspot\share\interpreter\linkResolver.cpp, line 759]
Event: 49.410 Thread 0x000001e2e874ce70 Implicit null exception at 0x000001e2dc8b588f to 0x000001e2dc8b5e0c
Event: 51.065 Thread 0x000001e2e874ce70 Exception <a 'java/lang/NoSuchMethodError'{0x00000000edd0c960}: 'void java.lang.invoke.DirectMethodHandle$Holder.invokeStaticInit(java.lang.Object, java.lang.Object, java.lang.Object, java.lang.Object)'> (0x00000000edd0c960) 
thrown [s\open\src\hotspot\share\interpreter\linkResolver.cpp, line 759]
Event: 51.427 Thread 0x000001e2e874ce70 Exception <a 'java/lang/NoSuchMethodError'{0x00000000edb02610}: 'java.lang.Object java.lang.invoke.DirectMethodHandle$Holder.invokeStaticInit(java.lang.Object, java.lang.Object, java.lang.Object)'> (0x00000000edb02610) 
thrown [s\open\src\hotspot\share\interpreter\linkResolver.cpp, line 759]
Event: 51.743 Thread 0x000001e2e874ce70 Exception <a 'java/lang/NoSuchMethodError'{0x00000000eda44080}: 'java.lang.Object java.lang.invoke.DirectMethodHandle$Holder.newInvokeSpecial(java.lang.Object, java.lang.Object, java.lang.Object, java.lang.Object, java.lang.Object, java.lang.Object, java.lang.Object, java.lang.Object, java.lang.Object, java.lang.Object, java.lang.Object)'> (0x00000000eda44080) 
thrown [s\open\src\hotspot\share\interpreter\linkResolver.cpp, line 759]
Event: 51.743 Thread 0x000001e2e874ce70 Exception <a 'java/lang/NoSuchMethodError'{0x00000000eda49bb8}: 'java.lang.Object java.lang.invoke.DirectMethodHandle$Holder.invokeSpecial(java.lang.Object, java.lang.Object, java.lang.Object, java.lang.Object, java.lang.Object, java.lang.Object, java.lang.Object, java.lang.Object, java.lang.Object, java.lang.Object, java.lang.Object, java.lang.Object)'> (0x00000000eda49bb8) 
thrown [s\open\src\hotspot\share\interpreter\linkResolver.cpp, line 759]
Event: 51.744 Thread 0x000001e2e874ce70 Exception <a 'java/lang/NoSuchMethodError'{0x00000000eda4f250}: 'java.lang.Object java.lang.invoke.Invokers$Holder.linkToTargetMethod(java.lang.Object, java.lang.Object, java.lang.Object, java.lang.Object, java.lang.Object, java.lang.Object, java.lang.Object, java.lang.Object, java.lang.Object, java.lang.Object, java.lang.Object)'> (0x00000000eda4f250) 
thrown [s\open\src\hotspot\share\interpreter\linkResolver.cpp, line 759]
Event: 53.019 Thread 0x000001e2e874ce70 Exception <a 'java/lang/IncompatibleClassChangeError'{0x00000000ed30b248}: Found class java.lang.Object, but interface was expected> (0x00000000ed30b248) 
thrown [s\open\src\hotspot\share\interpreter\linkResolver.cpp, line 826]
Event: 55.717 Thread 0x000001e2e874ce70 Exception <a 'java/lang/NoSuchMethodError'{0x00000000ed2561e0}: 'java.lang.Object java.lang.invoke.DirectMethodHandle$Holder.newInvokeSpecial(java.lang.Object, java.lang.Object, long)'> (0x00000000ed2561e0) 
thrown [s\open\src\hotspot\share\interpreter\linkResolver.cpp, line 759]
Event: 55.718 Thread 0x000001e2e874ce70 Exception <a 'java/lang/NoSuchMethodError'{0x00000000ed25a7f0}: 'java.lang.Object java.lang.invoke.Invokers$Holder.linkToTargetMethod(java.lang.Object, long, java.lang.Object)'> (0x00000000ed25a7f0) 
thrown [s\open\src\hotspot\share\interpreter\linkResolver.cpp, line 759]
Event: 56.206 Thread 0x000001e2e874ce70 Exception <a 'java/lang/NoSuchMethodError'{0x00000000ed0bdb68}: 'int java.lang.invoke.DirectMethodHandle$Holder.invokeInterface(java.lang.Object, java.lang.Object)'> (0x00000000ed0bdb68) 
thrown [s\open\src\hotspot\share\interpreter\linkResolver.cpp, line 759]
Event: 56.248 Thread 0x000001e2e874ce70 Exception <a 'java/lang/NoSuchMethodError'{0x00000000ecf27ac8}: 'java.lang.Object java.lang.invoke.DirectMethodHandle$Holder.invokeVirtual(java.lang.Object, java.lang.Object, int)'> (0x00000000ecf27ac8) 
thrown [s\open\src\hotspot\share\interpreter\linkResolver.cpp, line 759]
Event: 64.192 Thread 0x000001e2e874ce70 Exception <a 'java/lang/NoSuchMethodError'{0x00000000ece62f60}: 'java.lang.Object java.lang.invoke.DirectMethodHandle$Holder.invokeStatic(java.lang.Object, java.lang.Object, int, java.lang.Object)'> (0x00000000ece62f60) 
thrown [s\open\src\hotspot\share\interpreter\linkResolver.cpp, line 759]
Event: 64.193 Thread 0x000001e2e874ce70 Exception <a 'java/lang/NoSuchMethodError'{0x00000000ece6aee0}: 'java.lang.Object java.lang.invoke.DirectMethodHandle$Holder.newInvokeSpecial(java.lang.Object, java.lang.Object, int, java.lang.Object)'> (0x00000000ece6aee0) 
thrown [s\open\src\hotspot\share\interpreter\linkResolver.cpp, line 759]
Event: 64.194 Thread 0x000001e2e874ce70 Exception <a 'java/lang/NoSuchMethodError'{0x00000000ece6f8c0}: 'java.lang.Object java.lang.invoke.DirectMethodHandle$Holder.invokeSpecial(java.lang.Object, java.lang.Object, java.lang.Object, int, java.lang.Object)'> (0x00000000ece6f8c0) 
thrown [s\open\src\hotspot\share\interpreter\linkResolver.cpp, line 759]
Event: 81.579 Thread 0x000001e2e874ce70 Exception <a 'java/lang/NoSuchMethodError'{0x00000000ec867778}: 'java.lang.Object java.lang.invoke.DirectMethodHandle$Holder.invokeSpecial(java.lang.Object, java.lang.Object, java.lang.Object, int, java.lang.Object, java.lang.Object)'> (0x00000000ec867778) 
thrown [s\open\src\hotspot\share\interpreter\linkResolver.cpp, line 759]

VM Operations (20 events):
Event: 66.914 Executing VM operation: Cleanup
Event: 66.914 Executing VM operation: Cleanup done
Event: 67.926 Executing VM operation: Cleanup
Event: 67.926 Executing VM operation: Cleanup done
Event: 68.941 Executing VM operation: Cleanup
Event: 68.941 Executing VM operation: Cleanup done
Event: 69.955 Executing VM operation: Cleanup
Event: 69.955 Executing VM operation: Cleanup done
Event: 76.000 Executing VM operation: Cleanup
Event: 76.000 Executing VM operation: Cleanup done
Event: 77.017 Executing VM operation: Cleanup
Event: 77.017 Executing VM operation: Cleanup done
Event: 80.045 Executing VM operation: Cleanup
Event: 80.046 Executing VM operation: Cleanup done
Event: 81.050 Executing VM operation: Cleanup
Event: 81.050 Executing VM operation: Cleanup done
Event: 81.436 Executing VM operation: HandshakeAllThreads
Event: 81.436 Executing VM operation: HandshakeAllThreads done
Event: 81.436 Executing VM operation: HandshakeAllThreads
Event: 81.437 Executing VM operation: HandshakeAllThreads done

Events (20 events):
Event: 81.433 loading class jdk/internal/loader/URLClassPath$FileLoader done
Event: 81.435 loading class jdk/internal/loader/URLClassPath$FileLoader$1
Event: 81.435 loading class jdk/internal/loader/URLClassPath$FileLoader$1 done
Event: 81.510 loading class java/beans/Transient
Event: 81.510 loading class java/beans/Transient done
Event: 81.522 loading class java/util/stream/IntPipeline$1
Event: 81.523 loading class java/util/stream/IntPipeline$1 done
Event: 81.524 loading class java/util/stream/Nodes$FixedNodeBuilder
Event: 81.524 loading class java/util/stream/Nodes$ArrayNode
Event: 81.525 loading class java/util/stream/Nodes$ArrayNode done
Event: 81.525 loading class java/util/stream/Nodes$FixedNodeBuilder done
Event: 81.525 loading class java/util/stream/IntPipeline$1$1
Event: 81.525 loading class java/util/stream/IntPipeline$1$1 done
Event: 81.546 loading class java/lang/IllegalAccessError
Event: 81.546 loading class java/lang/IllegalAccessError done
Event: 81.556 Thread 0x000001e2ff61d260 Thread added: 0x000001e2ff61d260
Event: 81.574 loading class java/lang/ProcessBuilder
Event: 81.574 loading class java/lang/ProcessBuilder done
Event: 81.574 loading class java/lang/Process
Event: 81.574 loading class java/lang/Process done


Dynamic libraries:
0x00007ff6b5180000 - 0x00007ff6b5190000 	T:\ToolJava\jdk-17.0.8\bin\java.exe
0x00007ffed3830000 - 0x00007ffed3a47000 	C:\WINDOWS\SYSTEM32\ntdll.dll
0x00007ffed2710000 - 0x00007ffed27d4000 	C:\WINDOWS\System32\KERNEL32.DLL
0x00007ffed0b70000 - 0x00007ffed0f27000 	C:\WINDOWS\System32\KERNELBASE.dll
0x00007ffed10c0000 - 0x00007ffed11d1000 	C:\WINDOWS\System32\ucrtbase.dll
0x00007ffecccd0000 - 0x00007ffeccce9000 	T:\ToolJava\jdk-17.0.8\bin\jli.dll
0x00007ffed3230000 - 0x00007ffed32e2000 	C:\WINDOWS\System32\ADVAPI32.dll
0x00007ffed3090000 - 0x00007ffed3137000 	C:\WINDOWS\System32\msvcrt.dll
0x00007ffed3160000 - 0x00007ffed3208000 	C:\WINDOWS\System32\sechost.dll
0x00007ffed0f30000 - 0x00007ffed0f58000 	C:\WINDOWS\System32\bcrypt.dll
0x00007ffed2ef0000 - 0x00007ffed3004000 	C:\WINDOWS\System32\RPCRT4.dll
0x00007ffed2280000 - 0x00007ffed242f000 	C:\WINDOWS\System32\USER32.dll
0x00007ffed0b40000 - 0x00007ffed0b66000 	C:\WINDOWS\System32\win32u.dll
0x00007ffed2250000 - 0x00007ffed2279000 	C:\WINDOWS\System32\GDI32.dll
0x00007ffed13d0000 - 0x00007ffed14e8000 	C:\WINDOWS\System32\gdi32full.dll
0x00007ffed1020000 - 0x00007ffed10ba000 	C:\WINDOWS\System32\msvcp_win.dll
0x00007ffeccf00000 - 0x00007ffeccf1b000 	T:\ToolJava\jdk-17.0.8\bin\VCRUNTIME140.dll
0x00007ffeb2060000 - 0x00007ffeb22f3000 	C:\WINDOWS\WinSxS\amd64_microsoft.windows.common-controls_6595b64144ccf1df_6.0.22621.3672_none_2713b9d173822955\COMCTL32.dll
0x00007ffec65e0000 - 0x00007ffec65ea000 	C:\WINDOWS\SYSTEM32\VERSION.dll
0x00007ffed36a0000 - 0x00007ffed36d1000 	C:\WINDOWS\System32\IMM32.DLL
0x00007ffecd9f0000 - 0x00007ffecd9fc000 	T:\ToolJava\jdk-17.0.8\bin\vcruntime140_1.dll
0x00007ffeb48b0000 - 0x00007ffeb493e000 	T:\ToolJava\jdk-17.0.8\bin\msvcp140.dll
0x00007ffe25a60000 - 0x00007ffe2663e000 	T:\ToolJava\jdk-17.0.8\bin\server\jvm.dll
0x00007ffed3150000 - 0x00007ffed3158000 	C:\WINDOWS\System32\PSAPI.DLL
0x00007ffeb4d20000 - 0x00007ffeb4d29000 	C:\WINDOWS\SYSTEM32\WSOCK32.dll
0x00007ffed2510000 - 0x00007ffed2581000 	C:\WINDOWS\System32\WS2_32.dll
0x00007ffec94f0000 - 0x00007ffec9524000 	C:\WINDOWS\SYSTEM32\WINMM.dll
0x00007ffecfb50000 - 0x00007ffecfb68000 	C:\WINDOWS\SYSTEM32\kernel.appcore.dll
0x00007ffecd9c0000 - 0x00007ffecd9ca000 	T:\ToolJava\jdk-17.0.8\bin\jimage.dll
0x00007ffece150000 - 0x00007ffece382000 	C:\WINDOWS\SYSTEM32\DBGHELP.DLL
0x00007ffed2b00000 - 0x00007ffed2e8e000 	C:\WINDOWS\System32\combase.dll
0x00007ffed2590000 - 0x00007ffed2667000 	C:\WINDOWS\System32\OLEAUT32.dll
0x00007ffea6e70000 - 0x00007ffea6ea2000 	C:\WINDOWS\SYSTEM32\dbgcore.DLL
0x00007ffed1350000 - 0x00007ffed13cb000 	C:\WINDOWS\System32\bcryptPrimitives.dll
0x00007ffecd310000 - 0x00007ffecd31e000 	T:\ToolJava\jdk-17.0.8\bin\instrument.dll
0x00007ffeb4c80000 - 0x00007ffeb4ca5000 	T:\ToolJava\jdk-17.0.8\bin\java.dll
0x00007ffeb4460000 - 0x00007ffeb4537000 	T:\ToolJava\jdk-17.0.8\bin\jsvml.dll
0x00007ffed1560000 - 0x00007ffed1dc9000 	C:\WINDOWS\System32\SHELL32.dll
0x00007ffecea60000 - 0x00007ffecf35f000 	C:\WINDOWS\SYSTEM32\windows.storage.dll
0x00007ffece920000 - 0x00007ffecea5f000 	C:\WINDOWS\SYSTEM32\wintypes.dll
0x00007ffed32f0000 - 0x00007ffed33e9000 	C:\WINDOWS\System32\SHCORE.dll
0x00007ffed2e90000 - 0x00007ffed2eee000 	C:\WINDOWS\System32\shlwapi.dll
0x00007ffed0a70000 - 0x00007ffed0a97000 	C:\WINDOWS\SYSTEM32\profapi.dll
0x00007ffeb5160000 - 0x00007ffeb5178000 	T:\ToolJava\jdk-17.0.8\bin\zip.dll
0x00007ffeb4a70000 - 0x00007ffeb4a89000 	T:\ToolJava\jdk-17.0.8\bin\net.dll
0x00007ffeccb20000 - 0x00007ffeccc56000 	C:\WINDOWS\SYSTEM32\WINHTTP.dll
0x00007ffecffc0000 - 0x00007ffed0029000 	C:\WINDOWS\system32\mswsock.dll
0x00007ffeb4a50000 - 0x00007ffeb4a66000 	T:\ToolJava\jdk-17.0.8\bin\nio.dll
0x00007ffecd110000 - 0x00007ffecd120000 	T:\ToolJava\jdk-17.0.8\bin\verify.dll
0x00007ffeb5ab0000 - 0x00007ffeb5ad7000 	T:\ToolJava\gradle-8.8\native\c067742578af261105cb4f569cf0c3c89f3d7b1fecec35dd04571415982c5e48\windows-amd64\native-platform.dll
0x00007ffeaf510000 - 0x00007ffeaf654000 	T:\ToolJava\gradle-8.8\native\100fb08df4bc3b14c8652ba06237920a3bd2aa13389f12d3474272988ae205f9\windows-amd64\native-platform-file-events.dll
0x00007ffeb5e10000 - 0x00007ffeb5e1a000 	T:\ToolJava\jdk-17.0.8\bin\management.dll
0x00007ffeb5410000 - 0x00007ffeb541b000 	T:\ToolJava\jdk-17.0.8\bin\management_ext.dll
0x00007ffed0240000 - 0x00007ffed025b000 	C:\WINDOWS\SYSTEM32\CRYPTSP.dll
0x00007ffecfab0000 - 0x00007ffecfae5000 	C:\WINDOWS\system32\rsaenh.dll
0x00007ffed0090000 - 0x00007ffed00b8000 	C:\WINDOWS\SYSTEM32\USERENV.dll
0x00007ffed0230000 - 0x00007ffed023c000 	C:\WINDOWS\SYSTEM32\CRYPTBASE.dll
0x00007ffecf5c0000 - 0x00007ffecf5ed000 	C:\WINDOWS\SYSTEM32\IPHLPAPI.DLL
0x00007ffed3140000 - 0x00007ffed3149000 	C:\WINDOWS\System32\NSI.dll
0x00007ffecca50000 - 0x00007ffecca69000 	C:\WINDOWS\SYSTEM32\dhcpcsvc6.DLL
0x00007ffecc860000 - 0x00007ffecc87f000 	C:\WINDOWS\SYSTEM32\dhcpcsvc.DLL
0x00007ffecf630000 - 0x00007ffecf732000 	C:\WINDOWS\SYSTEM32\DNSAPI.dll
0x00007ffeb51b0000 - 0x00007ffeb51be000 	T:\ToolJava\jdk-17.0.8\bin\sunmscapi.dll
0x00007ffed11e0000 - 0x00007ffed1346000 	C:\WINDOWS\System32\CRYPT32.dll
0x00007ffed0480000 - 0x00007ffed04ae000 	C:\WINDOWS\SYSTEM32\ncrypt.dll
0x00007ffed0440000 - 0x00007ffed0477000 	C:\WINDOWS\SYSTEM32\NTASN1.dll
0x00007ffea1470000 - 0x00007ffea1478000 	C:\WINDOWS\system32\wshunix.dll

dbghelp: loaded successfully - version: 4.0.5 - missing functions: none
symbol engine: initialized successfully - sym options: 0x614 - pdb path: .;T:\ToolJava\jdk-17.0.8\bin;C:\WINDOWS\SYSTEM32;C:\WINDOWS\WinSxS\amd64_microsoft.windows.common-controls_6595b64144ccf1df_6.0.22621.3672_none_2713b9d173822955;T:\ToolJava\jdk-17.0.8\bin\server;T:\ToolJava\gradle-8.8\native\c067742578af261105cb4f569cf0c3c89f3d7b1fecec35dd04571415982c5e48\windows-amd64;T:\ToolJava\gradle-8.8\native\100fb08df4bc3b14c8652ba06237920a3bd2aa13389f12d3474272988ae205f9\windows-amd64

VM Arguments:
jvm_args: --add-opens=java.base/java.util=ALL-UNNAMED --add-opens=java.base/java.lang=ALL-UNNAMED --add-opens=java.base/java.lang.invoke=ALL-UNNAMED --add-opens=java.prefs/java.util.prefs=ALL-UNNAMED --add-exports=jdk.compiler/com.sun.tools.javac.api=ALL-UNNAMED --add-exports=jdk.compiler/com.sun.tools.javac.util=ALL-UNNAMED --add-opens=java.base/java.nio.charset=ALL-UNNAMED --add-opens=java.base/java.net=ALL-UNNAMED --add-opens=java.base/java.util.concurrent.atomic=ALL-UNNAMED -XX:MaxMetaspaceSize=384m -XX:+HeapDumpOnOutOfMemoryError -Xms256m -Xmx512m -Dfile.encoding=UTF-8 -Duser.country=US -Duser.language=en -Duser.variant -javaagent:T:\ToolJava\gradle-8.8\wrapper\dists\gradle-8.10-bin\deqhafrv1ntovfmgh0nh3npr9\gradle-8.10\lib\agents\gradle-instrumentation-agent-8.10.jar 
java_command: org.gradle.launcher.daemon.bootstrap.GradleDaemon 8.10
java_class_path (initial): T:\ToolJava\gradle-8.8\wrapper\dists\gradle-8.10-bin\deqhafrv1ntovfmgh0nh3npr9\gradle-8.10\lib\gradle-daemon-main-8.10.jar
Launcher Type: SUN_STANDARD

[Global flags]
     intx CICompilerCount                          = 4                                         {product} {ergonomic}
   size_t CompressedClassSpaceSize                 = 335544320                                 {product} {ergonomic}
     uint ConcGCThreads                            = 2                                         {product} {ergonomic}
     uint G1ConcRefinementThreads                  = 8                                         {product} {ergonomic}
   size_t G1HeapRegionSize                         = 1048576                                   {product} {ergonomic}
    uintx GCDrainStackTargetSize                   = 64                                        {product} {ergonomic}
     bool HeapDumpOnOutOfMemoryError               = true                                   {manageable} {command line}
   size_t InitialHeapSize                          = 268435456                                 {product} {command line}
   size_t MarkStackSize                            = 4194304                                   {product} {ergonomic}
   size_t MaxHeapSize                              = 536870912                                 {product} {command line}
   size_t MaxMetaspaceSize                         = 402653184                                 {product} {command line}
   size_t MaxNewSize                               = 321912832                                 {product} {ergonomic}
   size_t MinHeapDeltaBytes                        = 1048576                                   {product} {ergonomic}
   size_t MinHeapSize                              = 268435456                                 {product} {command line}
    uintx NonNMethodCodeHeapSize                   = 5839372                                {pd product} {ergonomic}
    uintx NonProfiledCodeHeapSize                  = 122909434                              {pd product} {ergonomic}
    uintx ProfiledCodeHeapSize                     = 122909434                              {pd product} {ergonomic}
    uintx ReservedCodeCacheSize                    = 251658240                              {pd product} {ergonomic}
     bool SegmentedCodeCache                       = true                                      {product} {ergonomic}
   size_t SoftMaxHeapSize                          = 536870912                              {manageable} {ergonomic}
     bool UseCompressedClassPointers               = true                           {product lp64_product} {ergonomic}
     bool UseCompressedOops                        = true                           {product lp64_product} {ergonomic}
     bool UseG1GC                                  = true                                      {product} {ergonomic}
     bool UseLargePagesIndividualAllocation        = false                                  {pd product} {ergonomic}

Logging:
Log output configuration:
 #0: stdout all=warning uptime,level,tags
 #1: stderr all=off uptime,level,tags

Environment Variables:
JAVA_HOME=T:\ToolJava\jdk-17.0.8
PATH=C:\WINDOWS\system32;C:\WINDOWS;C:\WINDOWS\System32\Wbem;C:\WINDOWS\System32\WindowsPowerShell\v1.0\;C:\WINDOWS\System32\OpenSSH\;C:\Program Files\MongoDB\Server\tools\bin;C:\Program Files\MongoDB\Server\5.0\bin;C:\Program Files (x86)\Microsoft SQL Server\150\DTS\Binn\;C:\Program Files\Microsoft SQL Server\Client SDK\ODBC\170\Tools\Binn\;C:\Program Files (x86)\Microsoft SQL Server\150\Tools\Binn\;C:\Program Files\Microsoft SQL Server\150\Tools\Binn\;C:\Program Files\Microsoft SQL Server\150\DTS\Binn\;C:\Program Files\Azure Data Studio\bin;C:\Program Files\nodejs;C:\MinGW\bin;C:\Program Files\Git\cmd;T:\ToolJava\jdk-17.0.8\bin;C:\Program Files\HP\HP One Agent;C:\Program Files\Docker\Docker\resources\bin;T:\ToolJava\apache-maven-3.9.9\bin;C:\Users\HP\AppData\Local\Programs\Python\Python311\Scripts\;C:\Users\HP\AppData\Local\Programs\Python\Python311\;C:\Users\HP\AppData\Local\Microsoft\WindowsApps;C:\Program Files (x86)\CodeBlocks\MinGW\bin;C:\Program Files\Azure Data Studio\bin;C:\Program Files\MongoDB\Server\tools\bin;C:\Program Files\MongoDB\Server\5.0\bin;;T:\50_NguyenVanLoc\;C:\Users\HP\AppData\Local\Programs\Microsoft VS Code\bin;C:\Users\HP\AppData\Roaming\npm
USERNAME=HP
OS=Windows_NT
PROCESSOR_IDENTIFIER=Intel64 Family 6 Model 142 Stepping 12, GenuineIntel



---------------  S Y S T E M  ---------------

OS:
 Windows 11 , 64 bit Build 22621 (10.0.22621.3958)
OS uptime: 7 days 1:48 hours
Hyper-V role detected

CPU: total 8 (initial active 8) (4 cores per cpu, 2 threads per core) family 6 model 142 stepping 12 microcode 0xec, cx8, cmov, fxsr, ht, mmx, 3dnowpref, sse, sse2, sse3, ssse3, sse4.1, sse4.2, popcnt, lzcnt, tsc, tscinvbit, avx, avx2, aes, erms, clmul, bmi1, bmi2, adx, fma, vzeroupper, clflush, clflushopt, hv

Memory: 4k page, system-wide physical 24398M (1075M free)
TotalPageFile size 32398M (AvailPageFile size 2M)
current process WorkingSet (physical memory assigned to process): 252M, peak: 252M
current process commit charge ("private bytes"): 425M, peak: 426M

vm_info: Java HotSpot(TM) 64-Bit Server VM (17.0.8+9-LTS-211) for windows-amd64 JRE (17.0.8+9-LTS-211), built on Jun 14 2023 10:34:31 by "mach5one" with MS VC++ 17.1 (VS2022)

END.
